<?xml version="1.0" encoding="UTF-8"?>
<testsuites>
  <testsuite name="init" timestamp="2025-07-04T05:13:43Z" hostname="f7adecda5bda" tests="14" skipped="0" failures="0" errors="0" time="0.599">
    <testcase time="0.0660000000000001" classname="init" name="init_data_accepts_teal_data_object"/>
    <testcase time="0.073" classname="init" name="init_data_accepts_teal_data_module"/>
    <testcase time="0.103" classname="init" name="init_modules_accepts_a_teal_modules_object"/>
    <testcase time="0.03" classname="init" name="init_modules_accepts_a_list_of_teal_module_elements"/>
    <testcase time="0.033" classname="init" name="init_modules_accepts_a_teal_module_object"/>
    <testcase time="0.0579999999999999" classname="init" name="init_filter_accepts_teal_slices_"/>
    <testcase time="0.013" classname="init" name="init_filter_accepts_teal_slices_"/>
    <testcase time="0.035" classname="init" name="init_throws_when_an_empty_data_is_used"/>
    <testcase time="0.032" classname="init" name="init_throws_warning_when_datanames_in_modules_incompatible_w_datanames_in_data_and_there_is_no_transformators"/>
    <testcase time="0.0309999999999999" classname="init" name="init_throws_warning_when_datanames_in_modules_incompatible_w_datanames_in_data_and_there_is_no_transformators"/>
    <testcase time="0.0310000000000001" classname="init" name="init_doesn_t_throw_warning_when_datanames_in_modules_incompatible_w_datanames_in_data_and_there_are_transformators"/>
    <testcase time="0.028" classname="init" name="_all_"/>
    <testcase time="0.0339999999999998" classname="init" name="_.raw_data_and_all_"/>
    <testcase time="0.032" classname="init" name="init_throws_when_dataname_in_filter_incompatible_w_datanames_in_data"/>
  </testsuite>
  <testsuite name="module_session_info" timestamp="2025-07-04T05:13:43Z" hostname="f7adecda5bda" tests="3" skipped="0" failures="0" errors="0" time="16.972">
    <testcase time="16.95" classname="module_session_info" name="creation_process_is_invoked_for_teal.lockfile.mode_enabled_and_snapshot_is_copied_to_teal_app.lock_and_removed_after_session_ended"/>
    <testcase time="0.00600000000000023" classname="module_session_info" name="creation_process_is_invoked_for_teal.lockfile.mode_enabled_and_snapshot_is_copied_to_teal_app.lock_and_removed_after_session_ended"/>
    <testcase time="0.0160000000000018" classname="module_session_info" name="creation_process_is_not_invoked_for_teal.lockfile.mode_disabled_"/>
  </testsuite>
  <testsuite name="module_teal" timestamp="2025-07-04T05:14:00Z" hostname="f7adecda5bda" tests="103" skipped="4" failures="8" errors="58" time="102.587">
    <testcase time="0.145999999999997" classname="module_teal" name="accepts_data_to_be_teal_data"/>
    <testcase time="0.124000000000002" classname="module_teal" name="accepts_data_to_be_teal_data_module_returning_reactive_teal_data"/>
    <testcase time="0.0449999999999982" classname="module_teal" name="accepts_data_to_a_reactive_or_reactiveVal_teal_data"/>
    <testcase time="0.0530000000000008" classname="module_teal" name="accepts_data_to_a_reactive_or_reactiveVal_teal_data"/>
    <testcase time="0.0629999999999988" classname="module_teal" name="fails_when_data_is_not_teal_data_or_teal_data_module"/>
    <testcase time="0.144000000000002" classname="module_teal" name="app_fails_when_teal_data_module_doesn_t_return_a_reactive"/>
    <testcase time="0.0569999999999986" classname="module_teal" name="are_not_called_by_default">
      <error type="error" message="Error in `eval_bare(expr, quo_get_env(quo))`: attempt to apply non-function ('test-module_teal.R:170:9')">Error in `eval_bare(expr, quo_get_env(quo))`: attempt to apply non-function
Backtrace:
     ▆
  1. ├─shiny::testServer(...) at test-module_teal.R:159:5
  2. │ ├─shiny:::withMockContext(...)
  3. │ │ ├─shiny::isolate(...)
  4. │ │ │ ├─shiny::..stacktraceoff..(...)
  5. │ │ │ └─ctx$run(...)
  6. │ │ │   ├─promises::with_promise_domain(...)
  7. │ │ │   │ └─domain$wrapSync(expr)
  8. │ │ │   ├─shiny::withReactiveDomain(...)
  9. │ │ │   │ └─promises::with_promise_domain(...)
 10. │ │ │   │   └─domain$wrapSync(expr)
 11. │ │ │   │     └─base::force(expr)
 12. │ │ │   ├─shiny::captureStackTraces(...)
 13. │ │ │   │ └─promises::with_promise_domain(...)
 14. │ │ │   │   └─domain$wrapSync(expr)
 15. │ │ │   │     └─base::withCallingHandlers(expr, error = doCaptureStack)
 16. │ │ │   └─env$runWith(self, func)
 17. │ │ │     └─shiny (local) contextFunc()
 18. │ │ │       └─shiny::..stacktraceon..(expr)
 19. │ │ ├─shiny::withReactiveDomain(...)
 20. │ │ │ └─promises::with_promise_domain(...)
 21. │ │ │   └─domain$wrapSync(expr)
 22. │ │ │     └─base::force(expr)
 23. │ │ └─withr::with_options(...)
 24. │ │   └─base::force(code)
 25. │ └─rlang::eval_tidy(quosure, mask, rlang::caller_env())
 26. ├─testthat::expect_null(modules_output$module_1()) at test-module_teal.R:170:9
 27. │ └─testthat::quasi_label(enquo(object), label, arg = "object")
 28. │   └─rlang::eval_bare(expr, quo_get_env(quo))
 29. └─base::.handleSimpleError(...)
 30.   └─shiny (local) h(simpleError(msg, call))</error>
    </testcase>
    <testcase time="1.543" classname="module_teal" name="are_called_once_their_tab_is_selected_and_data_is_teal_data_">
      <error type="error" message="Error in `eval_bare(expr, quo_get_env(quo))`: attempt to apply non-function ('test-module_teal.R:189:9')">Error in `eval_bare(expr, quo_get_env(quo))`: attempt to apply non-function
Backtrace:
     ▆
  1. ├─shiny::testServer(...) at test-module_teal.R:177:5
  2. │ ├─shiny:::withMockContext(...)
  3. │ │ ├─shiny::isolate(...)
  4. │ │ │ ├─shiny::..stacktraceoff..(...)
  5. │ │ │ └─ctx$run(...)
  6. │ │ │   ├─promises::with_promise_domain(...)
  7. │ │ │   │ └─domain$wrapSync(expr)
  8. │ │ │   ├─shiny::withReactiveDomain(...)
  9. │ │ │   │ └─promises::with_promise_domain(...)
 10. │ │ │   │   └─domain$wrapSync(expr)
 11. │ │ │   │     └─base::force(expr)
 12. │ │ │   ├─shiny::captureStackTraces(...)
 13. │ │ │   │ └─promises::with_promise_domain(...)
 14. │ │ │   │   └─domain$wrapSync(expr)
 15. │ │ │   │     └─base::withCallingHandlers(expr, error = doCaptureStack)
 16. │ │ │   └─env$runWith(self, func)
 17. │ │ │     └─shiny (local) contextFunc()
 18. │ │ │       └─shiny::..stacktraceon..(expr)
 19. │ │ ├─shiny::withReactiveDomain(...)
 20. │ │ │ └─promises::with_promise_domain(...)
 21. │ │ │   └─domain$wrapSync(expr)
 22. │ │ │     └─base::force(expr)
 23. │ │ └─withr::with_options(...)
 24. │ │   └─base::force(code)
 25. │ └─rlang::eval_tidy(quosure, mask, rlang::caller_env())
 26. ├─testthat::expect_identical(modules_output$module_1(), 101L) at test-module_teal.R:189:9
 27. │ └─testthat::quasi_label(enquo(object), label, arg = "object")
 28. │   └─rlang::eval_bare(expr, quo_get_env(quo))
 29. └─base::.handleSimpleError(...)
 30.   └─shiny (local) h(simpleError(msg, call))</error>
    </testcase>
    <testcase time="1.114" classname="module_teal" name="are_called_once_their_tab_is_selected_and_data_returns_reactive_teal_data_">
      <error type="error" message="Error in `eval_bare(expr, quo_get_env(quo))`: attempt to apply non-function ('test-module_teal.R:211:9')">Error in `eval_bare(expr, quo_get_env(quo))`: attempt to apply non-function
Backtrace:
     ▆
  1. ├─shiny::testServer(...) at test-module_teal.R:199:5
  2. │ ├─shiny:::withMockContext(...)
  3. │ │ ├─shiny::isolate(...)
  4. │ │ │ ├─shiny::..stacktraceoff..(...)
  5. │ │ │ └─ctx$run(...)
  6. │ │ │   ├─promises::with_promise_domain(...)
  7. │ │ │   │ └─domain$wrapSync(expr)
  8. │ │ │   ├─shiny::withReactiveDomain(...)
  9. │ │ │   │ └─promises::with_promise_domain(...)
 10. │ │ │   │   └─domain$wrapSync(expr)
 11. │ │ │   │     └─base::force(expr)
 12. │ │ │   ├─shiny::captureStackTraces(...)
 13. │ │ │   │ └─promises::with_promise_domain(...)
 14. │ │ │   │   └─domain$wrapSync(expr)
 15. │ │ │   │     └─base::withCallingHandlers(expr, error = doCaptureStack)
 16. │ │ │   └─env$runWith(self, func)
 17. │ │ │     └─shiny (local) contextFunc()
 18. │ │ │       └─shiny::..stacktraceon..(expr)
 19. │ │ ├─shiny::withReactiveDomain(...)
 20. │ │ │ └─promises::with_promise_domain(...)
 21. │ │ │   └─domain$wrapSync(expr)
 22. │ │ │     └─base::force(expr)
 23. │ │ └─withr::with_options(...)
 24. │ │   └─base::force(code)
 25. │ └─rlang::eval_tidy(quosure, mask, rlang::caller_env())
 26. ├─testthat::expect_identical(modules_output$module_1(), 101L) at test-module_teal.R:211:9
 27. │ └─testthat::quasi_label(enquo(object), label, arg = "object")
 28. │   └─rlang::eval_bare(expr, quo_get_env(quo))
 29. └─base::.handleSimpleError(...)
 30.   └─shiny (local) h(simpleError(msg, call))</error>
    </testcase>
    <testcase time="1.288" classname="module_teal" name="are_called_once_their_tab_is_selected_and_teal_data_module_returns_reactive_teal_data_">
      <error type="error" message="Error in `eval_bare(expr, quo_get_env(quo))`: attempt to apply non-function ('test-module_teal.R:241:9')">Error in `eval_bare(expr, quo_get_env(quo))`: attempt to apply non-function
Backtrace:
     ▆
  1. ├─shiny::testServer(...) at test-module_teal.R:222:5
  2. │ ├─shiny:::withMockContext(...)
  3. │ │ ├─shiny::isolate(...)
  4. │ │ │ ├─shiny::..stacktraceoff..(...)
  5. │ │ │ └─ctx$run(...)
  6. │ │ │   ├─promises::with_promise_domain(...)
  7. │ │ │   │ └─domain$wrapSync(expr)
  8. │ │ │   ├─shiny::withReactiveDomain(...)
  9. │ │ │   │ └─promises::with_promise_domain(...)
 10. │ │ │   │   └─domain$wrapSync(expr)
 11. │ │ │   │     └─base::force(expr)
 12. │ │ │   ├─shiny::captureStackTraces(...)
 13. │ │ │   │ └─promises::with_promise_domain(...)
 14. │ │ │   │   └─domain$wrapSync(expr)
 15. │ │ │   │     └─base::withCallingHandlers(expr, error = doCaptureStack)
 16. │ │ │   └─env$runWith(self, func)
 17. │ │ │     └─shiny (local) contextFunc()
 18. │ │ │       └─shiny::..stacktraceon..(expr)
 19. │ │ ├─shiny::withReactiveDomain(...)
 20. │ │ │ └─promises::with_promise_domain(...)
 21. │ │ │   └─domain$wrapSync(expr)
 22. │ │ │     └─base::force(expr)
 23. │ │ └─withr::with_options(...)
 24. │ │   └─base::force(code)
 25. │ └─rlang::eval_tidy(quosure, mask, rlang::caller_env())
 26. ├─testthat::expect_identical(modules_output$module_1(), 101L) at test-module_teal.R:241:9
 27. │ └─testthat::quasi_label(enquo(object), label, arg = "object")
 28. │   └─rlang::eval_bare(expr, quo_get_env(quo))
 29. └─base::.handleSimpleError(...)
 30.   └─shiny (local) h(simpleError(msg, call))</error>
    </testcase>
    <testcase time="0.199000000000002" classname="module_teal" name="are_called_only_after_teal_data_module_is_resolved">
      <error type="error" message="Error in `eval_bare(expr, quo_get_env(quo))`: attempt to apply non-function ('test-module_teal.R:271:9')">Error in `eval_bare(expr, quo_get_env(quo))`: attempt to apply non-function
Backtrace:
     ▆
  1. ├─shiny::testServer(...) at test-module_teal.R:252:5
  2. │ ├─shiny:::withMockContext(...)
  3. │ │ ├─shiny::isolate(...)
  4. │ │ │ ├─shiny::..stacktraceoff..(...)
  5. │ │ │ └─ctx$run(...)
  6. │ │ │   ├─promises::with_promise_domain(...)
  7. │ │ │   │ └─domain$wrapSync(expr)
  8. │ │ │   ├─shiny::withReactiveDomain(...)
  9. │ │ │   │ └─promises::with_promise_domain(...)
 10. │ │ │   │   └─domain$wrapSync(expr)
 11. │ │ │   │     └─base::force(expr)
 12. │ │ │   ├─shiny::captureStackTraces(...)
 13. │ │ │   │ └─promises::with_promise_domain(...)
 14. │ │ │   │   └─domain$wrapSync(expr)
 15. │ │ │   │     └─base::withCallingHandlers(expr, error = doCaptureStack)
 16. │ │ │   └─env$runWith(self, func)
 17. │ │ │     └─shiny (local) contextFunc()
 18. │ │ │       └─shiny::..stacktraceon..(expr)
 19. │ │ ├─shiny::withReactiveDomain(...)
 20. │ │ │ └─promises::with_promise_domain(...)
 21. │ │ │   └─domain$wrapSync(expr)
 22. │ │ │     └─base::force(expr)
 23. │ │ └─withr::with_options(...)
 24. │ │   └─base::force(code)
 25. │ └─rlang::eval_tidy(quosure, mask, rlang::caller_env())
 26. ├─testthat::expect_null(modules_output$module_1()) at test-module_teal.R:271:9
 27. │ └─testthat::quasi_label(enquo(object), label, arg = "object")
 28. │   └─rlang::eval_bare(expr, quo_get_env(quo))
 29. └─base::.handleSimpleError(...)
 30.   └─shiny (local) h(simpleError(msg, call))</error>
    </testcase>
    <testcase time="0.834" classname="module_teal" name="are_called_with_data_argument_being_teal_data_">
      <error type="error" message="Error in `eval_bare(expr, quo_get_env(quo))`: attempt to apply non-function ('test-module_teal.R:293:9')">Error in `eval_bare(expr, quo_get_env(quo))`: attempt to apply non-function
Backtrace:
     ▆
  1. ├─shiny::testServer(...) at test-module_teal.R:282:5
  2. │ ├─shiny:::withMockContext(...)
  3. │ │ ├─shiny::isolate(...)
  4. │ │ │ ├─shiny::..stacktraceoff..(...)
  5. │ │ │ └─ctx$run(...)
  6. │ │ │   ├─promises::with_promise_domain(...)
  7. │ │ │   │ └─domain$wrapSync(expr)
  8. │ │ │   ├─shiny::withReactiveDomain(...)
  9. │ │ │   │ └─promises::with_promise_domain(...)
 10. │ │ │   │   └─domain$wrapSync(expr)
 11. │ │ │   │     └─base::force(expr)
 12. │ │ │   ├─shiny::captureStackTraces(...)
 13. │ │ │   │ └─promises::with_promise_domain(...)
 14. │ │ │   │   └─domain$wrapSync(expr)
 15. │ │ │   │     └─base::withCallingHandlers(expr, error = doCaptureStack)
 16. │ │ │   └─env$runWith(self, func)
 17. │ │ │     └─shiny (local) contextFunc()
 18. │ │ │       └─shiny::..stacktraceon..(expr)
 19. │ │ ├─shiny::withReactiveDomain(...)
 20. │ │ │ └─promises::with_promise_domain(...)
 21. │ │ │   └─domain$wrapSync(expr)
 22. │ │ │     └─base::force(expr)
 23. │ │ └─withr::with_options(...)
 24. │ │   └─base::force(code)
 25. │ └─rlang::eval_tidy(quosure, mask, rlang::caller_env())
 26. ├─testthat::expect_s4_class((modules_output$module_1())(), "teal_data") at test-module_teal.R:293:9
 27. │ └─testthat::quasi_label(enquo(object), arg = "object")
 28. │   └─rlang::eval_bare(expr, quo_get_env(quo))
 29. └─base::.handleSimpleError(...)
 30.   └─shiny (local) h(simpleError(msg, call))</error>
    </testcase>
    <testcase time="0.117999999999999" classname="module_teal" name="are_not_called_when_the_teal_data_module_doesn_t_return_teal_data">
      <error type="error" message="Error in `eval_bare(expr, quo_get_env(quo))`: attempt to apply non-function ('test-module_teal.R:317:9')">Error in `eval_bare(expr, quo_get_env(quo))`: attempt to apply non-function
Backtrace:
     ▆
  1. ├─shiny::testServer(...) at test-module_teal.R:299:5
  2. │ ├─shiny:::withMockContext(...)
  3. │ │ ├─shiny::isolate(...)
  4. │ │ │ ├─shiny::..stacktraceoff..(...)
  5. │ │ │ └─ctx$run(...)
  6. │ │ │   ├─promises::with_promise_domain(...)
  7. │ │ │   │ └─domain$wrapSync(expr)
  8. │ │ │   ├─shiny::withReactiveDomain(...)
  9. │ │ │   │ └─promises::with_promise_domain(...)
 10. │ │ │   │   └─domain$wrapSync(expr)
 11. │ │ │   │     └─base::force(expr)
 12. │ │ │   ├─shiny::captureStackTraces(...)
 13. │ │ │   │ └─promises::with_promise_domain(...)
 14. │ │ │   │   └─domain$wrapSync(expr)
 15. │ │ │   │     └─base::withCallingHandlers(expr, error = doCaptureStack)
 16. │ │ │   └─env$runWith(self, func)
 17. │ │ │     └─shiny (local) contextFunc()
 18. │ │ │       └─shiny::..stacktraceon..(expr)
 19. │ │ ├─shiny::withReactiveDomain(...)
 20. │ │ │ └─promises::with_promise_domain(...)
 21. │ │ │   └─domain$wrapSync(expr)
 22. │ │ │     └─base::force(expr)
 23. │ │ └─withr::with_options(...)
 24. │ │   └─base::force(code)
 25. │ └─rlang::eval_tidy(quosure, mask, rlang::caller_env())
 26. ├─testthat::expect_null(modules_output$module_1()) at test-module_teal.R:317:9
 27. │ └─testthat::quasi_label(enquo(object), label, arg = "object")
 28. │   └─rlang::eval_bare(expr, quo_get_env(quo))
 29. └─base::.handleSimpleError(...)
 30.   └─shiny (local) h(simpleError(msg, call))</error>
    </testcase>
    <testcase time="0.0949999999999989" classname="module_teal" name="are_not_called_when_teal_data_module_returns_validation_error">
      <error type="error" message="Error in `eval_bare(expr, quo_get_env(quo))`: attempt to apply non-function ('test-module_teal.R:343:9')">Error in `eval_bare(expr, quo_get_env(quo))`: attempt to apply non-function
Backtrace:
     ▆
  1. ├─shiny::testServer(...) at test-module_teal.R:325:5
  2. │ ├─shiny:::withMockContext(...)
  3. │ │ ├─shiny::isolate(...)
  4. │ │ │ ├─shiny::..stacktraceoff..(...)
  5. │ │ │ └─ctx$run(...)
  6. │ │ │   ├─promises::with_promise_domain(...)
  7. │ │ │   │ └─domain$wrapSync(expr)
  8. │ │ │   ├─shiny::withReactiveDomain(...)
  9. │ │ │   │ └─promises::with_promise_domain(...)
 10. │ │ │   │   └─domain$wrapSync(expr)
 11. │ │ │   │     └─base::force(expr)
 12. │ │ │   ├─shiny::captureStackTraces(...)
 13. │ │ │   │ └─promises::with_promise_domain(...)
 14. │ │ │   │   └─domain$wrapSync(expr)
 15. │ │ │   │     └─base::withCallingHandlers(expr, error = doCaptureStack)
 16. │ │ │   └─env$runWith(self, func)
 17. │ │ │     └─shiny (local) contextFunc()
 18. │ │ │       └─shiny::..stacktraceon..(expr)
 19. │ │ ├─shiny::withReactiveDomain(...)
 20. │ │ │ └─promises::with_promise_domain(...)
 21. │ │ │   └─domain$wrapSync(expr)
 22. │ │ │     └─base::force(expr)
 23. │ │ └─withr::with_options(...)
 24. │ │   └─base::force(code)
 25. │ └─rlang::eval_tidy(quosure, mask, rlang::caller_env())
 26. ├─testthat::expect_null(modules_output$module_1()) at test-module_teal.R:343:9
 27. │ └─testthat::quasi_label(enquo(object), label, arg = "object")
 28. │   └─rlang::eval_bare(expr, quo_get_env(quo))
 29. └─base::.handleSimpleError(...)
 30.   └─shiny (local) h(simpleError(msg, call))</error>
    </testcase>
    <testcase time="0.083000000000002" classname="module_teal" name="are_not_called_when_teal_data_module_throws_an_error">
      <error type="error" message="Error in `eval_bare(expr, quo_get_env(quo))`: attempt to apply non-function ('test-module_teal.R:370:9')">Error in `eval_bare(expr, quo_get_env(quo))`: attempt to apply non-function
Backtrace:
     ▆
  1. ├─shiny::testServer(...) at test-module_teal.R:352:5
  2. │ ├─shiny:::withMockContext(...)
  3. │ │ ├─shiny::isolate(...)
  4. │ │ │ ├─shiny::..stacktraceoff..(...)
  5. │ │ │ └─ctx$run(...)
  6. │ │ │   ├─promises::with_promise_domain(...)
  7. │ │ │   │ └─domain$wrapSync(expr)
  8. │ │ │   ├─shiny::withReactiveDomain(...)
  9. │ │ │   │ └─promises::with_promise_domain(...)
 10. │ │ │   │   └─domain$wrapSync(expr)
 11. │ │ │   │     └─base::force(expr)
 12. │ │ │   ├─shiny::captureStackTraces(...)
 13. │ │ │   │ └─promises::with_promise_domain(...)
 14. │ │ │   │   └─domain$wrapSync(expr)
 15. │ │ │   │     └─base::withCallingHandlers(expr, error = doCaptureStack)
 16. │ │ │   └─env$runWith(self, func)
 17. │ │ │     └─shiny (local) contextFunc()
 18. │ │ │       └─shiny::..stacktraceon..(expr)
 19. │ │ ├─shiny::withReactiveDomain(...)
 20. │ │ │ └─promises::with_promise_domain(...)
 21. │ │ │   └─domain$wrapSync(expr)
 22. │ │ │     └─base::force(expr)
 23. │ │ └─withr::with_options(...)
 24. │ │   └─base::force(code)
 25. │ └─rlang::eval_tidy(quosure, mask, rlang::caller_env())
 26. ├─testthat::expect_null(modules_output$module_1()) at test-module_teal.R:370:9
 27. │ └─testthat::quasi_label(enquo(object), label, arg = "object")
 28. │   └─rlang::eval_bare(expr, quo_get_env(quo))
 29. └─base::.handleSimpleError(...)
 30.   └─shiny (local) h(simpleError(msg, call))</error>
    </testcase>
    <testcase time="0.0829999999999984" classname="module_teal" name="are_not_called_when_teal_data_module_returns_qenv.error">
      <error type="error" message="Error in `eval_bare(expr, quo_get_env(quo))`: attempt to apply non-function ('test-module_teal.R:397:9')">Error in `eval_bare(expr, quo_get_env(quo))`: attempt to apply non-function
Backtrace:
     ▆
  1. ├─shiny::testServer(...) at test-module_teal.R:379:5
  2. │ ├─shiny:::withMockContext(...)
  3. │ │ ├─shiny::isolate(...)
  4. │ │ │ ├─shiny::..stacktraceoff..(...)
  5. │ │ │ └─ctx$run(...)
  6. │ │ │   ├─promises::with_promise_domain(...)
  7. │ │ │   │ └─domain$wrapSync(expr)
  8. │ │ │   ├─shiny::withReactiveDomain(...)
  9. │ │ │   │ └─promises::with_promise_domain(...)
 10. │ │ │   │   └─domain$wrapSync(expr)
 11. │ │ │   │     └─base::force(expr)
 12. │ │ │   ├─shiny::captureStackTraces(...)
 13. │ │ │   │ └─promises::with_promise_domain(...)
 14. │ │ │   │   └─domain$wrapSync(expr)
 15. │ │ │   │     └─base::withCallingHandlers(expr, error = doCaptureStack)
 16. │ │ │   └─env$runWith(self, func)
 17. │ │ │     └─shiny (local) contextFunc()
 18. │ │ │       └─shiny::..stacktraceon..(expr)
 19. │ │ ├─shiny::withReactiveDomain(...)
 20. │ │ │ └─promises::with_promise_domain(...)
 21. │ │ │   └─domain$wrapSync(expr)
 22. │ │ │     └─base::force(expr)
 23. │ │ └─withr::with_options(...)
 24. │ │   └─base::force(code)
 25. │ └─rlang::eval_tidy(quosure, mask, rlang::caller_env())
 26. ├─testthat::expect_null(modules_output$module_1()) at test-module_teal.R:397:9
 27. │ └─testthat::quasi_label(enquo(object), label, arg = "object")
 28. │   └─rlang::eval_bare(expr, quo_get_env(quo))
 29. └─base::.handleSimpleError(...)
 30.   └─shiny (local) h(simpleError(msg, call))</error>
    </testcase>
    <testcase time="0.0890000000000022" classname="module_teal" name="are_receiving_reactive_data_which_triggers_on_change">
      <error type="error" message="Error in `eval_bare(expr, quo_get_env(quo))`: attempt to apply non-function ('test-module_teal.R:430:9')">Error in `eval_bare(expr, quo_get_env(quo))`: attempt to apply non-function
Backtrace:
     ▆
  1. ├─shiny::testServer(...) at test-module_teal.R:406:5
  2. │ ├─shiny:::withMockContext(...)
  3. │ │ ├─shiny::isolate(...)
  4. │ │ │ ├─shiny::..stacktraceoff..(...)
  5. │ │ │ └─ctx$run(...)
  6. │ │ │   ├─promises::with_promise_domain(...)
  7. │ │ │   │ └─domain$wrapSync(expr)
  8. │ │ │   ├─shiny::withReactiveDomain(...)
  9. │ │ │   │ └─promises::with_promise_domain(...)
 10. │ │ │   │   └─domain$wrapSync(expr)
 11. │ │ │   │     └─base::force(expr)
 12. │ │ │   ├─shiny::captureStackTraces(...)
 13. │ │ │   │ └─promises::with_promise_domain(...)
 14. │ │ │   │   └─domain$wrapSync(expr)
 15. │ │ │   │     └─base::withCallingHandlers(expr, error = doCaptureStack)
 16. │ │ │   └─env$runWith(self, func)
 17. │ │ │     └─shiny (local) contextFunc()
 18. │ │ │       └─shiny::..stacktraceon..(expr)
 19. │ │ ├─shiny::withReactiveDomain(...)
 20. │ │ │ └─promises::with_promise_domain(...)
 21. │ │ │   └─domain$wrapSync(expr)
 22. │ │ │     └─base::force(expr)
 23. │ │ └─withr::with_options(...)
 24. │ │   └─base::force(code)
 25. │ └─rlang::eval_tidy(quosure, mask, rlang::caller_env())
 26. ├─testthat::expect_null(modules_output$module_1()) at test-module_teal.R:430:9
 27. │ └─testthat::quasi_label(enquo(object), label, arg = "object")
 28. │   └─rlang::eval_bare(expr, quo_get_env(quo))
 29. └─base::.handleSimpleError(...)
 30.   └─shiny (local) h(simpleError(msg, call))</error>
    </testcase>
    <testcase time="0.0779999999999994" classname="module_teal" name="are_not_called_again_when_data_changes">
      <error type="error" message="Error in `eval_bare(expr, quo_get_env(quo))`: attempt to apply non-function ('test-module_teal.R:463:9')">Error in `eval_bare(expr, quo_get_env(quo))`: attempt to apply non-function
Backtrace:
     ▆
  1. ├─shiny::testServer(...) at test-module_teal.R:440:5
  2. │ ├─shiny:::withMockContext(...)
  3. │ │ ├─shiny::isolate(...)
  4. │ │ │ ├─shiny::..stacktraceoff..(...)
  5. │ │ │ └─ctx$run(...)
  6. │ │ │   ├─promises::with_promise_domain(...)
  7. │ │ │   │ └─domain$wrapSync(expr)
  8. │ │ │   ├─shiny::withReactiveDomain(...)
  9. │ │ │   │ └─promises::with_promise_domain(...)
 10. │ │ │   │   └─domain$wrapSync(expr)
 11. │ │ │   │     └─base::force(expr)
 12. │ │ │   ├─shiny::captureStackTraces(...)
 13. │ │ │   │ └─promises::with_promise_domain(...)
 14. │ │ │   │   └─domain$wrapSync(expr)
 15. │ │ │   │     └─base::withCallingHandlers(expr, error = doCaptureStack)
 16. │ │ │   └─env$runWith(self, func)
 17. │ │ │     └─shiny (local) contextFunc()
 18. │ │ │       └─shiny::..stacktraceon..(expr)
 19. │ │ ├─shiny::withReactiveDomain(...)
 20. │ │ │ └─promises::with_promise_domain(...)
 21. │ │ │   └─domain$wrapSync(expr)
 22. │ │ │     └─base::force(expr)
 23. │ │ └─withr::with_options(...)
 24. │ │   └─base::force(code)
 25. │ └─rlang::eval_tidy(quosure, mask, rlang::caller_env())
 26. ├─testthat::expect_null(modules_output$module_1()) at test-module_teal.R:463:9
 27. │ └─testthat::quasi_label(enquo(object), label, arg = "object")
 28. │   └─rlang::eval_bare(expr, quo_get_env(quo))
 29. └─base::.handleSimpleError(...)
 30.   └─shiny (local) h(simpleError(msg, call))</error>
    </testcase>
    <testcase time="0.896999999999998" classname="module_teal" name="receives_data_with_datasets_module_datanames">
      <error type="error" message="Error in `eval_bare(expr, quo_get_env(quo))`: attempt to apply non-function ('test-module_teal.R:488:9')">Error in `eval_bare(expr, quo_get_env(quo))`: attempt to apply non-function
Backtrace:
     ▆
  1. ├─shiny::testServer(...) at test-module_teal.R:477:5
  2. │ ├─shiny:::withMockContext(...)
  3. │ │ ├─shiny::isolate(...)
  4. │ │ │ ├─shiny::..stacktraceoff..(...)
  5. │ │ │ └─ctx$run(...)
  6. │ │ │   ├─promises::with_promise_domain(...)
  7. │ │ │   │ └─domain$wrapSync(expr)
  8. │ │ │   ├─shiny::withReactiveDomain(...)
  9. │ │ │   │ └─promises::with_promise_domain(...)
 10. │ │ │   │   └─domain$wrapSync(expr)
 11. │ │ │   │     └─base::force(expr)
 12. │ │ │   ├─shiny::captureStackTraces(...)
 13. │ │ │   │ └─promises::with_promise_domain(...)
 14. │ │ │   │   └─domain$wrapSync(expr)
 15. │ │ │   │     └─base::withCallingHandlers(expr, error = doCaptureStack)
 16. │ │ │   └─env$runWith(self, func)
 17. │ │ │     └─shiny (local) contextFunc()
 18. │ │ │       └─shiny::..stacktraceon..(expr)
 19. │ │ ├─shiny::withReactiveDomain(...)
 20. │ │ │ └─promises::with_promise_domain(...)
 21. │ │ │   └─domain$wrapSync(expr)
 22. │ │ │     └─base::force(expr)
 23. │ │ └─withr::with_options(...)
 24. │ │   └─base::force(code)
 25. │ └─rlang::eval_tidy(quosure, mask, rlang::caller_env())
 26. ├─testthat::expect_identical(...) at test-module_teal.R:488:9
 27. │ └─testthat::quasi_label(enquo(object), label, arg = "object")
 28. │   └─rlang::eval_bare(expr, quo_get_env(quo))
 29. └─base::.handleSimpleError(...)
 30.   └─shiny (local) h(simpleError(msg, call))</error>
    </testcase>
    <testcase time="1.453" classname="module_teal" name="multiple_datanames_with_all_and_.raw_data_">
      <error type="error" message="Error in `.subset2(x, &quot;impl&quot;)$getOutput(name)`: The test referenced an output that hasn't been defined yet: output$test-teal_modules-module_1-validate_datanames-message ('test-module_teal.R:518:11')">Error in `.subset2(x, "impl")$getOutput(name)`: The test referenced an output that hasn't been defined yet: output$test-teal_modules-module_1-validate_datanames-message
Backtrace:
     ▆
  1. ├─shiny::testServer(...) at test-module_teal.R:509:7
  2. │ ├─shiny:::withMockContext(...)
  3. │ │ ├─shiny::isolate(...)
  4. │ │ │ ├─shiny::..stacktraceoff..(...)
  5. │ │ │ └─ctx$run(...)
  6. │ │ │   ├─promises::with_promise_domain(...)
  7. │ │ │   │ └─domain$wrapSync(expr)
  8. │ │ │   ├─shiny::withReactiveDomain(...)
  9. │ │ │   │ └─promises::with_promise_domain(...)
 10. │ │ │   │   └─domain$wrapSync(expr)
 11. │ │ │   │     └─base::force(expr)
 12. │ │ │   ├─shiny::captureStackTraces(...)
 13. │ │ │   │ └─promises::with_promise_domain(...)
 14. │ │ │   │   └─domain$wrapSync(expr)
 15. │ │ │   │     └─base::withCallingHandlers(expr, error = doCaptureStack)
 16. │ │ │   └─env$runWith(self, func)
 17. │ │ │     └─shiny (local) contextFunc()
 18. │ │ │       └─shiny::..stacktraceon..(expr)
 19. │ │ ├─shiny::withReactiveDomain(...)
 20. │ │ │ └─promises::with_promise_domain(...)
 21. │ │ │   └─domain$wrapSync(expr)
 22. │ │ │     └─base::force(expr)
 23. │ │ └─withr::with_options(...)
 24. │ │   └─base::force(code)
 25. │ └─rlang::eval_tidy(quosure, mask, rlang::caller_env())
 26. ├─testthat::expect_equal(...) at test-module_teal.R:518:11
 27. │ └─testthat::quasi_label(enquo(object), label, arg = "object")
 28. │   └─rlang::eval_bare(expr, quo_get_env(quo))
 29. ├─base::trimws(rvest::html_text2(rvest::read_html(output[["teal_modules-module_1-validate_datanames-message"]]$html)))
 30. │ ├─base (local) mysub(...)
 31. │ │ └─base::sub(re, "", x, perl = TRUE)
 32. │ │   └─base::is.factor(x)
 33. │ └─base (local) mysub(paste0("^", whitespace, "+"), x)
 34. │   └─base::sub(re, "", x, perl = TRUE)
 35. │     └─base::is.factor(x)
 36. ├─rvest::html_text2(rvest::read_html(output[["teal_modules-module_1-validate_datanames-message"]]$html))
 37. ├─rvest::read_html(output[["teal_modules-module_1-validate_datanames-message"]]$html)
 38. ├─output[["teal_modules-module_1-validate_datanames-message"]]
 39. ├─shiny:::`[[.shinyoutput`(output, "teal_modules-module_1-validate_datanames-message")
 40. │ └─.subset2(x, "impl")$getOutput(name)
 41. │   └─base::stop(...)
 42. └─base::.handleSimpleError(...)
 43.   └─shiny (local) h(simpleError(msg, call))</error>
    </testcase>
    <testcase time="1.008" classname="module_teal" name="single_dataname_with_all_">
      <error type="error" message="Error in `.subset2(x, &quot;impl&quot;)$getOutput(name)`: The test referenced an output that hasn't been defined yet: output$test-teal_modules-module_1-validate_datanames-message ('test-module_teal.R:553:11')">Error in `.subset2(x, "impl")$getOutput(name)`: The test referenced an output that hasn't been defined yet: output$test-teal_modules-module_1-validate_datanames-message
Backtrace:
     ▆
  1. ├─shiny::testServer(...) at test-module_teal.R:540:7
  2. │ ├─shiny:::withMockContext(...)
  3. │ │ ├─shiny::isolate(...)
  4. │ │ │ ├─shiny::..stacktraceoff..(...)
  5. │ │ │ └─ctx$run(...)
  6. │ │ │   ├─promises::with_promise_domain(...)
  7. │ │ │   │ └─domain$wrapSync(expr)
  8. │ │ │   ├─shiny::withReactiveDomain(...)
  9. │ │ │   │ └─promises::with_promise_domain(...)
 10. │ │ │   │   └─domain$wrapSync(expr)
 11. │ │ │   │     └─base::force(expr)
 12. │ │ │   ├─shiny::captureStackTraces(...)
 13. │ │ │   │ └─promises::with_promise_domain(...)
 14. │ │ │   │   └─domain$wrapSync(expr)
 15. │ │ │   │     └─base::withCallingHandlers(expr, error = doCaptureStack)
 16. │ │ │   └─env$runWith(self, func)
 17. │ │ │     └─shiny (local) contextFunc()
 18. │ │ │       └─shiny::..stacktraceon..(expr)
 19. │ │ ├─shiny::withReactiveDomain(...)
 20. │ │ │ └─promises::with_promise_domain(...)
 21. │ │ │   └─domain$wrapSync(expr)
 22. │ │ │     └─base::force(expr)
 23. │ │ └─withr::with_options(...)
 24. │ │   └─base::force(code)
 25. │ └─rlang::eval_tidy(quosure, mask, rlang::caller_env())
 26. ├─testthat::expect_equal(...) at test-module_teal.R:553:11
 27. │ └─testthat::quasi_label(enquo(object), label, arg = "object")
 28. │   └─rlang::eval_bare(expr, quo_get_env(quo))
 29. ├─base::trimws(rvest::html_text2(rvest::read_html(output[["teal_modules-module_1-validate_datanames-message"]]$html)))
 30. │ ├─base (local) mysub(...)
 31. │ │ └─base::sub(re, "", x, perl = TRUE)
 32. │ │   └─base::is.factor(x)
 33. │ └─base (local) mysub(paste0("^", whitespace, "+"), x)
 34. │   └─base::sub(re, "", x, perl = TRUE)
 35. │     └─base::is.factor(x)
 36. ├─rvest::html_text2(rvest::read_html(output[["teal_modules-module_1-validate_datanames-message"]]$html))
 37. ├─rvest::read_html(output[["teal_modules-module_1-validate_datanames-message"]]$html)
 38. ├─output[["teal_modules-module_1-validate_datanames-message"]]
 39. ├─shiny:::`[[.shinyoutput`(output, "teal_modules-module_1-validate_datanames-message")
 40. │ └─.subset2(x, "impl")$getOutput(name)
 41. │   └─base::stop(...)
 42. └─base::.handleSimpleError(...)
 43.   └─shiny (local) h(simpleError(msg, call))</error>
    </testcase>
    <testcase time="0.670999999999999" classname="module_teal" name="warns_when_dataname_is_not_available">
      <error type="error" message="Error in `.subset2(x, &quot;impl&quot;)$getOutput(name)`: The test referenced an output that hasn't been defined yet: output$test-teal_modules-module_1-validate_datanames-message ('test-module_teal.R:582:11')">Error in `.subset2(x, "impl")$getOutput(name)`: The test referenced an output that hasn't been defined yet: output$test-teal_modules-module_1-validate_datanames-message
Backtrace:
     ▆
  1. ├─shiny::testServer(...) at test-module_teal.R:571:7
  2. │ ├─shiny:::withMockContext(...)
  3. │ │ ├─shiny::isolate(...)
  4. │ │ │ ├─shiny::..stacktraceoff..(...)
  5. │ │ │ └─ctx$run(...)
  6. │ │ │   ├─promises::with_promise_domain(...)
  7. │ │ │   │ └─domain$wrapSync(expr)
  8. │ │ │   ├─shiny::withReactiveDomain(...)
  9. │ │ │   │ └─promises::with_promise_domain(...)
 10. │ │ │   │   └─domain$wrapSync(expr)
 11. │ │ │   │     └─base::force(expr)
 12. │ │ │   ├─shiny::captureStackTraces(...)
 13. │ │ │   │ └─promises::with_promise_domain(...)
 14. │ │ │   │   └─domain$wrapSync(expr)
 15. │ │ │   │     └─base::withCallingHandlers(expr, error = doCaptureStack)
 16. │ │ │   └─env$runWith(self, func)
 17. │ │ │     └─shiny (local) contextFunc()
 18. │ │ │       └─shiny::..stacktraceon..(expr)
 19. │ │ ├─shiny::withReactiveDomain(...)
 20. │ │ │ └─promises::with_promise_domain(...)
 21. │ │ │   └─domain$wrapSync(expr)
 22. │ │ │     └─base::force(expr)
 23. │ │ └─withr::with_options(...)
 24. │ │   └─base::force(code)
 25. │ └─rlang::eval_tidy(quosure, mask, rlang::caller_env())
 26. ├─testthat::expect_equal(...) at test-module_teal.R:582:11
 27. │ └─testthat::quasi_label(enquo(object), label, arg = "object")
 28. │   └─rlang::eval_bare(expr, quo_get_env(quo))
 29. ├─base::trimws(rvest::html_text2(rvest::read_html(output[["teal_modules-module_1-validate_datanames-message"]]$html)))
 30. │ ├─base (local) mysub(...)
 31. │ │ └─base::sub(re, "", x, perl = TRUE)
 32. │ │   └─base::is.factor(x)
 33. │ └─base (local) mysub(paste0("^", whitespace, "+"), x)
 34. │   └─base::sub(re, "", x, perl = TRUE)
 35. │     └─base::is.factor(x)
 36. ├─rvest::html_text2(rvest::read_html(output[["teal_modules-module_1-validate_datanames-message"]]$html))
 37. ├─rvest::read_html(output[["teal_modules-module_1-validate_datanames-message"]]$html)
 38. ├─output[["teal_modules-module_1-validate_datanames-message"]]
 39. ├─shiny:::`[[.shinyoutput`(output, "teal_modules-module_1-validate_datanames-message")
 40. │ └─.subset2(x, "impl")$getOutput(name)
 41. │   └─base::stop(...)
 42. └─base::.handleSimpleError(...)
 43.   └─shiny (local) h(simpleError(msg, call))</error>
    </testcase>
    <testcase time="1.035" classname="module_teal" name="warns_when_datanames_are_not_available">
      <error type="error" message="Error in `.subset2(x, &quot;impl&quot;)$getOutput(name)`: The test referenced an output that hasn't been defined yet: output$test-teal_modules-module_1-validate_datanames-message ('test-module_teal.R:610:11')">Error in `.subset2(x, "impl")$getOutput(name)`: The test referenced an output that hasn't been defined yet: output$test-teal_modules-module_1-validate_datanames-message
Backtrace:
     ▆
  1. ├─shiny::testServer(...) at test-module_teal.R:598:7
  2. │ ├─shiny:::withMockContext(...)
  3. │ │ ├─shiny::isolate(...)
  4. │ │ │ ├─shiny::..stacktraceoff..(...)
  5. │ │ │ └─ctx$run(...)
  6. │ │ │   ├─promises::with_promise_domain(...)
  7. │ │ │   │ └─domain$wrapSync(expr)
  8. │ │ │   ├─shiny::withReactiveDomain(...)
  9. │ │ │   │ └─promises::with_promise_domain(...)
 10. │ │ │   │   └─domain$wrapSync(expr)
 11. │ │ │   │     └─base::force(expr)
 12. │ │ │   ├─shiny::captureStackTraces(...)
 13. │ │ │   │ └─promises::with_promise_domain(...)
 14. │ │ │   │   └─domain$wrapSync(expr)
 15. │ │ │   │     └─base::withCallingHandlers(expr, error = doCaptureStack)
 16. │ │ │   └─env$runWith(self, func)
 17. │ │ │     └─shiny (local) contextFunc()
 18. │ │ │       └─shiny::..stacktraceon..(expr)
 19. │ │ ├─shiny::withReactiveDomain(...)
 20. │ │ │ └─promises::with_promise_domain(...)
 21. │ │ │   └─domain$wrapSync(expr)
 22. │ │ │     └─base::force(expr)
 23. │ │ └─withr::with_options(...)
 24. │ │   └─base::force(code)
 25. │ └─rlang::eval_tidy(quosure, mask, rlang::caller_env())
 26. ├─testthat::expect_equal(...) at test-module_teal.R:610:11
 27. │ └─testthat::quasi_label(enquo(object), label, arg = "object")
 28. │   └─rlang::eval_bare(expr, quo_get_env(quo))
 29. ├─base::trimws(rvest::html_text2(rvest::read_html(output[["teal_modules-module_1-validate_datanames-message"]]$html)))
 30. │ ├─base (local) mysub(...)
 31. │ │ └─base::sub(re, "", x, perl = TRUE)
 32. │ │   └─base::is.factor(x)
 33. │ └─base (local) mysub(paste0("^", whitespace, "+"), x)
 34. │   └─base::sub(re, "", x, perl = TRUE)
 35. │     └─base::is.factor(x)
 36. ├─rvest::html_text2(rvest::read_html(output[["teal_modules-module_1-validate_datanames-message"]]$html))
 37. ├─rvest::read_html(output[["teal_modules-module_1-validate_datanames-message"]]$html)
 38. ├─output[["teal_modules-module_1-validate_datanames-message"]]
 39. ├─shiny:::`[[.shinyoutput`(output, "teal_modules-module_1-validate_datanames-message")
 40. │ └─.subset2(x, "impl")$getOutput(name)
 41. │   └─base::stop(...)
 42. └─base::.handleSimpleError(...)
 43.   └─shiny (local) h(simpleError(msg, call))</error>
    </testcase>
    <testcase time="0.582999999999998" classname="module_teal" name="warns_about_empty_data_when_none_of_module_datanames_is_available_even_if_data_is_not_empty_">
      <error type="error" message="Error in `.subset2(x, &quot;impl&quot;)$getOutput(name)`: The test referenced an output that hasn't been defined yet: output$test-teal_modules-module_1-validate_datanames-message ('test-module_teal.R:637:11')">Error in `.subset2(x, "impl")$getOutput(name)`: The test referenced an output that hasn't been defined yet: output$test-teal_modules-module_1-validate_datanames-message
Backtrace:
     ▆
  1. ├─shiny::testServer(...) at test-module_teal.R:626:7
  2. │ ├─shiny:::withMockContext(...)
  3. │ │ ├─shiny::isolate(...)
  4. │ │ │ ├─shiny::..stacktraceoff..(...)
  5. │ │ │ └─ctx$run(...)
  6. │ │ │   ├─promises::with_promise_domain(...)
  7. │ │ │   │ └─domain$wrapSync(expr)
  8. │ │ │   ├─shiny::withReactiveDomain(...)
  9. │ │ │   │ └─promises::with_promise_domain(...)
 10. │ │ │   │   └─domain$wrapSync(expr)
 11. │ │ │   │     └─base::force(expr)
 12. │ │ │   ├─shiny::captureStackTraces(...)
 13. │ │ │   │ └─promises::with_promise_domain(...)
 14. │ │ │   │   └─domain$wrapSync(expr)
 15. │ │ │   │     └─base::withCallingHandlers(expr, error = doCaptureStack)
 16. │ │ │   └─env$runWith(self, func)
 17. │ │ │     └─shiny (local) contextFunc()
 18. │ │ │       └─shiny::..stacktraceon..(expr)
 19. │ │ ├─shiny::withReactiveDomain(...)
 20. │ │ │ └─promises::with_promise_domain(...)
 21. │ │ │   └─domain$wrapSync(expr)
 22. │ │ │     └─base::force(expr)
 23. │ │ └─withr::with_options(...)
 24. │ │   └─base::force(code)
 25. │ └─rlang::eval_tidy(quosure, mask, rlang::caller_env())
 26. ├─testthat::expect_equal(...) at test-module_teal.R:637:11
 27. │ └─testthat::quasi_label(enquo(object), label, arg = "object")
 28. │   └─rlang::eval_bare(expr, quo_get_env(quo))
 29. ├─base::trimws(rvest::html_text2(rvest::read_html(output[["teal_modules-module_1-validate_datanames-message"]]$html)))
 30. │ ├─base (local) mysub(...)
 31. │ │ └─base::sub(re, "", x, perl = TRUE)
 32. │ │   └─base::is.factor(x)
 33. │ └─base (local) mysub(paste0("^", whitespace, "+"), x)
 34. │   └─base::sub(re, "", x, perl = TRUE)
 35. │     └─base::is.factor(x)
 36. ├─rvest::html_text2(rvest::read_html(output[["teal_modules-module_1-validate_datanames-message"]]$html))
 37. ├─rvest::read_html(output[["teal_modules-module_1-validate_datanames-message"]]$html)
 38. ├─output[["teal_modules-module_1-validate_datanames-message"]]
 39. ├─shiny:::`[[.shinyoutput`(output, "teal_modules-module_1-validate_datanames-message")
 40. │ └─.subset2(x, "impl")$getOutput(name)
 41. │   └─base::stop(...)
 42. └─base::.handleSimpleError(...)
 43.   └─shiny (local) h(simpleError(msg, call))</error>
    </testcase>
    <testcase time="0.293000000000003" classname="module_teal" name="warns_about_empty_data_when_none_of_module_datanames_is_available"/>
    <testcase time="0.598000000000003" classname="module_teal" name="is_called_and_receives_data_even_if_datanames_in_teal_data_are_not_sufficient">
      <error type="error" message="Error in `eval_bare(expr, quo_get_env(quo))`: attempt to apply non-function ('test-module_teal.R:692:9')">Error in `eval_bare(expr, quo_get_env(quo))`: attempt to apply non-function
Backtrace:
     ▆
  1. ├─shiny::testServer(...) at test-module_teal.R:681:5
  2. │ ├─shiny:::withMockContext(...)
  3. │ │ ├─shiny::isolate(...)
  4. │ │ │ ├─shiny::..stacktraceoff..(...)
  5. │ │ │ └─ctx$run(...)
  6. │ │ │   ├─promises::with_promise_domain(...)
  7. │ │ │   │ └─domain$wrapSync(expr)
  8. │ │ │   ├─shiny::withReactiveDomain(...)
  9. │ │ │   │ └─promises::with_promise_domain(...)
 10. │ │ │   │   └─domain$wrapSync(expr)
 11. │ │ │   │     └─base::force(expr)
 12. │ │ │   ├─shiny::captureStackTraces(...)
 13. │ │ │   │ └─promises::with_promise_domain(...)
 14. │ │ │   │   └─domain$wrapSync(expr)
 15. │ │ │   │     └─base::withCallingHandlers(expr, error = doCaptureStack)
 16. │ │ │   └─env$runWith(self, func)
 17. │ │ │     └─shiny (local) contextFunc()
 18. │ │ │       └─shiny::..stacktraceon..(expr)
 19. │ │ ├─shiny::withReactiveDomain(...)
 20. │ │ │ └─promises::with_promise_domain(...)
 21. │ │ │   └─domain$wrapSync(expr)
 22. │ │ │     └─base::force(expr)
 23. │ │ └─withr::with_options(...)
 24. │ │   └─base::force(code)
 25. │ └─rlang::eval_tidy(quosure, mask, rlang::caller_env())
 26. ├─testthat::expect_identical(...) at test-module_teal.R:692:9
 27. │ └─testthat::quasi_label(enquo(object), label, arg = "object")
 28. │   └─rlang::eval_bare(expr, quo_get_env(quo))
 29. └─base::.handleSimpleError(...)
 30.   └─shiny (local) h(simpleError(msg, call))</error>
    </testcase>
    <testcase time="1.531" classname="module_teal" name="receives_all_objects_from_teal_data_when_module_datanames_all_">
      <error type="error" message="Error in `eval_bare(expr, quo_get_env(quo))`: attempt to apply non-function ('test-module_teal.R:712:9')">Error in `eval_bare(expr, quo_get_env(quo))`: attempt to apply non-function
Backtrace:
     ▆
  1. ├─shiny::testServer(...) at test-module_teal.R:698:5
  2. │ ├─shiny:::withMockContext(...)
  3. │ │ ├─shiny::isolate(...)
  4. │ │ │ ├─shiny::..stacktraceoff..(...)
  5. │ │ │ └─ctx$run(...)
  6. │ │ │   ├─promises::with_promise_domain(...)
  7. │ │ │   │ └─domain$wrapSync(expr)
  8. │ │ │   ├─shiny::withReactiveDomain(...)
  9. │ │ │   │ └─promises::with_promise_domain(...)
 10. │ │ │   │   └─domain$wrapSync(expr)
 11. │ │ │   │     └─base::force(expr)
 12. │ │ │   ├─shiny::captureStackTraces(...)
 13. │ │ │   │ └─promises::with_promise_domain(...)
 14. │ │ │   │   └─domain$wrapSync(expr)
 15. │ │ │   │     └─base::withCallingHandlers(expr, error = doCaptureStack)
 16. │ │ │   └─env$runWith(self, func)
 17. │ │ │     └─shiny (local) contextFunc()
 18. │ │ │       └─shiny::..stacktraceon..(expr)
 19. │ │ ├─shiny::withReactiveDomain(...)
 20. │ │ │ └─promises::with_promise_domain(...)
 21. │ │ │   └─domain$wrapSync(expr)
 22. │ │ │     └─base::force(expr)
 23. │ │ └─withr::with_options(...)
 24. │ │   └─base::force(code)
 25. │ └─rlang::eval_tidy(quosure, mask, rlang::caller_env())
 26. ├─testthat::expect_identical(...) at test-module_teal.R:712:9
 27. │ └─testthat::quasi_label(enquo(object), label, arg = "object")
 28. │   └─rlang::eval_bare(expr, quo_get_env(quo))
 29. └─base::.handleSimpleError(...)
 30.   └─shiny (local) h(simpleError(msg, call))</error>
    </testcase>
    <testcase time="1.078" classname="module_teal" name="receives_parent_data_when_module_datanames_limited_to_a_child_data_but_join_keys_are_provided">
      <error type="error" message="Error in `eval_bare(expr, quo_get_env(quo))`: attempt to apply non-function ('test-module_teal.R:739:9')">Error in `eval_bare(expr, quo_get_env(quo))`: attempt to apply non-function
Backtrace:
     ▆
  1. ├─shiny::testServer(...) at test-module_teal.R:728:5
  2. │ ├─shiny:::withMockContext(...)
  3. │ │ ├─shiny::isolate(...)
  4. │ │ │ ├─shiny::..stacktraceoff..(...)
  5. │ │ │ └─ctx$run(...)
  6. │ │ │   ├─promises::with_promise_domain(...)
  7. │ │ │   │ └─domain$wrapSync(expr)
  8. │ │ │   ├─shiny::withReactiveDomain(...)
  9. │ │ │   │ └─promises::with_promise_domain(...)
 10. │ │ │   │   └─domain$wrapSync(expr)
 11. │ │ │   │     └─base::force(expr)
 12. │ │ │   ├─shiny::captureStackTraces(...)
 13. │ │ │   │ └─promises::with_promise_domain(...)
 14. │ │ │   │   └─domain$wrapSync(expr)
 15. │ │ │   │     └─base::withCallingHandlers(expr, error = doCaptureStack)
 16. │ │ │   └─env$runWith(self, func)
 17. │ │ │     └─shiny (local) contextFunc()
 18. │ │ │       └─shiny::..stacktraceon..(expr)
 19. │ │ ├─shiny::withReactiveDomain(...)
 20. │ │ │ └─promises::with_promise_domain(...)
 21. │ │ │   └─domain$wrapSync(expr)
 22. │ │ │     └─base::force(expr)
 23. │ │ └─withr::with_options(...)
 24. │ │   └─base::force(code)
 25. │ └─rlang::eval_tidy(quosure, mask, rlang::caller_env())
 26. ├─testthat::expect_identical(...) at test-module_teal.R:739:9
 27. │ └─testthat::quasi_label(enquo(object), label, arg = "object")
 28. │   └─rlang::eval_bare(expr, quo_get_env(quo))
 29. └─base::.handleSimpleError(...)
 30.   └─shiny (local) h(simpleError(msg, call))</error>
    </testcase>
    <testcase time="1.272" classname="module_teal" name="receives_all_transformator_datasets_if_module_datanames_all_">
      <error type="error" message="Error in `eval_bare(expr, quo_get_env(quo))`: attempt to apply non-function ('test-module_teal.R:777:9')">Error in `eval_bare(expr, quo_get_env(quo))`: attempt to apply non-function
Backtrace:
     ▆
  1. ├─shiny::testServer(...) at test-module_teal.R:746:5
  2. │ ├─shiny:::withMockContext(...)
  3. │ │ ├─shiny::isolate(...)
  4. │ │ │ ├─shiny::..stacktraceoff..(...)
  5. │ │ │ └─ctx$run(...)
  6. │ │ │   ├─promises::with_promise_domain(...)
  7. │ │ │   │ └─domain$wrapSync(expr)
  8. │ │ │   ├─shiny::withReactiveDomain(...)
  9. │ │ │   │ └─promises::with_promise_domain(...)
 10. │ │ │   │   └─domain$wrapSync(expr)
 11. │ │ │   │     └─base::force(expr)
 12. │ │ │   ├─shiny::captureStackTraces(...)
 13. │ │ │   │ └─promises::with_promise_domain(...)
 14. │ │ │   │   └─domain$wrapSync(expr)
 15. │ │ │   │     └─base::withCallingHandlers(expr, error = doCaptureStack)
 16. │ │ │   └─env$runWith(self, func)
 17. │ │ │     └─shiny (local) contextFunc()
 18. │ │ │       └─shiny::..stacktraceon..(expr)
 19. │ │ ├─shiny::withReactiveDomain(...)
 20. │ │ │ └─promises::with_promise_domain(...)
 21. │ │ │   └─domain$wrapSync(expr)
 22. │ │ │     └─base::force(expr)
 23. │ │ └─withr::with_options(...)
 24. │ │   └─base::force(code)
 25. │ └─rlang::eval_tidy(quosure, mask, rlang::caller_env())
 26. ├─testthat::expect_identical(...) at test-module_teal.R:777:9
 27. │ └─testthat::quasi_label(enquo(object), label, arg = "object")
 28. │   └─rlang::eval_bare(expr, quo_get_env(quo))
 29. └─base::.handleSimpleError(...)
 30.   └─shiny (local) h(simpleError(msg, call))</error>
    </testcase>
    <testcase time="1.013" classname="module_teal" name="receives_all_datasets_if_transform_datanames_all_">
      <error type="error" message="Error in `eval_bare(expr, quo_get_env(quo))`: attempt to apply non-function ('test-module_teal.R:814:9')">Error in `eval_bare(expr, quo_get_env(quo))`: attempt to apply non-function
Backtrace:
     ▆
  1. ├─shiny::testServer(...) at test-module_teal.R:783:5
  2. │ ├─shiny:::withMockContext(...)
  3. │ │ ├─shiny::isolate(...)
  4. │ │ │ ├─shiny::..stacktraceoff..(...)
  5. │ │ │ └─ctx$run(...)
  6. │ │ │   ├─promises::with_promise_domain(...)
  7. │ │ │   │ └─domain$wrapSync(expr)
  8. │ │ │   ├─shiny::withReactiveDomain(...)
  9. │ │ │   │ └─promises::with_promise_domain(...)
 10. │ │ │   │   └─domain$wrapSync(expr)
 11. │ │ │   │     └─base::force(expr)
 12. │ │ │   ├─shiny::captureStackTraces(...)
 13. │ │ │   │ └─promises::with_promise_domain(...)
 14. │ │ │   │   └─domain$wrapSync(expr)
 15. │ │ │   │     └─base::withCallingHandlers(expr, error = doCaptureStack)
 16. │ │ │   └─env$runWith(self, func)
 17. │ │ │     └─shiny (local) contextFunc()
 18. │ │ │       └─shiny::..stacktraceon..(expr)
 19. │ │ ├─shiny::withReactiveDomain(...)
 20. │ │ │ └─promises::with_promise_domain(...)
 21. │ │ │   └─domain$wrapSync(expr)
 22. │ │ │     └─base::force(expr)
 23. │ │ └─withr::with_options(...)
 24. │ │   └─base::force(code)
 25. │ └─rlang::eval_tidy(quosure, mask, rlang::caller_env())
 26. ├─testthat::expect_identical(...) at test-module_teal.R:814:9
 27. │ └─testthat::quasi_label(enquo(object), label, arg = "object")
 28. │   └─rlang::eval_bare(expr, quo_get_env(quo))
 29. └─base::.handleSimpleError(...)
 30.   └─shiny (local) h(simpleError(msg, call))</error>
    </testcase>
    <testcase time="1.255" classname="module_teal" name="receives_all_raw_datasets_based_on_module_datanames">
      <error type="error" message="Error in `eval_bare(expr, quo_get_env(quo))`: attempt to apply non-function ('test-module_teal.R:842:9')">Error in `eval_bare(expr, quo_get_env(quo))`: attempt to apply non-function
Backtrace:
     ▆
  1. ├─shiny::testServer(...) at test-module_teal.R:820:5
  2. │ ├─shiny:::withMockContext(...)
  3. │ │ ├─shiny::isolate(...)
  4. │ │ │ ├─shiny::..stacktraceoff..(...)
  5. │ │ │ └─ctx$run(...)
  6. │ │ │   ├─promises::with_promise_domain(...)
  7. │ │ │   │ └─domain$wrapSync(expr)
  8. │ │ │   ├─shiny::withReactiveDomain(...)
  9. │ │ │   │ └─promises::with_promise_domain(...)
 10. │ │ │   │   └─domain$wrapSync(expr)
 11. │ │ │   │     └─base::force(expr)
 12. │ │ │   ├─shiny::captureStackTraces(...)
 13. │ │ │   │ └─promises::with_promise_domain(...)
 14. │ │ │   │   └─domain$wrapSync(expr)
 15. │ │ │   │     └─base::withCallingHandlers(expr, error = doCaptureStack)
 16. │ │ │   └─env$runWith(self, func)
 17. │ │ │     └─shiny (local) contextFunc()
 18. │ │ │       └─shiny::..stacktraceon..(expr)
 19. │ │ ├─shiny::withReactiveDomain(...)
 20. │ │ │ └─promises::with_promise_domain(...)
 21. │ │ │   └─domain$wrapSync(expr)
 22. │ │ │     └─base::force(expr)
 23. │ │ └─withr::with_options(...)
 24. │ │   └─base::force(code)
 25. │ └─rlang::eval_tidy(quosure, mask, rlang::caller_env())
 26. ├─testthat::expect_setequal(...) at test-module_teal.R:842:9
 27. │ └─testthat::quasi_label(enquo(object), arg = "object")
 28. │   └─rlang::eval_bare(expr, quo_get_env(quo))
 29. └─base::.handleSimpleError(...)
 30.   └─shiny (local) h(simpleError(msg, call))</error>
    </testcase>
    <testcase time="1.12" classname="module_teal" name="combines_datanames_from_transform_module_datanames">
      <error type="error" message="Error in `eval_bare(expr, quo_get_env(quo))`: attempt to apply non-function ('test-module_teal.R:875:9')">Error in `eval_bare(expr, quo_get_env(quo))`: attempt to apply non-function
Backtrace:
     ▆
  1. ├─shiny::testServer(...) at test-module_teal.R:848:5
  2. │ ├─shiny:::withMockContext(...)
  3. │ │ ├─shiny::isolate(...)
  4. │ │ │ ├─shiny::..stacktraceoff..(...)
  5. │ │ │ └─ctx$run(...)
  6. │ │ │   ├─promises::with_promise_domain(...)
  7. │ │ │   │ └─domain$wrapSync(expr)
  8. │ │ │   ├─shiny::withReactiveDomain(...)
  9. │ │ │   │ └─promises::with_promise_domain(...)
 10. │ │ │   │   └─domain$wrapSync(expr)
 11. │ │ │   │     └─base::force(expr)
 12. │ │ │   ├─shiny::captureStackTraces(...)
 13. │ │ │   │ └─promises::with_promise_domain(...)
 14. │ │ │   │   └─domain$wrapSync(expr)
 15. │ │ │   │     └─base::withCallingHandlers(expr, error = doCaptureStack)
 16. │ │ │   └─env$runWith(self, func)
 17. │ │ │     └─shiny (local) contextFunc()
 18. │ │ │       └─shiny::..stacktraceon..(expr)
 19. │ │ ├─shiny::withReactiveDomain(...)
 20. │ │ │ └─promises::with_promise_domain(...)
 21. │ │ │   └─domain$wrapSync(expr)
 22. │ │ │     └─base::force(expr)
 23. │ │ └─withr::with_options(...)
 24. │ │   └─base::force(code)
 25. │ └─rlang::eval_tidy(quosure, mask, rlang::caller_env())
 26. ├─testthat::expect_identical(...) at test-module_teal.R:875:9
 27. │ └─testthat::quasi_label(enquo(object), label, arg = "object")
 28. │   └─rlang::eval_bare(expr, quo_get_env(quo))
 29. └─base::.handleSimpleError(...)
 30.   └─shiny (local) h(simpleError(msg, call))</error>
    </testcase>
    <testcase time="1.329" classname="module_teal" name="does_not_receive_transformator_datasets_not_specified_in_transform_datanames_nor_modue_datanames">
      <error type="error" message="Error in `eval_bare(expr, quo_get_env(quo))`: attempt to apply non-function ('test-module_teal.R:913:9')">Error in `eval_bare(expr, quo_get_env(quo))`: attempt to apply non-function
Backtrace:
     ▆
  1. ├─shiny::testServer(...) at test-module_teal.R:881:5
  2. │ ├─shiny:::withMockContext(...)
  3. │ │ ├─shiny::isolate(...)
  4. │ │ │ ├─shiny::..stacktraceoff..(...)
  5. │ │ │ └─ctx$run(...)
  6. │ │ │   ├─promises::with_promise_domain(...)
  7. │ │ │   │ └─domain$wrapSync(expr)
  8. │ │ │   ├─shiny::withReactiveDomain(...)
  9. │ │ │   │ └─promises::with_promise_domain(...)
 10. │ │ │   │   └─domain$wrapSync(expr)
 11. │ │ │   │     └─base::force(expr)
 12. │ │ │   ├─shiny::captureStackTraces(...)
 13. │ │ │   │ └─promises::with_promise_domain(...)
 14. │ │ │   │   └─domain$wrapSync(expr)
 15. │ │ │   │     └─base::withCallingHandlers(expr, error = doCaptureStack)
 16. │ │ │   └─env$runWith(self, func)
 17. │ │ │     └─shiny (local) contextFunc()
 18. │ │ │       └─shiny::..stacktraceon..(expr)
 19. │ │ ├─shiny::withReactiveDomain(...)
 20. │ │ │ └─promises::with_promise_domain(...)
 21. │ │ │   └─domain$wrapSync(expr)
 22. │ │ │     └─base::force(expr)
 23. │ │ └─withr::with_options(...)
 24. │ │   └─base::force(code)
 25. │ └─rlang::eval_tidy(quosure, mask, rlang::caller_env())
 26. ├─testthat::expect_identical(...) at test-module_teal.R:913:9
 27. │ └─testthat::quasi_label(enquo(object), label, arg = "object")
 28. │   └─rlang::eval_bare(expr, quo_get_env(quo))
 29. └─base::.handleSimpleError(...)
 30.   └─shiny (local) h(simpleError(msg, call))</error>
    </testcase>
    <testcase time="0.948" classname="module_teal" name="srv_teal_module.teal_module_does_not_pass_data_if_not_in_the_args_explicitly">
      <error type="error" message="Error in `eval_bare(expr, quo_get_env(quo))`: attempt to apply non-function ('test-module_teal.R:933:9')">Error in `eval_bare(expr, quo_get_env(quo))`: attempt to apply non-function
Backtrace:
     ▆
  1. ├─shiny::testServer(...) at test-module_teal.R:919:5
  2. │ ├─shiny:::withMockContext(...)
  3. │ │ ├─shiny::isolate(...)
  4. │ │ │ ├─shiny::..stacktraceoff..(...)
  5. │ │ │ └─ctx$run(...)
  6. │ │ │   ├─promises::with_promise_domain(...)
  7. │ │ │   │ └─domain$wrapSync(expr)
  8. │ │ │   ├─shiny::withReactiveDomain(...)
  9. │ │ │   │ └─promises::with_promise_domain(...)
 10. │ │ │   │   └─domain$wrapSync(expr)
 11. │ │ │   │     └─base::force(expr)
 12. │ │ │   ├─shiny::captureStackTraces(...)
 13. │ │ │   │ └─promises::with_promise_domain(...)
 14. │ │ │   │   └─domain$wrapSync(expr)
 15. │ │ │   │     └─base::withCallingHandlers(expr, error = doCaptureStack)
 16. │ │ │   └─env$runWith(self, func)
 17. │ │ │     └─shiny (local) contextFunc()
 18. │ │ │       └─shiny::..stacktraceon..(expr)
 19. │ │ ├─shiny::withReactiveDomain(...)
 20. │ │ │ └─promises::with_promise_domain(...)
 21. │ │ │   └─domain$wrapSync(expr)
 22. │ │ │     └─base::force(expr)
 23. │ │ └─withr::with_options(...)
 24. │ │   └─base::force(code)
 25. │ └─rlang::eval_tidy(quosure, mask, rlang::caller_env())
 26. ├─testthat::expect_null(modules_output$module_1()) at test-module_teal.R:933:9
 27. │ └─testthat::quasi_label(enquo(object), label, arg = "object")
 28. │   └─rlang::eval_bare(expr, quo_get_env(quo))
 29. └─base::.handleSimpleError(...)
 30.   └─shiny (local) h(simpleError(msg, call))</error>
    </testcase>
    <testcase time="1.015" classname="module_teal" name="srv_teal_module.teal_module_passes_deprecated_datasets_to_the_server_module">
      <error type="error" message="Error in `eval_bare(expr, quo_get_env(quo))`: attempt to apply non-function ('test-module_teal.R:951:11')">Error in `eval_bare(expr, quo_get_env(quo))`: attempt to apply non-function
Backtrace:
     ▆
  1. ├─testthat::expect_warning(...) at test-module_teal.R:939:5
  2. │ └─testthat:::quasi_capture(...)
  3. │   ├─testthat (local) .capture(...)
  4. │   │ └─base::withCallingHandlers(...)
  5. │   └─rlang::eval_bare(quo_get_expr(.quo), quo_get_env(.quo))
  6. ├─shiny::testServer(...)
  7. │ ├─shiny:::withMockContext(...)
  8. │ │ ├─shiny::isolate(...)
  9. │ │ │ ├─shiny::..stacktraceoff..(...)
 10. │ │ │ └─ctx$run(...)
 11. │ │ │   ├─promises::with_promise_domain(...)
 12. │ │ │   │ └─domain$wrapSync(expr)
 13. │ │ │   ├─shiny::withReactiveDomain(...)
 14. │ │ │   │ └─promises::with_promise_domain(...)
 15. │ │ │   │   └─domain$wrapSync(expr)
 16. │ │ │   │     └─base::force(expr)
 17. │ │ │   ├─shiny::captureStackTraces(...)
 18. │ │ │   │ └─promises::with_promise_domain(...)
 19. │ │ │   │   └─domain$wrapSync(expr)
 20. │ │ │   │     └─base::withCallingHandlers(expr, error = doCaptureStack)
 21. │ │ │   └─env$runWith(self, func)
 22. │ │ │     └─shiny (local) contextFunc()
 23. │ │ │       └─shiny::..stacktraceon..(expr)
 24. │ │ ├─shiny::withReactiveDomain(...)
 25. │ │ │ └─promises::with_promise_domain(...)
 26. │ │ │   └─domain$wrapSync(expr)
 27. │ │ │     └─base::force(expr)
 28. │ │ └─withr::with_options(...)
 29. │ │   └─base::force(code)
 30. │ └─rlang::eval_tidy(quosure, mask, rlang::caller_env())
 31. ├─testthat::expect_s3_class(modules_output$module_1(), "FilteredData") at test-module_teal.R:951:11
 32. │ └─testthat::quasi_label(enquo(object), arg = "object")
 33. │   └─rlang::eval_bare(expr, quo_get_env(quo))
 34. └─base::.handleSimpleError(...)
 35.   └─shiny (local) h(simpleError(msg, call))</error>
    </testcase>
    <testcase time="1.266" classname="module_teal" name="srv_teal_module.teal_module_passes_server_args_to_the_...">
      <failure type="failure" message="modules$children$module_1$server_args not identical to list(x = 1L, y = 2L). ('test-module_teal.R:976:9')">modules$children$module_1$server_args not identical to list(x = 1L, y = 2L).
target is NULL, current is list
Backtrace:
     ▆
  1. ├─shiny::testServer(...) at test-module_teal.R:959:5
  2. │ ├─shiny:::withMockContext(...)
  3. │ │ ├─shiny::isolate(...)
  4. │ │ │ ├─shiny::..stacktraceoff..(...)
  5. │ │ │ └─ctx$run(...)
  6. │ │ │   ├─promises::with_promise_domain(...)
  7. │ │ │   │ └─domain$wrapSync(expr)
  8. │ │ │   ├─shiny::withReactiveDomain(...)
  9. │ │ │   │ └─promises::with_promise_domain(...)
 10. │ │ │   │   └─domain$wrapSync(expr)
 11. │ │ │   │     └─base::force(expr)
 12. │ │ │   ├─shiny::captureStackTraces(...)
 13. │ │ │   │ └─promises::with_promise_domain(...)
 14. │ │ │   │   └─domain$wrapSync(expr)
 15. │ │ │   │     └─base::withCallingHandlers(expr, error = doCaptureStack)
 16. │ │ │   └─env$runWith(self, func)
 17. │ │ │     └─shiny (local) contextFunc()
 18. │ │ │       └─shiny::..stacktraceon..(expr)
 19. │ │ ├─shiny::withReactiveDomain(...)
 20. │ │ │ └─promises::with_promise_domain(...)
 21. │ │ │   └─domain$wrapSync(expr)
 22. │ │ │     └─base::force(expr)
 23. │ │ └─withr::with_options(...)
 24. │ │   └─base::force(code)
 25. │ └─rlang::eval_tidy(quosure, mask, rlang::caller_env())
 26. └─testthat::expect_identical(...) at test-module_teal.R:976:9</failure>
    </testcase>
    <testcase time="0.639000000000003" classname="module_teal" name="srv_teal_module.teal_module_passes_quoted_arguments_to_the_teal_module_server_call">
      <error type="error" message="Error in `unique((modules_output$module_1())()[[&quot;a_dataset&quot;]]$Species)`: attempt to apply non-function ('test-module_teal.R:1007:9')">Error in `unique((modules_output$module_1())()[["a_dataset"]]$Species)`: attempt to apply non-function
Backtrace:
     ▆
  1. ├─shiny::testServer(...) at test-module_teal.R:996:5
  2. │ ├─shiny:::withMockContext(...)
  3. │ │ ├─shiny::isolate(...)
  4. │ │ │ ├─shiny::..stacktraceoff..(...)
  5. │ │ │ └─ctx$run(...)
  6. │ │ │   ├─promises::with_promise_domain(...)
  7. │ │ │   │ └─domain$wrapSync(expr)
  8. │ │ │   ├─shiny::withReactiveDomain(...)
  9. │ │ │   │ └─promises::with_promise_domain(...)
 10. │ │ │   │   └─domain$wrapSync(expr)
 11. │ │ │   │     └─base::force(expr)
 12. │ │ │   ├─shiny::captureStackTraces(...)
 13. │ │ │   │ └─promises::with_promise_domain(...)
 14. │ │ │   │   └─domain$wrapSync(expr)
 15. │ │ │   │     └─base::withCallingHandlers(expr, error = doCaptureStack)
 16. │ │ │   └─env$runWith(self, func)
 17. │ │ │     └─shiny (local) contextFunc()
 18. │ │ │       └─shiny::..stacktraceon..(expr)
 19. │ │ ├─shiny::withReactiveDomain(...)
 20. │ │ │ └─promises::with_promise_domain(...)
 21. │ │ │   └─domain$wrapSync(expr)
 22. │ │ │     └─base::force(expr)
 23. │ │ └─withr::with_options(...)
 24. │ │   └─base::force(code)
 25. │ └─rlang::eval_tidy(quosure, mask, rlang::caller_env())
 26. ├─testthat::expect_setequal("setosa", unique((modules_output$module_1())()[["a_dataset"]]$Species)) at test-module_teal.R:1007:9
 27. │ └─testthat::quasi_label(enquo(expected), arg = "expected")
 28. │   └─rlang::eval_bare(expr, quo_get_env(quo))
 29. ├─base::unique((modules_output$module_1())()[["a_dataset"]]$Species)
 30. └─base::.handleSimpleError(...)
 31.   └─shiny (local) h(simpleError(msg, call))</error>
    </testcase>
    <testcase time="0.949999999999996" classname="module_teal" name="srv_teal_module.teal_module_passes_filter_panel_api_if_specified">
      <error type="error" message="Error in `eval_bare(expr, quo_get_env(quo))`: attempt to apply non-function ('test-module_teal.R:1027:9')">Error in `eval_bare(expr, quo_get_env(quo))`: attempt to apply non-function
Backtrace:
     ▆
  1. ├─shiny::testServer(...) at test-module_teal.R:1016:5
  2. │ ├─shiny:::withMockContext(...)
  3. │ │ ├─shiny::isolate(...)
  4. │ │ │ ├─shiny::..stacktraceoff..(...)
  5. │ │ │ └─ctx$run(...)
  6. │ │ │   ├─promises::with_promise_domain(...)
  7. │ │ │   │ └─domain$wrapSync(expr)
  8. │ │ │   ├─shiny::withReactiveDomain(...)
  9. │ │ │   │ └─promises::with_promise_domain(...)
 10. │ │ │   │   └─domain$wrapSync(expr)
 11. │ │ │   │     └─base::force(expr)
 12. │ │ │   ├─shiny::captureStackTraces(...)
 13. │ │ │   │ └─promises::with_promise_domain(...)
 14. │ │ │   │   └─domain$wrapSync(expr)
 15. │ │ │   │     └─base::withCallingHandlers(expr, error = doCaptureStack)
 16. │ │ │   └─env$runWith(self, func)
 17. │ │ │     └─shiny (local) contextFunc()
 18. │ │ │       └─shiny::..stacktraceon..(expr)
 19. │ │ ├─shiny::withReactiveDomain(...)
 20. │ │ │ └─promises::with_promise_domain(...)
 21. │ │ │   └─domain$wrapSync(expr)
 22. │ │ │     └─base::force(expr)
 23. │ │ └─withr::with_options(...)
 24. │ │   └─base::force(code)
 25. │ └─rlang::eval_tidy(quosure, mask, rlang::caller_env())
 26. ├─testthat::expect_s3_class(modules_output$module_1(), "FilterPanelAPI") at test-module_teal.R:1027:9
 27. │ └─testthat::quasi_label(enquo(object), arg = "object")
 28. │   └─rlang::eval_bare(expr, quo_get_env(quo))
 29. └─base::.handleSimpleError(...)
 30.   └─shiny (local) h(simpleError(msg, call))</error>
    </testcase>
    <testcase time="2.024" classname="module_teal" name="srv_teal_module.teal_module_passes_Reporter_if_specified">
      <error type="error" message="Error in `eval_bare(expr, quo_get_env(quo))`: attempt to apply non-function ('test-module_teal.R:1044:9')">Error in `eval_bare(expr, quo_get_env(quo))`: attempt to apply non-function
Backtrace:
     ▆
  1. ├─shiny::testServer(...) at test-module_teal.R:1033:5
  2. │ ├─shiny:::withMockContext(...)
  3. │ │ ├─shiny::isolate(...)
  4. │ │ │ ├─shiny::..stacktraceoff..(...)
  5. │ │ │ └─ctx$run(...)
  6. │ │ │   ├─promises::with_promise_domain(...)
  7. │ │ │   │ └─domain$wrapSync(expr)
  8. │ │ │   ├─shiny::withReactiveDomain(...)
  9. │ │ │   │ └─promises::with_promise_domain(...)
 10. │ │ │   │   └─domain$wrapSync(expr)
 11. │ │ │   │     └─base::force(expr)
 12. │ │ │   ├─shiny::captureStackTraces(...)
 13. │ │ │   │ └─promises::with_promise_domain(...)
 14. │ │ │   │   └─domain$wrapSync(expr)
 15. │ │ │   │     └─base::withCallingHandlers(expr, error = doCaptureStack)
 16. │ │ │   └─env$runWith(self, func)
 17. │ │ │     └─shiny (local) contextFunc()
 18. │ │ │       └─shiny::..stacktraceon..(expr)
 19. │ │ ├─shiny::withReactiveDomain(...)
 20. │ │ │ └─promises::with_promise_domain(...)
 21. │ │ │   └─domain$wrapSync(expr)
 22. │ │ │     └─base::force(expr)
 23. │ │ └─withr::with_options(...)
 24. │ │   └─base::force(code)
 25. │ └─rlang::eval_tidy(quosure, mask, rlang::caller_env())
 26. ├─testthat::expect_s3_class(modules_output$module_1(), "Reporter") at test-module_teal.R:1044:9
 27. │ └─testthat::quasi_label(enquo(object), arg = "object")
 28. │   └─rlang::eval_bare(expr, quo_get_env(quo))
 29. └─base::.handleSimpleError(...)
 30.   └─shiny (local) h(simpleError(msg, call))</error>
    </testcase>
    <testcase time="1.69" classname="module_teal" name="does_not_receive_report_previewer_when_none_of_the_modules_contain_reporter_argument">
      <failure type="failure" message="names(modules_output) (`actual`) and c(&quot;module_1&quot;, &quot;module_2&quot;) (`expected`) don't have the same values. ('test-module_teal.R:1062:9')">names(modules_output) (`actual`) and c("module_1", "module_2") (`expected`) don't have the same values.
* Only in `actual`: "module-1", "module-2"
* Only in `expected`: "module_1", "module_2"

Backtrace:
     ▆
  1. ├─shiny::testServer(...) at test-module_teal.R:1050:5
  2. │ ├─shiny:::withMockContext(...)
  3. │ │ ├─shiny::isolate(...)
  4. │ │ │ ├─shiny::..stacktraceoff..(...)
  5. │ │ │ └─ctx$run(...)
  6. │ │ │   ├─promises::with_promise_domain(...)
  7. │ │ │   │ └─domain$wrapSync(expr)
  8. │ │ │   ├─shiny::withReactiveDomain(...)
  9. │ │ │   │ └─promises::with_promise_domain(...)
 10. │ │ │   │   └─domain$wrapSync(expr)
 11. │ │ │   │     └─base::force(expr)
 12. │ │ │   ├─shiny::captureStackTraces(...)
 13. │ │ │   │ └─promises::with_promise_domain(...)
 14. │ │ │   │   └─domain$wrapSync(expr)
 15. │ │ │   │     └─base::withCallingHandlers(expr, error = doCaptureStack)
 16. │ │ │   └─env$runWith(self, func)
 17. │ │ │     └─shiny (local) contextFunc()
 18. │ │ │       └─shiny::..stacktraceon..(expr)
 19. │ │ ├─shiny::withReactiveDomain(...)
 20. │ │ │ └─promises::with_promise_domain(...)
 21. │ │ │   └─domain$wrapSync(expr)
 22. │ │ │     └─base::force(expr)
 23. │ │ └─withr::with_options(...)
 24. │ │   └─base::force(code)
 25. │ └─rlang::eval_tidy(quosure, mask, rlang::caller_env())
 26. └─testthat::expect_setequal(...) at test-module_teal.R:1062:9</failure>
    </testcase>
    <testcase time="2.872" classname="module_teal" name="receives_one_report_previewer_module_when_any_module_contains_reporter_argument">
      <failure type="failure" message="names(modules_output) (`actual`) and c(&quot;module_1&quot;, &quot;module_2&quot;, &quot;report_previewer&quot;) (`expected`) don't have the same values. ('test-module_teal.R:1080:9')">names(modules_output) (`actual`) and c("module_1", "module_2", "report_previewer") (`expected`) don't have the same values.
* Only in `actual`: "module-1", "module-2", "report-previewer"
* Only in `expected`: "module_1", "module_2", "report_previewer"

Backtrace:
     ▆
  1. ├─shiny::testServer(...) at test-module_teal.R:1068:5
  2. │ ├─shiny:::withMockContext(...)
  3. │ │ ├─shiny::isolate(...)
  4. │ │ │ ├─shiny::..stacktraceoff..(...)
  5. │ │ │ └─ctx$run(...)
  6. │ │ │   ├─promises::with_promise_domain(...)
  7. │ │ │   │ └─domain$wrapSync(expr)
  8. │ │ │   ├─shiny::withReactiveDomain(...)
  9. │ │ │   │ └─promises::with_promise_domain(...)
 10. │ │ │   │   └─domain$wrapSync(expr)
 11. │ │ │   │     └─base::force(expr)
 12. │ │ │   ├─shiny::captureStackTraces(...)
 13. │ │ │   │ └─promises::with_promise_domain(...)
 14. │ │ │   │   └─domain$wrapSync(expr)
 15. │ │ │   │     └─base::withCallingHandlers(expr, error = doCaptureStack)
 16. │ │ │   └─env$runWith(self, func)
 17. │ │ │     └─shiny (local) contextFunc()
 18. │ │ │       └─shiny::..stacktraceon..(expr)
 19. │ │ ├─shiny::withReactiveDomain(...)
 20. │ │ │ └─promises::with_promise_domain(...)
 21. │ │ │   └─domain$wrapSync(expr)
 22. │ │ │     └─base::force(expr)
 23. │ │ └─withr::with_options(...)
 24. │ │   └─base::force(code)
 25. │ └─rlang::eval_tidy(quosure, mask, rlang::caller_env())
 26. └─testthat::expect_setequal(...) at test-module_teal.R:1080:9</failure>
    </testcase>
    <testcase time="0.122000000000007" classname="module_teal" name="is_set_to_initial_filters_when_module_specific"/>
    <testcase time="0.0689999999999955" classname="module_teal" name="is_set_to_initial_filters_with_resolved_attr_mapping_modules_label_when_module_specific_"/>
    <testcase time="0.00200000000000244" classname="module_teal" name="is_set_to_initial_filters_with_resolved_attr_mapping_modules_label_when_module_specific_"/>
    <testcase time="2.179" classname="module_teal" name="slices_in_slicesGlobal_and_in_FilteredData_refer_to_the_same_object"/>
    <testcase time="0.0149999999999935" classname="module_teal" name="slices_in_slicesGlobal_and_in_FilteredData_refer_to_the_same_object"/>
    <testcase time="1.932" classname="module_teal" name="appends_new_slice_and_activates_in_global_filters_when_added_in_a_module_if_module_specific">
      <failure type="failure" message="is_slices_equivalent(...) is not TRUE ('test-module_teal.R:1190:11')">is_slices_equivalent(...) is not TRUE

`actual`:   FALSE
`expected`: TRUE 
Backtrace:
     ▆
  1. ├─shiny::testServer(...) at test-module_teal.R:1172:7
  2. │ ├─shiny:::withMockContext(...)
  3. │ │ ├─shiny::isolate(...)
  4. │ │ │ ├─shiny::..stacktraceoff..(...)
  5. │ │ │ └─ctx$run(...)
  6. │ │ │   ├─promises::with_promise_domain(...)
  7. │ │ │   │ └─domain$wrapSync(expr)
  8. │ │ │   ├─shiny::withReactiveDomain(...)
  9. │ │ │   │ └─promises::with_promise_domain(...)
 10. │ │ │   │   └─domain$wrapSync(expr)
 11. │ │ │   │     └─base::force(expr)
 12. │ │ │   ├─shiny::captureStackTraces(...)
 13. │ │ │   │ └─promises::with_promise_domain(...)
 14. │ │ │   │   └─domain$wrapSync(expr)
 15. │ │ │   │     └─base::withCallingHandlers(expr, error = doCaptureStack)
 16. │ │ │   └─env$runWith(self, func)
 17. │ │ │     └─shiny (local) contextFunc()
 18. │ │ │       └─shiny::..stacktraceon..(expr)
 19. │ │ ├─shiny::withReactiveDomain(...)
 20. │ │ │ └─promises::with_promise_domain(...)
 21. │ │ │   └─domain$wrapSync(expr)
 22. │ │ │     └─base::force(expr)
 23. │ │ └─withr::with_options(...)
 24. │ │   └─base::force(code)
 25. │ └─rlang::eval_tidy(quosure, mask, rlang::caller_env())
 26. └─testthat::expect_true(...) at test-module_teal.R:1190:11</failure>
    </testcase>
    <testcase time="2.615" classname="module_teal" name="deactivates_in_global_filters_when_removed_from_module_if_module_specific">
      <failure type="failure" message="is_slices_equivalent(...) is not TRUE ('test-module_teal.R:1223:11')">is_slices_equivalent(...) is not TRUE

`actual`:   FALSE
`expected`: TRUE 
Backtrace:
     ▆
  1. ├─shiny::testServer(...) at test-module_teal.R:1202:7
  2. │ ├─shiny:::withMockContext(...)
  3. │ │ ├─shiny::isolate(...)
  4. │ │ │ ├─shiny::..stacktraceoff..(...)
  5. │ │ │ └─ctx$run(...)
  6. │ │ │   ├─promises::with_promise_domain(...)
  7. │ │ │   │ └─domain$wrapSync(expr)
  8. │ │ │   ├─shiny::withReactiveDomain(...)
  9. │ │ │   │ └─promises::with_promise_domain(...)
 10. │ │ │   │   └─domain$wrapSync(expr)
 11. │ │ │   │     └─base::force(expr)
 12. │ │ │   ├─shiny::captureStackTraces(...)
 13. │ │ │   │ └─promises::with_promise_domain(...)
 14. │ │ │   │   └─domain$wrapSync(expr)
 15. │ │ │   │     └─base::withCallingHandlers(expr, error = doCaptureStack)
 16. │ │ │   └─env$runWith(self, func)
 17. │ │ │     └─shiny (local) contextFunc()
 18. │ │ │       └─shiny::..stacktraceon..(expr)
 19. │ │ ├─shiny::withReactiveDomain(...)
 20. │ │ │ └─promises::with_promise_domain(...)
 21. │ │ │   └─domain$wrapSync(expr)
 22. │ │ │     └─base::force(expr)
 23. │ │ └─withr::with_options(...)
 24. │ │   └─base::force(code)
 25. │ └─rlang::eval_tidy(quosure, mask, rlang::caller_env())
 26. └─testthat::expect_true(...) at test-module_teal.R:1223:11</failure>
    </testcase>
    <testcase time="1.743" classname="module_teal" name="appends_new_slice_and_activates_in_module_when_added_in_a_module_if_module_specific">
      <failure type="failure" message="is_slices_equivalent(...) is not TRUE ('test-module_teal.R:1253:11')">is_slices_equivalent(...) is not TRUE

`actual`:   FALSE
`expected`: TRUE 
Backtrace:
     ▆
  1. ├─shiny::testServer(...) at test-module_teal.R:1235:7
  2. │ ├─shiny:::withMockContext(...)
  3. │ │ ├─shiny::isolate(...)
  4. │ │ │ ├─shiny::..stacktraceoff..(...)
  5. │ │ │ └─ctx$run(...)
  6. │ │ │   ├─promises::with_promise_domain(...)
  7. │ │ │   │ └─domain$wrapSync(expr)
  8. │ │ │   ├─shiny::withReactiveDomain(...)
  9. │ │ │   │ └─promises::with_promise_domain(...)
 10. │ │ │   │   └─domain$wrapSync(expr)
 11. │ │ │   │     └─base::force(expr)
 12. │ │ │   ├─shiny::captureStackTraces(...)
 13. │ │ │   │ └─promises::with_promise_domain(...)
 14. │ │ │   │   └─domain$wrapSync(expr)
 15. │ │ │   │     └─base::withCallingHandlers(expr, error = doCaptureStack)
 16. │ │ │   └─env$runWith(self, func)
 17. │ │ │     └─shiny (local) contextFunc()
 18. │ │ │       └─shiny::..stacktraceon..(expr)
 19. │ │ ├─shiny::withReactiveDomain(...)
 20. │ │ │ └─promises::with_promise_domain(...)
 21. │ │ │   └─domain$wrapSync(expr)
 22. │ │ │     └─base::force(expr)
 23. │ │ └─withr::with_options(...)
 24. │ │   └─base::force(code)
 25. │ └─rlang::eval_tidy(quosure, mask, rlang::caller_env())
 26. └─testthat::expect_true(...) at test-module_teal.R:1253:11</failure>
    </testcase>
    <testcase time="1.816" classname="module_teal" name="appends_added_duplicated_slice_and_makes_new_slice_id_unique">
      <failure type="failure" message="is_slices_equivalent(...) is not TRUE ('test-module_teal.R:1286:11')">is_slices_equivalent(...) is not TRUE

`actual`:   FALSE
`expected`: TRUE 
Backtrace:
     ▆
  1. ├─shiny::testServer(...) at test-module_teal.R:1265:7
  2. │ ├─shiny:::withMockContext(...)
  3. │ │ ├─shiny::isolate(...)
  4. │ │ │ ├─shiny::..stacktraceoff..(...)
  5. │ │ │ └─ctx$run(...)
  6. │ │ │   ├─promises::with_promise_domain(...)
  7. │ │ │   │ └─domain$wrapSync(expr)
  8. │ │ │   ├─shiny::withReactiveDomain(...)
  9. │ │ │   │ └─promises::with_promise_domain(...)
 10. │ │ │   │   └─domain$wrapSync(expr)
 11. │ │ │   │     └─base::force(expr)
 12. │ │ │   ├─shiny::captureStackTraces(...)
 13. │ │ │   │ └─promises::with_promise_domain(...)
 14. │ │ │   │   └─domain$wrapSync(expr)
 15. │ │ │   │     └─base::withCallingHandlers(expr, error = doCaptureStack)
 16. │ │ │   └─env$runWith(self, func)
 17. │ │ │     └─shiny (local) contextFunc()
 18. │ │ │       └─shiny::..stacktraceon..(expr)
 19. │ │ ├─shiny::withReactiveDomain(...)
 20. │ │ │ └─promises::with_promise_domain(...)
 21. │ │ │   └─domain$wrapSync(expr)
 22. │ │ │     └─base::force(expr)
 23. │ │ └─withr::with_options(...)
 24. │ │   └─base::force(code)
 25. │ └─rlang::eval_tidy(quosure, mask, rlang::caller_env())
 26. └─testthat::expect_true(...) at test-module_teal.R:1286:11</failure>
    </testcase>
    <testcase time="2.09" classname="module_teal" name="deactivates_in_module_when_removed_from_module_if_module_specific">
      <failure type="failure" message="is_slices_equivalent(...) is not TRUE ('test-module_teal.R:1324:11')">is_slices_equivalent(...) is not TRUE

`actual`:   FALSE
`expected`: TRUE 
Backtrace:
     ▆
  1. ├─shiny::testServer(...) at test-module_teal.R:1302:7
  2. │ ├─shiny:::withMockContext(...)
  3. │ │ ├─shiny::isolate(...)
  4. │ │ │ ├─shiny::..stacktraceoff..(...)
  5. │ │ │ └─ctx$run(...)
  6. │ │ │   ├─promises::with_promise_domain(...)
  7. │ │ │   │ └─domain$wrapSync(expr)
  8. │ │ │   ├─shiny::withReactiveDomain(...)
  9. │ │ │   │ └─promises::with_promise_domain(...)
 10. │ │ │   │   └─domain$wrapSync(expr)
 11. │ │ │   │     └─base::force(expr)
 12. │ │ │   ├─shiny::captureStackTraces(...)
 13. │ │ │   │ └─promises::with_promise_domain(...)
 14. │ │ │   │   └─domain$wrapSync(expr)
 15. │ │ │   │     └─base::withCallingHandlers(expr, error = doCaptureStack)
 16. │ │ │   └─env$runWith(self, func)
 17. │ │ │     └─shiny (local) contextFunc()
 18. │ │ │       └─shiny::..stacktraceon..(expr)
 19. │ │ ├─shiny::withReactiveDomain(...)
 20. │ │ │ └─promises::with_promise_domain(...)
 21. │ │ │   └─domain$wrapSync(expr)
 22. │ │ │     └─base::force(expr)
 23. │ │ └─withr::with_options(...)
 24. │ │   └─base::force(code)
 25. │ └─rlang::eval_tidy(quosure, mask, rlang::caller_env())
 26. └─testthat::expect_true(...) at test-module_teal.R:1324:11</failure>
    </testcase>
    <testcase time="0.122999999999998" classname="module_teal" name="auto_resolves_to_mapping_m_when_setting_slices_with_mapping_global_filters_in_module_specific_">
      <skipped message="Reason: need a fix in a .slicesGlobal ('test-module_teal.R:1351:11')"/>
    </testcase>
    <testcase time="2.633" classname="module_teal" name="sets_filters_from_mapping_mod_to_all_modules_FilteredData_when_module_specific"/>
    <testcase time="2.57599999999999" classname="module_teal" name="sets_filters_from_mapping_mod_to_module_s_FilteredData_when_module_specific"/>
    <testcase time="0.00800000000000978" classname="module_teal" name="sets_filters_from_mapping_mod_to_module_s_FilteredData_when_module_specific"/>
    <testcase time="2.43499999999999" classname="module_teal" name="sets_filters_from_mapping_global_filters_to_all_modules_FilteredData_when_module_specific"/>
    <testcase time="0.00900000000000034" classname="module_teal" name="sets_filters_from_mapping_global_filters_to_all_modules_FilteredData_when_module_specific"/>
    <testcase time="1.99300000000001" classname="module_teal" name="change_in_the_slicesGlobal_causes_module_s_data_filtering">
      <error type="error" message="Error in `eval_bare(expr, quo_get_env(quo))`: attempt to apply non-function ('test-module_teal.R:1495:11')">Error in `eval_bare(expr, quo_get_env(quo))`: attempt to apply non-function
Backtrace:
     ▆
  1. ├─shiny::testServer(...) at test-module_teal.R:1475:7
  2. │ ├─shiny:::withMockContext(...)
  3. │ │ ├─shiny::isolate(...)
  4. │ │ │ ├─shiny::..stacktraceoff..(...)
  5. │ │ │ └─ctx$run(...)
  6. │ │ │   ├─promises::with_promise_domain(...)
  7. │ │ │   │ └─domain$wrapSync(expr)
  8. │ │ │   ├─shiny::withReactiveDomain(...)
  9. │ │ │   │ └─promises::with_promise_domain(...)
 10. │ │ │   │   └─domain$wrapSync(expr)
 11. │ │ │   │     └─base::force(expr)
 12. │ │ │   ├─shiny::captureStackTraces(...)
 13. │ │ │   │ └─promises::with_promise_domain(...)
 14. │ │ │   │   └─domain$wrapSync(expr)
 15. │ │ │   │     └─base::withCallingHandlers(expr, error = doCaptureStack)
 16. │ │ │   └─env$runWith(self, func)
 17. │ │ │     └─shiny (local) contextFunc()
 18. │ │ │       └─shiny::..stacktraceon..(expr)
 19. │ │ ├─shiny::withReactiveDomain(...)
 20. │ │ │ └─promises::with_promise_domain(...)
 21. │ │ │   └─domain$wrapSync(expr)
 22. │ │ │     └─base::force(expr)
 23. │ │ └─withr::with_options(...)
 24. │ │   └─base::force(code)
 25. │ └─rlang::eval_tidy(quosure, mask, rlang::caller_env())
 26. ├─testthat::expect_identical(...) at test-module_teal.R:1495:11
[...]
    <testcase time="0.00100000000000477" classname="teal_reporter" name="TealReportCard_get_content_returns_content_with_metadata"/>
    <testcase time="0.00199999999999534" classname="teal_reporter" name="TealReportCard_get_content_returns_content_with_metadata"/>
    <testcase time="0.00100000000000477" classname="teal_reporter" name="TealReportCard_get_content_returns_content_with_metadata"/>
    <testcase time="0.000999999999990564" classname="teal_reporter" name="TealReportCard_get_content_returns_content_with_metadata"/>
    <testcase time="0.00400000000000489" classname="teal_reporter" name="TealReportCard_append_src_accepts_a_character"/>
    <testcase time="0.00400000000000489" classname="teal_reporter" name="TealReportCard_append_src_returns_self"/>
    <testcase time="0.00399999999999068" classname="teal_reporter" name="TealReportCard_append_src_returns_title_and_content"/>
    <testcase time="0.00400000000000489" classname="teal_reporter" name="TealReportCard_append_encodings_accepts_list_of_character"/>
    <testcase time="0.00400000000000489" classname="teal_reporter" name="TealReportCard_append_encodings_returns_self"/>
    <testcase time="0.00399999999999068" classname="teal_reporter" name="TealReportCard_append_encodings_returns_title_and_content"/>
    <testcase time="0.00200000000000955" classname="teal_reporter" name="TealReportCard_append_encodings_returns_title_and_content"/>
    <testcase time="0.00699999999999079" classname="teal_reporter" name="TealReportCard_append_fs_accepts_only_a_teal_slices"/>
    <testcase time="0.007000000000005" classname="teal_reporter" name="TealReportCard_append_fs_accepts_only_a_teal_slices"/>
    <testcase time="0.00799999999999557" classname="teal_reporter" name="TealReportCard_append_fs_returns_self"/>
    <testcase time="0.007000000000005" classname="teal_reporter" name="TealReportCard_append_fs_returns_title_and_content"/>
    <testcase time="0.00300000000000011" classname="teal_reporter" name="TealReportCard_append_fs_returns_title_and_content"/>
    <testcase time="0.00499999999999545" classname="teal_reporter" name="TealSlicesBlock_new_accepts_teal_slices_only"/>
    <testcase time="0.00499999999999545" classname="teal_reporter" name="TealSlicesBlock_new_accepts_teal_slices_only"/>
    <testcase time="0.007000000000005" classname="teal_reporter" name="TealSlicesBlock_get_content_returns_yaml_character"/>
    <testcase time="0.00799999999999557" classname="teal_reporter" name="TealSlicesBlock_to_list_returns_list_containing_teal_slices"/>
    <testcase time="0.00900000000000034" classname="teal_reporter" name="TealSlicesBlock_from_list_retains_states_from_a_list"/>
  </testsuite>
  <testsuite name="teal_slices-store" timestamp="2025-07-04T05:15:44Z" hostname="f7adecda5bda" tests="15" skipped="0" failures="0" errors="0" time="0.144">
    <testcase time="0.0360000000000014" classname="teal_slices_store" name="teal_slice_store_restore_supports_NULL_and_character_0_for_choices_and_selected"/>
    <testcase time="0.00400000000000489" classname="teal_slices_store" name="teal_slice_store_restore_supports_NULL_and_character_0_for_choices_and_selected"/>
    <testcase time="0.00400000000000489" classname="teal_slices_store" name="teal_slice_store_restore_supports_NULL_and_character_0_for_choices_and_selected"/>
    <testcase time="0.012999999999991" classname="teal_slices_store" name="teal_slice_store_restore_supports_saving_POSIXct_timestamps_in_selected"/>
    <testcase time="0.00400000000000489" classname="teal_slices_store" name="teal_slice_store_restore_supports_saving_POSIXct_timestamps_in_selected"/>
    <testcase time="0.012999999999991" classname="teal_slices_store" name="teal_slice_store_restore_supports_saving_Date_dates_in_selected"/>
    <testcase time="0.00300000000000011" classname="teal_slices_store" name="teal_slice_store_restore_supports_saving_Date_dates_in_selected"/>
    <testcase time="0.01400000000001" classname="teal_slices_store" name="teal_slice_store_restore_supports_saving_POSIXct_timestamps_in_choices"/>
    <testcase time="0.00300000000000011" classname="teal_slices_store" name="teal_slice_store_restore_supports_saving_POSIXct_timestamps_in_choices"/>
    <testcase time="0.0130000000000052" classname="teal_slices_store" name="teal_slice_store_restore_supports_saving_Date_timestamps_in_choices"/>
    <testcase time="0.00300000000000011" classname="teal_slices_store" name="teal_slice_store_restore_supports_saving_Date_timestamps_in_choices"/>
    <testcase time="0.0150000000000006" classname="teal_slices_store" name="teal_slice_store_restore_restores_mixed_Date_characters_as_characters_in_selected"/>
    <testcase time="0.0130000000000052" classname="teal_slices_store" name="teal_slice_store_restore_restores_characters_as_characters_in_selected_and_choices"/>
    <testcase time="0.00199999999999534" classname="teal_slices_store" name="teal_slice_store_restore_restores_characters_as_characters_in_selected_and_choices"/>
    <testcase time="0.00400000000000489" classname="teal_slices_store" name="teal_slice_store_restore_restores_characters_as_characters_in_selected_and_choices"/>
  </testsuite>
  <testsuite name="teal_slices" timestamp="2025-07-04T05:15:45Z" hostname="f7adecda5bda" tests="18" skipped="0" failures="0" errors="0" time="0.121">
    <testcase time="0.00699999999999079" classname="teal_slices" name="teal_slices_produces_teal_slices_object_with_teal_specific_attributes"/>
    <testcase time="0.00100000000000477" classname="teal_slices" name="teal_slices_produces_teal_slices_object_with_teal_specific_attributes"/>
    <testcase time="0.00300000000000011" classname="teal_slices" name="teal_slices_produces_teal_slices_object_with_teal_specific_attributes"/>
    <testcase time="0.00100000000000477" classname="teal_slices" name="teal_slices_produces_teal_slices_object_with_teal_specific_attributes"/>
    <testcase time="0.00600000000000023" classname="teal_slices" name="teal_slices_fails_when_inexisting_teal_slice_id_is_specified_in_mapping"/>
    <testcase time="0.00900000000000034" classname="teal_slices" name="teal_slices_fails_when_inexisting_teal_slice_id_is_specified_in_mapping"/>
    <testcase time="0.00900000000000034" classname="teal_slices" name="teal_slices_processes_filter_mapping"/>
    <testcase time="0.00799999999999557" classname="teal_slices" name="teal_slices_processes_filter_mapping"/>
    <testcase time="0.012999999999991" classname="teal_slices" name="teal_slices_drops_non_global_filters_if_module_specific_FALSE"/>
    <testcase time="0.00800000000000978" classname="teal_slices" name="teal_slices_drops_non_global_filters_if_module_specific_FALSE"/>
    <testcase time="0.0139999999999958" classname="teal_slices" name="deep_copy_filters_copies_teal_slice_changes_pointer_of_teal_slice_object_but_values_remain_the_same"/>
    <testcase time="0.00499999999999545" classname="teal_slices" name="deep_copy_filters_copies_teal_slice_changes_pointer_of_teal_slice_object_but_values_remain_the_same"/>
    <testcase time="0.00600000000000023" classname="teal_slices" name="teal_slices_mapping_should_be_an_empty_list_or_a_named_list_or_missing"/>
    <testcase time="0.00400000000000489" classname="teal_slices" name="teal_slices_mapping_should_be_an_empty_list_or_a_named_list_or_missing"/>
    <testcase time="0.00400000000000489" classname="teal_slices" name="teal_slices_mapping_should_be_an_empty_list_or_a_named_list_or_missing"/>
    <testcase time="0.00799999999999557" classname="teal_slices" name="teal_slices_mapping_should_be_an_empty_list_or_a_named_list_or_missing"/>
    <testcase time="0.007000000000005" classname="teal_slices" name="teal_slices_mapping_should_be_an_empty_list_or_a_named_list_or_missing"/>
    <testcase time="0.00799999999999557" classname="teal_slices" name="teal_slices_mapping_should_be_an_empty_list_or_a_named_list_or_missing"/>
  </testsuite>
  <testsuite name="teal_transform_module" timestamp="2025-07-04T05:15:45Z" hostname="f7adecda5bda" tests="3" skipped="0" failures="0" errors="0" time="0.2">
    <testcase time="0.0649999999999977" classname="teal_transform_module" name="expression"/>
    <testcase time="0.0649999999999977" classname="teal_transform_module" name="quote"/>
    <testcase time="0.0700000000000074" classname="teal_transform_module" name="ui_transform_teal_data_and_srv_transform_teal_data_have_the_same_namespace_for_transform_module"/>
  </testsuite>
  <testsuite name="utils" timestamp="2025-07-04T05:15:45Z" hostname="f7adecda5bda" tests="33" skipped="0" failures="0" errors="0" time="0.384">
    <testcase time="0.0870000000000033" classname="utils" name="get_teal_bs_theme"/>
    <testcase time="0.032999999999987" classname="utils" name="get_teal_bs_theme"/>
    <testcase time="0.0330000000000013" classname="utils" name="get_teal_bs_theme"/>
    <testcase time="0.0310000000000059" classname="utils" name="get_teal_bs_theme"/>
    <testcase time="0.0120000000000005" classname="utils" name="report_card_template_function_returns_TealReportCard_object_with_appropriate_content_and_labels"/>
    <testcase time="0.000999999999990564" classname="utils" name="report_card_template_function_returns_TealReportCard_object_with_appropriate_content_and_labels"/>
    <testcase time="0.00100000000000477" classname="utils" name="report_card_template_function_returns_TealReportCard_object_with_appropriate_content_and_labels"/>
    <testcase time="0.00199999999999534" classname="utils" name="report_card_template_function_returns_TealReportCard_object_with_appropriate_content_and_labels"/>
    <testcase time="0.00200000000000955" classname="utils" name="report_card_template_function_returns_TealReportCard_object_with_appropriate_content_and_labels"/>
    <testcase time="0.000999999999990564" classname="utils" name="report_card_template_function_returns_TealReportCard_object_with_appropriate_content_and_labels"/>
    <testcase time="0.0190000000000055" classname="utils" name="teal_data_to_filtered_data_return_FilteredData_class"/>
    <testcase time="0.00499999999999545" classname="utils" name="validate_app_title_tag_works_on_validating_the_title_tag"/>
    <testcase time="0.00499999999999545" classname="utils" name="validate_app_title_tag_works_on_validating_the_title_tag"/>
    <testcase time="0.00600000000000023" classname="utils" name="validate_app_title_tag_works_on_validating_the_title_tag"/>
    <testcase time="0.00400000000000489" classname="utils" name="validate_app_title_tag_works_on_validating_the_title_tag"/>
    <testcase time="0.00399999999999068" classname="utils" name="validate_app_title_tag_works_on_validating_the_title_tag"/>
    <testcase time="0.0450000000000017" classname="utils" name="build_app_title_builts_a_valid_tag"/>
    <testcase time="0.00400000000000489" classname="utils" name="build_app_title_builts_a_valid_tag"/>
    <testcase time="0.00199999999999534" classname="utils" name="build_app_title_builts_a_valid_tag"/>
    <testcase time="0.0100000000000051" classname="utils" name="create_app_id_data_accepts_teal_data_or_teal_data_module"/>
    <testcase time="0.00199999999999534" classname="utils" name="create_app_id_data_accepts_teal_data_or_teal_data_module"/>
    <testcase time="0.00500000000000966" classname="utils" name="create_app_id_data_accepts_teal_data_or_teal_data_module"/>
    <testcase time="0.00799999999999557" classname="utils" name="create_app_id_modules_accepts_modules"/>
    <testcase time="0.00799999999999557" classname="utils" name="create_app_id_modules_accepts_modules"/>
    <testcase time="0.00800000000000978" classname="utils" name="create_app_id_returns_a_character_string"/>
    <testcase time="0.0149999999999864" classname="utils" name="create_app_id_returns_different_hash_for_different_data"/>
    <testcase time="0.0160000000000053" classname="utils" name="create_app_id_returns_different_hash_for_different_modules"/>
    <testcase time="0.00400000000000489" classname="utils" name="defunction_returns_a_string_when_passed_a_function"/>
    <testcase time="0.00399999999999068" classname="utils" name="defunction_returns_non_function_atomic_as_is"/>
    <testcase time="0.00100000000000477" classname="utils" name="defunction_returns_non_function_atomic_as_is"/>
    <testcase time="0.00199999999999534" classname="utils" name="defunction_returns_non_function_atomic_as_is"/>
    <testcase time="0.00100000000000477" classname="utils" name="defunction_returns_non_function_atomic_as_is"/>
    <testcase time="0.00300000000000011" classname="utils" name="defunction_recursively_goes_down_a_list"/>
  </testsuite>
  <testsuite name="validate_has_data" timestamp="2025-07-04T05:15:45Z" hostname="f7adecda5bda" tests="17" skipped="0" failures="0" errors="0" time="0.09">
    <testcase time="0.007000000000005" classname="validate_has_data" name="validate_has_data_throws_no_error_when_data_has_at_least_as_many_rows_as_min_nrow"/>
    <testcase time="0.00199999999999534" classname="validate_has_data" name="validate_has_data_throws_no_error_when_data_has_at_least_as_many_rows_as_min_nrow"/>
    <testcase time="0.007000000000005" classname="validate_has_data" name="validate_has_data_throws_error_when_min_nrow_rows_of_data"/>
    <testcase time="0.00399999999999068" classname="validate_has_data" name="validate_has_data_accepts_logical_complete_argument"/>
    <testcase time="0.00200000000000955" classname="validate_has_data" name="validate_has_data_accepts_logical_complete_argument"/>
    <testcase time="0.00699999999999079" classname="validate_has_data" name="validate_has_data_throws_error_when_data_has_NA_and_complete_is_set_to_TRUE"/>
    <testcase time="0.00400000000000489" classname="validate_has_data" name="validate_has_data_accepts_logical_allow_inf_argument"/>
    <testcase time="0.00400000000000489" classname="validate_has_data" name="validate_has_data_accepts_logical_allow_inf_argument"/>
    <testcase time="0.00699999999999079" classname="validate_has_data" name="validate_has_data_accepts_throws_error_when_data_has_Inf_values_and_allow_inf_is_set_to_FALSE"/>
    <testcase time="0.007000000000005" classname="validate_has_data" name="validate_has_data_accepts_throws_error_when_data_has_Inf_values_and_allow_inf_is_set_to_FALSE"/>
    <testcase time="0.00499999999999545" classname="validate_has_data" name="validate_has_data_accepts_throws_error_when_data_has_Inf_values_and_allow_inf_is_set_to_FALSE"/>
    <testcase time="0.00400000000000489" classname="validate_has_data" name="validate_has_data_allow_inf_argument_ignores_non_numeric_columns"/>
    <testcase time="0.00400000000000489" classname="validate_has_data" name="validate_has_data_allow_inf_argument_ignores_non_numeric_columns"/>
    <testcase time="0.00699999999999079" classname="validate_has_data" name="validate_has_data_returns_message_when_msg_argument_is_set"/>
    <testcase time="0.007000000000005" classname="validate_has_data" name="validate_has_data_returns_message_msg_argument_is_set_and_complete_is_set_to_TRUE"/>
    <testcase time="0.007000000000005" classname="validate_has_data" name="validate_has_data_returns_throws_error_with_non_character_msg_input"/>
    <testcase time="0.00499999999999545" classname="validate_has_data" name="validate_has_data_returns_throws_error_with_non_character_msg_input"/>
  </testsuite>
  <testsuite name="validate_inputs" timestamp="2025-07-04T05:15:45Z" hostname="f7adecda5bda" tests="36" skipped="0" failures="0" errors="0" time="1.071">
    <testcase time="0.0109999999999957" classname="validate_inputs" name="invalid_arguments_raise_errors"/>
    <testcase time="0.00400000000000489" classname="validate_inputs" name="invalid_arguments_raise_errors"/>
    <testcase time="0.0210000000000008" classname="validate_inputs" name="disabled_validators_raise_warnings_individual_validators_"/>
    <testcase time="0.0159999999999911" classname="validate_inputs" name="disabled_validators_raise_warnings_validator_list_"/>
    <testcase time="0.0170000000000101" classname="validate_inputs" name="disabled_validators_raise_warnings_nested_validator_list_"/>
    <testcase time="0.0749999999999886" classname="validate_inputs" name="valid_inputs_produce_desired_output_individual_validators_"/>
    <testcase time="0.0590000000000117" classname="validate_inputs" name="valid_inputs_produce_desired_output_validator_list_"/>
    <testcase time="0.0809999999999889" classname="validate_inputs" name="valid_inputs_produce_desired_output_nested_validator_list_"/>
    <testcase time="0.0700000000000074" classname="validate_inputs" name="invalid_inputs_raise_errors_in_output_individual_validators_"/>
    <testcase time="0.0619999999999976" classname="validate_inputs" name="invalid_inputs_raise_errors_in_output_individual_validators_"/>
    <testcase time="0.0640000000000072" classname="validate_inputs" name="invalid_inputs_raise_errors_in_output_individual_validators_"/>
    <testcase time="0.0649999999999977" classname="validate_inputs" name="invalid_inputs_raise_errors_in_output_validator_list_"/>
    <testcase time="0.0619999999999976" classname="validate_inputs" name="invalid_inputs_raise_errors_in_output_validator_list_"/>
    <testcase time="0.0630000000000024" classname="validate_inputs" name="invalid_inputs_raise_errors_in_output_validator_list_"/>
    <testcase time="0.063999999999993" classname="validate_inputs" name="invalid_inputs_raise_errors_in_output_nested_validator_list_"/>
    <testcase time="0.0630000000000024" classname="validate_inputs" name="invalid_inputs_raise_errors_in_output_nested_validator_list_"/>
    <testcase time="0.0619999999999976" classname="validate_inputs" name="invalid_inputs_raise_errors_in_output_nested_validator_list_"/>
    <testcase time="0.0840000000000032" classname="validate_inputs" name="error_message_is_formatted_properly"/>
    <testcase time="0.00799999999999557" classname="validate_inputs" name="error_message_is_formatted_properly"/>
    <testcase time="0.007000000000005" classname="validate_inputs" name="error_message_is_formatted_properly"/>
    <testcase time="0.007000000000005" classname="validate_inputs" name="error_message_is_formatted_properly"/>
    <testcase time="0.00699999999999079" classname="validate_inputs" name="error_message_is_formatted_properly"/>
    <testcase time="0.00200000000000955" classname="validate_inputs" name="error_message_is_formatted_properly"/>
    <testcase time="0.00300000000000011" classname="validate_inputs" name="error_message_is_formatted_properly"/>
    <testcase time="0.00199999999999534" classname="validate_inputs" name="error_message_is_formatted_properly"/>
    <testcase time="0.00300000000000011" classname="validate_inputs" name="error_message_is_formatted_properly"/>
    <testcase time="0.00199999999999534" classname="validate_inputs" name="error_message_is_formatted_properly"/>
    <testcase time="0.00200000000000955" classname="validate_inputs" name="error_message_is_formatted_properly"/>
    <testcase time="0.00300000000000011" classname="validate_inputs" name="error_message_is_formatted_properly"/>
    <testcase time="0.00199999999999534" classname="validate_inputs" name="error_message_is_formatted_properly"/>
    <testcase time="0.00199999999999534" classname="validate_inputs" name="error_message_is_formatted_properly"/>
    <testcase time="0.00300000000000011" classname="validate_inputs" name="error_message_is_formatted_properly"/>
    <testcase time="0.00300000000000011" classname="validate_inputs" name="error_message_is_formatted_properly"/>
    <testcase time="0.0630000000000024" classname="validate_inputs" name="different_validation_modes_produce_proper_messages"/>
    <testcase time="0.00499999999999545" classname="validate_inputs" name="different_validation_modes_produce_proper_messages"/>
    <testcase time="0.00400000000000489" classname="validate_inputs" name="different_validation_modes_produce_proper_messages"/>
  </testsuite>
</testsuites>
