<?xml version="1.0" encoding="UTF-8"?>
<coverage line-rate="0.678260869565217" branch-rate="0" lines-covered="702" lines-valid="1035" branches-covered="0" branches-valid="0" complexity="0" version="3.6.1" timestamp="2022-11-18 15:09:22">
  <sources/>
  <packages>
    <package name="teal" line-rate="0.678260869565217" branch-rate="0" complexity="0">
      <classes>
        <class name="dummy_functions.R" filename="R/dummy_functions.R" line-rate="0.175675675675676" branch-rate="0" complexity="0">
          <methods>
            <method name="get_dummy_filter" signature="" line-rate="0" branch-rate="0">
              <lines>
                <line number="12" hits="0" branch="false"/>
                <line number="13" hits="0" branch="false"/>
                <line number="15" hits="0" branch="false"/>
                <line number="16" hits="0" branch="false"/>
                <line number="17" hits="0" branch="false"/>
                <line number="18" hits="0" branch="false"/>
                <line number="19" hits="0" branch="false"/>
                <line number="20" hits="0" branch="false"/>
                <line number="21" hits="0" branch="false"/>
                <line number="22" hits="0" branch="false"/>
                <line number="23" hits="0" branch="false"/>
                <line number="24" hits="0" branch="false"/>
                <line number="25" hits="0" branch="false"/>
                <line number="26" hits="0" branch="false"/>
                <line number="27" hits="0" branch="false"/>
                <line number="28" hits="0" branch="false"/>
                <line number="29" hits="0" branch="false"/>
                <line number="30" hits="0" branch="false"/>
                <line number="31" hits="0" branch="false"/>
                <line number="32" hits="0" branch="false"/>
                <line number="33" hits="0" branch="false"/>
                <line number="34" hits="0" branch="false"/>
                <line number="35" hits="0" branch="false"/>
                <line number="36" hits="0" branch="false"/>
                <line number="37" hits="0" branch="false"/>
                <line number="38" hits="0" branch="false"/>
                <line number="39" hits="0" branch="false"/>
                <line number="40" hits="0" branch="false"/>
                <line number="41" hits="0" branch="false"/>
                <line number="42" hits="0" branch="false"/>
                <line number="43" hits="0" branch="false"/>
                <line number="45" hits="0" branch="false"/>
              </lines>
            </method>
            <method name="get_dummy_cdisc_data" signature="" line-rate="0" branch-rate="0">
              <lines>
                <line number="56" hits="0" branch="false"/>
                <line number="57" hits="0" branch="false"/>
                <line number="58" hits="0" branch="false"/>
                <line number="59" hits="0" branch="false"/>
                <line number="60" hits="0" branch="false"/>
                <line number="61" hits="0" branch="false"/>
                <line number="62" hits="0" branch="false"/>
                <line number="63" hits="0" branch="false"/>
                <line number="64" hits="0" branch="false"/>
                <line number="66" hits="0" branch="false"/>
                <line number="67" hits="0" branch="false"/>
                <line number="68" hits="0" branch="false"/>
                <line number="69" hits="0" branch="false"/>
                <line number="70" hits="0" branch="false"/>
                <line number="72" hits="0" branch="false"/>
                <line number="73" hits="0" branch="false"/>
                <line number="75" hits="0" branch="false"/>
                <line number="76" hits="0" branch="false"/>
                <line number="77" hits="0" branch="false"/>
                <line number="78" hits="0" branch="false"/>
                <line number="79" hits="0" branch="false"/>
                <line number="80" hits="0" branch="false"/>
                <line number="81" hits="0" branch="false"/>
                <line number="82" hits="0" branch="false"/>
                <line number="83" hits="0" branch="false"/>
                <line number="84" hits="0" branch="false"/>
                <line number="85" hits="0" branch="false"/>
              </lines>
            </method>
            <method name="get_dummy_datasets" signature="" line-rate="0" branch-rate="0">
              <lines>
                <line number="94" hits="0" branch="false"/>
                <line number="95" hits="0" branch="false"/>
              </lines>
            </method>
            <method name="get_dummy_modules" signature="" line-rate="1" branch-rate="0">
              <lines>
                <line number="106" hits="2" branch="false"/>
                <line number="107" hits="2" branch="false"/>
                <line number="108" hits="2" branch="false"/>
                <line number="109" hits="2" branch="false"/>
                <line number="110" hits="2" branch="false"/>
                <line number="111" hits="2" branch="false"/>
                <line number="112" hits="2" branch="false"/>
                <line number="113" hits="2" branch="false"/>
                <line number="114" hits="2" branch="false"/>
                <line number="115" hits="2" branch="false"/>
                <line number="116" hits="2" branch="false"/>
                <line number="117" hits="2" branch="false"/>
                <line number="118" hits="2" branch="false"/>
              </lines>
            </method>
          </methods>
          <lines>
            <line number="12" hits="0" branch="false"/>
            <line number="13" hits="0" branch="false"/>
            <line number="15" hits="0" branch="false"/>
            <line number="16" hits="0" branch="false"/>
            <line number="17" hits="0" branch="false"/>
            <line number="18" hits="0" branch="false"/>
            <line number="19" hits="0" branch="false"/>
            <line number="20" hits="0" branch="false"/>
            <line number="21" hits="0" branch="false"/>
            <line number="22" hits="0" branch="false"/>
            <line number="23" hits="0" branch="false"/>
            <line number="24" hits="0" branch="false"/>
            <line number="25" hits="0" branch="false"/>
            <line number="26" hits="0" branch="false"/>
            <line number="27" hits="0" branch="false"/>
            <line number="28" hits="0" branch="false"/>
            <line number="29" hits="0" branch="false"/>
            <line number="30" hits="0" branch="false"/>
            <line number="31" hits="0" branch="false"/>
            <line number="32" hits="0" branch="false"/>
            <line number="33" hits="0" branch="false"/>
            <line number="34" hits="0" branch="false"/>
            <line number="35" hits="0" branch="false"/>
            <line number="36" hits="0" branch="false"/>
            <line number="37" hits="0" branch="false"/>
            <line number="38" hits="0" branch="false"/>
            <line number="39" hits="0" branch="false"/>
            <line number="40" hits="0" branch="false"/>
            <line number="41" hits="0" branch="false"/>
            <line number="42" hits="0" branch="false"/>
            <line number="43" hits="0" branch="false"/>
            <line number="45" hits="0" branch="false"/>
            <line number="56" hits="0" branch="false"/>
            <line number="57" hits="0" branch="false"/>
            <line number="58" hits="0" branch="false"/>
            <line number="59" hits="0" branch="false"/>
            <line number="60" hits="0" branch="false"/>
            <line number="61" hits="0" branch="false"/>
            <line number="62" hits="0" branch="false"/>
            <line number="63" hits="0" branch="false"/>
            <line number="64" hits="0" branch="false"/>
            <line number="66" hits="0" branch="false"/>
            <line number="67" hits="0" branch="false"/>
            <line number="68" hits="0" branch="false"/>
            <line number="69" hits="0" branch="false"/>
            <line number="70" hits="0" branch="false"/>
            <line number="72" hits="0" branch="false"/>
            <line number="73" hits="0" branch="false"/>
            <line number="75" hits="0" branch="false"/>
            <line number="76" hits="0" branch="false"/>
            <line number="77" hits="0" branch="false"/>
            <line number="78" hits="0" branch="false"/>
            <line number="79" hits="0" branch="false"/>
            <line number="80" hits="0" branch="false"/>
            <line number="81" hits="0" branch="false"/>
            <line number="82" hits="0" branch="false"/>
            <line number="83" hits="0" branch="false"/>
            <line number="84" hits="0" branch="false"/>
            <line number="85" hits="0" branch="false"/>
            <line number="94" hits="0" branch="false"/>
            <line number="95" hits="0" branch="false"/>
            <line number="106" hits="2" branch="false"/>
            <line number="107" hits="2" branch="false"/>
            <line number="108" hits="2" branch="false"/>
            <line number="109" hits="2" branch="false"/>
            <line number="110" hits="2" branch="false"/>
            <line number="111" hits="2" branch="false"/>
            <line number="112" hits="2" branch="false"/>
            <line number="113" hits="2" branch="false"/>
            <line number="114" hits="2" branch="false"/>
            <line number="115" hits="2" branch="false"/>
            <line number="116" hits="2" branch="false"/>
            <line number="117" hits="2" branch="false"/>
            <line number="118" hits="2" branch="false"/>
          </lines>
        </class>
        <class name="example_module.R" filename="R/example_module.R" line-rate="0" branch-rate="0" complexity="0">
          <methods>
            <method name="example_module" signature="" line-rate="0" branch-rate="0">
              <lines>
                <line number="19" hits="0" branch="false"/>
                <line number="20" hits="0" branch="false"/>
                <line number="21" hits="0" branch="false"/>
                <line number="22" hits="0" branch="false"/>
                <line number="23" hits="0" branch="false"/>
                <line number="24" hits="0" branch="false"/>
                <line number="25" hits="0" branch="false"/>
                <line number="26" hits="0" branch="false"/>
                <line number="27" hits="0" branch="false"/>
                <line number="28" hits="0" branch="false"/>
                <line number="29" hits="0" branch="false"/>
                <line number="30" hits="0" branch="false"/>
                <line number="31" hits="0" branch="false"/>
                <line number="32" hits="0" branch="false"/>
                <line number="33" hits="0" branch="false"/>
                <line number="34" hits="0" branch="false"/>
                <line number="35" hits="0" branch="false"/>
                <line number="36" hits="0" branch="false"/>
              </lines>
            </method>
          </methods>
          <lines>
            <line number="19" hits="0" branch="false"/>
            <line number="20" hits="0" branch="false"/>
            <line number="21" hits="0" branch="false"/>
            <line number="22" hits="0" branch="false"/>
            <line number="23" hits="0" branch="false"/>
            <line number="24" hits="0" branch="false"/>
            <line number="25" hits="0" branch="false"/>
            <line number="26" hits="0" branch="false"/>
            <line number="27" hits="0" branch="false"/>
            <line number="28" hits="0" branch="false"/>
            <line number="29" hits="0" branch="false"/>
            <line number="30" hits="0" branch="false"/>
            <line number="31" hits="0" branch="false"/>
            <line number="32" hits="0" branch="false"/>
            <line number="33" hits="0" branch="false"/>
            <line number="34" hits="0" branch="false"/>
            <line number="35" hits="0" branch="false"/>
            <line number="36" hits="0" branch="false"/>
          </lines>
        </class>
        <class name="get_rcode_utils.R" filename="R/get_rcode_utils.R" line-rate="0.961538461538462" branch-rate="0" complexity="0">
          <methods>
            <method name="get_rcode_header" signature="" line-rate="1" branch-rate="0">
              <lines>
                <line number="13" hits="11" branch="false"/>
                <line number="14" hits="11" branch="false"/>
                <line number="15" hits="11" branch="false"/>
                <line number="16" hits="11" branch="false"/>
                <line number="17" hits="11" branch="false"/>
                <line number="18" hits="11" branch="false"/>
                <line number="19" hits="11" branch="false"/>
                <line number="20" hits="11" branch="false"/>
                <line number="21" hits="11" branch="false"/>
                <line number="22" hits="11" branch="false"/>
                <line number="23" hits="11" branch="false"/>
                <line number="24" hits="11" branch="false"/>
                <line number="25" hits="11" branch="false"/>
                <line number="26" hits="11" branch="false"/>
                <line number="27" hits="11" branch="false"/>
                <line number="28" hits="11" branch="false"/>
                <line number="29" hits="11" branch="false"/>
                <line number="30" hits="11" branch="false"/>
                <line number="31" hits="11" branch="false"/>
                <line number="32" hits="11" branch="false"/>
              </lines>
            </method>
            <method name="get_rcode_libraries" signature="" line-rate="1" branch-rate="0">
              <lines>
                <line number="42" hits="9" branch="false"/>
                <line number="43" hits="9" branch="false"/>
                <line number="44" hits="9" branch="false"/>
                <line number="45" hits="9" branch="false"/>
                <line number="46" hits="9" branch="false"/>
                <line number="47" hits="9" branch="false"/>
                <line number="48" hits="9" branch="false"/>
                <line number="50" hits="9" branch="false"/>
                <line number="51" hits="9" branch="false"/>
              </lines>
            </method>
            <method name="get_rcode_str_install" signature="" line-rate="1" branch-rate="0">
              <lines>
                <line number="57" hits="13" branch="false"/>
                <line number="59" hits="13" branch="false"/>
                <line number="60" hits="2" branch="false"/>
                <line number="63" hits="11" branch="false"/>
              </lines>
            </method>
            <method name="pad" signature="" line-rate="1" branch-rate="0">
              <lines>
                <line number="76" hits="41" branch="false"/>
                <line number="77" hits="23" branch="false"/>
                <line number="79" hits="18" branch="false"/>
              </lines>
            </method>
            <method name="fold_lines" signature="" line-rate="0.875" branch-rate="0">
              <lines>
                <line number="92" hits="12" branch="false"/>
                <line number="93" hits="12" branch="false"/>
                <line number="94" hits="0" branch="false"/>
                <line number="95" hits="12" branch="false"/>
                <line number="96" hits="12" branch="false"/>
                <line number="97" hits="12" branch="false"/>
                <line number="98" hits="12" branch="false"/>
                <line number="99" hits="0" branch="false"/>
                <line number="100" hits="12" branch="false"/>
                <line number="101" hits="12" branch="false"/>
                <line number="102" hits="12" branch="false"/>
                <line number="103" hits="12" branch="false"/>
                <line number="104" hits="12" branch="false"/>
                <line number="105" hits="12" branch="false"/>
                <line number="106" hits="12" branch="false"/>
                <line number="107" hits="12" branch="false"/>
              </lines>
            </method>
          </methods>
          <lines>
            <line number="13" hits="11" branch="false"/>
            <line number="14" hits="11" branch="false"/>
            <line number="15" hits="11" branch="false"/>
            <line number="16" hits="11" branch="false"/>
            <line number="17" hits="11" branch="false"/>
            <line number="18" hits="11" branch="false"/>
            <line number="19" hits="11" branch="false"/>
            <line number="20" hits="11" branch="false"/>
            <line number="21" hits="11" branch="false"/>
            <line number="22" hits="11" branch="false"/>
            <line number="23" hits="11" branch="false"/>
            <line number="24" hits="11" branch="false"/>
            <line number="25" hits="11" branch="false"/>
            <line number="26" hits="11" branch="false"/>
            <line number="27" hits="11" branch="false"/>
            <line number="28" hits="11" branch="false"/>
            <line number="29" hits="11" branch="false"/>
            <line number="30" hits="11" branch="false"/>
            <line number="31" hits="11" branch="false"/>
            <line number="32" hits="11" branch="false"/>
            <line number="42" hits="9" branch="false"/>
            <line number="43" hits="9" branch="false"/>
            <line number="44" hits="9" branch="false"/>
            <line number="45" hits="9" branch="false"/>
            <line number="46" hits="9" branch="false"/>
            <line number="47" hits="9" branch="false"/>
            <line number="48" hits="9" branch="false"/>
            <line number="50" hits="9" branch="false"/>
            <line number="51" hits="9" branch="false"/>
            <line number="57" hits="13" branch="false"/>
            <line number="59" hits="13" branch="false"/>
            <line number="60" hits="2" branch="false"/>
            <line number="63" hits="11" branch="false"/>
            <line number="76" hits="41" branch="false"/>
            <line number="77" hits="23" branch="false"/>
            <line number="79" hits="18" branch="false"/>
            <line number="92" hits="12" branch="false"/>
            <line number="93" hits="12" branch="false"/>
            <line number="94" hits="0" branch="false"/>
            <line number="95" hits="12" branch="false"/>
            <line number="96" hits="12" branch="false"/>
            <line number="97" hits="12" branch="false"/>
            <line number="98" hits="12" branch="false"/>
            <line number="99" hits="0" branch="false"/>
            <line number="100" hits="12" branch="false"/>
            <line number="101" hits="12" branch="false"/>
            <line number="102" hits="12" branch="false"/>
            <line number="103" hits="12" branch="false"/>
            <line number="104" hits="12" branch="false"/>
            <line number="105" hits="12" branch="false"/>
            <line number="106" hits="12" branch="false"/>
            <line number="107" hits="12" branch="false"/>
          </lines>
        </class>
        <class name="get_rcode.R" filename="R/get_rcode.R" line-rate="0.605839416058394" branch-rate="0" complexity="0">
          <methods>
            <method name="get_rcode" signature="" line-rate="0.944444444444444" branch-rate="0">
              <lines>
                <line number="64" hits="3" branch="false"/>
                <line number="66" hits="3" branch="false"/>
                <line number="67" hits="3" branch="false"/>
                <line number="68" hits="3" branch="false"/>
                <line number="69" hits="3" branch="false"/>
                <line number="70" hits="3" branch="false"/>
                <line number="71" hits="3" branch="false"/>
                <line number="73" hits="3" branch="false"/>
                <line number="74" hits="0" branch="false"/>
                <line number="76" hits="3" branch="false"/>
                <line number="77" hits="3" branch="false"/>
                <line number="78" hits="3" branch="false"/>
                <line number="80" hits="3" branch="false"/>
                <line number="81" hits="0" branch="false"/>
                <line number="84" hits="3" branch="false"/>
                <line number="85" hits="1" branch="false"/>
                <line number="86" hits="0" branch="false"/>
                <line number="88" hits="1" branch="false"/>
                <line number="89" hits="1" branch="false"/>
                <line number="90" hits="1" branch="false"/>
                <line number="91" hits="1" branch="false"/>
                <line number="92" hits="1" branch="false"/>
                <line number="93" hits="1" branch="false"/>
                <line number="95" hits="1" branch="false"/>
                <line number="96" hits="1" branch="false"/>
                <line number="98" hits="2" branch="false"/>
                <line number="99" hits="2" branch="false"/>
                <line number="100" hits="2" branch="false"/>
                <line number="101" hits="2" branch="false"/>
                <line number="103" hits="3" branch="false"/>
                <line number="104" hits="3" branch="false"/>
                <line number="105" hits="3" branch="false"/>
                <line number="106" hits="3" branch="false"/>
                <line number="108" hits="3" branch="false"/>
                <line number="109" hits="3" branch="false"/>
                <line number="110" hits="3" branch="false"/>
                <line number="111" hits="3" branch="false"/>
                <line number="112" hits="3" branch="false"/>
                <line number="113" hits="3" branch="false"/>
                <line number="114" hits="3" branch="false"/>
                <line number="115" hits="3" branch="false"/>
                <line number="116" hits="3" branch="false"/>
                <line number="119" hits="3" branch="false"/>
                <line number="120" hits="3" branch="false"/>
                <line number="121" hits="3" branch="false"/>
                <line number="122" hits="3" branch="false"/>
                <line number="123" hits="3" branch="false"/>
                <line number="124" hits="3" branch="false"/>
                <line number="125" hits="3" branch="false"/>
                <line number="126" hits="3" branch="false"/>
                <line number="127" hits="3" branch="false"/>
                <line number="130" hits="3" branch="false"/>
                <line number="131" hits="3" branch="false"/>
                <line number="132" hits="3" branch="false"/>
              </lines>
            </method>
            <method name="get_datasets_code" signature="" line-rate="1" branch-rate="0">
              <lines>
                <line number="150" hits="9" branch="false"/>
                <line number="151" hits="9" branch="false"/>
                <line number="152" hits="1" branch="false"/>
                <line number="153" hits="8" branch="false"/>
                <line number="154" hits="8" branch="false"/>
                <line number="157" hits="9" branch="false"/>
                <line number="158" hits="6" branch="false"/>
                <line number="159" hits="6" branch="false"/>
                <line number="160" hits="6" branch="false"/>
                <line number="161" hits="6" branch="false"/>
                <line number="162" hits="6" branch="false"/>
                <line number="163" hits="6" branch="false"/>
                <line number="164" hits="6" branch="false"/>
                <line number="165" hits="6" branch="false"/>
                <line number="168" hits="9" branch="false"/>
                <line number="169" hits="9" branch="false"/>
                <line number="170" hits="9" branch="false"/>
                <line number="171" hits="9" branch="false"/>
                <line number="172" hits="9" branch="false"/>
                <line number="173" hits="9" branch="false"/>
                <line number="174" hits="9" branch="false"/>
                <line number="175" hits="9" branch="false"/>
                <line number="176" hits="9" branch="false"/>
                <line number="177" hits="9" branch="false"/>
                <line number="178" hits="9" branch="false"/>
                <line number="179" hits="9" branch="false"/>
                <line number="180" hits="9" branch="false"/>
                <line number="181" hits="9" branch="false"/>
                <line number="182" hits="9" branch="false"/>
                <line number="183" hits="9" branch="false"/>
                <line number="184" hits="9" branch="false"/>
                <line number="186" hits="9" branch="false"/>
              </lines>
            </method>
            <method name="get_rcode_srv" signature="" line-rate="0" branch-rate="0">
              <lines>
                <line number="211" hits="0" branch="false"/>
                <line number="213" hits="0" branch="false"/>
                <line number="214" hits="0" branch="false"/>
                <line number="215" hits="0" branch="false"/>
                <line number="216" hits="0" branch="false"/>
                <line number="217" hits="0" branch="false"/>
                <line number="218" hits="0" branch="false"/>
                <line number="219" hits="0" branch="false"/>
                <line number="221" hits="0" branch="false"/>
                <line number="222" hits="0" branch="false"/>
                <line number="223" hits="0" branch="false"/>
                <line number="224" hits="0" branch="false"/>
                <line number="225" hits="0" branch="false"/>
                <line number="226" hits="0" branch="false"/>
                <line number="227" hits="0" branch="false"/>
                <line number="228" hits="0" branch="false"/>
                <line number="229" hits="0" branch="false"/>
                <line number="230" hits="0" branch="false"/>
                <line number="231" hits="0" branch="false"/>
                <line number="232" hits="0" branch="false"/>
                <line number="233" hits="0" branch="false"/>
                <line number="234" hits="0" branch="false"/>
                <line number="235" hits="0" branch="false"/>
                <line number="236" hits="0" branch="false"/>
                <line number="237" hits="0" branch="false"/>
                <line number="239" hits="0" branch="false"/>
                <line number="240" hits="0" branch="false"/>
                <line number="241" hits="0" branch="false"/>
                <line number="242" hits="0" branch="false"/>
                <line number="244" hits="0" branch="false"/>
                <line number="245" hits="0" branch="false"/>
                <line number="246" hits="0" branch="false"/>
                <line number="247" hits="0" branch="false"/>
                <line number="248" hits="0" branch="false"/>
                <line number="249" hits="0" branch="false"/>
                <line number="250" hits="0" branch="false"/>
                <line number="251" hits="0" branch="false"/>
                <line number="252" hits="0" branch="false"/>
                <line number="253" hits="0" branch="false"/>
              </lines>
            </method>
            <method name="get_rcode_ui" signature="" line-rate="0" branch-rate="0">
              <lines>
                <line number="265" hits="0" branch="false"/>
                <line number="266" hits="0" branch="false"/>
                <line number="267" hits="0" branch="false"/>
                <line number="268" hits="0" branch="false"/>
                <line number="269" hits="0" branch="false"/>
                <line number="270" hits="0" branch="false"/>
                <line number="271" hits="0" branch="false"/>
                <line number="273" hits="0" branch="false"/>
                <line number="274" hits="0" branch="false"/>
                <line number="275" hits="0" branch="false"/>
                <line number="276" hits="0" branch="false"/>
                <line number="277" hits="0" branch="false"/>
              </lines>
            </method>
          </methods>
          <lines>
            <line number="64" hits="3" branch="false"/>
            <line number="66" hits="3" branch="false"/>
            <line number="67" hits="3" branch="false"/>
            <line number="68" hits="3" branch="false"/>
            <line number="69" hits="3" branch="false"/>
            <line number="70" hits="3" branch="false"/>
            <line number="71" hits="3" branch="false"/>
            <line number="73" hits="3" branch="false"/>
            <line number="74" hits="0" branch="false"/>
            <line number="76" hits="3" branch="false"/>
            <line number="77" hits="3" branch="false"/>
            <line number="78" hits="3" branch="false"/>
            <line number="80" hits="3" branch="false"/>
            <line number="81" hits="0" branch="false"/>
            <line number="84" hits="3" branch="false"/>
            <line number="85" hits="1" branch="false"/>
            <line number="86" hits="0" branch="false"/>
            <line number="88" hits="1" branch="false"/>
            <line number="89" hits="1" branch="false"/>
            <line number="90" hits="1" branch="false"/>
            <line number="91" hits="1" branch="false"/>
            <line number="92" hits="1" branch="false"/>
            <line number="93" hits="1" branch="false"/>
            <line number="95" hits="1" branch="false"/>
            <line number="96" hits="1" branch="false"/>
            <line number="98" hits="2" branch="false"/>
            <line number="99" hits="2" branch="false"/>
            <line number="100" hits="2" branch="false"/>
            <line number="101" hits="2" branch="false"/>
            <line number="103" hits="3" branch="false"/>
            <line number="104" hits="3" branch="false"/>
            <line number="105" hits="3" branch="false"/>
            <line number="106" hits="3" branch="false"/>
            <line number="108" hits="3" branch="false"/>
            <line number="109" hits="3" branch="false"/>
            <line number="110" hits="3" branch="false"/>
            <line number="111" hits="3" branch="false"/>
            <line number="112" hits="3" branch="false"/>
            <line number="113" hits="3" branch="false"/>
            <line number="114" hits="3" branch="false"/>
            <line number="115" hits="3" branch="false"/>
            <line number="116" hits="3" branch="false"/>
            <line number="119" hits="3" branch="false"/>
            <line number="120" hits="3" branch="false"/>
            <line number="121" hits="3" branch="false"/>
            <line number="122" hits="3" branch="false"/>
            <line number="123" hits="3" branch="false"/>
            <line number="124" hits="3" branch="false"/>
            <line number="125" hits="3" branch="false"/>
            <line number="126" hits="3" branch="false"/>
            <line number="127" hits="3" branch="false"/>
            <line number="130" hits="3" branch="false"/>
            <line number="131" hits="3" branch="false"/>
            <line number="132" hits="3" branch="false"/>
            <line number="150" hits="9" branch="false"/>
            <line number="151" hits="9" branch="false"/>
            <line number="152" hits="1" branch="false"/>
            <line number="153" hits="8" branch="false"/>
            <line number="154" hits="8" branch="false"/>
            <line number="157" hits="9" branch="false"/>
            <line number="158" hits="6" branch="false"/>
            <line number="159" hits="6" branch="false"/>
            <line number="160" hits="6" branch="false"/>
            <line number="161" hits="6" branch="false"/>
            <line number="162" hits="6" branch="false"/>
            <line number="163" hits="6" branch="false"/>
            <line number="164" hits="6" branch="false"/>
            <line number="165" hits="6" branch="false"/>
            <line number="168" hits="9" branch="false"/>
            <line number="169" hits="9" branch="false"/>
            <line number="170" hits="9" branch="false"/>
            <line number="171" hits="9" branch="false"/>
            <line number="172" hits="9" branch="false"/>
            <line number="173" hits="9" branch="false"/>
            <line number="174" hits="9" branch="false"/>
            <line number="175" hits="9" branch="false"/>
            <line number="176" hits="9" branch="false"/>
            <line number="177" hits="9" branch="false"/>
            <line number="178" hits="9" branch="false"/>
            <line number="179" hits="9" branch="false"/>
            <line number="180" hits="9" branch="false"/>
            <line number="181" hits="9" branch="false"/>
            <line number="182" hits="9" branch="false"/>
            <line number="183" hits="9" branch="false"/>
            <line number="184" hits="9" branch="false"/>
            <line number="186" hits="9" branch="false"/>
            <line number="211" hits="0" branch="false"/>
            <line number="213" hits="0" branch="false"/>
            <line number="214" hits="0" branch="false"/>
            <line number="215" hits="0" branch="false"/>
            <line number="216" hits="0" branch="false"/>
            <line number="217" hits="0" branch="false"/>
            <line number="218" hits="0" branch="false"/>
            <line number="219" hits="0" branch="false"/>
            <line number="221" hits="0" branch="false"/>
            <line number="222" hits="0" branch="false"/>
            <line number="223" hits="0" branch="false"/>
            <line number="224" hits="0" branch="false"/>
            <line number="225" hits="0" branch="false"/>
            <line number="226" hits="0" branch="false"/>
            <line number="227" hits="0" branch="false"/>
            <line number="228" hits="0" branch="false"/>
            <line number="229" hits="0" branch="false"/>
            <line number="230" hits="0" branch="false"/>
            <line number="231" hits="0" branch="false"/>
            <line number="232" hits="0" branch="false"/>
            <line number="233" hits="0" branch="false"/>
            <line number="234" hits="0" branch="false"/>
            <line number="235" hits="0" branch="false"/>
            <line number="236" hits="0" branch="false"/>
            <line number="237" hits="0" branch="false"/>
            <line number="239" hits="0" branch="false"/>
            <line number="240" hits="0" branch="false"/>
            <line number="241" hits="0" branch="false"/>
            <line number="242" hits="0" branch="false"/>
            <line number="244" hits="0" branch="false"/>
            <line number="245" hits="0" branch="false"/>
            <line number="246" hits="0" branch="false"/>
            <line number="247" hits="0" branch="false"/>
            <line number="248" hits="0" branch="false"/>
            <line number="249" hits="0" branch="false"/>
            <line number="250" hits="0" branch="false"/>
            <line number="251" hits="0" branch="false"/>
            <line number="252" hits="0" branch="false"/>
            <line number="253" hits="0" branch="false"/>
            <line number="265" hits="0" branch="false"/>
            <line number="266" hits="0" branch="false"/>
            <line number="267" hits="0" branch="false"/>
            <line number="268" hits="0" branch="false"/>
            <line number="269" hits="0" branch="false"/>
            <line number="270" hits="0" branch="false"/>
            <line number="271" hits="0" branch="false"/>
            <line number="273" hits="0" branch="false"/>
            <line number="274" hits="0" branch="false"/>
            <line number="275" hits="0" branch="false"/>
            <line number="276" hits="0" branch="false"/>
            <line number="277" hits="0" branch="false"/>
          </lines>
        </class>
        <class name="include_css_js.R" filename="R/include_css_js.R" line-rate="1" branch-rate="0" complexity="0">
          <methods>
            <method name="include_css_files" signature="" line-rate="1" branch-rate="0">
              <lines>
                <line number="12" hits="27" branch="false"/>
                <line number="13" hits="27" branch="false"/>
                <line number="14" hits="27" branch="false"/>
                <line number="15" hits="27" branch="false"/>
                <line number="16" hits="27" branch="false"/>
                <line number="17" hits="27" branch="false"/>
                <line number="18" hits="27" branch="false"/>
                <line number="19" hits="27" branch="false"/>
                <line number="20" hits="27" branch="false"/>
              </lines>
            </method>
            <method name="include_js_files" signature="" line-rate="1" branch-rate="0">
              <lines>
                <line number="35" hits="27" branch="false"/>
                <line number="36" hits="27" branch="false"/>
                <line number="37" hits="27" branch="false"/>
                <line number="39" hits="27" branch="false"/>
              </lines>
            </method>
            <method name="run_js_files" signature="" line-rate="1" branch-rate="0">
              <lines>
                <line number="56" hits="6" branch="false"/>
                <line number="57" hits="6" branch="false"/>
                <line number="58" hits="6" branch="false"/>
                <line number="59" hits="6" branch="false"/>
                <line number="60" hits="6" branch="false"/>
              </lines>
            </method>
            <method name="include_teal_css_js" signature="" line-rate="1" branch-rate="0">
              <lines>
                <line number="79" hits="27" branch="false"/>
                <line number="80" hits="27" branch="false"/>
                <line number="81" hits="27" branch="false"/>
                <line number="83" hits="27" branch="false"/>
                <line number="84" hits="27" branch="false"/>
                <line number="85" hits="27" branch="false"/>
              </lines>
            </method>
          </methods>
          <lines>
            <line number="12" hits="27" branch="false"/>
            <line number="13" hits="27" branch="false"/>
            <line number="14" hits="27" branch="false"/>
            <line number="15" hits="27" branch="false"/>
            <line number="16" hits="27" branch="false"/>
            <line number="17" hits="27" branch="false"/>
            <line number="18" hits="27" branch="false"/>
            <line number="19" hits="27" branch="false"/>
            <line number="20" hits="27" branch="false"/>
            <line number="35" hits="27" branch="false"/>
            <line number="36" hits="27" branch="false"/>
            <line number="37" hits="27" branch="false"/>
            <line number="39" hits="27" branch="false"/>
            <line number="56" hits="6" branch="false"/>
            <line number="57" hits="6" branch="false"/>
            <line number="58" hits="6" branch="false"/>
            <line number="59" hits="6" branch="false"/>
            <line number="60" hits="6" branch="false"/>
            <line number="79" hits="27" branch="false"/>
            <line number="80" hits="27" branch="false"/>
            <line number="81" hits="27" branch="false"/>
            <line number="83" hits="27" branch="false"/>
            <line number="84" hits="27" branch="false"/>
            <line number="85" hits="27" branch="false"/>
          </lines>
        </class>
        <class name="init.R" filename="R/init.R" line-rate="0.461538461538462" branch-rate="0" complexity="0">
          <methods>
            <method name="init" signature="" line-rate="0.857142857142857" branch-rate="0">
              <lines>
                <line number="159" hits="32" branch="false"/>
                <line number="160" hits="32" branch="false"/>
                <line number="162" hits="27" branch="false"/>
                <line number="163" hits="27" branch="false"/>
                <line number="164" hits="27" branch="false"/>
                <line number="165" hits="27" branch="false"/>
                <line number="166" hits="27" branch="false"/>
                <line number="167" hits="27" branch="false"/>
                <line number="168" hits="27" branch="false"/>
                <line number="170" hits="27" branch="false"/>
                <line number="172" hits="27" branch="false"/>
                <line number="173" hits="0" branch="false"/>
                <line number="180" hits="27" branch="false"/>
                <line number="181" hits="27" branch="false"/>
                <line number="182" hits="27" branch="false"/>
                <line number="184" hits="0" branch="false"/>
                <line number="185" hits="0" branch="false"/>
                <line number="186" hits="27" branch="false"/>
                <line number="187" hits="27" branch="false"/>
                <line number="188" hits="27" branch="false"/>
                <line number="189" hits="27" branch="false"/>
              </lines>
            </method>
            <method name="bookmarkableShinyApp" signature="" line-rate="0" branch-rate="0">
              <lines>
                <line number="238" hits="0" branch="false"/>
                <line number="239" hits="0" branch="false"/>
                <line number="240" hits="0" branch="false"/>
                <line number="241" hits="0" branch="false"/>
                <line number="242" hits="0" branch="false"/>
                <line number="245" hits="0" branch="false"/>
                <line number="247" hits="0" branch="false"/>
                <line number="249" hits="0" branch="false"/>
                <line number="250" hits="0" branch="false"/>
                <line number="251" hits="0" branch="false"/>
                <line number="252" hits="0" branch="false"/>
                <line number="253" hits="0" branch="false"/>
                <line number="254" hits="0" branch="false"/>
                <line number="255" hits="0" branch="false"/>
                <line number="256" hits="0" branch="false"/>
                <line number="257" hits="0" branch="false"/>
                <line number="258" hits="0" branch="false"/>
                <line number="259" hits="0" branch="false"/>
              </lines>
            </method>
          </methods>
          <lines>
            <line number="159" hits="32" branch="false"/>
            <line number="160" hits="32" branch="false"/>
            <line number="162" hits="27" branch="false"/>
            <line number="163" hits="27" branch="false"/>
            <line number="164" hits="27" branch="false"/>
            <line number="165" hits="27" branch="false"/>
            <line number="166" hits="27" branch="false"/>
            <line number="167" hits="27" branch="false"/>
            <line number="168" hits="27" branch="false"/>
            <line number="170" hits="27" branch="false"/>
            <line number="172" hits="27" branch="false"/>
            <line number="173" hits="0" branch="false"/>
            <line number="180" hits="27" branch="false"/>
            <line number="181" hits="27" branch="false"/>
            <line number="182" hits="27" branch="false"/>
            <line number="184" hits="0" branch="false"/>
            <line number="185" hits="0" branch="false"/>
            <line number="186" hits="27" branch="false"/>
            <line number="187" hits="27" branch="false"/>
            <line number="188" hits="27" branch="false"/>
            <line number="189" hits="27" branch="false"/>
            <line number="238" hits="0" branch="false"/>
            <line number="239" hits="0" branch="false"/>
            <line number="240" hits="0" branch="false"/>
            <line number="241" hits="0" branch="false"/>
            <line number="242" hits="0" branch="false"/>
            <line number="245" hits="0" branch="false"/>
            <line number="247" hits="0" branch="false"/>
            <line number="249" hits="0" branch="false"/>
            <line number="250" hits="0" branch="false"/>
            <line number="251" hits="0" branch="false"/>
            <line number="252" hits="0" branch="false"/>
            <line number="253" hits="0" branch="false"/>
            <line number="254" hits="0" branch="false"/>
            <line number="255" hits="0" branch="false"/>
            <line number="256" hits="0" branch="false"/>
            <line number="257" hits="0" branch="false"/>
            <line number="258" hits="0" branch="false"/>
            <line number="259" hits="0" branch="false"/>
          </lines>
        </class>
        <class name="log_app_usage.R" filename="R/log_app_usage.R" line-rate="0" branch-rate="0" complexity="0">
          <methods>
            <method name="log_app_usage" signature="" line-rate="0" branch-rate="0">
              <lines>
                <line number="34" hits="0" branch="false"/>
                <line number="35" hits="0" branch="false"/>
                <line number="36" hits="0" branch="false"/>
                <line number="37" hits="0" branch="false"/>
                <line number="38" hits="0" branch="false"/>
                <line number="39" hits="0" branch="false"/>
                <line number="42" hits="0" branch="false"/>
                <line number="43" hits="0" branch="false"/>
                <line number="45" hits="0" branch="false"/>
                <line number="49" hits="0" branch="false"/>
                <line number="50" hits="0" branch="false"/>
                <line number="52" hits="0" branch="false"/>
                <line number="55" hits="0" branch="false"/>
                <line number="56" hits="0" branch="false"/>
                <line number="57" hits="0" branch="false"/>
                <line number="61" hits="0" branch="false"/>
                <line number="64" hits="0" branch="false"/>
                <line number="67" hits="0" branch="false"/>
                <line number="68" hits="0" branch="false"/>
              </lines>
            </method>
            <method name="line_usage_log" signature="" line-rate="0" branch-rate="0">
              <lines>
                <line number="79" hits="0" branch="false"/>
                <line number="81" hits="0" branch="false"/>
                <line number="82" hits="0" branch="false"/>
                <line number="85" hits="0" branch="false"/>
                <line number="86" hits="0" branch="false"/>
                <line number="87" hits="0" branch="false"/>
                <line number="88" hits="0" branch="false"/>
                <line number="91" hits="0" branch="false"/>
              </lines>
            </method>
            <method name="line_pkg_log" signature="" line-rate="0" branch-rate="0">
              <lines>
                <line number="108" hits="0" branch="false"/>
                <line number="109" hits="0" branch="false"/>
                <line number="110" hits="0" branch="false"/>
                <line number="111" hits="0" branch="false"/>
                <line number="112" hits="0" branch="false"/>
                <line number="113" hits="0" branch="false"/>
                <line number="114" hits="0" branch="false"/>
                <line number="115" hits="0" branch="false"/>
                <line number="116" hits="0" branch="false"/>
                <line number="117" hits="0" branch="false"/>
                <line number="119" hits="0" branch="false"/>
              </lines>
            </method>
          </methods>
          <lines>
            <line number="34" hits="0" branch="false"/>
            <line number="35" hits="0" branch="false"/>
            <line number="36" hits="0" branch="false"/>
            <line number="37" hits="0" branch="false"/>
            <line number="38" hits="0" branch="false"/>
            <line number="39" hits="0" branch="false"/>
            <line number="42" hits="0" branch="false"/>
            <line number="43" hits="0" branch="false"/>
            <line number="45" hits="0" branch="false"/>
            <line number="49" hits="0" branch="false"/>
            <line number="50" hits="0" branch="false"/>
            <line number="52" hits="0" branch="false"/>
            <line number="55" hits="0" branch="false"/>
            <line number="56" hits="0" branch="false"/>
            <line number="57" hits="0" branch="false"/>
            <line number="61" hits="0" branch="false"/>
            <line number="64" hits="0" branch="false"/>
            <line number="67" hits="0" branch="false"/>
            <line number="68" hits="0" branch="false"/>
            <line number="79" hits="0" branch="false"/>
            <line number="81" hits="0" branch="false"/>
            <line number="82" hits="0" branch="false"/>
            <line number="85" hits="0" branch="false"/>
            <line number="86" hits="0" branch="false"/>
            <line number="87" hits="0" branch="false"/>
            <line number="88" hits="0" branch="false"/>
            <line number="91" hits="0" branch="false"/>
            <line number="108" hits="0" branch="false"/>
            <line number="109" hits="0" branch="false"/>
            <line number="110" hits="0" branch="false"/>
            <line number="111" hits="0" branch="false"/>
            <line number="112" hits="0" branch="false"/>
            <line number="113" hits="0" branch="false"/>
            <line number="114" hits="0" branch="false"/>
            <line number="115" hits="0" branch="false"/>
            <line number="116" hits="0" branch="false"/>
            <line number="117" hits="0" branch="false"/>
            <line number="119" hits="0" branch="false"/>
          </lines>
        </class>
        <class name="logging.R" filename="R/logging.R" line-rate="0" branch-rate="0" complexity="0">
          <methods>
            <method name=".log" signature="" line-rate="0" branch-rate="0">
              <lines>
                <line number="11" hits="0" branch="false"/>
                <line number="12" hits="0" branch="false"/>
                <line number="13" hits="0" branch="false"/>
                <line number="14" hits="0" branch="false"/>
                <line number="15" hits="0" branch="false"/>
                <line number="16" hits="0" branch="false"/>
                <line number="17" hits="0" branch="false"/>
                <line number="19" hits="0" branch="false"/>
                <line number="20" hits="0" branch="false"/>
                <line number="24" hits="0" branch="false"/>
                <line number="26" hits="0" branch="false"/>
                <line number="27" hits="0" branch="false"/>
                <line number="28" hits="0" branch="false"/>
              </lines>
            </method>
          </methods>
          <lines>
            <line number="11" hits="0" branch="false"/>
            <line number="12" hits="0" branch="false"/>
            <line number="13" hits="0" branch="false"/>
            <line number="14" hits="0" branch="false"/>
            <line number="15" hits="0" branch="false"/>
            <line number="16" hits="0" branch="false"/>
            <line number="17" hits="0" branch="false"/>
            <line number="19" hits="0" branch="false"/>
            <line number="20" hits="0" branch="false"/>
            <line number="24" hits="0" branch="false"/>
            <line number="26" hits="0" branch="false"/>
            <line number="27" hits="0" branch="false"/>
            <line number="28" hits="0" branch="false"/>
          </lines>
        </class>
        <class name="module_nested_tabs.R" filename="R/module_nested_tabs.R" line-rate="0.946153846153846" branch-rate="0" complexity="0">
          <methods>
            <method name="ui_nested_tabs" signature="" line-rate="1" branch-rate="0">
              <lines>
                <line number="48" hits="2" branch="false"/>
                <line number="49" hits="2" branch="false"/>
                <line number="50" hits="2" branch="false"/>
              </lines>
            </method>
            <method name="ui_nested_tabs.default" signature="" line-rate="0" branch-rate="0">
              <lines>
                <line number="57" hits="0" branch="false"/>
              </lines>
            </method>
            <method name="ui_nested_tabs.teal_modules" signature="" line-rate="1" branch-rate="0">
              <lines>
                <line number="64" hits="1" branch="false"/>
                <line number="65" hits="1" branch="false"/>
                <line number="66" hits="1" branch="false"/>
                <line number="67" hits="1" branch="false"/>
                <line number="69" hits="1" branch="false"/>
                <line number="70" hits="1" branch="false"/>
                <line number="71" hits="1" branch="false"/>
                <line number="72" hits="1" branch="false"/>
                <line number="73" hits="1" branch="false"/>
                <line number="74" hits="1" branch="false"/>
                <line number="75" hits="1" branch="false"/>
                <line number="76" hits="1" branch="false"/>
                <line number="77" hits="1" branch="false"/>
                <line number="78" hits="1" branch="false"/>
                <line number="79" hits="1" branch="false"/>
                <line number="80" hits="1" branch="false"/>
                <line number="81" hits="1" branch="false"/>
                <line number="82" hits="1" branch="false"/>
                <line number="83" hits="1" branch="false"/>
                <line number="84" hits="1" branch="false"/>
              </lines>
            </method>
            <method name="ui_nested_tabs.teal_module" signature="" line-rate="0.8125" branch-rate="0">
              <lines>
                <line number="91" hits="1" branch="false"/>
                <line number="92" hits="1" branch="false"/>
                <line number="93" hits="1" branch="false"/>
                <line number="95" hits="1" branch="false"/>
                <line number="96" hits="0" branch="false"/>
                <line number="100" hits="1" branch="false"/>
                <line number="101" hits="0" branch="false"/>
                <line number="102" hits="0" branch="false"/>
                <line number="105" hits="1" branch="false"/>
                <line number="106" hits="1" branch="false"/>
                <line number="107" hits="1" branch="false"/>
                <line number="108" hits="1" branch="false"/>
                <line number="109" hits="1" branch="false"/>
                <line number="110" hits="1" branch="false"/>
                <line number="111" hits="1" branch="false"/>
                <line number="112" hits="1" branch="false"/>
              </lines>
            </method>
            <method name="srv_nested_tabs" signature="" line-rate="1" branch-rate="0">
              <lines>
                <line number="139" hits="38" branch="false"/>
                <line number="140" hits="38" branch="false"/>
                <line number="141" hits="37" branch="false"/>
              </lines>
            </method>
            <method name="srv_nested_tabs.default" signature="" line-rate="0" branch-rate="0">
              <lines>
                <line number="148" hits="0" branch="false"/>
              </lines>
            </method>
            <method name="srv_nested_tabs.teal_modules" signature="" line-rate="1" branch-rate="0">
              <lines>
                <line number="155" hits="17" branch="false"/>
                <line number="156" hits="17" branch="false"/>
                <line number="157" hits="17" branch="false"/>
                <line number="158" hits="17" branch="false"/>
                <line number="159" hits="17" branch="false"/>
                <line number="160" hits="17" branch="false"/>
                <line number="161" hits="17" branch="false"/>
                <line number="162" hits="17" branch="false"/>
                <line number="164" hits="17" branch="false"/>
                <line number="165" hits="17" branch="false"/>
                <line number="166" hits="17" branch="false"/>
                <line number="168" hits="15" branch="false"/>
                <line number="169" hits="11" branch="false"/>
                <line number="171" hits="2" branch="false"/>
                <line number="172" hits="15" branch="false"/>
                <line number="174" hits="9" branch="false"/>
                <line number="175" hits="8" branch="false"/>
                <line number="176" hits="15" branch="false"/>
                <line number="177" hits="15" branch="false"/>
                <line number="179" hits="15" branch="false"/>
                <line number="180" hits="17" branch="false"/>
              </lines>
            </method>
            <method name="srv_nested_tabs.teal_module" signature="" line-rate="0.933333333333333" branch-rate="0">
              <lines>
                <line number="187" hits="20" branch="false"/>
                <line number="188" hits="20" branch="false"/>
                <line number="189" hits="20" branch="false"/>
                <line number="190" hits="20" branch="false"/>
                <line number="191" hits="20" branch="false"/>
                <line number="192" hits="20" branch="false"/>
                <line number="193" hits="20" branch="false"/>
                <line number="194" hits="20" branch="false"/>
                <line number="196" hits="20" branch="false"/>
                <line number="197" hits="20" branch="false"/>
                <line number="198" hits="0" branch="false"/>
                <line number="201" hits="20" branch="false"/>
                <line number="202" hits="2" branch="false"/>
                <line number="205" hits="20" branch="false"/>
                <line number="206" hits="2" branch="false"/>
                <line number="207" hits="2" branch="false"/>
                <line number="210" hits="20" branch="false"/>
                <line number="211" hits="1" branch="false"/>
                <line number="212" hits="1" branch="false"/>
                <line number="215" hits="20" branch="false"/>
                <line number="216" hits="1" branch="false"/>
                <line number="217" hits="1" branch="false"/>
                <line number="218" hits="1" branch="false"/>
                <line number="219" hits="1" branch="false"/>
                <line number="224" hits="20" branch="false"/>
                <line number="225" hits="20" branch="false"/>
                <line number="226" hits="20" branch="false"/>
                <line number="227" hits="0" branch="false"/>
                <line number="228" hits="20" branch="false"/>
                <line number="229" hits="18" branch="false"/>
              </lines>
            </method>
            <method name=".datasets_to_data" signature="" line-rate="1" branch-rate="0">
              <lines>
                <line number="247" hits="6" branch="false"/>
                <line number="248" hits="4" branch="false"/>
                <line number="249" hits="6" branch="false"/>
                <line number="250" hits="2" branch="false"/>
                <line number="251" hits="6" branch="false"/>
                <line number="254" hits="6" branch="false"/>
                <line number="255" hits="6" branch="false"/>
                <line number="256" hits="6" branch="false"/>
                <line number="257" hits="6" branch="false"/>
                <line number="258" hits="6" branch="false"/>
                <line number="259" hits="6" branch="false"/>
                <line number="260" hits="6" branch="false"/>
                <line number="262" hits="6" branch="false"/>
                <line number="263" hits="6" branch="false"/>
                <line number="264" hits="6" branch="false"/>
                <line number="266" hits="6" branch="false"/>
                <line number="267" hits="6" branch="false"/>
                <line number="268" hits="6" branch="false"/>
                <line number="269" hits="6" branch="false"/>
                <line number="270" hits="6" branch="false"/>
                <line number="271" hits="6" branch="false"/>
                <line number="272" hits="6" branch="false"/>
                <line number="273" hits="6" branch="false"/>
                <line number="274" hits="6" branch="false"/>
                <line number="275" hits="6" branch="false"/>
                <line number="276" hits="6" branch="false"/>
                <line number="277" hits="6" branch="false"/>
                <line number="278" hits="6" branch="false"/>
              </lines>
            </method>
            <method name="calculate_hashes" signature="" line-rate="1" branch-rate="0">
              <lines>
                <line number="290" hits="11" branch="false"/>
                <line number="291" hits="11" branch="false"/>
                <line number="292" hits="11" branch="false"/>
                <line number="293" hits="11" branch="false"/>
                <line number="294" hits="11" branch="false"/>
                <line number="295" hits="11" branch="false"/>
                <line number="296" hits="11" branch="false"/>
              </lines>
            </method>
          </methods>
          <lines>
            <line number="48" hits="2" branch="false"/>
            <line number="49" hits="2" branch="false"/>
            <line number="50" hits="2" branch="false"/>
            <line number="57" hits="0" branch="false"/>
            <line number="64" hits="1" branch="false"/>
            <line number="65" hits="1" branch="false"/>
            <line number="66" hits="1" branch="false"/>
            <line number="67" hits="1" branch="false"/>
            <line number="69" hits="1" branch="false"/>
            <line number="70" hits="1" branch="false"/>
            <line number="71" hits="1" branch="false"/>
            <line number="72" hits="1" branch="false"/>
            <line number="73" hits="1" branch="false"/>
            <line number="74" hits="1" branch="false"/>
            <line number="75" hits="1" branch="false"/>
            <line number="76" hits="1" branch="false"/>
            <line number="77" hits="1" branch="false"/>
            <line number="78" hits="1" branch="false"/>
            <line number="79" hits="1" branch="false"/>
            <line number="80" hits="1" branch="false"/>
            <line number="81" hits="1" branch="false"/>
            <line number="82" hits="1" branch="false"/>
            <line number="83" hits="1" branch="false"/>
            <line number="84" hits="1" branch="false"/>
            <line number="91" hits="1" branch="false"/>
            <line number="92" hits="1" branch="false"/>
            <line number="93" hits="1" branch="false"/>
            <line number="95" hits="1" branch="false"/>
            <line number="96" hits="0" branch="false"/>
            <line number="100" hits="1" branch="false"/>
            <line number="101" hits="0" branch="false"/>
            <line number="102" hits="0" branch="false"/>
            <line number="105" hits="1" branch="false"/>
            <line number="106" hits="1" branch="false"/>
            <line number="107" hits="1" branch="false"/>
            <line number="108" hits="1" branch="false"/>
            <line number="109" hits="1" branch="false"/>
            <line number="110" hits="1" branch="false"/>
            <line number="111" hits="1" branch="false"/>
            <line number="112" hits="1" branch="false"/>
            <line number="139" hits="38" branch="false"/>
            <line number="140" hits="38" branch="false"/>
            <line number="141" hits="37" branch="false"/>
            <line number="148" hits="0" branch="false"/>
            <line number="155" hits="17" branch="false"/>
            <line number="156" hits="17" branch="false"/>
            <line number="157" hits="17" branch="false"/>
            <line number="158" hits="17" branch="false"/>
            <line number="159" hits="17" branch="false"/>
            <line number="160" hits="17" branch="false"/>
            <line number="161" hits="17" branch="false"/>
            <line number="162" hits="17" branch="false"/>
            <line number="164" hits="17" branch="false"/>
            <line number="165" hits="17" branch="false"/>
            <line number="166" hits="17" branch="false"/>
            <line number="168" hits="15" branch="false"/>
            <line number="169" hits="11" branch="false"/>
            <line number="171" hits="2" branch="false"/>
            <line number="172" hits="15" branch="false"/>
            <line number="174" hits="9" branch="false"/>
            <line number="175" hits="8" branch="false"/>
            <line number="176" hits="15" branch="false"/>
            <line number="177" hits="15" branch="false"/>
            <line number="179" hits="15" branch="false"/>
            <line number="180" hits="17" branch="false"/>
            <line number="187" hits="20" branch="false"/>
            <line number="188" hits="20" branch="false"/>
            <line number="189" hits="20" branch="false"/>
            <line number="190" hits="20" branch="false"/>
            <line number="191" hits="20" branch="false"/>
            <line number="192" hits="20" branch="false"/>
            <line number="193" hits="20" branch="false"/>
            <line number="194" hits="20" branch="false"/>
            <line number="196" hits="20" branch="false"/>
            <line number="197" hits="20" branch="false"/>
            <line number="198" hits="0" branch="false"/>
            <line number="201" hits="20" branch="false"/>
            <line number="202" hits="2" branch="false"/>
            <line number="205" hits="20" branch="false"/>
            <line number="206" hits="2" branch="false"/>
            <line number="207" hits="2" branch="false"/>
            <line number="210" hits="20" branch="false"/>
            <line number="211" hits="1" branch="false"/>
            <line number="212" hits="1" branch="false"/>
            <line number="215" hits="20" branch="false"/>
            <line number="216" hits="1" branch="false"/>
            <line number="217" hits="1" branch="false"/>
            <line number="218" hits="1" branch="false"/>
            <line number="219" hits="1" branch="false"/>
            <line number="224" hits="20" branch="false"/>
            <line number="225" hits="20" branch="false"/>
            <line number="226" hits="20" branch="false"/>
            <line number="227" hits="0" branch="false"/>
            <line number="228" hits="20" branch="false"/>
            <line number="229" hits="18" branch="false"/>
            <line number="247" hits="6" branch="false"/>
            <line number="248" hits="4" branch="false"/>
            <line number="249" hits="6" branch="false"/>
            <line number="250" hits="2" branch="false"/>
            <line number="251" hits="6" branch="false"/>
            <line number="254" hits="6" branch="false"/>
            <line number="255" hits="6" branch="false"/>
            <line number="256" hits="6" branch="false"/>
            <line number="257" hits="6" branch="false"/>
            <line number="258" hits="6" branch="false"/>
            <line number="259" hits="6" branch="false"/>
            <line number="260" hits="6" branch="false"/>
            <line number="262" hits="6" branch="false"/>
            <line number="263" hits="6" branch="false"/>
            <line number="264" hits="6" branch="false"/>
            <line number="266" hits="6" branch="false"/>
            <line number="267" hits="6" branch="false"/>
            <line number="268" hits="6" branch="false"/>
            <line number="269" hits="6" branch="false"/>
            <line number="270" hits="6" branch="false"/>
            <line number="271" hits="6" branch="false"/>
            <line number="272" hits="6" branch="false"/>
            <line number="273" hits="6" branch="false"/>
            <line number="274" hits="6" branch="false"/>
            <line number="275" hits="6" branch="false"/>
            <line number="276" hits="6" branch="false"/>
            <line number="277" hits="6" branch="false"/>
            <line number="278" hits="6" branch="false"/>
            <line number="290" hits="11" branch="false"/>
            <line number="291" hits="11" branch="false"/>
            <line number="292" hits="11" branch="false"/>
            <line number="293" hits="11" branch="false"/>
            <line number="294" hits="11" branch="false"/>
            <line number="295" hits="11" branch="false"/>
            <line number="296" hits="11" branch="false"/>
          </lines>
        </class>
        <class name="module_tabs_with_filters.R" filename="R/module_tabs_with_filters.R" line-rate="0.985294117647059" branch-rate="0" complexity="0">
          <methods>
            <method name="ui_tabs_with_filters" signature="" line-rate="1" branch-rate="0">
              <lines>
                <line number="98" hits="1" branch="false"/>
                <line number="100" hits="1" branch="false"/>
                <line number="101" hits="1" branch="false"/>
                <line number="102" hits="1" branch="false"/>
                <line number="103" hits="1" branch="false"/>
                <line number="107" hits="1" branch="false"/>
                <line number="110" hits="1" branch="false"/>
                <line number="112" hits="1" branch="false"/>
                <line number="113" hits="1" branch="false"/>
                <line number="114" hits="1" branch="false"/>
                <line number="115" hits="1" branch="false"/>
                <line number="116" hits="1" branch="false"/>
                <line number="117" hits="1" branch="false"/>
                <line number="118" hits="1" branch="false"/>
                <line number="119" hits="1" branch="false"/>
                <line number="120" hits="1" branch="false"/>
                <line number="121" hits="1" branch="false"/>
                <line number="123" hits="1" branch="false"/>
                <line number="128" hits="1" branch="false"/>
                <line number="130" hits="1" branch="false"/>
                <line number="131" hits="1" branch="false"/>
                <line number="132" hits="1" branch="false"/>
                <line number="133" hits="1" branch="false"/>
                <line number="134" hits="1" branch="false"/>
                <line number="135" hits="1" branch="false"/>
                <line number="136" hits="1" branch="false"/>
                <line number="137" hits="1" branch="false"/>
                <line number="138" hits="1" branch="false"/>
              </lines>
            </method>
            <method name="srv_tabs_with_filters" signature="" line-rate="0.975" branch-rate="0">
              <lines>
                <line number="151" hits="4" branch="false"/>
                <line number="152" hits="4" branch="false"/>
                <line number="153" hits="3" branch="false"/>
                <line number="154" hits="3" branch="false"/>
                <line number="155" hits="3" branch="false"/>
                <line number="156" hits="3" branch="false"/>
                <line number="159" hits="3" branch="false"/>
                <line number="160" hits="0" branch="false"/>
                <line number="161" hits="3" branch="false"/>
                <line number="163" hits="3" branch="false"/>
                <line number="165" hits="3" branch="false"/>
                <line number="166" hits="3" branch="false"/>
                <line number="167" hits="3" branch="false"/>
                <line number="168" hits="3" branch="false"/>
                <line number="169" hits="3" branch="false"/>
                <line number="170" hits="3" branch="false"/>
                <line number="171" hits="3" branch="false"/>
                <line number="172" hits="3" branch="false"/>
                <line number="173" hits="3" branch="false"/>
                <line number="174" hits="3" branch="false"/>
                <line number="176" hits="3" branch="false"/>
                <line number="179" hits="3" branch="false"/>
                <line number="180" hits="3" branch="false"/>
                <line number="181" hits="3" branch="false"/>
                <line number="182" hits="3" branch="false"/>
                <line number="184" hits="1" branch="false"/>
                <line number="185" hits="3" branch="false"/>
                <line number="187" hits="2" branch="false"/>
                <line number="188" hits="3" branch="false"/>
                <line number="189" hits="3" branch="false"/>
                <line number="190" hits="3" branch="false"/>
                <line number="191" hits="3" branch="false"/>
                <line number="192" hits="3" branch="false"/>
                <line number="194" hits="3" branch="false"/>
                <line number="195" hits="3" branch="false"/>
                <line number="197" hits="3" branch="false"/>
                <line number="198" hits="3" branch="false"/>
                <line number="199" hits="3" branch="false"/>
                <line number="200" hits="3" branch="false"/>
                <line number="201" hits="3" branch="false"/>
              </lines>
            </method>
          </methods>
          <lines>
            <line number="98" hits="1" branch="false"/>
            <line number="100" hits="1" branch="false"/>
            <line number="101" hits="1" branch="false"/>
            <line number="102" hits="1" branch="false"/>
            <line number="103" hits="1" branch="false"/>
            <line number="107" hits="1" branch="false"/>
            <line number="110" hits="1" branch="false"/>
            <line number="112" hits="1" branch="false"/>
            <line number="113" hits="1" branch="false"/>
            <line number="114" hits="1" branch="false"/>
            <line number="115" hits="1" branch="false"/>
            <line number="116" hits="1" branch="false"/>
            <line number="117" hits="1" branch="false"/>
            <line number="118" hits="1" branch="false"/>
            <line number="119" hits="1" branch="false"/>
            <line number="120" hits="1" branch="false"/>
            <line number="121" hits="1" branch="false"/>
            <line number="123" hits="1" branch="false"/>
            <line number="128" hits="1" branch="false"/>
            <line number="130" hits="1" branch="false"/>
            <line number="131" hits="1" branch="false"/>
            <line number="132" hits="1" branch="false"/>
            <line number="133" hits="1" branch="false"/>
            <line number="134" hits="1" branch="false"/>
            <line number="135" hits="1" branch="false"/>
            <line number="136" hits="1" branch="false"/>
            <line number="137" hits="1" branch="false"/>
            <line number="138" hits="1" branch="false"/>
            <line number="151" hits="4" branch="false"/>
            <line number="152" hits="4" branch="false"/>
            <line number="153" hits="3" branch="false"/>
            <line number="154" hits="3" branch="false"/>
            <line number="155" hits="3" branch="false"/>
            <line number="156" hits="3" branch="false"/>
            <line number="159" hits="3" branch="false"/>
            <line number="160" hits="0" branch="false"/>
            <line number="161" hits="3" branch="false"/>
            <line number="163" hits="3" branch="false"/>
            <line number="165" hits="3" branch="false"/>
            <line number="166" hits="3" branch="false"/>
            <line number="167" hits="3" branch="false"/>
            <line number="168" hits="3" branch="false"/>
            <line number="169" hits="3" branch="false"/>
            <line number="170" hits="3" branch="false"/>
            <line number="171" hits="3" branch="false"/>
            <line number="172" hits="3" branch="false"/>
            <line number="173" hits="3" branch="false"/>
            <line number="174" hits="3" branch="false"/>
            <line number="176" hits="3" branch="false"/>
            <line number="179" hits="3" branch="false"/>
            <line number="180" hits="3" branch="false"/>
            <line number="181" hits="3" branch="false"/>
            <line number="182" hits="3" branch="false"/>
            <line number="184" hits="1" branch="false"/>
            <line number="185" hits="3" branch="false"/>
            <line number="187" hits="2" branch="false"/>
            <line number="188" hits="3" branch="false"/>
            <line number="189" hits="3" branch="false"/>
            <line number="190" hits="3" branch="false"/>
            <line number="191" hits="3" branch="false"/>
            <line number="192" hits="3" branch="false"/>
            <line number="194" hits="3" branch="false"/>
            <line number="195" hits="3" branch="false"/>
            <line number="197" hits="3" branch="false"/>
            <line number="198" hits="3" branch="false"/>
            <line number="199" hits="3" branch="false"/>
            <line number="200" hits="3" branch="false"/>
            <line number="201" hits="3" branch="false"/>
          </lines>
        </class>
        <class name="module_teal_with_splash.R" filename="R/module_teal_with_splash.R" line-rate="0.939393939393939" branch-rate="0" complexity="0">
          <methods>
            <method name="ui_teal_with_splash" signature="" line-rate="1" branch-rate="0">
              <lines>
                <line number="25" hits="27" branch="false"/>
                <line number="26" hits="27" branch="false"/>
                <line number="27" hits="27" branch="false"/>
                <line number="33" hits="27" branch="false"/>
                <line number="35" hits="23" branch="false"/>
                <line number="36" hits="27" branch="false"/>
                <line number="37" hits="4" branch="false"/>
                <line number="38" hits="4" branch="false"/>
                <line number="39" hits="27" branch="false"/>
                <line number="41" hits="27" branch="false"/>
              </lines>
            </method>
            <method name="srv_teal_with_splash" signature="" line-rate="0.91304347826087" branch-rate="0">
              <lines>
                <line number="55" hits="4" branch="false"/>
                <line number="56" hits="4" branch="false"/>
                <line number="57" hits="4" branch="false"/>
                <line number="58" hits="4" branch="false"/>
                <line number="59" hits="4" branch="false"/>
                <line number="61" hits="4" branch="false"/>
                <line number="62" hits="0" branch="false"/>
                <line number="63" hits="4" branch="false"/>
                <line number="65" hits="4" branch="false"/>
                <line number="69" hits="4" branch="false"/>
                <line number="70" hits="2" branch="false"/>
                <line number="71" hits="4" branch="false"/>
                <line number="72" hits="2" branch="false"/>
                <line number="73" hits="2" branch="false"/>
                <line number="74" hits="0" branch="false"/>
                <line number="75" hits="4" branch="false"/>
[...]
            <line number="22" hits="0" branch="false"/>
            <line number="23" hits="0" branch="false"/>
            <line number="24" hits="0" branch="false"/>
            <line number="25" hits="0" branch="false"/>
            <line number="26" hits="0" branch="false"/>
            <line number="27" hits="0" branch="false"/>
            <line number="28" hits="0" branch="false"/>
            <line number="29" hits="0" branch="false"/>
            <line number="30" hits="0" branch="false"/>
            <line number="31" hits="0" branch="false"/>
            <line number="32" hits="0" branch="false"/>
            <line number="33" hits="0" branch="false"/>
            <line number="34" hits="0" branch="false"/>
            <line number="35" hits="0" branch="false"/>
            <line number="36" hits="0" branch="false"/>
            <line number="38" hits="0" branch="false"/>
          </lines>
        </class>
        <class name="tdata.R" filename="R/tdata.R" line-rate="0.951219512195122" branch-rate="0" complexity="0">
          <methods>
            <method name="new_tdata" signature="" line-rate="1" branch-rate="0">
              <lines>
                <line number="44" hits="34" branch="false"/>
                <line number="45" hits="34" branch="false"/>
                <line number="46" hits="34" branch="false"/>
                <line number="47" hits="34" branch="false"/>
                <line number="48" hits="34" branch="false"/>
                <line number="49" hits="30" branch="false"/>
                <line number="50" hits="29" branch="false"/>
                <line number="52" hits="28" branch="false"/>
                <line number="53" hits="26" branch="false"/>
                <line number="54" hits="14" branch="false"/>
                <line number="56" hits="25" branch="false"/>
                <line number="57" hits="9" branch="false"/>
                <line number="61" hits="24" branch="false"/>
                <line number="62" hits="43" branch="false"/>
                <line number="63" hits="29" branch="false"/>
                <line number="65" hits="14" branch="false"/>
                <line number="66" hits="14" branch="false"/>
                <line number="67" hits="14" branch="false"/>
                <line number="68" hits="14" branch="false"/>
                <line number="69" hits="14" branch="false"/>
                <line number="70" hits="14" branch="false"/>
                <line number="75" hits="23" branch="false"/>
                <line number="76" hits="23" branch="false"/>
                <line number="77" hits="23" branch="false"/>
                <line number="80" hits="23" branch="false"/>
                <line number="81" hits="23" branch="false"/>
              </lines>
            </method>
            <method name="tdata2env" signature="" line-rate="1" branch-rate="0">
              <lines>
                <line number="100" hits="2" branch="false"/>
                <line number="101" hits="1" branch="false"/>
              </lines>
            </method>
            <method name="get_code.tdata" signature="" line-rate="1" branch-rate="0">
              <lines>
                <line number="110" hits="6" branch="false"/>
              </lines>
            </method>
            <method name="get_code_tdata" signature="" line-rate="1" branch-rate="0">
              <lines>
                <line number="122" hits="4" branch="false"/>
                <line number="123" hits="2" branch="false"/>
              </lines>
            </method>
            <method name="get_join_keys" signature="" line-rate="1" branch-rate="0">
              <lines>
                <line number="132" hits="3" branch="false"/>
              </lines>
            </method>
            <method name="get_join_keys.tdata" signature="" line-rate="1" branch-rate="0">
              <lines>
                <line number="139" hits="3" branch="false"/>
              </lines>
            </method>
            <method name="get_join_keys.default" signature="" line-rate="0" branch-rate="0">
              <lines>
                <line number="146" hits="0" branch="false"/>
              </lines>
            </method>
            <method name="get_metadata" signature="" line-rate="1" branch-rate="0">
              <lines>
                <line number="155" hits="6" branch="false"/>
                <line number="156" hits="6" branch="false"/>
              </lines>
            </method>
            <method name="get_metadata.tdata" signature="" line-rate="1" branch-rate="0">
              <lines>
                <line number="162" hits="6" branch="false"/>
                <line number="163" hits="6" branch="false"/>
                <line number="164" hits="1" branch="false"/>
                <line number="166" hits="5" branch="false"/>
              </lines>
            </method>
            <method name="get_metadata.default" signature="" line-rate="0" branch-rate="0">
              <lines>
                <line number="172" hits="0" branch="false"/>
              </lines>
            </method>
          </methods>
          <lines>
            <line number="44" hits="34" branch="false"/>
            <line number="45" hits="34" branch="false"/>
            <line number="46" hits="34" branch="false"/>
            <line number="47" hits="34" branch="false"/>
            <line number="48" hits="34" branch="false"/>
            <line number="49" hits="30" branch="false"/>
            <line number="50" hits="29" branch="false"/>
            <line number="52" hits="28" branch="false"/>
            <line number="53" hits="26" branch="false"/>
            <line number="54" hits="14" branch="false"/>
            <line number="56" hits="25" branch="false"/>
            <line number="57" hits="9" branch="false"/>
            <line number="61" hits="24" branch="false"/>
            <line number="62" hits="43" branch="false"/>
            <line number="63" hits="29" branch="false"/>
            <line number="65" hits="14" branch="false"/>
            <line number="66" hits="14" branch="false"/>
            <line number="67" hits="14" branch="false"/>
            <line number="68" hits="14" branch="false"/>
            <line number="69" hits="14" branch="false"/>
            <line number="70" hits="14" branch="false"/>
            <line number="75" hits="23" branch="false"/>
            <line number="76" hits="23" branch="false"/>
            <line number="77" hits="23" branch="false"/>
            <line number="80" hits="23" branch="false"/>
            <line number="81" hits="23" branch="false"/>
            <line number="100" hits="2" branch="false"/>
            <line number="101" hits="1" branch="false"/>
            <line number="110" hits="6" branch="false"/>
            <line number="122" hits="4" branch="false"/>
            <line number="123" hits="2" branch="false"/>
            <line number="132" hits="3" branch="false"/>
            <line number="139" hits="3" branch="false"/>
            <line number="146" hits="0" branch="false"/>
            <line number="155" hits="6" branch="false"/>
            <line number="156" hits="6" branch="false"/>
            <line number="162" hits="6" branch="false"/>
            <line number="163" hits="6" branch="false"/>
            <line number="164" hits="1" branch="false"/>
            <line number="166" hits="5" branch="false"/>
            <line number="172" hits="0" branch="false"/>
          </lines>
        </class>
        <class name="utils.R" filename="R/utils.R" line-rate="1" branch-rate="0" complexity="0">
          <methods>
            <method name="get_client_timezone" signature="" line-rate="1" branch-rate="0">
              <lines>
                <line number="15" hits="6" branch="false"/>
                <line number="16" hits="6" branch="false"/>
                <line number="17" hits="6" branch="false"/>
                <line number="18" hits="6" branch="false"/>
                <line number="19" hits="6" branch="false"/>
                <line number="20" hits="6" branch="false"/>
              </lines>
            </method>
            <method name="get_teal_bs_theme" signature="" line-rate="1" branch-rate="0">
              <lines>
                <line number="26" hits="31" branch="false"/>
                <line number="27" hits="31" branch="false"/>
                <line number="28" hits="28" branch="false"/>
                <line number="29" hits="3" branch="false"/>
                <line number="30" hits="2" branch="false"/>
                <line number="31" hits="2" branch="false"/>
                <line number="33" hits="1" branch="false"/>
              </lines>
            </method>
          </methods>
          <lines>
            <line number="15" hits="6" branch="false"/>
            <line number="16" hits="6" branch="false"/>
            <line number="17" hits="6" branch="false"/>
            <line number="18" hits="6" branch="false"/>
            <line number="19" hits="6" branch="false"/>
            <line number="20" hits="6" branch="false"/>
            <line number="26" hits="31" branch="false"/>
            <line number="27" hits="31" branch="false"/>
            <line number="28" hits="28" branch="false"/>
            <line number="29" hits="3" branch="false"/>
            <line number="30" hits="2" branch="false"/>
            <line number="31" hits="2" branch="false"/>
            <line number="33" hits="1" branch="false"/>
          </lines>
        </class>
        <class name="validations.R" filename="R/validations.R" line-rate="0.370967741935484" branch-rate="0" complexity="0">
          <methods>
            <method name="validate_has_data" signature="" line-rate="1" branch-rate="0">
              <lines>
                <line number="41" hits="17" branch="false"/>
                <line number="42" hits="17" branch="false"/>
                <line number="43" hits="17" branch="false"/>
                <line number="44" hits="15" branch="false"/>
                <line number="45" hits="15" branch="false"/>
                <line number="46" hits="15" branch="false"/>
                <line number="47" hits="5" branch="false"/>
                <line number="48" hits="5" branch="false"/>
                <line number="49" hits="5" branch="false"/>
                <line number="50" hits="5" branch="false"/>
                <line number="51" hits="5" branch="false"/>
                <line number="53" hits="10" branch="false"/>
                <line number="54" hits="10" branch="false"/>
                <line number="55" hits="10" branch="false"/>
                <line number="56" hits="10" branch="false"/>
                <line number="57" hits="10" branch="false"/>
                <line number="58" hits="10" branch="false"/>
                <line number="59" hits="10" branch="false"/>
                <line number="62" hits="10" branch="false"/>
                <line number="63" hits="6" branch="false"/>
                <line number="64" hits="6" branch="false"/>
                <line number="65" hits="6" branch="false"/>
                <line number="66" hits="6" branch="false"/>
              </lines>
            </method>
            <method name="validate_one_row_per_id" signature="" line-rate="0" branch-rate="0">
              <lines>
                <line number="103" hits="0" branch="false"/>
              </lines>
            </method>
            <method name="validate_in" signature="" line-rate="0" branch-rate="0">
              <lines>
                <line number="143" hits="0" branch="false"/>
              </lines>
            </method>
            <method name="validate_has_elements" signature="" line-rate="0" branch-rate="0">
              <lines>
                <line number="186" hits="0" branch="false"/>
              </lines>
            </method>
            <method name="validate_no_intersection" signature="" line-rate="0" branch-rate="0">
              <lines>
                <line number="234" hits="0" branch="false"/>
              </lines>
            </method>
            <method name="validate_has_variable" signature="" line-rate="0" branch-rate="0">
              <lines>
                <line number="270" hits="0" branch="false"/>
                <line number="271" hits="0" branch="false"/>
                <line number="272" hits="0" branch="false"/>
                <line number="274" hits="0" branch="false"/>
                <line number="275" hits="0" branch="false"/>
                <line number="276" hits="0" branch="false"/>
                <line number="277" hits="0" branch="false"/>
                <line number="278" hits="0" branch="false"/>
                <line number="279" hits="0" branch="false"/>
                <line number="280" hits="0" branch="false"/>
                <line number="281" hits="0" branch="false"/>
                <line number="283" hits="0" branch="false"/>
              </lines>
            </method>
            <method name="validate_n_levels" signature="" line-rate="0" branch-rate="0">
              <lines>
                <line number="332" hits="0" branch="false"/>
                <line number="333" hits="0" branch="false"/>
                <line number="334" hits="0" branch="false"/>
                <line number="335" hits="0" branch="false"/>
                <line number="336" hits="0" branch="false"/>
                <line number="338" hits="0" branch="false"/>
                <line number="339" hits="0" branch="false"/>
                <line number="340" hits="0" branch="false"/>
                <line number="341" hits="0" branch="false"/>
                <line number="342" hits="0" branch="false"/>
                <line number="343" hits="0" branch="false"/>
                <line number="344" hits="0" branch="false"/>
                <line number="345" hits="0" branch="false"/>
                <line number="346" hits="0" branch="false"/>
                <line number="347" hits="0" branch="false"/>
                <line number="348" hits="0" branch="false"/>
                <line number="349" hits="0" branch="false"/>
                <line number="350" hits="0" branch="false"/>
                <line number="351" hits="0" branch="false"/>
                <line number="352" hits="0" branch="false"/>
                <line number="353" hits="0" branch="false"/>
                <line number="354" hits="0" branch="false"/>
                <line number="355" hits="0" branch="false"/>
              </lines>
            </method>
          </methods>
          <lines>
            <line number="41" hits="17" branch="false"/>
            <line number="42" hits="17" branch="false"/>
            <line number="43" hits="17" branch="false"/>
            <line number="44" hits="15" branch="false"/>
            <line number="45" hits="15" branch="false"/>
            <line number="46" hits="15" branch="false"/>
            <line number="47" hits="5" branch="false"/>
            <line number="48" hits="5" branch="false"/>
            <line number="49" hits="5" branch="false"/>
            <line number="50" hits="5" branch="false"/>
            <line number="51" hits="5" branch="false"/>
            <line number="53" hits="10" branch="false"/>
            <line number="54" hits="10" branch="false"/>
            <line number="55" hits="10" branch="false"/>
            <line number="56" hits="10" branch="false"/>
            <line number="57" hits="10" branch="false"/>
            <line number="58" hits="10" branch="false"/>
            <line number="59" hits="10" branch="false"/>
            <line number="62" hits="10" branch="false"/>
            <line number="63" hits="6" branch="false"/>
            <line number="64" hits="6" branch="false"/>
            <line number="65" hits="6" branch="false"/>
            <line number="66" hits="6" branch="false"/>
            <line number="103" hits="0" branch="false"/>
            <line number="143" hits="0" branch="false"/>
            <line number="186" hits="0" branch="false"/>
            <line number="234" hits="0" branch="false"/>
            <line number="270" hits="0" branch="false"/>
            <line number="271" hits="0" branch="false"/>
            <line number="272" hits="0" branch="false"/>
            <line number="274" hits="0" branch="false"/>
            <line number="275" hits="0" branch="false"/>
            <line number="276" hits="0" branch="false"/>
            <line number="277" hits="0" branch="false"/>
            <line number="278" hits="0" branch="false"/>
            <line number="279" hits="0" branch="false"/>
            <line number="280" hits="0" branch="false"/>
            <line number="281" hits="0" branch="false"/>
            <line number="283" hits="0" branch="false"/>
            <line number="332" hits="0" branch="false"/>
            <line number="333" hits="0" branch="false"/>
            <line number="334" hits="0" branch="false"/>
            <line number="335" hits="0" branch="false"/>
            <line number="336" hits="0" branch="false"/>
            <line number="338" hits="0" branch="false"/>
            <line number="339" hits="0" branch="false"/>
            <line number="340" hits="0" branch="false"/>
            <line number="341" hits="0" branch="false"/>
            <line number="342" hits="0" branch="false"/>
            <line number="343" hits="0" branch="false"/>
            <line number="344" hits="0" branch="false"/>
            <line number="345" hits="0" branch="false"/>
            <line number="346" hits="0" branch="false"/>
            <line number="347" hits="0" branch="false"/>
            <line number="348" hits="0" branch="false"/>
            <line number="349" hits="0" branch="false"/>
            <line number="350" hits="0" branch="false"/>
            <line number="351" hits="0" branch="false"/>
            <line number="352" hits="0" branch="false"/>
            <line number="353" hits="0" branch="false"/>
            <line number="354" hits="0" branch="false"/>
            <line number="355" hits="0" branch="false"/>
          </lines>
        </class>
        <class name="zzz.R" filename="R/zzz.R" line-rate="0.363636363636364" branch-rate="0" complexity="0">
          <methods>
            <method name=".onLoad" signature="" line-rate="0" branch-rate="0">
              <lines>
                <line number="3" hits="0" branch="false"/>
                <line number="5" hits="0" branch="false"/>
                <line number="6" hits="0" branch="false"/>
                <line number="7" hits="0" branch="false"/>
                <line number="9" hits="0" branch="false"/>
                <line number="12" hits="0" branch="false"/>
                <line number="14" hits="0" branch="false"/>
              </lines>
            </method>
            <method name=".onAttach" signature="" line-rate="1" branch-rate="0">
              <lines>
                <line number="18" hits="2" branch="false"/>
                <line number="19" hits="2" branch="false"/>
                <line number="22" hits="2" branch="false"/>
                <line number="23" hits="2" branch="false"/>
              </lines>
            </method>
          </methods>
          <lines>
            <line number="3" hits="0" branch="false"/>
            <line number="5" hits="0" branch="false"/>
            <line number="6" hits="0" branch="false"/>
            <line number="7" hits="0" branch="false"/>
            <line number="9" hits="0" branch="false"/>
            <line number="12" hits="0" branch="false"/>
            <line number="14" hits="0" branch="false"/>
            <line number="18" hits="2" branch="false"/>
            <line number="19" hits="2" branch="false"/>
            <line number="22" hits="2" branch="false"/>
            <line number="23" hits="2" branch="false"/>
          </lines>
        </class>
      </classes>
    </package>
  </packages>
</coverage>
