<?xml version="1.0" encoding="UTF-8"?>
<coverage line-rate="0.645360824742268" branch-rate="0" lines-covered="626" lines-valid="970" branches-covered="0" branches-valid="0" complexity="0" version="3.5.1" timestamp="2022-08-25 13:31:14">
  <sources/>
  <packages>
    <package name="teal" line-rate="0.645360824742268" branch-rate="0" complexity="0">
      <classes>
        <class name="default_filter.R" filename="R/default_filter.R" line-rate="0" branch-rate="0" complexity="0">
          <methods>
            <method name="default_filter" signature="" line-rate="0" branch-rate="0">
              <lines>
                <line number="17" hits="0" branch="false"/>
                <line number="18" hits="0" branch="false"/>
                <line number="19" hits="0" branch="false"/>
                <line number="20" hits="0" branch="false"/>
                <line number="21" hits="0" branch="false"/>
                <line number="22" hits="0" branch="false"/>
              </lines>
            </method>
            <method name="print.default_filter" signature="" line-rate="0" branch-rate="0">
              <lines>
                <line number="27" hits="0" branch="false"/>
              </lines>
            </method>
          </methods>
          <lines>
            <line number="17" hits="0" branch="false"/>
            <line number="18" hits="0" branch="false"/>
            <line number="19" hits="0" branch="false"/>
            <line number="20" hits="0" branch="false"/>
            <line number="21" hits="0" branch="false"/>
            <line number="22" hits="0" branch="false"/>
            <line number="27" hits="0" branch="false"/>
          </lines>
        </class>
        <class name="dummy_functions.R" filename="R/dummy_functions.R" line-rate="0.175675675675676" branch-rate="0" complexity="0">
          <methods>
            <method name="get_dummy_filter" signature="" line-rate="0" branch-rate="0">
              <lines>
                <line number="12" hits="0" branch="false"/>
                <line number="13" hits="0" branch="false"/>
                <line number="15" hits="0" branch="false"/>
                <line number="16" hits="0" branch="false"/>
                <line number="17" hits="0" branch="false"/>
                <line number="18" hits="0" branch="false"/>
                <line number="19" hits="0" branch="false"/>
                <line number="20" hits="0" branch="false"/>
                <line number="21" hits="0" branch="false"/>
                <line number="22" hits="0" branch="false"/>
                <line number="23" hits="0" branch="false"/>
                <line number="24" hits="0" branch="false"/>
                <line number="25" hits="0" branch="false"/>
                <line number="26" hits="0" branch="false"/>
                <line number="27" hits="0" branch="false"/>
                <line number="28" hits="0" branch="false"/>
                <line number="29" hits="0" branch="false"/>
                <line number="30" hits="0" branch="false"/>
                <line number="31" hits="0" branch="false"/>
                <line number="32" hits="0" branch="false"/>
                <line number="33" hits="0" branch="false"/>
                <line number="34" hits="0" branch="false"/>
                <line number="35" hits="0" branch="false"/>
                <line number="36" hits="0" branch="false"/>
                <line number="37" hits="0" branch="false"/>
                <line number="38" hits="0" branch="false"/>
                <line number="39" hits="0" branch="false"/>
                <line number="40" hits="0" branch="false"/>
                <line number="41" hits="0" branch="false"/>
                <line number="42" hits="0" branch="false"/>
                <line number="43" hits="0" branch="false"/>
                <line number="45" hits="0" branch="false"/>
              </lines>
            </method>
            <method name="get_dummy_cdisc_data" signature="" line-rate="0" branch-rate="0">
              <lines>
                <line number="56" hits="0" branch="false"/>
                <line number="57" hits="0" branch="false"/>
                <line number="58" hits="0" branch="false"/>
                <line number="59" hits="0" branch="false"/>
                <line number="60" hits="0" branch="false"/>
                <line number="61" hits="0" branch="false"/>
                <line number="62" hits="0" branch="false"/>
                <line number="63" hits="0" branch="false"/>
                <line number="64" hits="0" branch="false"/>
                <line number="66" hits="0" branch="false"/>
                <line number="67" hits="0" branch="false"/>
                <line number="68" hits="0" branch="false"/>
                <line number="69" hits="0" branch="false"/>
                <line number="70" hits="0" branch="false"/>
                <line number="72" hits="0" branch="false"/>
                <line number="73" hits="0" branch="false"/>
                <line number="75" hits="0" branch="false"/>
                <line number="76" hits="0" branch="false"/>
                <line number="77" hits="0" branch="false"/>
                <line number="78" hits="0" branch="false"/>
                <line number="79" hits="0" branch="false"/>
                <line number="80" hits="0" branch="false"/>
                <line number="81" hits="0" branch="false"/>
                <line number="82" hits="0" branch="false"/>
                <line number="83" hits="0" branch="false"/>
                <line number="84" hits="0" branch="false"/>
                <line number="85" hits="0" branch="false"/>
              </lines>
            </method>
            <method name="get_dummy_datasets" signature="" line-rate="0" branch-rate="0">
              <lines>
                <line number="94" hits="0" branch="false"/>
                <line number="95" hits="0" branch="false"/>
              </lines>
            </method>
            <method name="get_dummy_modules" signature="" line-rate="1" branch-rate="0">
              <lines>
                <line number="106" hits="2" branch="false"/>
                <line number="107" hits="2" branch="false"/>
                <line number="108" hits="2" branch="false"/>
                <line number="109" hits="2" branch="false"/>
                <line number="110" hits="2" branch="false"/>
                <line number="111" hits="2" branch="false"/>
                <line number="112" hits="2" branch="false"/>
                <line number="113" hits="2" branch="false"/>
                <line number="114" hits="2" branch="false"/>
                <line number="115" hits="2" branch="false"/>
                <line number="116" hits="2" branch="false"/>
                <line number="117" hits="2" branch="false"/>
                <line number="118" hits="2" branch="false"/>
              </lines>
            </method>
          </methods>
          <lines>
            <line number="12" hits="0" branch="false"/>
            <line number="13" hits="0" branch="false"/>
            <line number="15" hits="0" branch="false"/>
            <line number="16" hits="0" branch="false"/>
            <line number="17" hits="0" branch="false"/>
            <line number="18" hits="0" branch="false"/>
            <line number="19" hits="0" branch="false"/>
            <line number="20" hits="0" branch="false"/>
            <line number="21" hits="0" branch="false"/>
            <line number="22" hits="0" branch="false"/>
            <line number="23" hits="0" branch="false"/>
            <line number="24" hits="0" branch="false"/>
            <line number="25" hits="0" branch="false"/>
            <line number="26" hits="0" branch="false"/>
            <line number="27" hits="0" branch="false"/>
            <line number="28" hits="0" branch="false"/>
            <line number="29" hits="0" branch="false"/>
            <line number="30" hits="0" branch="false"/>
            <line number="31" hits="0" branch="false"/>
            <line number="32" hits="0" branch="false"/>
            <line number="33" hits="0" branch="false"/>
            <line number="34" hits="0" branch="false"/>
            <line number="35" hits="0" branch="false"/>
            <line number="36" hits="0" branch="false"/>
            <line number="37" hits="0" branch="false"/>
            <line number="38" hits="0" branch="false"/>
            <line number="39" hits="0" branch="false"/>
            <line number="40" hits="0" branch="false"/>
            <line number="41" hits="0" branch="false"/>
            <line number="42" hits="0" branch="false"/>
            <line number="43" hits="0" branch="false"/>
            <line number="45" hits="0" branch="false"/>
            <line number="56" hits="0" branch="false"/>
            <line number="57" hits="0" branch="false"/>
            <line number="58" hits="0" branch="false"/>
            <line number="59" hits="0" branch="false"/>
            <line number="60" hits="0" branch="false"/>
            <line number="61" hits="0" branch="false"/>
            <line number="62" hits="0" branch="false"/>
            <line number="63" hits="0" branch="false"/>
            <line number="64" hits="0" branch="false"/>
            <line number="66" hits="0" branch="false"/>
            <line number="67" hits="0" branch="false"/>
            <line number="68" hits="0" branch="false"/>
            <line number="69" hits="0" branch="false"/>
            <line number="70" hits="0" branch="false"/>
            <line number="72" hits="0" branch="false"/>
            <line number="73" hits="0" branch="false"/>
            <line number="75" hits="0" branch="false"/>
            <line number="76" hits="0" branch="false"/>
            <line number="77" hits="0" branch="false"/>
            <line number="78" hits="0" branch="false"/>
            <line number="79" hits="0" branch="false"/>
            <line number="80" hits="0" branch="false"/>
            <line number="81" hits="0" branch="false"/>
            <line number="82" hits="0" branch="false"/>
            <line number="83" hits="0" branch="false"/>
            <line number="84" hits="0" branch="false"/>
            <line number="85" hits="0" branch="false"/>
            <line number="94" hits="0" branch="false"/>
            <line number="95" hits="0" branch="false"/>
            <line number="106" hits="2" branch="false"/>
            <line number="107" hits="2" branch="false"/>
            <line number="108" hits="2" branch="false"/>
            <line number="109" hits="2" branch="false"/>
            <line number="110" hits="2" branch="false"/>
            <line number="111" hits="2" branch="false"/>
            <line number="112" hits="2" branch="false"/>
            <line number="113" hits="2" branch="false"/>
            <line number="114" hits="2" branch="false"/>
            <line number="115" hits="2" branch="false"/>
            <line number="116" hits="2" branch="false"/>
            <line number="117" hits="2" branch="false"/>
            <line number="118" hits="2" branch="false"/>
          </lines>
        </class>
        <class name="example_module.R" filename="R/example_module.R" line-rate="0" branch-rate="0" complexity="0">
          <methods>
            <method name="example_module" signature="" line-rate="0" branch-rate="0">
              <lines>
                <line number="19" hits="0" branch="false"/>
                <line number="20" hits="0" branch="false"/>
                <line number="21" hits="0" branch="false"/>
                <line number="22" hits="0" branch="false"/>
                <line number="23" hits="0" branch="false"/>
                <line number="24" hits="0" branch="false"/>
                <line number="25" hits="0" branch="false"/>
                <line number="26" hits="0" branch="false"/>
                <line number="27" hits="0" branch="false"/>
                <line number="28" hits="0" branch="false"/>
                <line number="29" hits="0" branch="false"/>
                <line number="30" hits="0" branch="false"/>
                <line number="31" hits="0" branch="false"/>
                <line number="32" hits="0" branch="false"/>
                <line number="33" hits="0" branch="false"/>
                <line number="34" hits="0" branch="false"/>
                <line number="35" hits="0" branch="false"/>
              </lines>
            </method>
          </methods>
          <lines>
            <line number="19" hits="0" branch="false"/>
            <line number="20" hits="0" branch="false"/>
            <line number="21" hits="0" branch="false"/>
            <line number="22" hits="0" branch="false"/>
            <line number="23" hits="0" branch="false"/>
            <line number="24" hits="0" branch="false"/>
            <line number="25" hits="0" branch="false"/>
            <line number="26" hits="0" branch="false"/>
            <line number="27" hits="0" branch="false"/>
            <line number="28" hits="0" branch="false"/>
            <line number="29" hits="0" branch="false"/>
            <line number="30" hits="0" branch="false"/>
            <line number="31" hits="0" branch="false"/>
            <line number="32" hits="0" branch="false"/>
            <line number="33" hits="0" branch="false"/>
            <line number="34" hits="0" branch="false"/>
            <line number="35" hits="0" branch="false"/>
          </lines>
        </class>
        <class name="get_rcode_utils.R" filename="R/get_rcode_utils.R" line-rate="0.961538461538462" branch-rate="0" complexity="0">
          <methods>
            <method name="get_rcode_header" signature="" line-rate="1" branch-rate="0">
              <lines>
                <line number="13" hits="11" branch="false"/>
                <line number="14" hits="11" branch="false"/>
                <line number="15" hits="11" branch="false"/>
                <line number="16" hits="11" branch="false"/>
                <line number="17" hits="11" branch="false"/>
                <line number="18" hits="11" branch="false"/>
                <line number="19" hits="11" branch="false"/>
                <line number="20" hits="11" branch="false"/>
                <line number="21" hits="11" branch="false"/>
                <line number="22" hits="11" branch="false"/>
                <line number="23" hits="11" branch="false"/>
                <line number="24" hits="11" branch="false"/>
                <line number="25" hits="11" branch="false"/>
                <line number="26" hits="11" branch="false"/>
                <line number="27" hits="11" branch="false"/>
                <line number="28" hits="11" branch="false"/>
                <line number="29" hits="11" branch="false"/>
                <line number="30" hits="11" branch="false"/>
                <line number="31" hits="11" branch="false"/>
                <line number="32" hits="11" branch="false"/>
              </lines>
            </method>
            <method name="get_rcode_libraries" signature="" line-rate="1" branch-rate="0">
              <lines>
                <line number="42" hits="1" branch="false"/>
                <line number="43" hits="1" branch="false"/>
                <line number="44" hits="1" branch="false"/>
                <line number="45" hits="1" branch="false"/>
                <line number="46" hits="1" branch="false"/>
                <line number="47" hits="1" branch="false"/>
                <line number="48" hits="1" branch="false"/>
                <line number="50" hits="1" branch="false"/>
                <line number="51" hits="1" branch="false"/>
              </lines>
            </method>
            <method name="get_rcode_str_install" signature="" line-rate="1" branch-rate="0">
              <lines>
                <line number="57" hits="6" branch="false"/>
                <line number="59" hits="6" branch="false"/>
                <line number="60" hits="2" branch="false"/>
                <line number="63" hits="4" branch="false"/>
              </lines>
            </method>
            <method name="pad" signature="" line-rate="1" branch-rate="0">
              <lines>
                <line number="76" hits="41" branch="false"/>
                <line number="77" hits="23" branch="false"/>
                <line number="79" hits="18" branch="false"/>
              </lines>
            </method>
            <method name="fold_lines" signature="" line-rate="0.875" branch-rate="0">
              <lines>
                <line number="92" hits="12" branch="false"/>
                <line number="93" hits="12" branch="false"/>
                <line number="94" hits="0" branch="false"/>
                <line number="95" hits="12" branch="false"/>
                <line number="96" hits="12" branch="false"/>
                <line number="97" hits="12" branch="false"/>
                <line number="98" hits="12" branch="false"/>
                <line number="99" hits="0" branch="false"/>
                <line number="100" hits="12" branch="false"/>
                <line number="101" hits="12" branch="false"/>
                <line number="102" hits="12" branch="false"/>
                <line number="103" hits="12" branch="false"/>
                <line number="104" hits="12" branch="false"/>
                <line number="105" hits="12" branch="false"/>
                <line number="106" hits="12" branch="false"/>
                <line number="107" hits="12" branch="false"/>
              </lines>
            </method>
          </methods>
          <lines>
            <line number="13" hits="11" branch="false"/>
            <line number="14" hits="11" branch="false"/>
            <line number="15" hits="11" branch="false"/>
            <line number="16" hits="11" branch="false"/>
            <line number="17" hits="11" branch="false"/>
            <line number="18" hits="11" branch="false"/>
            <line number="19" hits="11" branch="false"/>
            <line number="20" hits="11" branch="false"/>
            <line number="21" hits="11" branch="false"/>
            <line number="22" hits="11" branch="false"/>
            <line number="23" hits="11" branch="false"/>
            <line number="24" hits="11" branch="false"/>
            <line number="25" hits="11" branch="false"/>
            <line number="26" hits="11" branch="false"/>
            <line number="27" hits="11" branch="false"/>
            <line number="28" hits="11" branch="false"/>
            <line number="29" hits="11" branch="false"/>
            <line number="30" hits="11" branch="false"/>
            <line number="31" hits="11" branch="false"/>
            <line number="32" hits="11" branch="false"/>
            <line number="42" hits="1" branch="false"/>
            <line number="43" hits="1" branch="false"/>
            <line number="44" hits="1" branch="false"/>
            <line number="45" hits="1" branch="false"/>
            <line number="46" hits="1" branch="false"/>
            <line number="47" hits="1" branch="false"/>
            <line number="48" hits="1" branch="false"/>
            <line number="50" hits="1" branch="false"/>
            <line number="51" hits="1" branch="false"/>
            <line number="57" hits="6" branch="false"/>
            <line number="59" hits="6" branch="false"/>
            <line number="60" hits="2" branch="false"/>
            <line number="63" hits="4" branch="false"/>
            <line number="76" hits="41" branch="false"/>
            <line number="77" hits="23" branch="false"/>
            <line number="79" hits="18" branch="false"/>
            <line number="92" hits="12" branch="false"/>
            <line number="93" hits="12" branch="false"/>
            <line number="94" hits="0" branch="false"/>
            <line number="95" hits="12" branch="false"/>
            <line number="96" hits="12" branch="false"/>
            <line number="97" hits="12" branch="false"/>
            <line number="98" hits="12" branch="false"/>
            <line number="99" hits="0" branch="false"/>
            <line number="100" hits="12" branch="false"/>
            <line number="101" hits="12" branch="false"/>
            <line number="102" hits="12" branch="false"/>
            <line number="103" hits="12" branch="false"/>
            <line number="104" hits="12" branch="false"/>
            <line number="105" hits="12" branch="false"/>
            <line number="106" hits="12" branch="false"/>
            <line number="107" hits="12" branch="false"/>
          </lines>
        </class>
        <class name="get_rcode.R" filename="R/get_rcode.R" line-rate="0.610687022900763" branch-rate="0" complexity="0">
          <methods>
            <method name="get_rcode" signature="" line-rate="0.936170212765957" branch-rate="0">
              <lines>
                <line number="64" hits="3" branch="false"/>
                <line number="65" hits="3" branch="false"/>
                <line number="66" hits="0" branch="false"/>
                <line number="68" hits="3" branch="false"/>
                <line number="69" hits="3" branch="false"/>
                <line number="70" hits="3" branch="false"/>
                <line number="72" hits="3" branch="false"/>
                <line number="73" hits="0" branch="false"/>
                <line number="76" hits="3" branch="false"/>
                <line number="77" hits="1" branch="false"/>
                <line number="78" hits="0" branch="false"/>
                <line number="80" hits="1" branch="false"/>
                <line number="81" hits="1" branch="false"/>
                <line number="82" hits="1" branch="false"/>
                <line number="83" hits="1" branch="false"/>
                <line number="84" hits="1" branch="false"/>
                <line number="85" hits="1" branch="false"/>
                <line number="86" hits="1" branch="false"/>
                <line number="88" hits="2" branch="false"/>
                <line number="89" hits="2" branch="false"/>
                <line number="90" hits="2" branch="false"/>
                <line number="91" hits="2" branch="false"/>
                <line number="93" hits="3" branch="false"/>
                <line number="94" hits="3" branch="false"/>
                <line number="95" hits="3" branch="false"/>
                <line number="96" hits="3" branch="false"/>
                <line number="98" hits="3" branch="false"/>
                <line number="99" hits="3" branch="false"/>
                <line number="100" hits="3" branch="false"/>
                <line number="101" hits="3" branch="false"/>
                <line number="102" hits="3" branch="false"/>
                <line number="103" hits="3" branch="false"/>
                <line number="104" hits="3" branch="false"/>
                <line number="105" hits="3" branch="false"/>
                <line number="106" hits="3" branch="false"/>
                <line number="109" hits="3" branch="false"/>
                <line number="110" hits="3" branch="false"/>
                <line number="111" hits="3" branch="false"/>
                <line number="112" hits="3" branch="false"/>
                <line number="113" hits="3" branch="false"/>
                <line number="114" hits="3" branch="false"/>
                <line number="115" hits="3" branch="false"/>
                <line number="116" hits="3" branch="false"/>
                <line number="117" hits="3" branch="false"/>
                <line number="120" hits="3" branch="false"/>
                <line number="121" hits="3" branch="false"/>
                <line number="122" hits="3" branch="false"/>
              </lines>
            </method>
            <method name="get_datasets_code" signature="" line-rate="0.765957446808511" branch-rate="0">
              <lines>
                <line number="137" hits="5" branch="false"/>
                <line number="138" hits="5" branch="false"/>
                <line number="139" hits="0" branch="false"/>
                <line number="140" hits="0" branch="false"/>
                <line number="141" hits="0" branch="false"/>
                <line number="142" hits="0" branch="false"/>
                <line number="143" hits="0" branch="false"/>
                <line number="144" hits="0" branch="false"/>
                <line number="145" hits="0" branch="false"/>
                <line number="146" hits="0" branch="false"/>
                <line number="147" hits="0" branch="false"/>
                <line number="148" hits="0" branch="false"/>
                <line number="149" hits="5" branch="false"/>
                <line number="150" hits="5" branch="false"/>
                <line number="152" hits="5" branch="false"/>
                <line number="153" hits="5" branch="false"/>
                <line number="154" hits="5" branch="false"/>
                <line number="155" hits="5" branch="false"/>
                <line number="156" hits="5" branch="false"/>
                <line number="157" hits="5" branch="false"/>
                <line number="158" hits="5" branch="false"/>
                <line number="159" hits="5" branch="false"/>
                <line number="160" hits="5" branch="false"/>
                <line number="161" hits="5" branch="false"/>
                <line number="162" hits="5" branch="false"/>
                <line number="163" hits="5" branch="false"/>
                <line number="166" hits="5" branch="false"/>
                <line number="167" hits="5" branch="false"/>
                <line number="168" hits="5" branch="false"/>
                <line number="169" hits="5" branch="false"/>
                <line number="170" hits="5" branch="false"/>
                <line number="171" hits="5" branch="false"/>
                <line number="172" hits="5" branch="false"/>
                <line number="173" hits="5" branch="false"/>
                <line number="174" hits="5" branch="false"/>
                <line number="175" hits="5" branch="false"/>
                <line number="176" hits="5" branch="false"/>
                <line number="177" hits="5" branch="false"/>
                <line number="178" hits="5" branch="false"/>
                <line number="179" hits="5" branch="false"/>
                <line number="180" hits="5" branch="false"/>
                <line number="181" hits="5" branch="false"/>
                <line number="182" hits="5" branch="false"/>
                <line number="184" hits="5" branch="false"/>
                <line number="185" hits="5" branch="false"/>
                <line number="186" hits="0" branch="false"/>
                <line number="188" hits="5" branch="false"/>
              </lines>
            </method>
            <method name="get_rcode_srv" signature="" line-rate="0" branch-rate="0">
              <lines>
                <line number="212" hits="0" branch="false"/>
                <line number="213" hits="0" branch="false"/>
                <line number="214" hits="0" branch="false"/>
                <line number="215" hits="0" branch="false"/>
                <line number="216" hits="0" branch="false"/>
                <line number="217" hits="0" branch="false"/>
                <line number="218" hits="0" branch="false"/>
                <line number="219" hits="0" branch="false"/>
                <line number="220" hits="0" branch="false"/>
                <line number="221" hits="0" branch="false"/>
                <line number="222" hits="0" branch="false"/>
                <line number="223" hits="0" branch="false"/>
                <line number="224" hits="0" branch="false"/>
                <line number="225" hits="0" branch="false"/>
                <line number="226" hits="0" branch="false"/>
                <line number="227" hits="0" branch="false"/>
                <line number="228" hits="0" branch="false"/>
                <line number="229" hits="0" branch="false"/>
                <line number="231" hits="0" branch="false"/>
                <line number="232" hits="0" branch="false"/>
                <line number="233" hits="0" branch="false"/>
                <line number="234" hits="0" branch="false"/>
                <line number="236" hits="0" branch="false"/>
                <line number="237" hits="0" branch="false"/>
                <line number="238" hits="0" branch="false"/>
                <line number="239" hits="0" branch="false"/>
                <line number="240" hits="0" branch="false"/>
                <line number="241" hits="0" branch="false"/>
                <line number="242" hits="0" branch="false"/>
                <line number="243" hits="0" branch="false"/>
                <line number="244" hits="0" branch="false"/>
                <line number="245" hits="0" branch="false"/>
              </lines>
            </method>
            <method name="get_rcode_ui" signature="" line-rate="0" branch-rate="0">
              <lines>
                <line number="257" hits="0" branch="false"/>
                <line number="258" hits="0" branch="false"/>
                <line number="259" hits="0" branch="false"/>
                <line number="260" hits="0" branch="false"/>
                <line number="261" hits="0" branch="false"/>
              </lines>
            </method>
          </methods>
          <lines>
            <line number="64" hits="3" branch="false"/>
            <line number="65" hits="3" branch="false"/>
            <line number="66" hits="0" branch="false"/>
            <line number="68" hits="3" branch="false"/>
            <line number="69" hits="3" branch="false"/>
            <line number="70" hits="3" branch="false"/>
            <line number="72" hits="3" branch="false"/>
            <line number="73" hits="0" branch="false"/>
            <line number="76" hits="3" branch="false"/>
            <line number="77" hits="1" branch="false"/>
            <line number="78" hits="0" branch="false"/>
            <line number="80" hits="1" branch="false"/>
            <line number="81" hits="1" branch="false"/>
            <line number="82" hits="1" branch="false"/>
            <line number="83" hits="1" branch="false"/>
            <line number="84" hits="1" branch="false"/>
            <line number="85" hits="1" branch="false"/>
            <line number="86" hits="1" branch="false"/>
            <line number="88" hits="2" branch="false"/>
            <line number="89" hits="2" branch="false"/>
            <line number="90" hits="2" branch="false"/>
            <line number="91" hits="2" branch="false"/>
            <line number="93" hits="3" branch="false"/>
            <line number="94" hits="3" branch="false"/>
            <line number="95" hits="3" branch="false"/>
            <line number="96" hits="3" branch="false"/>
            <line number="98" hits="3" branch="false"/>
            <line number="99" hits="3" branch="false"/>
            <line number="100" hits="3" branch="false"/>
            <line number="101" hits="3" branch="false"/>
            <line number="102" hits="3" branch="false"/>
            <line number="103" hits="3" branch="false"/>
            <line number="104" hits="3" branch="false"/>
            <line number="105" hits="3" branch="false"/>
            <line number="106" hits="3" branch="false"/>
            <line number="109" hits="3" branch="false"/>
            <line number="110" hits="3" branch="false"/>
            <line number="111" hits="3" branch="false"/>
            <line number="112" hits="3" branch="false"/>
            <line number="113" hits="3" branch="false"/>
            <line number="114" hits="3" branch="false"/>
            <line number="115" hits="3" branch="false"/>
            <line number="116" hits="3" branch="false"/>
            <line number="117" hits="3" branch="false"/>
            <line number="120" hits="3" branch="false"/>
            <line number="121" hits="3" branch="false"/>
            <line number="122" hits="3" branch="false"/>
            <line number="137" hits="5" branch="false"/>
            <line number="138" hits="5" branch="false"/>
            <line number="139" hits="0" branch="false"/>
            <line number="140" hits="0" branch="false"/>
            <line number="141" hits="0" branch="false"/>
            <line number="142" hits="0" branch="false"/>
            <line number="143" hits="0" branch="false"/>
            <line number="144" hits="0" branch="false"/>
            <line number="145" hits="0" branch="false"/>
            <line number="146" hits="0" branch="false"/>
            <line number="147" hits="0" branch="false"/>
            <line number="148" hits="0" branch="false"/>
            <line number="149" hits="5" branch="false"/>
            <line number="150" hits="5" branch="false"/>
            <line number="152" hits="5" branch="false"/>
            <line number="153" hits="5" branch="false"/>
            <line number="154" hits="5" branch="false"/>
            <line number="155" hits="5" branch="false"/>
            <line number="156" hits="5" branch="false"/>
            <line number="157" hits="5" branch="false"/>
            <line number="158" hits="5" branch="false"/>
            <line number="159" hits="5" branch="false"/>
            <line number="160" hits="5" branch="false"/>
            <line number="161" hits="5" branch="false"/>
            <line number="162" hits="5" branch="false"/>
            <line number="163" hits="5" branch="false"/>
            <line number="166" hits="5" branch="false"/>
            <line number="167" hits="5" branch="false"/>
            <line number="168" hits="5" branch="false"/>
            <line number="169" hits="5" branch="false"/>
            <line number="170" hits="5" branch="false"/>
            <line number="171" hits="5" branch="false"/>
            <line number="172" hits="5" branch="false"/>
            <line number="173" hits="5" branch="false"/>
            <line number="174" hits="5" branch="false"/>
            <line number="175" hits="5" branch="false"/>
            <line number="176" hits="5" branch="false"/>
            <line number="177" hits="5" branch="false"/>
            <line number="178" hits="5" branch="false"/>
            <line number="179" hits="5" branch="false"/>
            <line number="180" hits="5" branch="false"/>
            <line number="181" hits="5" branch="false"/>
            <line number="182" hits="5" branch="false"/>
            <line number="184" hits="5" branch="false"/>
            <line number="185" hits="5" branch="false"/>
            <line number="186" hits="0" branch="false"/>
            <line number="188" hits="5" branch="false"/>
            <line number="212" hits="0" branch="false"/>
            <line number="213" hits="0" branch="false"/>
            <line number="214" hits="0" branch="false"/>
            <line number="215" hits="0" branch="false"/>
            <line number="216" hits="0" branch="false"/>
            <line number="217" hits="0" branch="false"/>
            <line number="218" hits="0" branch="false"/>
            <line number="219" hits="0" branch="false"/>
            <line number="220" hits="0" branch="false"/>
            <line number="221" hits="0" branch="false"/>
            <line number="222" hits="0" branch="false"/>
            <line number="223" hits="0" branch="false"/>
            <line number="224" hits="0" branch="false"/>
            <line number="225" hits="0" branch="false"/>
            <line number="226" hits="0" branch="false"/>
            <line number="227" hits="0" branch="false"/>
            <line number="228" hits="0" branch="false"/>
            <line number="229" hits="0" branch="false"/>
            <line number="231" hits="0" branch="false"/>
            <line number="232" hits="0" branch="false"/>
            <line number="233" hits="0" branch="false"/>
            <line number="234" hits="0" branch="false"/>
            <line number="236" hits="0" branch="false"/>
            <line number="237" hits="0" branch="false"/>
            <line number="238" hits="0" branch="false"/>
            <line number="239" hits="0" branch="false"/>
            <line number="240" hits="0" branch="false"/>
            <line number="241" hits="0" branch="false"/>
            <line number="242" hits="0" branch="false"/>
            <line number="243" hits="0" branch="false"/>
            <line number="244" hits="0" branch="false"/>
            <line number="245" hits="0" branch="false"/>
            <line number="257" hits="0" branch="false"/>
            <line number="258" hits="0" branch="false"/>
            <line number="259" hits="0" branch="false"/>
            <line number="260" hits="0" branch="false"/>
            <line number="261" hits="0" branch="false"/>
          </lines>
        </class>
        <class name="include_css_js.R" filename="R/include_css_js.R" line-rate="1" branch-rate="0" complexity="0">
          <methods>
            <method name="include_css_files" signature="" line-rate="1" branch-rate="0">
              <lines>
                <line number="12" hits="27" branch="false"/>
                <line number="13" hits="27" branch="false"/>
                <line number="14" hits="27" branch="false"/>
                <line number="15" hits="27" branch="false"/>
                <line number="16" hits="27" branch="false"/>
                <line number="17" hits="27" branch="false"/>
                <line number="18" hits="27" branch="false"/>
                <line number="19" hits="27" branch="false"/>
                <line number="20" hits="27" branch="false"/>
              </lines>
            </method>
            <method name="include_js_files" signature="" line-rate="1" branch-rate="0">
              <lines>
                <line number="35" hits="27" branch="false"/>
                <line number="36" hits="27" branch="false"/>
                <line number="37" hits="27" branch="false"/>
                <line number="39" hits="27" branch="false"/>
              </lines>
            </method>
            <method name="run_js_files" signature="" line-rate="1" branch-rate="0">
              <lines>
                <line number="56" hits="6" branch="false"/>
                <line number="57" hits="6" branch="false"/>
                <line number="58" hits="6" branch="false"/>
                <line number="59" hits="6" branch="false"/>
                <line number="60" hits="6" branch="false"/>
              </lines>
            </method>
            <method name="include_teal_css_js" signature="" line-rate="1" branch-rate="0">
              <lines>
                <line number="79" hits="27" branch="false"/>
                <line number="80" hits="27" branch="false"/>
                <line number="81" hits="27" branch="false"/>
                <line number="83" hits="27" branch="false"/>
                <line number="84" hits="27" branch="false"/>
                <line number="85" hits="27" branch="false"/>
              </lines>
            </method>
          </methods>
          <lines>
            <line number="12" hits="27" branch="false"/>
            <line number="13" hits="27" branch="false"/>
            <line number="14" hits="27" branch="false"/>
            <line number="15" hits="27" branch="false"/>
            <line number="16" hits="27" branch="false"/>
            <line number="17" hits="27" branch="false"/>
            <line number="18" hits="27" branch="false"/>
            <line number="19" hits="27" branch="false"/>
            <line number="20" hits="27" branch="false"/>
            <line number="35" hits="27" branch="false"/>
            <line number="36" hits="27" branch="false"/>
            <line number="37" hits="27" branch="false"/>
            <line number="39" hits="27" branch="false"/>
            <line number="56" hits="6" branch="false"/>
            <line number="57" hits="6" branch="false"/>
            <line number="58" hits="6" branch="false"/>
            <line number="59" hits="6" branch="false"/>
            <line number="60" hits="6" branch="false"/>
            <line number="79" hits="27" branch="false"/>
            <line number="80" hits="27" branch="false"/>
            <line number="81" hits="27" branch="false"/>
            <line number="83" hits="27" branch="false"/>
            <line number="84" hits="27" branch="false"/>
            <line number="85" hits="27" branch="false"/>
          </lines>
        </class>
        <class name="init.R" filename="R/init.R" line-rate="0.461538461538462" branch-rate="0" complexity="0">
          <methods>
            <method name="init" signature="" line-rate="0.857142857142857" branch-rate="0">
              <lines>
                <line number="157" hits="32" branch="false"/>
                <line number="158" hits="32" branch="false"/>
                <line number="160" hits="27" branch="false"/>
                <line number="161" hits="27" branch="false"/>
                <line number="162" hits="27" branch="false"/>
                <line number="163" hits="27" branch="false"/>
                <line number="164" hits="27" branch="false"/>
                <line number="165" hits="27" branch="false"/>
                <line number="166" hits="27" branch="false"/>
                <line number="168" hits="27" branch="false"/>
                <line number="170" hits="27" branch="false"/>
                <line number="171" hits="0" branch="false"/>
                <line number="178" hits="27" branch="false"/>
                <line number="179" hits="27" branch="false"/>
                <line number="180" hits="27" branch="false"/>
                <line number="182" hits="0" branch="false"/>
                <line number="183" hits="0" branch="false"/>
                <line number="184" hits="27" branch="false"/>
                <line number="185" hits="27" branch="false"/>
                <line number="186" hits="27" branch="false"/>
                <line number="187" hits="27" branch="false"/>
              </lines>
            </method>
            <method name="bookmarkableShinyApp" signature="" line-rate="0" branch-rate="0">
              <lines>
                <line number="236" hits="0" branch="false"/>
                <line number="237" hits="0" branch="false"/>
                <line number="238" hits="0" branch="false"/>
                <line number="239" hits="0" branch="false"/>
                <line number="240" hits="0" branch="false"/>
                <line number="243" hits="0" branch="false"/>
                <line number="245" hits="0" branch="false"/>
                <line number="247" hits="0" branch="false"/>
                <line number="248" hits="0" branch="false"/>
                <line number="249" hits="0" branch="false"/>
                <line number="250" hits="0" branch="false"/>
                <line number="251" hits="0" branch="false"/>
                <line number="252" hits="0" branch="false"/>
                <line number="253" hits="0" branch="false"/>
                <line number="254" hits="0" branch="false"/>
                <line number="255" hits="0" branch="false"/>
                <line number="256" hits="0" branch="false"/>
                <line number="257" hits="0" branch="false"/>
              </lines>
            </method>
          </methods>
          <lines>
            <line number="157" hits="32" branch="false"/>
            <line number="158" hits="32" branch="false"/>
            <line number="160" hits="27" branch="false"/>
            <line number="161" hits="27" branch="false"/>
            <line number="162" hits="27" branch="false"/>
            <line number="163" hits="27" branch="false"/>
            <line number="164" hits="27" branch="false"/>
            <line number="165" hits="27" branch="false"/>
            <line number="166" hits="27" branch="false"/>
            <line number="168" hits="27" branch="false"/>
            <line number="170" hits="27" branch="false"/>
            <line number="171" hits="0" branch="false"/>
            <line number="178" hits="27" branch="false"/>
            <line number="179" hits="27" branch="false"/>
            <line number="180" hits="27" branch="false"/>
            <line number="182" hits="0" branch="false"/>
            <line number="183" hits="0" branch="false"/>
            <line number="184" hits="27" branch="false"/>
            <line number="185" hits="27" branch="false"/>
            <line number="186" hits="27" branch="false"/>
            <line number="187" hits="27" branch="false"/>
            <line number="236" hits="0" branch="false"/>
            <line number="237" hits="0" branch="false"/>
            <line number="238" hits="0" branch="false"/>
            <line number="239" hits="0" branch="false"/>
            <line number="240" hits="0" branch="false"/>
            <line number="243" hits="0" branch="false"/>
            <line number="245" hits="0" branch="false"/>
            <line number="247" hits="0" branch="false"/>
            <line number="248" hits="0" branch="false"/>
            <line number="249" hits="0" branch="false"/>
            <line number="250" hits="0" branch="false"/>
            <line number="251" hits="0" branch="false"/>
            <line number="252" hits="0" branch="false"/>
            <line number="253" hits="0" branch="false"/>
            <line number="254" hits="0" branch="false"/>
            <line number="255" hits="0" branch="false"/>
            <line number="256" hits="0" branch="false"/>
            <line number="257" hits="0" branch="false"/>
          </lines>
        </class>
        <class name="log_app_usage.R" filename="R/log_app_usage.R" line-rate="0" branch-rate="0" complexity="0">
          <methods>
            <method name="log_app_usage" signature="" line-rate="0" branch-rate="0">
              <lines>
                <line number="34" hits="0" branch="false"/>
                <line number="35" hits="0" branch="false"/>
                <line number="36" hits="0" branch="false"/>
                <line number="37" hits="0" branch="false"/>
                <line number="38" hits="0" branch="false"/>
                <line number="39" hits="0" branch="false"/>
                <line number="42" hits="0" branch="false"/>
                <line number="43" hits="0" branch="false"/>
                <line number="45" hits="0" branch="false"/>
                <line number="49" hits="0" branch="false"/>
                <line number="50" hits="0" branch="false"/>
                <line number="52" hits="0" branch="false"/>
                <line number="55" hits="0" branch="false"/>
                <line number="56" hits="0" branch="false"/>
                <line number="57" hits="0" branch="false"/>
                <line number="61" hits="0" branch="false"/>
                <line number="64" hits="0" branch="false"/>
                <line number="67" hits="0" branch="false"/>
                <line number="68" hits="0" branch="false"/>
              </lines>
            </method>
            <method name="line_usage_log" signature="" line-rate="0" branch-rate="0">
              <lines>
                <line number="79" hits="0" branch="false"/>
                <line number="81" hits="0" branch="false"/>
                <line number="82" hits="0" branch="false"/>
                <line number="85" hits="0" branch="false"/>
                <line number="86" hits="0" branch="false"/>
                <line number="87" hits="0" branch="false"/>
                <line number="88" hits="0" branch="false"/>
                <line number="91" hits="0" branch="false"/>
              </lines>
            </method>
            <method name="line_pkg_log" signature="" line-rate="0" branch-rate="0">
              <lines>
                <line number="108" hits="0" branch="false"/>
                <line number="109" hits="0" branch="false"/>
                <line number="110" hits="0" branch="false"/>
                <line number="111" hits="0" branch="false"/>
                <line number="112" hits="0" branch="false"/>
                <line number="113" hits="0" branch="false"/>
                <line number="114" hits="0" branch="false"/>
                <line number="115" hits="0" branch="false"/>
                <line number="116" hits="0" branch="false"/>
                <line number="117" hits="0" branch="false"/>
                <line number="119" hits="0" branch="false"/>
              </lines>
            </method>
          </methods>
          <lines>
            <line number="34" hits="0" branch="false"/>
            <line number="35" hits="0" branch="false"/>
            <line number="36" hits="0" branch="false"/>
            <line number="37" hits="0" branch="false"/>
            <line number="38" hits="0" branch="false"/>
            <line number="39" hits="0" branch="false"/>
            <line number="42" hits="0" branch="false"/>
            <line number="43" hits="0" branch="false"/>
            <line number="45" hits="0" branch="false"/>
            <line number="49" hits="0" branch="false"/>
            <line number="50" hits="0" branch="false"/>
            <line number="52" hits="0" branch="false"/>
            <line number="55" hits="0" branch="false"/>
            <line number="56" hits="0" branch="false"/>
            <line number="57" hits="0" branch="false"/>
            <line number="61" hits="0" branch="false"/>
            <line number="64" hits="0" branch="false"/>
            <line number="67" hits="0" branch="false"/>
            <line number="68" hits="0" branch="false"/>
            <line number="79" hits="0" branch="false"/>
            <line number="81" hits="0" branch="false"/>
            <line number="82" hits="0" branch="false"/>
            <line number="85" hits="0" branch="false"/>
            <line number="86" hits="0" branch="false"/>
            <line number="87" hits="0" branch="false"/>
            <line number="88" hits="0" branch="false"/>
            <line number="91" hits="0" branch="false"/>
            <line number="108" hits="0" branch="false"/>
            <line number="109" hits="0" branch="false"/>
            <line number="110" hits="0" branch="false"/>
            <line number="111" hits="0" branch="false"/>
            <line number="112" hits="0" branch="false"/>
            <line number="113" hits="0" branch="false"/>
            <line number="114" hits="0" branch="false"/>
            <line number="115" hits="0" branch="false"/>
            <line number="116" hits="0" branch="false"/>
            <line number="117" hits="0" branch="false"/>
            <line number="119" hits="0" branch="false"/>
          </lines>
        </class>
        <class name="logging.R" filename="R/logging.R" line-rate="0" branch-rate="0" complexity="0">
          <methods>
            <method name=".log" signature="" line-rate="0" branch-rate="0">
              <lines>
                <line number="11" hits="0" branch="false"/>
                <line number="12" hits="0" branch="false"/>
                <line number="13" hits="0" branch="false"/>
                <line number="14" hits="0" branch="false"/>
                <line number="15" hits="0" branch="false"/>
                <line number="16" hits="0" branch="false"/>
                <line number="17" hits="0" branch="false"/>
                <line number="19" hits="0" branch="false"/>
                <line number="20" hits="0" branch="false"/>
                <line number="24" hits="0" branch="false"/>
                <line number="26" hits="0" branch="false"/>
                <line number="27" hits="0" branch="false"/>
                <line number="28" hits="0" branch="false"/>
              </lines>
            </method>
          </methods>
          <lines>
            <line number="11" hits="0" branch="false"/>
            <line number="12" hits="0" branch="false"/>
            <line number="13" hits="0" branch="false"/>
            <line number="14" hits="0" branch="false"/>
            <line number="15" hits="0" branch="false"/>
            <line number="16" hits="0" branch="false"/>
            <line number="17" hits="0" branch="false"/>
            <line number="19" hits="0" branch="false"/>
            <line number="20" hits="0" branch="false"/>
            <line number="24" hits="0" branch="false"/>
            <line number="26" hits="0" branch="false"/>
            <line number="27" hits="0" branch="false"/>
            <line number="28" hits="0" branch="false"/>
          </lines>
        </class>
        <class name="module_nested_tabs.R" filename="R/module_nested_tabs.R" line-rate="0.858407079646018" branch-rate="0" complexity="0">
          <methods>
            <method name="ui_nested_tabs" signature="" line-rate="1" branch-rate="0">
              <lines>
                <line number="48" hits="2" branch="false"/>
                <line number="49" hits="2" branch="false"/>
                <line number="50" hits="2" branch="false"/>
              </lines>
            </method>
            <method name="ui_nested_tabs.default" signature="" line-rate="0" branch-rate="0">
              <lines>
                <line number="57" hits="0" branch="false"/>
              </lines>
            </method>
            <method name="ui_nested_tabs.teal_modules" signature="" line-rate="1" branch-rate="0">
              <lines>
                <line number="64" hits="1" branch="false"/>
                <line number="65" hits="1" branch="false"/>
                <line number="66" hits="1" branch="false"/>
                <line number="67" hits="1" branch="false"/>
                <line number="69" hits="1" branch="false"/>
                <line number="70" hits="1" branch="false"/>
                <line number="71" hits="1" branch="false"/>
                <line number="72" hits="1" branch="false"/>
                <line number="73" hits="1" branch="false"/>
                <line number="74" hits="1" branch="false"/>
                <line number="75" hits="1" branch="false"/>
                <line number="76" hits="1" branch="false"/>
                <line number="77" hits="1" branch="false"/>
                <line number="78" hits="1" branch="false"/>
                <line number="79" hits="1" branch="false"/>
                <line number="80" hits="1" branch="false"/>
                <line number="81" hits="1" branch="false"/>
                <line number="82" hits="1" branch="false"/>
                <line number="83" hits="1" branch="false"/>
                <line number="84" hits="1" branch="false"/>
              </lines>
            </method>
            <method name="ui_nested_tabs.teal_module" signature="" line-rate="0.52" branch-rate="0">
              <lines>
                <line number="91" hits="1" branch="false"/>
                <line number="92" hits="1" branch="false"/>
                <line number="93" hits="1" branch="false"/>
                <line number="95" hits="1" branch="false"/>
                <line number="96" hits="0" branch="false"/>
                <line number="99" hits="1" branch="false"/>
                <line number="100" hits="0" branch="false"/>
                <line number="103" hits="0" branch="false"/>
                <line number="104" hits="0" branch="false"/>
                <line number="105" hits="0" branch="false"/>
                <line number="106" hits="0" branch="false"/>
                <line number="107" hits="0" branch="false"/>
                <line number="108" hits="0" branch="false"/>
                <line number="109" hits="0" branch="false"/>
                <line number="112" hits="0" branch="false"/>
                <line number="115" hits="0" branch="false"/>
                <line number="117" hits="0" branch="false"/>
                <line number="120" hits="1" branch="false"/>
                <line number="121" hits="1" branch="false"/>
                <line number="122" hits="1" branch="false"/>
                <line number="123" hits="1" branch="false"/>
                <line number="124" hits="1" branch="false"/>
                <line number="125" hits="1" branch="false"/>
                <line number="126" hits="1" branch="false"/>
                <line number="127" hits="1" branch="false"/>
              </lines>
            </method>
            <method name="srv_nested_tabs" signature="" line-rate="1" branch-rate="0">
              <lines>
                <line number="154" hits="38" branch="false"/>
                <line number="155" hits="38" branch="false"/>
                <line number="156" hits="37" branch="false"/>
              </lines>
            </method>
            <method name="srv_nested_tabs.default" signature="" line-rate="0" branch-rate="0">
              <lines>
                <line number="163" hits="0" branch="false"/>
              </lines>
            </method>
            <method name="srv_nested_tabs.teal_modules" signature="" line-rate="1" branch-rate="0">
              <lines>
                <line number="170" hits="17" branch="false"/>
                <line number="171" hits="17" branch="false"/>
                <line number="172" hits="17" branch="false"/>
                <line number="173" hits="17" branch="false"/>
                <line number="174" hits="17" branch="false"/>
                <line number="175" hits="17" branch="false"/>
                <line number="176" hits="17" branch="false"/>
                <line number="177" hits="17" branch="false"/>
                <line number="178" hits="17" branch="false"/>
                <line number="179" hits="17" branch="false"/>
                <line number="180" hits="17" branch="false"/>
                <line number="182" hits="15" branch="false"/>
                <line number="183" hits="11" branch="false"/>
                <line number="185" hits="2" branch="false"/>
                <line number="186" hits="15" branch="false"/>
                <line number="188" hits="9" branch="false"/>
                <line number="189" hits="8" branch="false"/>
                <line number="190" hits="15" branch="false"/>
                <line number="191" hits="15" branch="false"/>
                <line number="193" hits="15" branch="false"/>
                <line number="194" hits="17" branch="false"/>
              </lines>
            </method>
            <method name="srv_nested_tabs.teal_module" signature="" line-rate="0.948717948717949" branch-rate="0">
              <lines>
                <line number="201" hits="20" branch="false"/>
                <line number="202" hits="20" branch="false"/>
                <line number="203" hits="20" branch="false"/>
                <line number="204" hits="20" branch="false"/>
                <line number="205" hits="20" branch="false"/>
                <line number="206" hits="20" branch="false"/>
                <line number="207" hits="20" branch="false"/>
                <line number="208" hits="20" branch="false"/>
                <line number="210" hits="20" branch="false"/>
                <line number="211" hits="20" branch="false"/>
                <line number="212" hits="0" branch="false"/>
                <line number="215" hits="20" branch="false"/>
                <line number="216" hits="2" branch="false"/>
                <line number="219" hits="20" branch="false"/>
                <line number="220" hits="2" branch="false"/>
                <line number="223" hits="2" branch="false"/>
                <line number="224" hits="2" branch="false"/>
                <line number="225" hits="2" branch="false"/>
                <line number="226" hits="2" branch="false"/>
                <line number="227" hits="2" branch="false"/>
                <line number="228" hits="2" branch="false"/>
                <line number="229" hits="2" branch="false"/>
                <line number="232" hits="2" branch="false"/>
                <line number="235" hits="2" branch="false"/>
                <line number="237" hits="2" branch="false"/>
                <line number="240" hits="20" branch="false"/>
                <line number="241" hits="1" branch="false"/>
                <line number="242" hits="1" branch="false"/>
                <line number="245" hits="20" branch="false"/>
                <line number="246" hits="1" branch="false"/>
                <line number="247" hits="1" branch="false"/>
                <line number="248" hits="1" branch="false"/>
                <line number="249" hits="1" branch="false"/>
                <line number="254" hits="20" branch="false"/>
                <line number="255" hits="20" branch="false"/>
                <line number="256" hits="20" branch="false"/>
                <line number="257" hits="0" branch="false"/>
                <line number="258" hits="20" branch="false"/>
                <line number="259" hits="18" branch="false"/>
              </lines>
            </method>
          </methods>
          <lines>
            <line number="48" hits="2" branch="false"/>
            <line number="49" hits="2" branch="false"/>
            <line number="50" hits="2" branch="false"/>
            <line number="57" hits="0" branch="false"/>
            <line number="64" hits="1" branch="false"/>
            <line number="65" hits="1" branch="false"/>
            <line number="66" hits="1" branch="false"/>
            <line number="67" hits="1" branch="false"/>
            <line number="69" hits="1" branch="false"/>
            <line number="70" hits="1" branch="false"/>
            <line number="71" hits="1" branch="false"/>
            <line number="72" hits="1" branch="false"/>
            <line number="73" hits="1" branch="false"/>
            <line number="74" hits="1" branch="false"/>
            <line number="75" hits="1" branch="false"/>
            <line number="76" hits="1" branch="false"/>
            <line number="77" hits="1" branch="false"/>
            <line number="78" hits="1" branch="false"/>
            <line number="79" hits="1" branch="false"/>
            <line number="80" hits="1" branch="false"/>
            <line number="81" hits="1" branch="false"/>
            <line number="82" hits="1" branch="false"/>
            <line number="83" hits="1" branch="false"/>
            <line number="84" hits="1" branch="false"/>
            <line number="91" hits="1" branch="false"/>
            <line number="92" hits="1" branch="false"/>
            <line number="93" hits="1" branch="false"/>
            <line number="95" hits="1" branch="false"/>
            <line number="96" hits="0" branch="false"/>
            <line number="99" hits="1" branch="false"/>
            <line number="100" hits="0" branch="false"/>
            <line number="103" hits="0" branch="false"/>
            <line number="104" hits="0" branch="false"/>
            <line number="105" hits="0" branch="false"/>
            <line number="106" hits="0" branch="false"/>
            <line number="107" hits="0" branch="false"/>
            <line number="108" hits="0" branch="false"/>
            <line number="109" hits="0" branch="false"/>
            <line number="112" hits="0" branch="false"/>
            <line number="115" hits="0" branch="false"/>
            <line number="117" hits="0" branch="false"/>
            <line number="120" hits="1" branch="false"/>
            <line number="121" hits="1" branch="false"/>
            <line number="122" hits="1" branch="false"/>
            <line number="123" hits="1" branch="false"/>
            <line number="124" hits="1" branch="false"/>
            <line number="125" hits="1" branch="false"/>
            <line number="126" hits="1" branch="false"/>
            <line number="127" hits="1" branch="false"/>
            <line number="154" hits="38" branch="false"/>
            <line number="155" hits="38" branch="false"/>
            <line number="156" hits="37" branch="false"/>
            <line number="163" hits="0" branch="false"/>
            <line number="170" hits="17" branch="false"/>
            <line number="171" hits="17" branch="false"/>
            <line number="172" hits="17" branch="false"/>
            <line number="173" hits="17" branch="false"/>
            <line number="174" hits="17" branch="false"/>
            <line number="175" hits="17" branch="false"/>
            <line number="176" hits="17" branch="false"/>
            <line number="177" hits="17" branch="false"/>
            <line number="178" hits="17" branch="false"/>
            <line number="179" hits="17" branch="false"/>
            <line number="180" hits="17" branch="false"/>
            <line number="182" hits="15" branch="false"/>
            <line number="183" hits="11" branch="false"/>
            <line number="185" hits="2" branch="false"/>
            <line number="186" hits="15" branch="false"/>
            <line number="188" hits="9" branch="false"/>
            <line number="189" hits="8" branch="false"/>
            <line number="190" hits="15" branch="false"/>
            <line number="191" hits="15" branch="false"/>
            <line number="193" hits="15" branch="false"/>
            <line number="194" hits="17" branch="false"/>
            <line number="201" hits="20" branch="false"/>
            <line number="202" hits="20" branch="false"/>
            <line number="203" hits="20" branch="false"/>
            <line number="204" hits="20" branch="false"/>
            <line number="205" hits="20" branch="false"/>
            <line number="206" hits="20" branch="false"/>
            <line number="207" hits="20" branch="false"/>
            <line number="208" hits="20" branch="false"/>
            <line number="210" hits="20" branch="false"/>
            <line number="211" hits="20" branch="false"/>
            <line number="212" hits="0" branch="false"/>
            <line number="215" hits="20" branch="false"/>
            <line number="216" hits="2" branch="false"/>
            <line number="219" hits="20" branch="false"/>
            <line number="220" hits="2" branch="false"/>
            <line number="223" hits="2" branch="false"/>
            <line number="224" hits="2" branch="false"/>
            <line number="225" hits="2" branch="false"/>
            <line number="226" hits="2" branch="false"/>
            <line number="227" hits="2" branch="false"/>
            <line number="228" hits="2" branch="false"/>
            <line number="229" hits="2" branch="false"/>
            <line number="232" hits="2" branch="false"/>
            <line number="235" hits="2" branch="false"/>
            <line number="237" hits="2" branch="false"/>
            <line number="240" hits="20" branch="false"/>
            <line number="241" hits="1" branch="false"/>
            <line number="242" hits="1" branch="false"/>
            <line number="245" hits="20" branch="false"/>
            <line number="246" hits="1" branch="false"/>
            <line number="247" hits="1" branch="false"/>
            <line number="248" hits="1" branch="false"/>
            <line number="249" hits="1" branch="false"/>
            <line number="254" hits="20" branch="false"/>
            <line number="255" hits="20" branch="false"/>
            <line number="256" hits="20" branch="false"/>
            <line number="257" hits="0" branch="false"/>
            <line number="258" hits="20" branch="false"/>
            <line number="259" hits="18" branch="false"/>
          </lines>
        </class>
        <class name="module_tabs_with_filters.R" filename="R/module_tabs_with_filters.R" line-rate="1" branch-rate="0" complexity="0">
          <methods>
            <method name="ui_tabs_with_filters" signature="" line-rate="1" branch-rate="0">
              <lines>
                <line number="97" hits="1" branch="false"/>
                <line number="99" hits="1" branch="false"/>
                <line number="100" hits="1" branch="false"/>
                <line number="101" hits="1" branch="false"/>
                <line number="102" hits="1" branch="false"/>
                <line number="106" hits="1" branch="false"/>
                <line number="109" hits="1" branch="false"/>
                <line number="111" hits="1" branch="false"/>
                <line number="112" hits="1" branch="false"/>
                <line number="113" hits="1" branch="false"/>
                <line number="114" hits="1" branch="false"/>
                <line number="115" hits="1" branch="false"/>
                <line number="116" hits="1" branch="false"/>
                <line number="117" hits="1" branch="false"/>
                <line number="118" hits="1" branch="false"/>
                <line number="119" hits="1" branch="false"/>
                <line number="120" hits="1" branch="false"/>
                <line number="122" hits="1" branch="false"/>
                <line number="127" hits="1" branch="false"/>
                <line number="129" hits="1" branch="false"/>
                <line number="130" hits="1" branch="false"/>
                <line number="131" hits="1" branch="false"/>
                <line number="132" hits="1" branch="false"/>
                <line number="133" hits="1" branch="false"/>
                <line number="134" hits="1" branch="false"/>
                <line number="135" hits="1" branch="false"/>
                <line number="136" hits="1" branch="false"/>
                <line number="137" hits="1" branch="false"/>
              </lines>
            </method>
            <method name="srv_tabs_with_filters" signature="" line-rate="1" branch-rate="0">
              <lines>
                <line number="150" hits="4" branch="false"/>
                <line number="151" hits="4" branch="false"/>
                <line number="152" hits="3" branch="false"/>
                <line number="153" hits="3" branch="false"/>
                <line number="154" hits="3" branch="false"/>
                <line number="155" hits="3" branch="false"/>
                <line number="156" hits="3" branch="false"/>
                <line number="158" hits="3" branch="false"/>
                <line number="159" hits="3" branch="false"/>
                <line number="160" hits="3" branch="false"/>
                <line number="161" hits="3" branch="false"/>
                <line number="162" hits="3" branch="false"/>
                <line number="163" hits="3" branch="false"/>
                <line number="164" hits="3" branch="false"/>
                <line number="165" hits="3" branch="false"/>
                <line number="166" hits="3" branch="false"/>
                <line number="167" hits="3" branch="false"/>
                <line number="169" hits="3" branch="false"/>
                <line number="172" hits="3" branch="false"/>
                <line number="173" hits="3" branch="false"/>
                <line number="174" hits="3" branch="false"/>
                <line number="175" hits="3" branch="false"/>
                <line number="177" hits="1" branch="false"/>
                <line number="178" hits="3" branch="false"/>
                <line number="180" hits="2" branch="false"/>
                <line number="181" hits="3" branch="false"/>
                <line number="182" hits="3" branch="false"/>
                <line number="183" hits="3" branch="false"/>
                <line number="184" hits="3" branch="false"/>
                <line number="185" hits="3" branch="false"/>
                <line number="187" hits="3" branch="false"/>
                <line number="188" hits="3" branch="false"/>
                <line number="190" hits="3" branch="false"/>
                <line number="191" hits="3" branch="false"/>
                <line number="192" hits="3" branch="false"/>
                <line number="193" hits="3" branch="false"/>
                <line number="194" hits="3" branch="false"/>
              </lines>
            </method>
          </methods>
          <lines>
            <line number="97" hits="1" branch="false"/>
            <line number="99" hits="1" branch="false"/>
            <line number="100" hits="1" branch="false"/>
            <line number="101" hits="1" branch="false"/>
            <line number="102" hits="1" branch="false"/>
            <line number="106" hits="1" branch="false"/>
            <line number="109" hits="1" branch="false"/>
            <line number="111" hits="1" branch="false"/>
            <line number="112" hits="1" branch="false"/>
            <line number="113" hits="1" branch="false"/>
            <line number="114" hits="1" branch="false"/>
            <line number="115" hits="1" branch="false"/>
            <line number="116" hits="1" branch="false"/>
            <line number="117" hits="1" branch="false"/>
            <line number="118" hits="1" branch="false"/>
            <line number="119" hits="1" branch="false"/>
            <line number="120" hits="1" branch="false"/>
            <line number="122" hits="1" branch="false"/>
            <line number="127" hits="1" branch="false"/>
            <line number="129" hits="1" branch="false"/>
            <line number="130" hits="1" branch="false"/>
            <line number="131" hits="1" branch="false"/>
            <line number="132" hits="1" branch="false"/>
            <line number="133" hits="1" branch="false"/>
            <line number="134" hits="1" branch="false"/>
            <line number="135" hits="1" branch="false"/>
            <line number="136" hits="1" branch="false"/>
            <line number="137" hits="1" branch="false"/>
            <line number="150" hits="4" branch="false"/>
            <line number="151" hits="4" branch="false"/>
            <line number="152" hits="3" branch="false"/>
            <line number="153" hits="3" branch="false"/>
            <line number="154" hits="3" branch="false"/>
            <line number="155" hits="3" branch="false"/>
            <line number="156" hits="3" branch="false"/>
            <line number="158" hits="3" branch="false"/>
            <line number="159" hits="3" branch="false"/>
            <line number="160" hits="3" branch="false"/>
            <line number="161" hits="3" branch="false"/>
            <line number="162" hits="3" branch="false"/>
            <line number="163" hits="3" branch="false"/>
            <line number="164" hits="3" branch="false"/>
            <line number="165" hits="3" branch="false"/>
            <line number="166" hits="3" branch="false"/>
            <line number="167" hits="3" branch="false"/>
            <line number="169" hits="3" branch="false"/>
            <line number="172" hits="3" branch="false"/>
            <line number="173" hits="3" branch="false"/>
            <line number="174" hits="3" branch="false"/>
            <line number="175" hits="3" branch="false"/>
            <line number="177" hits="1" branch="false"/>
            <line number="178" hits="3" branch="false"/>
            <line number="180" hits="2" branch="false"/>
            <line number="181" hits="3" branch="false"/>
            <line number="182" hits="3" branch="false"/>
            <line number="183" hits="3" branch="false"/>
            <line number="184" hits="3" branch="false"/>
            <line number="185" hits="3" branch="false"/>
            <line number="187" hits="3" branch="false"/>
            <line number="188" hits="3" branch="false"/>
            <line number="190" hits="3" branch="false"/>
            <line number="191" hits="3" branch="false"/>
            <line number="192" hits="3" branch="false"/>
            <line number="193" hits="3" branch="false"/>
            <line number="194" hits="3" branch="false"/>
          </lines>
        </class>
        <class name="module_teal_with_splash.R" filename="R/module_teal_with_splash.R" line-rate="0.939393939393939" branch-rate="0" complexity="0">
          <methods>
            <method name="ui_teal_with_splash" signature="" line-rate="1" branch-rate="0">
              <lines>
                <line number="25" hits="27" branch="false"/>
                <line number="26" hits="27" branch="false"/>
                <line number="27" hits="27" branch="false"/>
                <line number="33" hits="27" branch="false"/>
                <line number="35" hits="23" branch="false"/>
                <line number="36" hits="27" branch="false"/>
                <line number="37" hits="4" branch="false"/>
                <line number="38" hits="4" branch="false"/>
                <line number="39" hits="27" branch="false"/>
                <line number="41" hits="27" branch="false"/>
              </lines>
            </method>
            <method name="srv_teal_with_splash" signature="" line-rate="0.91304347826087" branch-rate="0">
              <lines>
                <line number="55" hits="4" branch="false"/>
                <line number="56" hits="4" branch="false"/>
                <line number="57" hits="4" branch="false"/>
                <line number="58" hits="4" branch="false"/>
                <line number="59" hits="4" branch="false"/>
                <line number="61" hits="4" branch="false"/>
                <line number="62" hits="0" branch="false"/>
                <line number="63" hits="4" branch="false"/>
                <line number="65" hits="4" branch="false"/>
                <line number="69" hits="4" branch="false"/>
                <line number="70" hits="2" branch="false"/>
                <line number="71" hits="4" branch="false"/>
                <line number="72" hits="2" branch="false"/>
                <line number="73" hits="2" branch="false"/>
                <line number="74" hits="0" branch="false"/>
                <line number="75" hits="4" branch="false"/>
                <line number="76" hits="4" branch="false"/>
                <line number="78" hits="4" branch="false"/>
                <line number="79" hits="4" branch="false"/>
                <line number="80" hits="4" branch="false"/>
                <line number="81" hits="4" branch="false"/>
                <line number="82" hits="4" branch="false"/>
                <line number="83" hits="4" branch="false"/>
              </lines>
            </method>
          </methods>
          <lines>
            <line number="25" hits="27" branch="false"/>
            <line number="26" hits="27" branch="false"/>
            <line number="27" hits="27" branch="false"/>
            <line number="33" hits="27" branch="false"/>
            <line number="35" hits="23" branch="false"/>
            <line number="36" hits="27" branch="false"/>
            <line number="37" hits="4" branch="false"/>
            <line number="38" hits="4" branch="false"/>
            <line number="39" hits="27" branch="false"/>
            <line number="41" hits="27" branch="false"/>
            <line number="55" hits="4" branch="false"/>
            <line number="56" hits="4" branch="false"/>
            <line number="57" hits="4" branch="false"/>
            <line number="58" hits="4" branch="false"/>
            <line number="59" hits="4" branch="false"/>
            <line number="61" hits="4" branch="false"/>
            <line number="62" hits="0" branch="false"/>
            <line number="63" hits="4" branch="false"/>
            <line number="65" hits="4" branch="false"/>
            <line number="69" hits="4" branch="false"/>
            <line number="70" hits="2" branch="false"/>
            <line number="71" hits="4" branch="false"/>
            <line number="72" hits="2" branch="false"/>
            <line number="73" hits="2" branch="false"/>
            <line number="74" hits="0" branch="false"/>
            <line number="75" hits="4" branch="false"/>
            <line number="76" hits="4" branch="false"/>
            <line number="78" hits="4" branch="false"/>
            <line number="79" hits="4" branch="false"/>
            <line number="80" hits="4" branch="false"/>
[...]
            <line number="299" hits="90" branch="false"/>
            <line number="300" hits="90" branch="false"/>
            <line number="301" hits="90" branch="false"/>
            <line number="302" hits="90" branch="false"/>
            <line number="303" hits="90" branch="false"/>
            <line number="304" hits="2" branch="false"/>
            <line number="305" hits="2" branch="false"/>
            <line number="306" hits="2" branch="false"/>
            <line number="307" hits="2" branch="false"/>
            <line number="308" hits="2" branch="false"/>
            <line number="309" hits="2" branch="false"/>
            <line number="310" hits="2" branch="false"/>
            <line number="311" hits="2" branch="false"/>
            <line number="312" hits="2" branch="false"/>
            <line number="313" hits="2" branch="false"/>
            <line number="314" hits="2" branch="false"/>
            <line number="317" hits="88" branch="false"/>
            <line number="318" hits="88" branch="false"/>
            <line number="319" hits="1" branch="false"/>
            <line number="320" hits="1" branch="false"/>
            <line number="321" hits="1" branch="false"/>
            <line number="322" hits="1" branch="false"/>
            <line number="323" hits="1" branch="false"/>
            <line number="326" hits="87" branch="false"/>
            <line number="327" hits="1" branch="false"/>
            <line number="328" hits="1" branch="false"/>
            <line number="329" hits="1" branch="false"/>
            <line number="330" hits="1" branch="false"/>
            <line number="333" hits="86" branch="false"/>
            <line number="334" hits="86" branch="false"/>
            <line number="335" hits="1" branch="false"/>
            <line number="336" hits="1" branch="false"/>
            <line number="337" hits="1" branch="false"/>
            <line number="338" hits="1" branch="false"/>
            <line number="339" hits="1" branch="false"/>
            <line number="340" hits="1" branch="false"/>
            <line number="341" hits="1" branch="false"/>
            <line number="342" hits="1" branch="false"/>
            <line number="345" hits="85" branch="false"/>
            <line number="346" hits="85" branch="false"/>
            <line number="347" hits="1" branch="false"/>
            <line number="348" hits="1" branch="false"/>
            <line number="349" hits="1" branch="false"/>
            <line number="350" hits="1" branch="false"/>
            <line number="351" hits="1" branch="false"/>
            <line number="354" hits="84" branch="false"/>
            <line number="355" hits="84" branch="false"/>
            <line number="356" hits="84" branch="false"/>
            <line number="357" hits="84" branch="false"/>
            <line number="358" hits="84" branch="false"/>
            <line number="359" hits="84" branch="false"/>
            <line number="360" hits="84" branch="false"/>
            <line number="361" hits="84" branch="false"/>
            <line number="400" hits="12" branch="false"/>
            <line number="401" hits="12" branch="false"/>
            <line number="402" hits="12" branch="false"/>
            <line number="403" hits="12" branch="false"/>
            <line number="404" hits="12" branch="false"/>
            <line number="405" hits="11" branch="false"/>
            <line number="406" hits="4" branch="false"/>
            <line number="408" hits="7" branch="false"/>
            <line number="423" hits="0" branch="false"/>
            <line number="424" hits="0" branch="false"/>
            <line number="425" hits="0" branch="false"/>
            <line number="426" hits="0" branch="false"/>
            <line number="437" hits="0" branch="false"/>
            <line number="446" hits="0" branch="false"/>
            <line number="447" hits="0" branch="false"/>
            <line number="448" hits="0" branch="false"/>
          </lines>
        </class>
        <class name="reporter_previewer_module.R" filename="R/reporter_previewer_module.R" line-rate="0.833333333333333" branch-rate="0" complexity="0">
          <methods>
            <method name="reporter_previewer_module" signature="" line-rate="0.833333333333333" branch-rate="0">
              <lines>
                <line number="16" hits="4" branch="false"/>
                <line number="17" hits="2" branch="false"/>
                <line number="18" hits="0" branch="false"/>
                <line number="19" hits="2" branch="false"/>
                <line number="21" hits="2" branch="false"/>
                <line number="22" hits="0" branch="false"/>
                <line number="23" hits="2" branch="false"/>
                <line number="25" hits="2" branch="false"/>
                <line number="26" hits="2" branch="false"/>
                <line number="27" hits="2" branch="false"/>
                <line number="28" hits="2" branch="false"/>
                <line number="29" hits="2" branch="false"/>
              </lines>
            </method>
          </methods>
          <lines>
            <line number="16" hits="4" branch="false"/>
            <line number="17" hits="2" branch="false"/>
            <line number="18" hits="0" branch="false"/>
            <line number="19" hits="2" branch="false"/>
            <line number="21" hits="2" branch="false"/>
            <line number="22" hits="0" branch="false"/>
            <line number="23" hits="2" branch="false"/>
            <line number="25" hits="2" branch="false"/>
            <line number="26" hits="2" branch="false"/>
            <line number="27" hits="2" branch="false"/>
            <line number="28" hits="2" branch="false"/>
            <line number="29" hits="2" branch="false"/>
          </lines>
        </class>
        <class name="show_rcode_modal.R" filename="R/show_rcode_modal.R" line-rate="0" branch-rate="0" complexity="0">
          <methods>
            <method name="show_rcode_modal" signature="" line-rate="0" branch-rate="0">
              <lines>
                <line number="17" hits="0" branch="false"/>
                <line number="19" hits="0" branch="false"/>
                <line number="20" hits="0" branch="false"/>
                <line number="21" hits="0" branch="false"/>
                <line number="22" hits="0" branch="false"/>
                <line number="23" hits="0" branch="false"/>
                <line number="24" hits="0" branch="false"/>
                <line number="25" hits="0" branch="false"/>
                <line number="26" hits="0" branch="false"/>
                <line number="27" hits="0" branch="false"/>
                <line number="28" hits="0" branch="false"/>
                <line number="29" hits="0" branch="false"/>
                <line number="30" hits="0" branch="false"/>
                <line number="31" hits="0" branch="false"/>
                <line number="32" hits="0" branch="false"/>
                <line number="33" hits="0" branch="false"/>
                <line number="34" hits="0" branch="false"/>
                <line number="35" hits="0" branch="false"/>
                <line number="36" hits="0" branch="false"/>
                <line number="38" hits="0" branch="false"/>
              </lines>
            </method>
          </methods>
          <lines>
            <line number="17" hits="0" branch="false"/>
            <line number="19" hits="0" branch="false"/>
            <line number="20" hits="0" branch="false"/>
            <line number="21" hits="0" branch="false"/>
            <line number="22" hits="0" branch="false"/>
            <line number="23" hits="0" branch="false"/>
            <line number="24" hits="0" branch="false"/>
            <line number="25" hits="0" branch="false"/>
            <line number="26" hits="0" branch="false"/>
            <line number="27" hits="0" branch="false"/>
            <line number="28" hits="0" branch="false"/>
            <line number="29" hits="0" branch="false"/>
            <line number="30" hits="0" branch="false"/>
            <line number="31" hits="0" branch="false"/>
            <line number="32" hits="0" branch="false"/>
            <line number="33" hits="0" branch="false"/>
            <line number="34" hits="0" branch="false"/>
            <line number="35" hits="0" branch="false"/>
            <line number="36" hits="0" branch="false"/>
            <line number="38" hits="0" branch="false"/>
          </lines>
        </class>
        <class name="utils.R" filename="R/utils.R" line-rate="1" branch-rate="0" complexity="0">
          <methods>
            <method name="get_client_timezone" signature="" line-rate="1" branch-rate="0">
              <lines>
                <line number="15" hits="6" branch="false"/>
                <line number="16" hits="6" branch="false"/>
                <line number="17" hits="6" branch="false"/>
                <line number="18" hits="6" branch="false"/>
                <line number="19" hits="6" branch="false"/>
                <line number="20" hits="6" branch="false"/>
              </lines>
            </method>
          </methods>
          <lines>
            <line number="15" hits="6" branch="false"/>
            <line number="16" hits="6" branch="false"/>
            <line number="17" hits="6" branch="false"/>
            <line number="18" hits="6" branch="false"/>
            <line number="19" hits="6" branch="false"/>
            <line number="20" hits="6" branch="false"/>
          </lines>
        </class>
        <class name="validations.R" filename="R/validations.R" line-rate="0.370967741935484" branch-rate="0" complexity="0">
          <methods>
            <method name="validate_has_data" signature="" line-rate="1" branch-rate="0">
              <lines>
                <line number="41" hits="17" branch="false"/>
                <line number="42" hits="17" branch="false"/>
                <line number="43" hits="17" branch="false"/>
                <line number="44" hits="15" branch="false"/>
                <line number="45" hits="15" branch="false"/>
                <line number="46" hits="15" branch="false"/>
                <line number="47" hits="5" branch="false"/>
                <line number="48" hits="5" branch="false"/>
                <line number="49" hits="5" branch="false"/>
                <line number="50" hits="5" branch="false"/>
                <line number="51" hits="5" branch="false"/>
                <line number="53" hits="10" branch="false"/>
                <line number="54" hits="10" branch="false"/>
                <line number="55" hits="10" branch="false"/>
                <line number="56" hits="10" branch="false"/>
                <line number="57" hits="10" branch="false"/>
                <line number="58" hits="10" branch="false"/>
                <line number="59" hits="10" branch="false"/>
                <line number="62" hits="10" branch="false"/>
                <line number="63" hits="6" branch="false"/>
                <line number="64" hits="6" branch="false"/>
                <line number="65" hits="6" branch="false"/>
                <line number="66" hits="6" branch="false"/>
              </lines>
            </method>
            <method name="validate_one_row_per_id" signature="" line-rate="0" branch-rate="0">
              <lines>
                <line number="103" hits="0" branch="false"/>
              </lines>
            </method>
            <method name="validate_in" signature="" line-rate="0" branch-rate="0">
              <lines>
                <line number="143" hits="0" branch="false"/>
              </lines>
            </method>
            <method name="validate_has_elements" signature="" line-rate="0" branch-rate="0">
              <lines>
                <line number="186" hits="0" branch="false"/>
              </lines>
            </method>
            <method name="validate_no_intersection" signature="" line-rate="0" branch-rate="0">
              <lines>
                <line number="234" hits="0" branch="false"/>
              </lines>
            </method>
            <method name="validate_has_variable" signature="" line-rate="0" branch-rate="0">
              <lines>
                <line number="270" hits="0" branch="false"/>
                <line number="271" hits="0" branch="false"/>
                <line number="272" hits="0" branch="false"/>
                <line number="274" hits="0" branch="false"/>
                <line number="275" hits="0" branch="false"/>
                <line number="276" hits="0" branch="false"/>
                <line number="277" hits="0" branch="false"/>
                <line number="278" hits="0" branch="false"/>
                <line number="279" hits="0" branch="false"/>
                <line number="280" hits="0" branch="false"/>
                <line number="281" hits="0" branch="false"/>
                <line number="283" hits="0" branch="false"/>
              </lines>
            </method>
            <method name="validate_n_levels" signature="" line-rate="0" branch-rate="0">
              <lines>
                <line number="332" hits="0" branch="false"/>
                <line number="333" hits="0" branch="false"/>
                <line number="334" hits="0" branch="false"/>
                <line number="335" hits="0" branch="false"/>
                <line number="336" hits="0" branch="false"/>
                <line number="338" hits="0" branch="false"/>
                <line number="339" hits="0" branch="false"/>
                <line number="340" hits="0" branch="false"/>
                <line number="341" hits="0" branch="false"/>
                <line number="342" hits="0" branch="false"/>
                <line number="343" hits="0" branch="false"/>
                <line number="344" hits="0" branch="false"/>
                <line number="345" hits="0" branch="false"/>
                <line number="346" hits="0" branch="false"/>
                <line number="347" hits="0" branch="false"/>
                <line number="348" hits="0" branch="false"/>
                <line number="349" hits="0" branch="false"/>
                <line number="350" hits="0" branch="false"/>
                <line number="351" hits="0" branch="false"/>
                <line number="352" hits="0" branch="false"/>
                <line number="353" hits="0" branch="false"/>
                <line number="354" hits="0" branch="false"/>
                <line number="355" hits="0" branch="false"/>
              </lines>
            </method>
          </methods>
          <lines>
            <line number="41" hits="17" branch="false"/>
            <line number="42" hits="17" branch="false"/>
            <line number="43" hits="17" branch="false"/>
            <line number="44" hits="15" branch="false"/>
            <line number="45" hits="15" branch="false"/>
            <line number="46" hits="15" branch="false"/>
            <line number="47" hits="5" branch="false"/>
            <line number="48" hits="5" branch="false"/>
            <line number="49" hits="5" branch="false"/>
            <line number="50" hits="5" branch="false"/>
            <line number="51" hits="5" branch="false"/>
            <line number="53" hits="10" branch="false"/>
            <line number="54" hits="10" branch="false"/>
            <line number="55" hits="10" branch="false"/>
            <line number="56" hits="10" branch="false"/>
            <line number="57" hits="10" branch="false"/>
            <line number="58" hits="10" branch="false"/>
            <line number="59" hits="10" branch="false"/>
            <line number="62" hits="10" branch="false"/>
            <line number="63" hits="6" branch="false"/>
            <line number="64" hits="6" branch="false"/>
            <line number="65" hits="6" branch="false"/>
            <line number="66" hits="6" branch="false"/>
            <line number="103" hits="0" branch="false"/>
            <line number="143" hits="0" branch="false"/>
            <line number="186" hits="0" branch="false"/>
            <line number="234" hits="0" branch="false"/>
            <line number="270" hits="0" branch="false"/>
            <line number="271" hits="0" branch="false"/>
            <line number="272" hits="0" branch="false"/>
            <line number="274" hits="0" branch="false"/>
            <line number="275" hits="0" branch="false"/>
            <line number="276" hits="0" branch="false"/>
            <line number="277" hits="0" branch="false"/>
            <line number="278" hits="0" branch="false"/>
            <line number="279" hits="0" branch="false"/>
            <line number="280" hits="0" branch="false"/>
            <line number="281" hits="0" branch="false"/>
            <line number="283" hits="0" branch="false"/>
            <line number="332" hits="0" branch="false"/>
            <line number="333" hits="0" branch="false"/>
            <line number="334" hits="0" branch="false"/>
            <line number="335" hits="0" branch="false"/>
            <line number="336" hits="0" branch="false"/>
            <line number="338" hits="0" branch="false"/>
            <line number="339" hits="0" branch="false"/>
            <line number="340" hits="0" branch="false"/>
            <line number="341" hits="0" branch="false"/>
            <line number="342" hits="0" branch="false"/>
            <line number="343" hits="0" branch="false"/>
            <line number="344" hits="0" branch="false"/>
            <line number="345" hits="0" branch="false"/>
            <line number="346" hits="0" branch="false"/>
            <line number="347" hits="0" branch="false"/>
            <line number="348" hits="0" branch="false"/>
            <line number="349" hits="0" branch="false"/>
            <line number="350" hits="0" branch="false"/>
            <line number="351" hits="0" branch="false"/>
            <line number="352" hits="0" branch="false"/>
            <line number="353" hits="0" branch="false"/>
            <line number="354" hits="0" branch="false"/>
            <line number="355" hits="0" branch="false"/>
          </lines>
        </class>
        <class name="zzz.R" filename="R/zzz.R" line-rate="0.363636363636364" branch-rate="0" complexity="0">
          <methods>
            <method name=".onLoad" signature="" line-rate="0" branch-rate="0">
              <lines>
                <line number="3" hits="0" branch="false"/>
                <line number="5" hits="0" branch="false"/>
                <line number="6" hits="0" branch="false"/>
                <line number="7" hits="0" branch="false"/>
                <line number="9" hits="0" branch="false"/>
                <line number="12" hits="0" branch="false"/>
                <line number="14" hits="0" branch="false"/>
              </lines>
            </method>
            <method name=".onAttach" signature="" line-rate="1" branch-rate="0">
              <lines>
                <line number="18" hits="2" branch="false"/>
                <line number="19" hits="2" branch="false"/>
                <line number="22" hits="2" branch="false"/>
                <line number="23" hits="2" branch="false"/>
              </lines>
            </method>
          </methods>
          <lines>
            <line number="3" hits="0" branch="false"/>
            <line number="5" hits="0" branch="false"/>
            <line number="6" hits="0" branch="false"/>
            <line number="7" hits="0" branch="false"/>
            <line number="9" hits="0" branch="false"/>
            <line number="12" hits="0" branch="false"/>
            <line number="14" hits="0" branch="false"/>
            <line number="18" hits="2" branch="false"/>
            <line number="19" hits="2" branch="false"/>
            <line number="22" hits="2" branch="false"/>
            <line number="23" hits="2" branch="false"/>
          </lines>
        </class>
      </classes>
    </package>
  </packages>
</coverage>
