<?xml version="1.0" encoding="UTF-8"?>
<testsuites>
  <testsuite name="init" timestamp="2024-09-04T10:11:00Z" hostname="c1b68ee2ba5c" tests="11" skipped="0" failures="0" errors="0" time="0.419">
    <testcase time="0.0960000000000001" classname="init" name="init_data_accepts_teal_data_object"/>
    <testcase time="0.0599999999999999" classname="init" name="init_data_accepts_teal_data_module"/>
    <testcase time="0.034" classname="init" name="init_modules_accepts_a_teal_modules_object"/>
    <testcase time="0.029" classname="init" name="init_modules_accepts_a_list_of_teal_module_elements"/>
    <testcase time="0.0259999999999999" classname="init" name="init_modules_accepts_a_teal_module_object"/>
    <testcase time="0.047" classname="init" name="init_filter_accepts_teal_slices_"/>
    <testcase time="0.00700000000000001" classname="init" name="init_filter_accepts_teal_slices_"/>
    <testcase time="0.031" classname="init" name="init_throws_when_an_empty_data_is_used"/>
    <testcase time="0.028" classname="init" name="init_throws_warning_when_datanames_in_modules_incompatible_w_datanames_in_data_and_there_is_no_transformers"/>
    <testcase time="0.0289999999999999" classname="init" name="init_does_not_throw_warning_when_datanames_in_modules_incompatible_w_datanames_in_data_and_there_are_transformers"/>
    <testcase time="0.032" classname="init" name="init_throws_when_dataname_in_filter_incompatible_w_datanames_in_data"/>
  </testsuite>
  <testsuite name="module_teal" timestamp="2024-09-04T10:11:01Z" hostname="c1b68ee2ba5c" tests="120" skipped="6" failures="0" errors="11" time="37.956">
    <testcase time="0.223" classname="module_teal" name="accepts_data_to_be_teal_data"/>
    <testcase time="0.071" classname="module_teal" name="accepts_data_to_be_teal_data_module_returning_reactive_teal_data"/>
    <testcase time="0.0680000000000001" classname="module_teal" name="accepts_data_to_a_reactive_or_reactiveVal_teal_data"/>
    <testcase time="0.0669999999999999" classname="module_teal" name="accepts_data_to_a_reactive_or_reactiveVal_teal_data"/>
    <testcase time="0.0580000000000001" classname="module_teal" name="fails_when_data_is_not_teal_data_or_teal_data_module"/>
    <testcase time="0.0249999999999999" classname="module_teal" name="app_fails_when_teal_data_module_doesn_t_return_a_reactive"/>
    <testcase time="0.081" classname="module_teal" name="are_not_called_by_default">
      <error type="error" message="Error in `data_rv()`: could not find function &quot;data_rv&quot; ('test-module_teal.R:184:9')">Error in `data_rv()`: could not find function "data_rv"
Backtrace:
     ▆
  1. ├─shiny::testServer(...) at test-module_teal.R:173:5
  2. │ ├─shiny:::withMockContext(...)
  3. │ │ ├─shiny::isolate(...)
  4. │ │ │ ├─shiny::..stacktraceoff..(...)
  5. │ │ │ └─ctx$run(...)
  6. │ │ │   ├─promises::with_promise_domain(...)
  7. │ │ │   │ └─domain$wrapSync(expr)
  8. │ │ │   ├─shiny::withReactiveDomain(...)
  9. │ │ │   │ └─promises::with_promise_domain(...)
 10. │ │ │   │   └─domain$wrapSync(expr)
 11. │ │ │   │     └─base::force(expr)
 12. │ │ │   └─env$runWith(self, func)
 13. │ │ │     └─shiny (local) contextFunc()
 14. │ │ │       └─shiny::..stacktraceon..(expr)
 15. │ │ ├─shiny::withReactiveDomain(...)
 16. │ │ │ └─promises::with_promise_domain(...)
 17. │ │ │   └─domain$wrapSync(expr)
 18. │ │ │     └─base::force(expr)
 19. │ │ └─withr::with_options(...)
 20. │ │   └─base::force(code)
 21. │ └─rlang::eval_tidy(quosure, mask, rlang::caller_env())
 22. └─testthat::expect_s4_class(data_rv(), "teal_data") at test-module_teal.R:184:9
 23.   └─testthat::quasi_label(enquo(object), arg = "object")
 24.     └─rlang::eval_bare(expr, quo_get_env(quo))</error>
    </testcase>
    <testcase time="0.111" classname="module_teal" name="are_called_once_their_tab_is_selected_and_data_is_teal_data_">
      <error type="error" message="Error in `data_rv()`: could not find function &quot;data_rv&quot; ('test-module_teal.R:203:9')">Error in `data_rv()`: could not find function "data_rv"
Backtrace:
     ▆
  1. ├─shiny::testServer(...) at test-module_teal.R:192:5
  2. │ ├─shiny:::withMockContext(...)
  3. │ │ ├─shiny::isolate(...)
  4. │ │ │ ├─shiny::..stacktraceoff..(...)
  5. │ │ │ └─ctx$run(...)
  6. │ │ │   ├─promises::with_promise_domain(...)
  7. │ │ │   │ └─domain$wrapSync(expr)
  8. │ │ │   ├─shiny::withReactiveDomain(...)
  9. │ │ │   │ └─promises::with_promise_domain(...)
 10. │ │ │   │   └─domain$wrapSync(expr)
 11. │ │ │   │     └─base::force(expr)
 12. │ │ │   └─env$runWith(self, func)
 13. │ │ │     └─shiny (local) contextFunc()
 14. │ │ │       └─shiny::..stacktraceon..(expr)
 15. │ │ ├─shiny::withReactiveDomain(...)
 16. │ │ │ └─promises::with_promise_domain(...)
 17. │ │ │   └─domain$wrapSync(expr)
 18. │ │ │     └─base::force(expr)
 19. │ │ └─withr::with_options(...)
 20. │ │   └─base::force(code)
 21. │ └─rlang::eval_tidy(quosure, mask, rlang::caller_env())
 22. └─testthat::expect_s4_class(data_rv(), "teal_data") at test-module_teal.R:203:9
 23.   └─testthat::quasi_label(enquo(object), arg = "object")
 24.     └─rlang::eval_bare(expr, quo_get_env(quo))</error>
    </testcase>
    <testcase time="0.115" classname="module_teal" name="are_called_once_their_tab_is_selected_and_data_returns_reactive_teal_data_">
      <error type="error" message="Error in `data_rv()`: could not find function &quot;data_rv&quot; ('test-module_teal.R:226:9')">Error in `data_rv()`: could not find function "data_rv"
Backtrace:
     ▆
  1. ├─shiny::testServer(...) at test-module_teal.R:215:5
  2. │ ├─shiny:::withMockContext(...)
  3. │ │ ├─shiny::isolate(...)
  4. │ │ │ ├─shiny::..stacktraceoff..(...)
  5. │ │ │ └─ctx$run(...)
  6. │ │ │   ├─promises::with_promise_domain(...)
  7. │ │ │   │ └─domain$wrapSync(expr)
  8. │ │ │   ├─shiny::withReactiveDomain(...)
  9. │ │ │   │ └─promises::with_promise_domain(...)
 10. │ │ │   │   └─domain$wrapSync(expr)
 11. │ │ │   │     └─base::force(expr)
 12. │ │ │   └─env$runWith(self, func)
 13. │ │ │     └─shiny (local) contextFunc()
 14. │ │ │       └─shiny::..stacktraceon..(expr)
 15. │ │ ├─shiny::withReactiveDomain(...)
 16. │ │ │ └─promises::with_promise_domain(...)
 17. │ │ │   └─domain$wrapSync(expr)
 18. │ │ │     └─base::force(expr)
 19. │ │ └─withr::with_options(...)
 20. │ │   └─base::force(code)
 21. │ └─rlang::eval_tidy(quosure, mask, rlang::caller_env())
 22. └─testthat::expect_s4_class(data_rv(), "teal_data") at test-module_teal.R:226:9
 23.   └─testthat::quasi_label(enquo(object), arg = "object")
 24.     └─rlang::eval_bare(expr, quo_get_env(quo))</error>
    </testcase>
    <testcase time="0.108" classname="module_teal" name="are_called_once_their_tab_is_selected_and_teal_data_module_returns_reactive_teal_data_">
      <error type="error" message="Error in `data_rv()`: could not find function &quot;data_rv&quot; ('test-module_teal.R:257:9')">Error in `data_rv()`: could not find function "data_rv"
Backtrace:
     ▆
  1. ├─shiny::testServer(...) at test-module_teal.R:239:5
  2. │ ├─shiny:::withMockContext(...)
  3. │ │ ├─shiny::isolate(...)
  4. │ │ │ ├─shiny::..stacktraceoff..(...)
  5. │ │ │ └─ctx$run(...)
  6. │ │ │   ├─promises::with_promise_domain(...)
  7. │ │ │   │ └─domain$wrapSync(expr)
  8. │ │ │   ├─shiny::withReactiveDomain(...)
  9. │ │ │   │ └─promises::with_promise_domain(...)
 10. │ │ │   │   └─domain$wrapSync(expr)
 11. │ │ │   │     └─base::force(expr)
 12. │ │ │   └─env$runWith(self, func)
 13. │ │ │     └─shiny (local) contextFunc()
 14. │ │ │       └─shiny::..stacktraceon..(expr)
 15. │ │ ├─shiny::withReactiveDomain(...)
 16. │ │ │ └─promises::with_promise_domain(...)
 17. │ │ │   └─domain$wrapSync(expr)
 18. │ │ │     └─base::force(expr)
 19. │ │ └─withr::with_options(...)
 20. │ │   └─base::force(code)
 21. │ └─rlang::eval_tidy(quosure, mask, rlang::caller_env())
 22. └─testthat::expect_s4_class(data_rv(), "teal_data") at test-module_teal.R:257:9
 23.   └─testthat::quasi_label(enquo(object), arg = "object")
 24.     └─rlang::eval_bare(expr, quo_get_env(quo))</error>
    </testcase>
    <testcase time="0.111" classname="module_teal" name="are_called_with_data_argument_being_teal_data_">
      <error type="error" message="Error in `data_rv()`: could not find function &quot;data_rv&quot; ('test-module_teal.R:280:9')">Error in `data_rv()`: could not find function "data_rv"
Backtrace:
     ▆
  1. ├─shiny::testServer(...) at test-module_teal.R:270:5
  2. │ ├─shiny:::withMockContext(...)
  3. │ │ ├─shiny::isolate(...)
  4. │ │ │ ├─shiny::..stacktraceoff..(...)
  5. │ │ │ └─ctx$run(...)
  6. │ │ │   ├─promises::with_promise_domain(...)
  7. │ │ │   │ └─domain$wrapSync(expr)
  8. │ │ │   ├─shiny::withReactiveDomain(...)
  9. │ │ │   │ └─promises::with_promise_domain(...)
 10. │ │ │   │   └─domain$wrapSync(expr)
 11. │ │ │   │     └─base::force(expr)
 12. │ │ │   └─env$runWith(self, func)
 13. │ │ │     └─shiny (local) contextFunc()
 14. │ │ │       └─shiny::..stacktraceon..(expr)
 15. │ │ ├─shiny::withReactiveDomain(...)
 16. │ │ │ └─promises::with_promise_domain(...)
 17. │ │ │   └─domain$wrapSync(expr)
 18. │ │ │     └─base::force(expr)
 19. │ │ └─withr::with_options(...)
 20. │ │   └─base::force(code)
 21. │ └─rlang::eval_tidy(quosure, mask, rlang::caller_env())
 22. └─testthat::expect_s4_class(data_rv(), "teal_data") at test-module_teal.R:280:9
 23.   └─testthat::quasi_label(enquo(object), arg = "object")
 24.     └─rlang::eval_bare(expr, quo_get_env(quo))</error>
    </testcase>
    <testcase time="0.1" classname="module_teal" name="are_called_with_empty_teal_data_when_the_teal_data_module_doesn_t_return_teal_data"/>
    <testcase time="0.00600000000000023" classname="module_teal" name="are_called_with_empty_teal_data_when_the_teal_data_module_doesn_t_return_teal_data"/>
    <testcase time="0.0110000000000001" classname="module_teal" name="are_called_with_empty_teal_data_when_the_teal_data_module_doesn_t_return_teal_data">
      <error type="error" message="Error in `as.environment(pos)`: no item called &quot;teal.code::get_env(data_rv())&quot; on the search list ('test-module_teal.R:307:9')">Error in `as.environment(pos)`: no item called "teal.code::get_env(data_rv())" on the search list
Backtrace:
     ▆
  1. ├─shiny::testServer(...) at test-module_teal.R:288:5
  2. │ ├─shiny:::withMockContext(...)
  3. │ │ ├─shiny::isolate(...)
  4. │ │ │ ├─shiny::..stacktraceoff..(...)
  5. │ │ │ └─ctx$run(...)
  6. │ │ │   ├─promises::with_promise_domain(...)
  7. │ │ │   │ └─domain$wrapSync(expr)
  8. │ │ │   ├─shiny::withReactiveDomain(...)
  9. │ │ │   │ └─promises::with_promise_domain(...)
 10. │ │ │   │   └─domain$wrapSync(expr)
 11. │ │ │   │     └─base::force(expr)
 12. │ │ │   └─env$runWith(self, func)
 13. │ │ │     └─shiny (local) contextFunc()
 14. │ │ │       └─shiny::..stacktraceon..(expr)
 15. │ │ ├─shiny::withReactiveDomain(...)
 16. │ │ │ └─promises::with_promise_domain(...)
 17. │ │ │   └─domain$wrapSync(expr)
 18. │ │ │     └─base::force(expr)
 19. │ │ └─withr::with_options(...)
 20. │ │   └─base::force(code)
 21. │ └─rlang::eval_tidy(quosure, mask, rlang::caller_env())
 22. ├─testthat::expect_identical(...) at test-module_teal.R:307:9
 23. │ └─testthat::quasi_label(enquo(object), label, arg = "object")
 24. │   └─rlang::eval_bare(expr, quo_get_env(quo))
 25. └─base::ls(teal.code::get_env(data_rv()))</error>
    </testcase>
    <testcase time="0.101" classname="module_teal" name="are_called_with_empty_teal_data_when_the_teal_data_module_returns_validation_error"/>
    <testcase time="0.00499999999999989" classname="module_teal" name="are_called_with_empty_teal_data_when_the_teal_data_module_returns_validation_error"/>
    <testcase time="0.00599999999999978" classname="module_teal" name="are_called_with_empty_teal_data_when_the_teal_data_module_returns_validation_error">
      <error type="error" message="Error in `as.environment(pos)`: no item called &quot;teal.code::get_env(data_rv())&quot; on the search list ('test-module_teal.R:334:9')">Error in `as.environment(pos)`: no item called "teal.code::get_env(data_rv())" on the search list
Backtrace:
     ▆
  1. ├─shiny::testServer(...) at test-module_teal.R:315:5
  2. │ ├─shiny:::withMockContext(...)
  3. │ │ ├─shiny::isolate(...)
  4. │ │ │ ├─shiny::..stacktraceoff..(...)
  5. │ │ │ └─ctx$run(...)
  6. │ │ │   ├─promises::with_promise_domain(...)
  7. │ │ │   │ └─domain$wrapSync(expr)
  8. │ │ │   ├─shiny::withReactiveDomain(...)
  9. │ │ │   │ └─promises::with_promise_domain(...)
 10. │ │ │   │   └─domain$wrapSync(expr)
 11. │ │ │   │     └─base::force(expr)
 12. │ │ │   └─env$runWith(self, func)
 13. │ │ │     └─shiny (local) contextFunc()
 14. │ │ │       └─shiny::..stacktraceon..(expr)
 15. │ │ ├─shiny::withReactiveDomain(...)
 16. │ │ │ └─promises::with_promise_domain(...)
 17. │ │ │   └─domain$wrapSync(expr)
 18. │ │ │     └─base::force(expr)
 19. │ │ └─withr::with_options(...)
 20. │ │   └─base::force(code)
 21. │ └─rlang::eval_tidy(quosure, mask, rlang::caller_env())
 22. ├─testthat::expect_identical(...) at test-module_teal.R:334:9
 23. │ └─testthat::quasi_label(enquo(object), label, arg = "object")
 24. │   └─rlang::eval_bare(expr, quo_get_env(quo))
 25. └─base::ls(teal.code::get_env(data_rv()))</error>
    </testcase>
    <testcase time="0.106" classname="module_teal" name="are_called_with_empty_teal_data_when_the_teal_data_module_throw_error"/>
    <testcase time="0.00599999999999978" classname="module_teal" name="are_called_with_empty_teal_data_when_the_teal_data_module_throw_error"/>
    <testcase time="0.00600000000000023" classname="module_teal" name="are_called_with_empty_teal_data_when_the_teal_data_module_throw_error">
      <error type="error" message="Error in `as.environment(pos)`: no item called &quot;teal.code::get_env(data_rv())&quot; on the search list ('test-module_teal.R:361:9')">Error in `as.environment(pos)`: no item called "teal.code::get_env(data_rv())" on the search list
Backtrace:
     ▆
  1. ├─shiny::testServer(...) at test-module_teal.R:342:5
  2. │ ├─shiny:::withMockContext(...)
  3. │ │ ├─shiny::isolate(...)
  4. │ │ │ ├─shiny::..stacktraceoff..(...)
  5. │ │ │ └─ctx$run(...)
  6. │ │ │   ├─promises::with_promise_domain(...)
  7. │ │ │   │ └─domain$wrapSync(expr)
  8. │ │ │   ├─shiny::withReactiveDomain(...)
  9. │ │ │   │ └─promises::with_promise_domain(...)
 10. │ │ │   │   └─domain$wrapSync(expr)
 11. │ │ │   │     └─base::force(expr)
 12. │ │ │   └─env$runWith(self, func)
 13. │ │ │     └─shiny (local) contextFunc()
 14. │ │ │       └─shiny::..stacktraceon..(expr)
 15. │ │ ├─shiny::withReactiveDomain(...)
 16. │ │ │ └─promises::with_promise_domain(...)
 17. │ │ │   └─domain$wrapSync(expr)
 18. │ │ │     └─base::force(expr)
 19. │ │ └─withr::with_options(...)
 20. │ │   └─base::force(code)
 21. │ └─rlang::eval_tidy(quosure, mask, rlang::caller_env())
 22. ├─testthat::expect_identical(...) at test-module_teal.R:361:9
 23. │ └─testthat::quasi_label(enquo(object), label, arg = "object")
 24. │   └─rlang::eval_bare(expr, quo_get_env(quo))
 25. └─base::ls(teal.code::get_env(data_rv()))</error>
    </testcase>
    <testcase time="0.106" classname="module_teal" name="are_called_with_empty_teal_data_when_the_teal_data_module_returns_qenv.error"/>
    <testcase time="0.00599999999999978" classname="module_teal" name="are_called_with_empty_teal_data_when_the_teal_data_module_returns_qenv.error"/>
    <testcase time="0.00600000000000023" classname="module_teal" name="are_called_with_empty_teal_data_when_the_teal_data_module_returns_qenv.error">
      <error type="error" message="Error in `as.environment(pos)`: no item called &quot;teal.code::get_env(data_rv())&quot; on the search list ('test-module_teal.R:388:9')">Error in `as.environment(pos)`: no item called "teal.code::get_env(data_rv())" on the search list
Backtrace:
     ▆
  1. ├─shiny::testServer(...) at test-module_teal.R:369:5
  2. │ ├─shiny:::withMockContext(...)
  3. │ │ ├─shiny::isolate(...)
  4. │ │ │ ├─shiny::..stacktraceoff..(...)
  5. │ │ │ └─ctx$run(...)
  6. │ │ │   ├─promises::with_promise_domain(...)
  7. │ │ │   │ └─domain$wrapSync(expr)
  8. │ │ │   ├─shiny::withReactiveDomain(...)
  9. │ │ │   │ └─promises::with_promise_domain(...)
 10. │ │ │   │   └─domain$wrapSync(expr)
 11. │ │ │   │     └─base::force(expr)
 12. │ │ │   └─env$runWith(self, func)
 13. │ │ │     └─shiny (local) contextFunc()
 14. │ │ │       └─shiny::..stacktraceon..(expr)
 15. │ │ ├─shiny::withReactiveDomain(...)
 16. │ │ │ └─promises::with_promise_domain(...)
 17. │ │ │   └─domain$wrapSync(expr)
 18. │ │ │     └─base::force(expr)
 19. │ │ └─withr::with_options(...)
 20. │ │   └─base::force(code)
 21. │ └─rlang::eval_tidy(quosure, mask, rlang::caller_env())
 22. ├─testthat::expect_identical(...) at test-module_teal.R:388:9
 23. │ └─testthat::quasi_label(enquo(object), label, arg = "object")
 24. │   └─rlang::eval_bare(expr, quo_get_env(quo))
 25. └─base::ls(teal.code::get_env(data_rv()))</error>
    </testcase>
    <testcase time="0.106" classname="module_teal" name="are_receiving_reactive_data_which_triggers_on_change"/>
    <testcase time="0.783" classname="module_teal" name="are_receiving_reactive_data_which_triggers_on_change"/>
    <testcase time="0.466" classname="module_teal" name="are_receiving_reactive_data_which_triggers_on_change"/>
    <testcase time="0.097" classname="module_teal" name="are_not_called_again_when_data_changes"/>
    <testcase time="0.378" classname="module_teal" name="are_not_called_again_when_data_changes"/>
    <testcase time="0.233000000000001" classname="module_teal" name="are_not_called_again_when_data_changes"/>
    <testcase time="0.371" classname="module_teal" name="receives_data_with_datasets_module_datanames"/>
    <testcase time="0.00200000000000067" classname="module_teal" name="receives_data_with_datasets_module_datanames"/>
    <testcase time="0.258" classname="module_teal" name="throws_warning_when_dataname_is_not_available"/>
    <testcase time="0.467" classname="module_teal" name="is_called_and_receives_data_even_if_datanames_in_teal_data_are_not_sufficient"/>
    <testcase time="0.535" classname="module_teal" name="receives_all_objects_from_env_except_DATA._raw__when_DATA_is_present_in_the_env_and_module_datanames_all_and_datanames_is_empty"/>
    <testcase time="0.386" classname="module_teal" name="receives_datanames_when_module_datanames_all_"/>
    <testcase time="0.495" classname="module_teal" name="receives_parent_data_when_module_datanames_limited_to_a_child_data_but_join_keys_are_provided"/>
    <testcase time="0.00199999999999978" classname="module_teal" name="receives_parent_data_when_module_datanames_limited_to_a_child_data_but_join_keys_are_provided"/>
    <testcase time="0.415" classname="module_teal" name="receives_extra_datanames_added_in_a_transform_if_specified_in_module_datanames"/>
    <testcase time="0.486999999999999" classname="module_teal" name="doesn_t_receive_extra_transform_datasets_not_set_in_datanames_if_module_datanames_all_"/>
    <testcase time="0.439" classname="module_teal" name="receives_extra_transform_datasets_if_module_datanames_all_and_datanames_empty"/>
    <testcase time="0.473000000000001" classname="module_teal" name="doesn_t_receive_extra_datanames_in_a_transform_if_not_specified_in_module_datanames"/>
    <testcase time="0.615" classname="module_teal" name="srv_teal_module.teal_module_does_not_pass_data_if_not_in_the_args_explicitly"/>
    <testcase time="0.382" classname="module_teal" name="srv_teal_module.teal_module_passes_deprecated_datasets_to_the_server_module"/>
    <testcase time="0.016" classname="module_teal" name="srv_teal_module.teal_module_passes_deprecated_datasets_to_the_server_module"/>
    <testcase time="0.369999999999999" classname="module_teal" name="srv_teal_module.teal_module_passes_server_args_to_the_..."/>
    <testcase time="0.394" classname="module_teal" name="srv_teal_module.teal_module_passes_filter_panel_api_if_specified"/>
    <testcase time="0.450000000000001" classname="module_teal" name="srv_teal_module.teal_module_passes_Reporter_if_specified"/>
    <testcase time="0.273999999999999" classname="module_teal" name="receives_all_possible_objects_while_those_not_specified_in_module_datanames_are_unfiltered"/>
    <testcase time="0.00200000000000067" classname="module_teal" name="receives_all_possible_objects_while_those_not_specified_in_module_datanames_are_unfiltered"/>
    <testcase time="0.00199999999999889" classname="module_teal" name="receives_all_possible_objects_while_those_not_specified_in_module_datanames_are_unfiltered"/>
    <testcase time="0.00200000000000067" classname="module_teal" name="receives_all_possible_objects_while_those_not_specified_in_module_datanames_are_unfiltered"/>
    <testcase time="0.105" classname="module_teal" name="is_set_to_initial_filters_when_module_specific"/>
    <testcase time="0.0920000000000005" classname="module_teal" name="is_set_to_initial_filters_with_resolved_attr_mapping_modules_label_when_module_specific_"/>
    <testcase time="0.000999999999999446" classname="module_teal" name="is_set_to_initial_filters_with_resolved_attr_mapping_modules_label_when_module_specific_"/>
    <testcase time="0.693999999999999" classname="module_teal" name="slices_in_slicesGlobal_and_in_FilteredData_refer_to_the_same_object"/>
    <testcase time="0.0510000000000002" classname="module_teal" name="slices_in_slicesGlobal_and_in_FilteredData_refer_to_the_same_object"/>
    <testcase time="0.00700000000000145" classname="module_teal" name="slices_in_slicesGlobal_and_in_FilteredData_refer_to_the_same_object"/>
    <testcase time="1.232" classname="module_teal" name="appends_new_slice_and_activates_in_global_filters_when_added_in_a_module_if_module_specific"/>
    <testcase time="1.491" classname="module_teal" name="deactivates_in_global_filters_when_removed_from_module_if_module_specific"/>
    <testcase time="0.990000000000002" classname="module_teal" name="appends_new_slice_and_activates_in_module_when_added_in_a_module_if_module_specific"/>
    <testcase time="1.41" classname="module_teal" name="appends_added_duplicated_slice_and_makes_new_slice_id_unique"/>
    <testcase time="1.155" classname="module_teal" name="deactivates_in_module_when_removed_from_module_if_module_specific"/>
    <testcase time="0.103000000000002" classname="module_teal" name="auto_resolves_to_mapping_m_when_setting_slices_with_mapping_global_filters_in_module_specific_">
      <skipped message="Reason: need a fix in a .slicesGlobal ('test-module_teal.R:1178:11')"/>
    </testcase>
    <testcase time="1.21" classname="module_teal" name="sets_filters_from_mapping_mod_to_all_modules_FilteredData_when_module_specific"/>
    <testcase time="1.278" classname="module_teal" name="sets_filters_from_mapping_mod_to_module_s_FilteredData_when_module_specific"/>
    <testcase time="0.0069999999999979" classname="module_teal" name="sets_filters_from_mapping_mod_to_module_s_FilteredData_when_module_specific"/>
    <testcase time="1.221" classname="module_teal" name="sets_filters_from_mapping_global_filters_to_all_modules_FilteredData_when_module_specific"/>
    <testcase time="0.00900000000000034" classname="module_teal" name="sets_filters_from_mapping_global_filters_to_all_modules_FilteredData_when_module_specific"/>
    <testcase time="1.014" classname="module_teal" name="change_in_the_slicesGlobal_causes_module_s_data_filtering"/>
    <testcase time="0.00199999999999889" classname="module_teal" name="change_in_the_slicesGlobal_causes_module_s_data_filtering"/>
    <testcase time="0.00199999999999889" classname="module_teal" name="change_in_the_slicesGlobal_causes_module_s_data_filtering"/>
    <testcase time="0.00799999999999912" classname="module_teal" name="change_in_the_slicesGlobal_causes_module_s_data_filtering"/>
    <testcase time="0.00199999999999889" classname="module_teal" name="change_in_the_slicesGlobal_causes_module_s_data_filtering"/>
    <testcase time="0.424000000000003" classname="module_teal" name="returns_no_rows_if_no_filters_set"/>
    <testcase time="0.889999999999997" classname="module_teal" name="returns_global_filters_with_active_true_inactive_false_unavailable_na"/>
    <testcase time="0.0110000000000028" classname="module_teal" name="returns_global_filters_with_active_true_inactive_false_unavailable_na"/>
    <testcase time="1.014" classname="module_teal" name="returns_column_per_module_with_active_true_inactive_false_unavailable_na"/>
    <testcase time="0.0120000000000005" classname="module_teal" name="returns_column_per_module_with_active_true_inactive_false_unavailable_na"/>
    <testcase time="0.0579999999999998" classname="module_teal" name="what_happens_when_module_label_is_duplicated_when_nested_modules_">
      <skipped message="Reason: todo ('test-module_teal.R:1443:7')"/>
    </testcase>
    <testcase time="0.0139999999999993" classname="module_teal" name="sets_back_the_same_active_filters_in_each_module">
      <skipped message="Reason: todo ('test-module_teal.R:1450:5')"/>
    </testcase>
    <testcase time="0.0129999999999981" classname="module_teal" name="doesn_t_fail_when_teal_data_has_no_datasets">
      <skipped message="Reason: todo ('test-module_teal.R:1453:5')"/>
    </testcase>
    <testcase time="0.481000000000002" classname="module_teal" name="evaluates_custom_qenv_call_and_pass_update_teal_data_to_the_module"/>
    <testcase time="0.00199999999999889" classname="module_teal" name="evaluates_custom_qenv_call_and_pass_update_teal_data_to_the_module"/>
    <testcase time="0.00300000000000011" classname="module_teal" name="evaluates_custom_qenv_call_and_pass_update_teal_data_to_the_module"/>
    <testcase time="0.00199999999999889" classname="module_teal" name="evaluates_custom_qenv_call_and_pass_update_teal_data_to_the_module"/>
    <testcase time="1.058" classname="module_teal" name="evaluates_custom_qenv_call_after_filter_is_applied"/>
    <testcase time="0.00200000000000244" classname="module_teal" name="evaluates_custom_qenv_call_after_filter_is_applied"/>
    <testcase time="0.00300000000000011" classname="module_teal" name="evaluates_custom_qenv_call_after_filter_is_applied"/>
    <testcase time="0.000999999999997669" classname="module_teal" name="evaluates_custom_qenv_call_after_filter_is_applied"/>
    <testcase time="0.00200000000000244" classname="module_teal" name="evaluates_custom_qenv_call_after_filter_is_applied"/>
    <testcase time="0.782" classname="module_teal" name="is_reactive_to_the_filter_changes"/>
    <testcase time="0.00199999999999889" classname="module_teal" name="is_reactive_to_the_filter_changes"/>
    <testcase time="0.00199999999999889" classname="module_teal" name="is_reactive_to_the_filter_changes"/>
    <testcase time="0.00199999999999889" classname="module_teal" name="is_reactive_to_the_filter_changes"/>
    <testcase time="0.00200000000000244" classname="module_teal" name="is_reactive_to_the_filter_changes"/>
    <testcase time="0.637999999999998" classname="module_teal" name="receives_all_possible_objects_while_those_not_specified_in_module_datanames_are_unfiltered"/>
    <testcase time="0.00200000000000244" classname="module_teal" name="receives_all_possible_objects_while_those_not_specified_in_module_datanames_are_unfiltered"/>
    <testcase time="0.075999999999997" classname="module_teal" name="fails_when_transformer_doesn_t_return_reactive"/>
    <testcase time="0.305000000000003" classname="module_teal" name="continues_when_transformer_throws_validation_error_and_returns_empty_teal_data"/>
    <testcase time="0.0069999999999979" classname="module_teal" name="continues_when_transformer_throws_validation_error_and_returns_empty_teal_data">
      <error type="error" message="Error in `as.environment(pos)`: no item called &quot;teal.code::get_env((modules_output$module_1())())&quot; on the search list ('test-module_teal.R:1675:9')">Error in `as.environment(pos)`: no item called "teal.code::get_env((modules_output$module_1())())" on the search list
Backtrace:
     ▆
  1. ├─shiny::testServer(...) at test-module_teal.R:1653:5
  2. │ ├─shiny:::withMockContext(...)
  3. │ │ ├─shiny::isolate(...)
  4. │ │ │ ├─shiny::..stacktraceoff..(...)
  5. │ │ │ └─ctx$run(...)
  6. │ │ │   ├─promises::with_promise_domain(...)
  7. │ │ │   │ └─domain$wrapSync(expr)
  8. │ │ │   ├─shiny::withReactiveDomain(...)
  9. │ │ │   │ └─promises::with_promise_domain(...)
 10. │ │ │   │   └─domain$wrapSync(expr)
 11. │ │ │   │     └─base::force(expr)
 12. │ │ │   └─env$runWith(self, func)
 13. │ │ │     └─shiny (local) contextFunc()
 14. │ │ │       └─shiny::..stacktraceon..(expr)
 15. │ │ ├─shiny::withReactiveDomain(...)
 16. │ │ │ └─promises::with_promise_domain(...)
 17. │ │ │   └─domain$wrapSync(expr)
 18. │ │ │     └─base::force(expr)
 19. │ │ └─withr::with_options(...)
 20. │ │   └─base::force(code)
 21. │ └─rlang::eval_tidy(quosure, mask, rlang::caller_env())
 22. ├─testthat::expect_identical(...) at test-module_teal.R:1675:9
 23. │ └─testthat::quasi_label(enquo(object), label, arg = "object")
 24. │   └─rlang::eval_bare(expr, quo_get_env(quo))
 25. └─base::ls(teal.code::get_env((modules_output$module_1())()))</error>
    </testcase>
    <testcase time="0.603999999999999" classname="module_teal" name="continues_when_transformer_throws_validation_error_and_returns_empty_teal_data"/>
    <testcase time="0.00600000000000023" classname="module_teal" name="continues_when_transformer_throws_validation_error_and_returns_empty_teal_data">
      <error type="error" message="Error in `as.environment(pos)`: no item called &quot;teal.code::get_env((modules_output$module_1())())&quot; on the search list ('test-module_teal.R:1703:9')">Error in `as.environment(pos)`: no item called "teal.code::get_env((modules_output$module_1())())" on the search list
Backtrace:
     ▆
  1. ├─shiny::testServer(...) at test-module_teal.R:1681:5
  2. │ ├─shiny:::withMockContext(...)
  3. │ │ ├─shiny::isolate(...)
  4. │ │ │ ├─shiny::..stacktraceoff..(...)
  5. │ │ │ └─ctx$run(...)
  6. │ │ │   ├─promises::with_promise_domain(...)
  7. │ │ │   │ └─domain$wrapSync(expr)
  8. │ │ │   ├─shiny::withReactiveDomain(...)
  9. │ │ │   │ └─promises::with_promise_domain(...)
 10. │ │ │   │   └─domain$wrapSync(expr)
 11. │ │ │   │     └─base::force(expr)
 12. │ │ │   └─env$runWith(self, func)
 13. │ │ │     └─shiny (local) contextFunc()
 14. │ │ │       └─shiny::..stacktraceon..(expr)
 15. │ │ ├─shiny::withReactiveDomain(...)
 16. │ │ │ └─promises::with_promise_domain(...)
 17. │ │ │   └─domain$wrapSync(expr)
 18. │ │ │     └─base::force(expr)
 19. │ │ └─withr::with_options(...)
 20. │ │   └─base::force(code)
 21. │ └─rlang::eval_tidy(quosure, mask, rlang::caller_env())
 22. ├─testthat::expect_identical(...) at test-module_teal.R:1703:9
 23. │ └─testthat::quasi_label(enquo(object), label, arg = "object")
 24. │   └─rlang::eval_bare(expr, quo_get_env(quo))
 25. └─base::ls(teal.code::get_env((modules_output$module_1())()))</error>
    </testcase>
    <testcase time="0.0360000000000014" classname="module_teal" name="continues_when_transformer_throws_qenv_error_and_returns_empty_data">
      <skipped message="Reason: todo ('test-module_teal.R:1709:5')"/>
    </testcase>
    <testcase time="0.0139999999999993" classname="module_teal" name="isn_t_called_when_data_is_not_teal_data">
      <skipped message="Reason: todo ('test-module_teal.R:1715:5')"/>
    </testcase>
    <testcase time="0.399999999999999" classname="module_teal" name="displays_Obs_only_column_if_all_datasets_have_no_join_keys"/>
    <testcase time="0.397000000000002" classname="module_teal" name="displays_Subjects_with_count_based_on_foreign_key_column"/>
    <testcase time="0.388999999999999" classname="module_teal" name="displays_parent_s_Subjects_with_count_based_on_primary_key"/>
    <testcase time="0.407" classname="module_teal" name="displays_parent_s_Subjects_with_count_based_on_primary_and_foreign_key"/>
    <testcase time="0.520999999999997" classname="module_teal" name="reflects_filters_and_displays_subjects_by_their_unique_id_count"/>
    <testcase time="0.798000000000002" classname="module_teal" name="reflects_added_filters_and_displays_subjects_by_their_unique_id_count"/>
    <testcase time="0.351999999999997" classname="module_teal" name="reflects_transform_adding_new_dataset"/>
    <testcase time="0.350000000000001" classname="module_teal" name="displays_parent_s_Subjects_with_count_based_on_primary_key"/>
    <testcase time="0.408999999999999" classname="module_teal" name="displays_only_module_datanames"/>
    <testcase time="0.513000000000005" classname="module_teal" name="displays_parent_before_child_when_join_keys_are_provided"/>
    <testcase time="0.427" classname="module_teal" name="displays_subset_of_module_datanames_if_not_sufficient"/>
    <testcase time="2.407" classname="module_teal" name="clicking_reset_button_restores_initial_filters_state_when_module_specific"/>
    <testcase time="0.0110000000000028" classname="module_teal" name="clicking_reset_button_restores_initial_filters_state_when_module_specific"/>
    <testcase time="1.597" classname="module_teal" name="clicking_reset_button_restores_initial_filters_with_respect_to_mapping_state_when_module_specific"/>
    <testcase time="0.0150000000000006" classname="module_teal" name="clicking_reset_button_restores_initial_filters_with_respect_to_mapping_state_when_module_specific"/>
    <testcase time="0.00799999999999557" classname="module_teal" name="clicking_reset_button_restores_initial_filters_with_respect_to_mapping_state_when_module_specific"/>
  </testsuite>
  <testsuite name="modules" timestamp="2024-09-04T10:11:39Z" hostname="c1b68ee2ba5c" tests="95" skipped="0" failures="0" errors="0" time="0.389">
    <testcase time="0.0480000000000018" classname="modules" name="Calling_module_does_not_throw"/>
    <testcase time="0.00300000000000011" classname="modules" name="module_requires_label_argument_to_be_a_string_different_than_global_filters_"/>
    <testcase time="0.00500000000000256" classname="modules" name="module_requires_label_argument_to_be_a_string_different_than_global_filters_"/>
    <testcase time="0.00399999999999778" classname="modules" name="module_requires_label_argument_to_be_a_string_different_than_global_filters_"/>
    <testcase time="0.00500000000000256" classname="modules" name="module_requires_label_argument_to_be_a_string_different_than_global_filters_"/>
    <testcase time="0.00399999999999778" classname="modules" name="module_requires_label_argument_to_be_a_string_different_than_global_filters_"/>
    <testcase time="0.00399999999999778" classname="modules" name="module_warns_when_server_contains_datasets_argument"/>
    <testcase time="0.00300000000000011" classname="modules" name="module_expects_server_being_a_shiny_server_module_with_any_argument"/>
    <testcase time="0.000999999999997669" classname="modules" name="module_expects_server_being_a_shiny_server_module_with_any_argument"/>
    <testcase time="0.00200000000000244" classname="modules" name="module_expects_server_being_a_shiny_server_module_with_any_argument"/>
    <testcase time="0.00399999999999778" classname="modules" name="module_expects_server_being_a_shiny_server_module_with_any_argument"/>
    <testcase time="0.00400000000000489" classname="modules" name="module_expects_server_being_a_shiny_server_module_with_any_argument"/>
    <testcase time="0.00399999999999778" classname="modules" name="module_requires_server_args_argument_to_be_a_list"/>
    <testcase time="0.000999999999997669" classname="modules" name="module_requires_server_args_argument_to_be_a_list"/>
    <testcase time="0.00200000000000244" classname="modules" name="module_requires_server_args_argument_to_be_a_list"/>
    <testcase time="0.00399999999999778" classname="modules" name="module_requires_server_args_argument_to_be_a_list"/>
    <testcase time="0.00500000000000256" classname="modules" name="module_requires_server_args_argument_to_be_a_list"/>
    <testcase time="0.00300000000000011" classname="modules" name="module_expects_all_server_args_being_a_server_arguments_or_passed_through_..._"/>
    <testcase time="0.00200000000000244" classname="modules" name="module_expects_all_server_args_being_a_server_arguments_or_passed_through_..._"/>
    <testcase time="0.00399999999999778" classname="modules" name="module_expects_all_server_args_being_a_server_arguments_or_passed_through_..._"/>
    <testcase time="0.00399999999999778" classname="modules" name="module_requires_ui_args_argument_to_be_a_list"/>
    <testcase time="0.00100000000000477" classname="modules" name="module_requires_ui_args_argument_to_be_a_list"/>
    <testcase time="0.00199999999999534" classname="modules" name="module_requires_ui_args_argument_to_be_a_list"/>
    <testcase time="0.00400000000000489" classname="modules" name="module_requires_ui_args_argument_to_be_a_list"/>
    <testcase time="0.00499999999999545" classname="modules" name="module_requires_ui_args_argument_to_be_a_list"/>
    <testcase time="0.00600000000000023" classname="modules" name="module_throws_when_ui_has_data_or_datasets_argument"/>
    <testcase time="0.00999999999999801" classname="modules" name="module_throws_when_ui_has_data_or_datasets_argument"/>
    <testcase time="0.00400000000000489" classname="modules" name="module_expects_ui_being_a_shiny_ui_module_with_any_argument"/>
    <testcase time="0.000999999999997669" classname="modules" name="module_expects_ui_being_a_shiny_ui_module_with_any_argument"/>
    <testcase time="0.00399999999999778" classname="modules" name="module_expects_ui_being_a_shiny_ui_module_with_any_argument"/>
    <testcase time="0.00400000000000489" classname="modules" name="module_expects_all_ui_args_being_a_ui_arguments_or_passed_through_..._"/>
    <testcase time="0.000999999999997669" classname="modules" name="module_expects_all_ui_args_being_a_ui_arguments_or_passed_through_..._"/>
    <testcase time="0.00500000000000256" classname="modules" name="module_expects_all_ui_args_being_a_ui_arguments_or_passed_through_..._"/>
    <testcase time="0.00300000000000011" classname="modules" name="module_requires_datanames_argument_to_be_a_character_or_NULL"/>
    <testcase time="0.000999999999997669" classname="modules" name="module_requires_datanames_argument_to_be_a_character_or_NULL"/>
    <testcase time="0.00200000000000244" classname="modules" name="module_requires_datanames_argument_to_be_a_character_or_NULL"/>
    <testcase time="0.00399999999999778" classname="modules" name="module_requires_datanames_argument_to_be_a_character_or_NULL"/>
    <testcase time="0.000999999999997669" classname="modules" name="module_requires_datanames_argument_to_be_a_character_or_NULL"/>
    <testcase time="0.00300000000000011" classname="modules" name="module_returns_list_of_class_teal_module_containing_input_objects"/>
    <testcase time="0.000999999999997669" classname="modules" name="module_returns_list_of_class_teal_module_containing_input_objects"/>
    <testcase time="0.000999999999997669" classname="modules" name="module_returns_list_of_class_teal_module_containing_input_objects"/>
    <testcase time="0.00100000000000477" classname="modules" name="module_returns_list_of_class_teal_module_containing_input_objects"/>
    <testcase time="0.000999999999997669" classname="modules" name="module_returns_list_of_class_teal_module_containing_input_objects"/>
    <testcase time="0.00100000000000477" classname="modules" name="module_returns_list_of_class_teal_module_containing_input_objects"/>
    <testcase time="0.000999999999997669" classname="modules" name="module_returns_list_of_class_teal_module_containing_input_objects"/>
    <testcase time="0.000999999999997669" classname="modules" name="module_returns_list_of_class_teal_module_containing_input_objects"/>
    <testcase time="0.00600000000000023" classname="modules" name="modules_gives_error_if_no_arguments_other_than_label_are_used"/>
    <testcase time="0.00500000000000256" classname="modules" name="modules_gives_error_if_no_arguments_other_than_label_are_used"/>
    <testcase time="0.00300000000000011" classname="modules" name="modules_requires_label_argument_to_be_a_string_"/>
    <testcase time="0.00499999999999545" classname="modules" name="modules_requires_label_argument_to_be_a_string_"/>
    <testcase time="0.00400000000000489" classname="modules" name="modules_requires_label_argument_to_be_a_string_"/>
    <testcase time="0.00399999999999778" classname="modules" name="modules_accept_teal_module_in_..."/>
    <testcase time="0.00300000000000011" classname="modules" name="modules_accept_multiple_teal_module_objects_in_..."/>
    <testcase time="0.00399999999999778" classname="modules" name="modules_accept_multiple_teal_module_and_teal_modules_objects_in_..."/>
    <testcase time="0.00600000000000023" classname="modules" name="modules_does_not_accept_objects_other_than_teal_module_s_in_..."/>
    <testcase time="0.00600000000000023" classname="modules" name="modules_does_not_accept_objects_other_than_teal_module_s_in_..."/>
    <testcase time="0.00400000000000489" classname="modules" name="modules_returns_teal_modules_object_with_label_and_children_slot"/>
    <testcase time="0.000999999999997669" classname="modules" name="modules_returns_teal_modules_object_with_label_and_children_slot"/>
    <testcase time="0.00399999999999778" classname="modules" name="modules_returns_children_as_list_with_list_named_after_label_attributes"/>
    <testcase time="0.00100000000000477" classname="modules" name="modules_returns_children_as_list_with_list_named_after_label_attributes"/>
    <testcase time="0.000999999999997669" classname="modules" name="modules_returns_children_as_list_with_list_named_after_label_attributes"/>
    <testcase time="0.0069999999999979" classname="modules" name="modules_returns_useful_error_message_if_label_argument_not_explicitly_named"/>
    <testcase time="0.00300000000000011" classname="modules" name="modules_returns_children_as_list_with_unique_names_if_labels_are_duplicated"/>
    <testcase time="0.00100000000000477" classname="modules" name="modules_returns_children_as_list_with_unique_names_if_labels_are_duplicated"/>
    <testcase time="0.00199999999999534" classname="modules" name="modules_returns_children_as_list_with_unique_names_if_labels_are_duplicated"/>
    <testcase time="0.00300000000000011" classname="modules" name="modules_depth_accepts_depth_as_integer"/>
    <testcase time="0.00500000000000256" classname="modules" name="modules_depth_accepts_depth_as_integer"/>
    <testcase time="0.00300000000000011" classname="modules" name="modules_depth_returns_depth_0_by_default"/>
    <testcase time="0.00399999999999778" classname="modules" name="modules_depth_accepts_modules_to_be_teal_module_or_teal_modules"/>
    <testcase time="0.00200000000000244" classname="modules" name="modules_depth_accepts_modules_to_be_teal_module_or_teal_modules"/>
    <testcase time="0.00300000000000011" classname="modules" name="modules_depth_returns_depth_same_as_input_for_teal_module"/>
    <testcase time="0.00399999999999778" classname="modules" name="modules_depth_increases_depth_by_1_for_each_teal_modules"/>
    <testcase time="0.00200000000000244" classname="modules" name="modules_depth_increases_depth_by_1_for_each_teal_modules"/>
    <testcase time="0.0109999999999957" classname="modules" name="is_arg_used_throws_error_if_object_is_not_teal_module_or_teal_modules"/>
    <testcase time="0.00500000000000256" classname="modules" name="is_arg_used_throws_error_if_object_is_not_teal_module_or_teal_modules"/>
    <testcase time="0.00399999999999778" classname="modules" name="is_arg_used_returns_true_if_teal_module_has_given_arg_in_server_function_args"/>
    <testcase time="0.00500000000000256" classname="modules" name="is_arg_used_returns_false_if_teal_module_does_not_have_reporter_in_server_function_args"/>
    <testcase time="0.00500000000000256" classname="modules" name="is_arg_used_returns_false_if_teal_modules_has_no_children_using_given_arg_"/>
    <testcase time="0.00300000000000011" classname="modules" name="is_arg_used_returns_false_if_teal_modules_has_no_children_using_given_arg_"/>
    <testcase time="0.00499999999999545" classname="modules" name="is_arg_used_returns_true_if_teal_modules_has_at_least_one_child_using_given_arg_"/>
    <testcase time="0.00300000000000011" classname="modules" name="is_arg_used_returns_true_if_teal_modules_has_at_least_one_child_using_given_arg_"/>
    <testcase time="0.00300000000000011" classname="modules" name="is_arg_used_returns_true_if_teal_modules_has_at_least_one_child_using_given_arg_"/>
    <testcase time="0.00500000000000256" classname="modules" name="is_arg_used_returns_TRUE_FALSE_when_the_arg_is_in_function_formals"/>
    <testcase time="0.00199999999999534" classname="modules" name="is_arg_used_returns_TRUE_FALSE_when_the_arg_is_in_function_formals"/>
    <testcase time="0.007000000000005" classname="modules" name="is_arg_used_accepts_arg_to_be_a_string_only"/>
    <testcase time="0.00399999999999778" classname="modules" name="is_arg_used_accepts_arg_to_be_a_string_only"/>
    <testcase time="0.00500000000000256" classname="modules" name="is_arg_used_accepts_arg_to_be_a_string_only"/>
    <testcase time="0.0069999999999979" classname="modules" name="append_module_throws_error_when_modules_is_not_inherited_from_teal_modules"/>
    <testcase time="0.00500000000000256" classname="modules" name="append_module_throws_error_when_modules_is_not_inherited_from_teal_modules"/>
    <testcase time="0.0069999999999979" classname="modules" name="append_module_throws_error_is_module_is_not_inherited_from_teal_module"/>
    <testcase time="0.00399999999999778" classname="modules" name="append_module_throws_error_is_module_is_not_inherited_from_teal_module"/>
    <testcase time="0.00600000000000023" classname="modules" name="append_module_appends_a_module_to_children_of_not_nested_teal_modules"/>
    <testcase time="0.00500000000000256" classname="modules" name="append_module_appends_a_module_to_children_of_nested_teal_modules"/>
    <testcase time="0.00399999999999778" classname="modules" name="append_module_produces_teal_modules_with_unique_named_children"/>
    <testcase time="0.00399999999999778" classname="modules" name="format.teal_modules_returns_proper_structure"/>
  </testsuite>
  <testsuite name="rcode_utils" timestamp="2024-09-04T10:11:39Z" hostname="c1b68ee2ba5c" tests="7" skipped="0" failures="0" errors="0" time="0.052">
    <testcase time="0.00600000000000023" classname="rcode_utils" name="With_no_teal.load_nest_code_option_set_get_rcode_str_install_returns_default_string"/>
    <testcase time="0.00300000000000011" classname="rcode_utils" name="With_teal.load_nest_code_option_set_to_character_get_rcode_str_install_returns_option_value"/>
    <testcase time="0.00100000000000477" classname="rcode_utils" name="With_teal.load_nest_code_option_set_to_character_get_rcode_str_install_returns_option_value"/>
    <testcase time="0.00300000000000011" classname="rcode_utils" name="When_teal.load_nest_code_option_is_not_character_get_rcode_str_install_silently_returns_default_string"/>
    <testcase time="0.000999999999997669" classname="rcode_utils" name="When_teal.load_nest_code_option_is_not_character_get_rcode_str_install_silently_returns_default_string"/>
    <testcase time="0.0279999999999987" classname="rcode_utils" name="get_rcode_libraries_returns_current_session_packages"/>
    <testcase time="0.0100000000000051" classname="rcode_utils" name="get_datasets_code_returns_code_only_for_specified_datanames"/>
  </testsuite>
  <testsuite name="report_previewer_module" timestamp="2024-09-04T10:11:39Z" hostname="c1b68ee2ba5c" tests="8" skipped="0" failures="0" errors="0" time="0.046">
    <testcase time="0.00599999999999312" classname="report_previewer_module" name="report_previewer_module_has_specific_classes"/>
    <testcase time="0.017000000000003" classname="report_previewer_module" name="report_previewer_module_throws_error_if_label_is_not_string"/>
    <testcase time="0.00500000000000256" classname="report_previewer_module" name="report_previewer_module_throws_error_if_label_is_not_string"/>
    <testcase time="0.00300000000000011" classname="report_previewer_module" name="report_previewer_module_throws_no_error_and_stores_label_if_label_is_string"/>
    <testcase time="0.000999999999997669" classname="report_previewer_module" name="report_previewer_module_throws_no_error_and_stores_label_if_label_is_string"/>
    <testcase time="0.00300000000000011" classname="report_previewer_module" name="report_previewer_module_default_label_is_Report_previewer_"/>
    <testcase time="0.0069999999999979" classname="report_previewer_module" name="report_previewer_module_does_not_accept_server_args_out_of_formals_teal.reporter_reporter_previewer_srv_"/>
    <testcase time="0.00400000000000489" classname="report_previewer_module" name="report_previewer_module_does_not_accept_server_args_out_of_formals_teal.reporter_reporter_previewer_srv_"/>
  </testsuite>
  <testsuite name="shinytest2-data_summary" timestamp="2024-09-04T10:11:39Z" hostname="c1b68ee2ba5c" tests="6" skipped="0" failures="0" errors="0" time="37.24">
    <testcase time="3.759" classname="shinytest2_data_summary" name="e2e_data_summary_list_only_data_names_if_there_is_no_MAE_or_data.frames_in_teal_data"/>
    <testcase time="3.254" classname="shinytest2_data_summary" name="e2e_data_summary_is_displayed_with_2_columns_data_without_keys"/>
    <testcase time="3.591" classname="shinytest2_data_summary" name="e2e_data_summary_displays_datasets_by_topological_sort_of_join_keys"/>
    <testcase time="3.531" classname="shinytest2_data_summary" name="e2e_data_summary_is_displayed_with_3_columns_for_data_with_join_keys"/>
    <testcase time="14.459" classname="shinytest2_data_summary" name="e2e_data_summary_is_displayed_properly_if_teal_data_include_data.frames_with_join_keys_MAE_objects_and_vectors"/>
    <testcase time="8.646" classname="shinytest2_data_summary" name="e2e_data_summary_displays_datasets_by_datanames_order_if_no_join_keys"/>
  </testsuite>
  <testsuite name="shinytest2-filter_panel" timestamp="2024-09-04T10:12:17Z" hostname="c1b68ee2ba5c" tests="3" skipped="0" failures="0" errors="3" time="319.348">
    <testcase time="106.702" classname="shinytest2_filter_panel" name="e2e_module_content_is_updated_when_data_is_filtered_in_filter_panel">
      <error type="error" message="Error in `app_initialize(self, private, app_dir = app_dir, ..., load_timeout = load_timeout,  ('test-shinytest2-filter_panel.R:6:3')">Error in `app_initialize(self, private, app_dir = app_dir, ..., load_timeout = load_timeout, 
    timeout = timeout, wait = wait, expect_values_screenshot_args = expect_values_screenshot_args, 
    screenshot_args = screenshot_args, check_names = check_names, 
    name = name, variant = variant, view = view, height = height, 
    width = width, seed = seed, clean_logs = clean_logs, shiny_args = shiny_args, 
    render_args = render_args, options = options)`: Shiny app did not become stable in 1e+05ms.
Message: An error occurred while waiting for Shiny to be stable
Caused by error in `app_wait_for_idle()`:
! An error occurred while waiting for Shiny to be stable


ℹ You can inspect the failed AppDriver object via `rlang::last_error()$app`
ℹ AppDriver logs:
{shinytest2} R  info   10:12:17.85 Start AppDriver initialization
{shinytest2} R  info   10:12:18.02 Starting Shiny app
{shinytest2} R  info   10:12:23.07 Creating new ChromoteSession
{shinytest2} R  info   10:12:23.10 Navigating to Shiny app
{shinytest2} R  info   10:12:23.23 Injecting shiny-tracer.js
{chromote}   JS info   10:12:23.23 shinytest2; jQuery not found
{chromote}   JS info   10:12:23.24 shinytest2; Loaded
{shinytest2} R  info   10:12:23.24 Waiting for Shiny to become ready
{chromote}   JS info   10:12:23.33 shinytest2; jQuery found
{chromote}   JS info   10:12:23.33 shinytest2; Waiting for shiny session to connect
{chromote}   JS info   10:12:23.42 shinytest2; Connected
{shinytest2} R  info   10:12:23.45 Waiting for Shiny to become idle for 200ms within 1e+05ms
{chromote}   JS info   10:12:23.46 shinytest2; Waiting for Shiny to be stable
{chromote}   JS info   10:12:23.46 shinytest2; shiny:busy
{shinytest2} R  info   10:14:03.47 Error while initializing AppDriver:
                                   Shiny app did not become stable in 1e+05ms.
                                   Message: An error occurred while waiting for Shiny to be stable
                                   Caused by error in `app_wait_for_idle()`:
                                   ! An error occurred while waiting for Shiny to be stable
{shiny}      R  stderr ----------- Loading required package: shiny
{shiny}      R  stderr ----------- Registered S3 method overwritten by 'teal':
{shiny}      R  stderr -----------   method        from      
{shiny}      R  stderr -----------   c.teal_slices teal.slice
{shiny}      R  stderr ----------- Attempting to load the environment ‘package:MultiAssayExperiment’
{shiny}      R  stderr ----------- 
{shiny}      R  stderr ----------- Attaching package: ‘MatrixGenerics’
{shiny}      R  stderr ----------- 
{shiny}      R  stderr ----------- The following objects are masked from ‘package:matrixStats’:
{shiny}      R  stderr ----------- 
{shiny}      R  stderr -----------     colAlls, colAnyNAs, colAnys, colAvgsPerRowSet, colCollapse,
{shiny}      R  stderr -----------     colCounts, colCummaxs, colCummins, colCumprods, colCumsums,
{shiny}      R  stderr -----------     colDiffs, colIQRDiffs, colIQRs, colLogSumExps, colMadDiffs,
{shiny}      R  stderr -----------     colMads, colMaxs, colMeans2, colMedians, colMins, colOrderStats,
{shiny}      R  stderr -----------     colProds, colQuantiles, colRanges, colRanks, colSdDiffs, colSds,
{shiny}      R  stderr -----------     colSums2, colTabulates, colVarDiffs, colVars, colWeightedMads,
{shiny}      R  stderr -----------     colWeightedMeans, colWeightedMedians, colWeightedSds,
{shiny}      R  stderr -----------     colWeightedVars, rowAlls, rowAnyNAs, rowAnys, rowAvgsPerColSet,
{shiny}      R  stderr -----------     rowCollapse, rowCounts, rowCummaxs, rowCummins, rowCumprods,
{shiny}      R  stderr -----------     rowCumsums, rowDiffs, rowIQRDiffs, rowIQRs, rowLogSumExps,
{shiny}      R  stderr -----------     rowMadDiffs, rowMads, rowMaxs, rowMeans2, rowMedians, rowMins,
{shiny}      R  stderr -----------     rowOrderStats, rowProds, rowQuantiles, rowRanges, rowRanks,
{shiny}      R  stderr -----------     rowSdDiffs, rowSds, rowSums2, rowTabulates, rowVarDiffs, rowVars,
{shiny}      R  stderr -----------     rowWeightedMads, rowWeightedMeans, rowWeightedMedians,
{shiny}      R  stderr -----------     rowWeightedSds, rowWeightedVars
{shiny}      R  stderr ----------- 
{shiny}      R  stderr ----------- 
{shiny}      R  stderr ----------- Attaching package: ‘BiocGenerics’
{shiny}      R  stderr ----------- 
{shiny}      R  stderr ----------- The following objects are masked from ‘package:stats’:
{shiny}      R  stderr ----------- 
{shiny}      R  stderr -----------     IQR, mad, sd, var, xtabs
{shiny}      R  stderr ----------- 
{shiny}      R  stderr ----------- The following objects are masked from ‘package:base’:
{shiny}      R  stderr ----------- 
{shiny}      R  stderr -----------     Filter, Find, Map, Position, Reduce, anyDuplicated, aperm, append,
{shiny}      R  stderr -----------     as.data.frame, basename, cbind, colnames, dirname, do.call,
{shiny}      R  stderr -----------     duplicated, eval, evalq, get, grep, grepl, intersect, is.unsorted,
{shiny}      R  stderr -----------     lapply, mapply, match, mget, order, paste, pmax, pmax.int, pmin,
{shiny}      R  stderr -----------     pmin.int, rank, rbind, rownames, sapply, setdiff, table, tapply,
{shiny}      R  stderr -----------     union, unique, unsplit, which.max, which.min
{shiny}      R  stderr ----------- 
{shiny}      R  stderr ----------- 
{shiny}      R  stderr ----------- Attaching package: ‘S4Vectors’
{shiny}      R  stderr ----------- 
{shiny}      R  stderr ----------- The following object is masked from ‘package:utils’:
{shiny}      R  stderr ----------- 
{shiny}      R  stderr -----------     findMatches
{shiny}      R  stderr ----------- 
{shiny}      R  stderr ----------- The following objects are masked from ‘package:base’:
{shiny}      R  stderr ----------- 
{shiny}      R  stderr -----------     I, expand.grid, unname
{shiny}      R  stderr ----------- 
{shiny}      R  stderr ----------- Welcome to Bioconductor
{shiny}      R  stderr ----------- 
{shiny}      R  stderr -----------     Vignettes contain introductory material; view with
{shiny}      R  stderr -----------     'browseVignettes()'. To cite Bioconductor, see
{shiny}      R  stderr -----------     'citation("Biobase")', and for packages 'citation("pkgname")'.
{shiny}      R  stderr ----------- 
{shiny}      R  stderr ----------- 
{shiny}      R  stderr ----------- Attaching package: ‘Biobase’
{shiny}      R  stderr ----------- 
{shiny}      R  stderr ----------- The following object is masked from ‘package:MatrixGenerics’:
{shiny}      R  stderr ----------- 
{shiny}      R  stderr -----------     rowMedians
{shiny}      R  stderr ----------- 
{shiny}      R  stderr ----------- The following objects are masked from ‘package:matrixStats’:
{shiny}      R  stderr ----------- 
{shiny}      R  stderr -----------     anyMissing, rowMedians
{shiny}      R  stderr ----------- 
{shiny}      R  stderr ----------- Loading required package: teal.data
{shiny}      R  stderr ----------- Loading required package: teal.code
{shiny}      R  stderr ----------- Loading required package: teal.slice
{shiny}      R  stderr ----------- 
{shiny}      R  stderr ----------- You are using teal version 0.15.2.9059
{shiny}      R  stderr ----------- 
{shiny}      R  stderr ----------- Attaching package: ‘teal’
{shiny}      R  stderr ----------- 
{shiny}      R  stderr ----------- The following objects are masked from ‘package:teal.slice’:
{shiny}      R  stderr ----------- 
{shiny}      R  stderr -----------     as.teal_slices, teal_slices
{shiny}      R  stderr ----------- 
{shiny}      R  stderr ----------- Running application in test mode.
{shiny}      R  stderr ----------- 
{shiny}      R  stderr ----------- Listening on http://127.0.0.1:4561
{shiny}      R  stderr ----------- Warning: Error in &lt;Anonymous&gt;: Assertion on 'isolate(data())' failed: Must inherit from class 'teal_data', but has classes 'shiny.silent.error','validation','error','condition'.
{shiny}      R  stderr -----------   14: &lt;Anonymous&gt;
{shiny}      R  stderr -----------   12: &lt;Anonymous&gt;
{shiny}      R  stderr -----------   11: &lt;Anonymous&gt;
{shiny}      R  stderr -----------   10: base::do.call
{shiny}      R  stderr -----------    9: base::saveRDS
{shiny}      R  stderr -----------    8: base::withCallingHandlers
{shiny}      R  stderr -----------    7: doTryCatch
{shiny}      R  stderr -----------    6: tryCatchOne
{shiny}      R  stderr -----------    5: tryCatchList
{shiny}      R  stderr -----------    2: tryCatchList
{shiny}      R  stderr -----------    1: base::tryCatch


Caused by error in `app_initialize_()`:
! Shiny app did not become stable in 1e+05ms.
Message: An error occurred while waiting for Shiny to be stable
Caused by error in `app_wait_for_idle()`:
! An error occurred while waiting for Shiny to be stable
Backtrace:
     ▆
  1. ├─TealAppDriver$new(...) at test-shinytest2-filter_panel.R:6:3
  2. │ └─teal (local) initialize(...)
  3. │   ├─base::suppressWarnings(...)
  4. │   │ └─base::withCallingHandlers(...)
  5. │   └─super$initialize(...)
  6. │     └─shinytest2:::app_initialize(...)
  7. │       ├─base::withCallingHandlers(...)
  8. │       └─shinytest2:::app_initialize_(self, private, ..., view = view)
  9. │         ├─base::withCallingHandlers(...)
 10. │         └─self$wait_for_idle(duration = 200, timeout = private$load_timeout)
 11. │           └─shinytest2:::app_wait_for_idle(...)
 12. │             └─shinytest2:::app_abort(self, private, "An error occurred while waiting for Shiny to be stable")
 13. │               └─rlang::abort(..., app = self, call = call)
 14. │                 └─rlang:::signal_abort(cnd, .file)
 15. │                   └─base::signalCondition(cnd)
 16. ├─shinytest2 (local) `&lt;fn&gt;`(`&lt;rlng_rrr&gt;`)
 17. │ └─shinytest2:::app_abort(...)
 18. │   └─rlang::abort(..., app = self, call = call)
 19. │     └─rlang:::signal_abort(cnd, .file)
 20. │       └─base::signalCondition(cnd)
 21. └─shinytest2 (local) `&lt;fn&gt;`(`&lt;rlng_rrr&gt;`)
 22.   └─shinytest2:::app_abort(...)
 23.     └─rlang::abort(..., app = self, call = call)</error>
    </testcase>
    <testcase time="106.322" classname="shinytest2_filter_panel" name="e2e_filtering_a_module_specific_filter_is_reflected_in_other_shared_module">
      <error type="error" message="Error in `app_initialize(self, private, app_dir = app_dir, ..., load_timeout = load_timeout,  ('test-shinytest2-filter_panel.R:33:3')">Error in `app_initialize(self, private, app_dir = app_dir, ..., load_timeout = load_timeout, 
    timeout = timeout, wait = wait, expect_values_screenshot_args = expect_values_screenshot_args, 
    screenshot_args = screenshot_args, check_names = check_names, 
    name = name, variant = variant, view = view, height = height, 
    width = width, seed = seed, clean_logs = clean_logs, shiny_args = shiny_args, 
    render_args = render_args, options = options)`: Shiny app did not become stable in 1e+05ms.
Message: An error occurred while waiting for Shiny to be stable
Caused by error in `app_wait_for_idle()`:
! An error occurred while waiting for Shiny to be stable


ℹ You can inspect the failed AppDriver object via `rlang::last_error()$app`
ℹ AppDriver logs:
{shinytest2} R  info   10:14:04.22 Start AppDriver initialization
{shinytest2} R  info   10:14:04.34 Starting Shiny app
{shinytest2} R  info   10:14:09.39 Creating new ChromoteSession
{shinytest2} R  info   10:14:09.43 Navigating to Shiny app
{shinytest2} R  info   10:14:09.56 Injecting shiny-tracer.js
{chromote}   JS info   10:14:09.57 shinytest2; jQuery not found
{chromote}   JS info   10:14:09.57 shinytest2; Loaded
{shinytest2} R  info   10:14:09.57 Waiting for Shiny to become ready
{chromote}   JS info   10:14:09.66 shinytest2; jQuery found
{chromote}   JS info   10:14:09.66 shinytest2; Waiting for shiny session to connect
{chromote}   JS info   10:14:09.74 shinytest2; Connected
{shinytest2} R  info   10:14:09.78 Waiting for Shiny to become idle for 200ms within 1e+05ms
{chromote}   JS info   10:14:09.78 shinytest2; Waiting for Shiny to be stable
{chromote}   JS info   10:14:09.79 shinytest2; shiny:busy
{shinytest2} R  info   10:15:49.80 Error while initializing AppDriver:
                                   Shiny app did not become stable in 1e+05ms.
                                   Message: An error occurred while waiting for Shiny to be stable
                                   Caused by error in `app_wait_for_idle()`:
                                   ! An error occurred while waiting for Shiny to be stable
{shiny}      R  stderr ----------- Loading required package: shiny
{shiny}      R  stderr ----------- Registered S3 method overwritten by 'teal':
{shiny}      R  stderr -----------   method        from      
{shiny}      R  stderr -----------   c.teal_slices teal.slice
{shiny}      R  stderr ----------- Attempting to load the environment ‘package:MultiAssayExperiment’
{shiny}      R  stderr ----------- 
{shiny}      R  stderr ----------- Attaching package: ‘MatrixGenerics’
{shiny}      R  stderr ----------- 
{shiny}      R  stderr ----------- The following objects are masked from ‘package:matrixStats’:
{shiny}      R  stderr ----------- 
{shiny}      R  stderr -----------     colAlls, colAnyNAs, colAnys, colAvgsPerRowSet, colCollapse,
{shiny}      R  stderr -----------     colCounts, colCummaxs, colCummins, colCumprods, colCumsums,
{shiny}      R  stderr -----------     colDiffs, colIQRDiffs, colIQRs, colLogSumExps, colMadDiffs,
{shiny}      R  stderr -----------     colMads, colMaxs, colMeans2, colMedians, colMins, colOrderStats,
{shiny}      R  stderr -----------     colProds, colQuantiles, colRanges, colRanks, colSdDiffs, colSds,
{shiny}      R  stderr -----------     colSums2, colTabulates, colVarDiffs, colVars, colWeightedMads,
{shiny}      R  stderr -----------     colWeightedMeans, colWeightedMedians, colWeightedSds,
{shiny}      R  stderr -----------     colWeightedVars, rowAlls, rowAnyNAs, rowAnys, rowAvgsPerColSet,
{shiny}      R  stderr -----------     rowCollapse, rowCounts, rowCummaxs, rowCummins, rowCumprods,
{shiny}      R  stderr -----------     rowCumsums, rowDiffs, rowIQRDiffs, rowIQRs, rowLogSumExps,
{shiny}      R  stderr -----------     rowMadDiffs, rowMads, rowMaxs, rowMeans2, rowMedians, rowMins,
{shiny}      R  stderr -----------     rowOrderStats, rowProds, rowQuantiles, rowRanges, rowRanks,
{shiny}      R  stderr -----------     rowSdDiffs, rowSds, rowSums2, rowTabulates, rowVarDiffs, rowVars,
{shiny}      R  stderr -----------     rowWeightedMads, rowWeightedMeans, rowWeightedMedians,
{shiny}      R  stderr -----------     rowWeightedSds, rowWeightedVars
{shiny}      R  stderr ----------- 
{shiny}      R  stderr ----------- 
{shiny}      R  stderr ----------- Attaching package: ‘BiocGenerics’
{shiny}      R  stderr ----------- 
{shiny}      R  stderr ----------- The following objects are masked from ‘package:stats’:
{shiny}      R  stderr ----------- 
{shiny}      R  stderr -----------     IQR, mad, sd, var, xtabs
{shiny}      R  stderr ----------- 
{shiny}      R  stderr ----------- The following objects are masked from ‘package:base’:
{shiny}      R  stderr ----------- 
{shiny}      R  stderr -----------     Filter, Find, Map, Position, Reduce, anyDuplicated, aperm, append,
{shiny}      R  stderr -----------     as.data.frame, basename, cbind, colnames, dirname, do.call,
{shiny}      R  stderr -----------     duplicated, eval, evalq, get, grep, grepl, intersect, is.unsorted,
{shiny}      R  stderr -----------     lapply, mapply, match, mget, order, paste, pmax, pmax.int, pmin,
{shiny}      R  stderr -----------     pmin.int, rank, rbind, rownames, sapply, setdiff, table, tapply,
{shiny}      R  stderr -----------     union, unique, unsplit, which.max, which.min
{shiny}      R  stderr ----------- 
{shiny}      R  stderr ----------- 
{shiny}      R  stderr ----------- Attaching package: ‘S4Vectors’
{shiny}      R  stderr ----------- 
{shiny}      R  stderr ----------- The following object is masked from ‘package:utils’:
{shiny}      R  stderr ----------- 
{shiny}      R  stderr -----------     findMatches
{shiny}      R  stderr ----------- 
{shiny}      R  stderr ----------- The following objects are masked from ‘package:base’:
{shiny}      R  stderr ----------- 
{shiny}      R  stderr -----------     I, expand.grid, unname
{shiny}      R  stderr ----------- 
{shiny}      R  stderr ----------- Welcome to Bioconductor
{shiny}      R  stderr ----------- 
{shiny}      R  stderr -----------     Vignettes contain introductory material; view with
{shiny}      R  stderr -----------     'browseVignettes()'. To cite Bioconductor, see
{shiny}      R  stderr -----------     'citation("Biobase")', and for packages 'citation("pkgname")'.
{shiny}      R  stderr ----------- 
{shiny}      R  stderr ----------- 
{shiny}      R  stderr ----------- Attaching package: ‘Biobase’
{shiny}      R  stderr ----------- 
{shiny}      R  stderr ----------- The following object is masked from ‘package:MatrixGenerics’:
{shiny}      R  stderr ----------- 
{shiny}      R  stderr -----------     rowMedians
{shiny}      R  stderr ----------- 
{shiny}      R  stderr ----------- The following objects are masked from ‘package:matrixStats’:
{shiny}      R  stderr ----------- 
{shiny}      R  stderr -----------     anyMissing, rowMedians
{shiny}      R  stderr ----------- 
{shiny}      R  stderr ----------- Loading required package: teal.data
{shiny}      R  stderr ----------- Loading required package: teal.code
{shiny}      R  stderr ----------- Loading required package: teal.slice
{shiny}      R  stderr ----------- 
{shiny}      R  stderr ----------- You are using teal version 0.15.2.9059
{shiny}      R  stderr ----------- 
{shiny}      R  stderr ----------- Attaching package: ‘teal’
{shiny}      R  stderr ----------- 
{shiny}      R  stderr ----------- The following objects are masked from ‘package:teal.slice’:
{shiny}      R  stderr ----------- 
{shiny}      R  stderr -----------     as.teal_slices, teal_slices
{shiny}      R  stderr ----------- 
{shiny}      R  stderr ----------- Running application in test mode.
{shiny}      R  stderr ----------- 
{shiny}      R  stderr ----------- Listening on http://127.0.0.1:7302
{shiny}      R  stderr ----------- Warning: Error in &lt;Anonymous&gt;: Assertion on 'isolate(data())' failed: Must inherit from class 'teal_data', but has classes 'shiny.silent.error','validation','error','condition'.
{shiny}      R  stderr -----------   14: &lt;Anonymous&gt;
{shiny}      R  stderr -----------   12: &lt;Anonymous&gt;
{shiny}      R  stderr -----------   11: &lt;Anonymous&gt;
{shiny}      R  stderr -----------   10: base::do.call
{shiny}      R  stderr -----------    9: base::saveRDS
{shiny}      R  stderr -----------    8: base::withCallingHandlers
{shiny}      R  stderr -----------    7: doTryCatch
{shiny}      R  stderr -----------    6: tryCatchOne
{shiny}      R  stderr -----------    5: tryCatchList
{shiny}      R  stderr -----------    2: tryCatchList
{shiny}      R  stderr -----------    1: base::tryCatch


Caused by error in `app_initialize_()`:
! Shiny app did not become stable in 1e+05ms.
Message: An error occurred while waiting for Shiny to be stable
Caused by error in `app_wait_for_idle()`:
! An error occurred while waiting for Shiny to be stable
Backtrace:
     ▆
  1. ├─TealAppDriver$new(...) at test-shinytest2-filter_panel.R:33:3
  2. │ └─teal (local) initialize(...)
  3. │   ├─base::suppressWarnings(...)
  4. │   │ └─base::withCallingHandlers(...)
  5. │   └─super$initialize(...)
  6. │     └─shinytest2:::app_initialize(...)
  7. │       ├─base::withCallingHandlers(...)
  8. │       └─shinytest2:::app_initialize_(self, private, ..., view = view)
  9. │         ├─base::withCallingHandlers(...)
 10. │         └─self$wait_for_idle(duration = 200, timeout = private$load_timeout)
 11. │           └─shinytest2:::app_wait_for_idle(...)
 12. │             └─shinytest2:::app_abort(self, private, "An error occurred while waiting for Shiny to be stable")
 13. │               └─rlang::abort(..., app = self, call = call)
 14. │                 └─rlang:::signal_abort(cnd, .file)
 15. │                   └─base::signalCondition(cnd)
 16. ├─shinytest2 (local) `&lt;fn&gt;`(`&lt;rlng_rrr&gt;`)
 17. │ └─shinytest2:::app_abort(...)
 18. │   └─rlang::abort(..., app = self, call = call)
 19. │     └─rlang:::signal_abort(cnd, .file)
 20. │       └─base::signalCondition(cnd)
 21. └─shinytest2 (local) `&lt;fn&gt;`(`&lt;rlng_rrr&gt;`)
 22.   └─shinytest2:::app_abort(...)
 23.     └─rlang::abort(..., app = self, call = call)</error>
    </testcase>
    <testcase time="106.324" classname="shinytest2_filter_panel" name="e2e_filtering_a_module_specific_filter_is_not_refected_in_other_unshared_modules">
      <error type="error" message="Error in `app_initialize(self, private, app_dir = app_dir, ..., load_timeout = load_timeout,  ('test-shinytest2-filter_panel.R:72:3')">Error in `app_initialize(self, private, app_dir = app_dir, ..., load_timeout = load_timeout, 
    timeout = timeout, wait = wait, expect_values_screenshot_args = expect_values_screenshot_args, 
    screenshot_args = screenshot_args, check_names = check_names, 
    name = name, variant = variant, view = view, height = height, 
    width = width, seed = seed, clean_logs = clean_logs, shiny_args = shiny_args, 
    render_args = render_args, options = options)`: Shiny app did not become stable in 1e+05ms.
Message: An error occurred while waiting for Shiny to be stable
Caused by error in `app_wait_for_idle()`:
! An error occurred while waiting for Shiny to be stable


ℹ You can inspect the failed AppDriver object via `rlang::last_error()$app`
ℹ AppDriver logs:
{shinytest2} R  info   10:15:50.54 Start AppDriver initialization
{shinytest2} R  info   10:15:50.66 Starting Shiny app
{shinytest2} R  info   10:15:55.71 Creating new ChromoteSession
{shinytest2} R  info   10:15:55.75 Navigating to Shiny app
{shinytest2} R  info   10:15:55.88 Injecting shiny-tracer.js
{chromote}   JS info   10:15:55.88 shinytest2; jQuery not found
{chromote}   JS info   10:15:55.89 shinytest2; Loaded
{shinytest2} R  info   10:15:55.89 Waiting for Shiny to become ready
{chromote}   JS info   10:15:55.98 shinytest2; jQuery found
{chromote}   JS info   10:15:55.98 shinytest2; Waiting for shiny session to connect
{chromote}   JS info   10:15:56.06 shinytest2; Connected
{shinytest2} R  info   10:15:56.10 Waiting for Shiny to become idle for 200ms within 1e+05ms
{chromote}   JS info   10:15:56.10 shinytest2; Waiting for Shiny to be stable
{chromote}   JS info   10:15:56.12 shinytest2; shiny:busy
{shinytest2} R  info   10:17:36.11 Error while initializing AppDriver:
                                   Shiny app did not become stable in 1e+05ms.
                                   Message: An error occurred while waiting for Shiny to be stable
                                   Caused by error in `app_wait_for_idle()`:
                                   ! An error occurred while waiting for Shiny to be stable
{shiny}      R  stderr ----------- Loading required package: shiny
{shiny}      R  stderr ----------- Registered S3 method overwritten by 'teal':
{shiny}      R  stderr -----------   method        from      
{shiny}      R  stderr -----------   c.teal_slices teal.slice
{shiny}      R  stderr ----------- Attempting to load the environment ‘package:MultiAssayExperiment’
{shiny}      R  stderr ----------- 
{shiny}      R  stderr ----------- Attaching package: ‘MatrixGenerics’
{shiny}      R  stderr ----------- 
{shiny}      R  stderr ----------- The following objects are masked from ‘package:matrixStats’:
{shiny}      R  stderr ----------- 
{shiny}      R  stderr -----------     colAlls, colAnyNAs, colAnys, colAvgsPerRowSet, colCollapse,
{shiny}      R  stderr -----------     colCounts, colCummaxs, colCummins, colCumprods, colCumsums,
{shiny}      R  stderr -----------     colDiffs, colIQRDiffs, colIQRs, colLogSumExps, colMadDiffs,
{shiny}      R  stderr -----------     colMads, colMaxs, colMeans2, colMedians, colMins, colOrderStats,
{shiny}      R  stderr -----------     colProds, colQuantiles, colRanges, colRanks, colSdDiffs, colSds,
{shiny}      R  stderr -----------     colSums2, colTabulates, colVarDiffs, colVars, colWeightedMads,
{shiny}      R  stderr -----------     colWeightedMeans, colWeightedMedians, colWeightedSds,
{shiny}      R  stderr -----------     colWeightedVars, rowAlls, rowAnyNAs, rowAnys, rowAvgsPerColSet,
{shiny}      R  stderr -----------     rowCollapse, rowCounts, rowCummaxs, rowCummins, rowCumprods,
{shiny}      R  stderr -----------     rowCumsums, rowDiffs, rowIQRDiffs, rowIQRs, rowLogSumExps,
{shiny}      R  stderr -----------     rowMadDiffs, rowMads, rowMaxs, rowMeans2, rowMedians, rowMins,
{shiny}      R  stderr -----------     rowOrderStats, rowProds, rowQuantiles, rowRanges, rowRanks,
{shiny}      R  stderr -----------     rowSdDiffs, rowSds, rowSums2, rowTabulates, rowVarDiffs, rowVars,
{shiny}      R  stderr -----------     rowWeightedMads, rowWeightedMeans, rowWeightedMedians,
{shiny}      R  stderr -----------     rowWeightedSds, rowWeightedVars
{shiny}      R  stderr ----------- 
{shiny}      R  stderr ----------- 
{shiny}      R  stderr ----------- Attaching package: ‘BiocGenerics’
{shiny}      R  stderr ----------- 
{shiny}      R  stderr ----------- The following objects are masked from ‘package:stats’:
{shiny}      R  stderr ----------- 
{shiny}      R  stderr -----------     IQR, mad, sd, var, xtabs
{shiny}      R  stderr ----------- 
{shiny}      R  stderr ----------- The following objects are masked from ‘package:base’:
{shiny}      R  stderr ----------- 
{shiny}      R  stderr -----------     Filter, Find, Map, Position, Reduce, anyDuplicated, aperm, append,
{shiny}      R  stderr -----------     as.data.frame, basename, cbind, colnames, dirname, do.call,
{shiny}      R  stderr -----------     duplicated, eval, evalq, get, grep, grepl, intersect, is.unsorted,
{shiny}      R  stderr -----------     lapply, mapply, match, mget, order, paste, pmax, pmax.int, pmin,
{shiny}      R  stderr -----------     pmin.int, rank, rbind, rownames, sapply, setdiff, table, tapply,
{shiny}      R  stderr -----------     union, unique, unsplit, which.max, which.min
{shiny}      R  stderr ----------- 
{shiny}      R  stderr ----------- 
{shiny}      R  stderr ----------- Attaching package: ‘S4Vectors’
{shiny}      R  stderr ----------- 
{shiny}      R  stderr ----------- The following object is masked from ‘package:utils’:
{shiny}      R  stderr ----------- 
{shiny}      R  stderr -----------     findMatches
{shiny}      R  stderr ----------- 
{shiny}      R  stderr ----------- The following objects are masked from ‘package:base’:
{shiny}      R  stderr ----------- 
{shiny}      R  stderr -----------     I, expand.grid, unname
{shiny}      R  stderr ----------- 
{shiny}      R  stderr ----------- Welcome to Bioconductor
{shiny}      R  stderr ----------- 
{shiny}      R  stderr -----------     Vignettes contain introductory material; view with
{shiny}      R  stderr -----------     'browseVignettes()'. To cite Bioconductor, see
{shiny}      R  stderr -----------     'citation("Biobase")', and for packages 'citation("pkgname")'.
{shiny}      R  stderr ----------- 
{shiny}      R  stderr ----------- 
{shiny}      R  stderr ----------- Attaching package: ‘Biobase’
{shiny}      R  stderr ----------- 
{shiny}      R  stderr ----------- The following object is masked from ‘package:MatrixGenerics’:
{shiny}      R  stderr ----------- 
{shiny}      R  stderr -----------     rowMedians
{shiny}      R  stderr ----------- 
{shiny}      R  stderr ----------- The following objects are masked from ‘package:matrixStats’:
{shiny}      R  stderr ----------- 
{shiny}      R  stderr -----------     anyMissing, rowMedians
{shiny}      R  stderr ----------- 
{shiny}      R  stderr ----------- Loading required package: teal.data
{shiny}      R  stderr ----------- Loading required package: teal.code
{shiny}      R  stderr ----------- Loading required package: teal.slice
{shiny}      R  stderr ----------- 
{shiny}      R  stderr ----------- You are using teal version 0.15.2.9059
{shiny}      R  stderr ----------- 
{shiny}      R  stderr ----------- Attaching package: ‘teal’
{shiny}      R  stderr ----------- 
{shiny}      R  stderr ----------- The following objects are masked from ‘package:teal.slice’:
{shiny}      R  stderr ----------- 
{shiny}      R  stderr -----------     as.teal_slices, teal_slices
{shiny}      R  stderr ----------- 
{shiny}      R  stderr ----------- Running application in test mode.
{shiny}      R  stderr ----------- 
{shiny}      R  stderr ----------- Listening on http://127.0.0.1:4254
{shiny}      R  stderr ----------- Warning: Error in &lt;Anonymous&gt;: Assertion on 'isolate(data())' failed: Must inherit from class 'teal_data', but has classes 'shiny.silent.error','validation','error','condition'.
{shiny}      R  stderr -----------   14: &lt;Anonymous&gt;
{shiny}      R  stderr -----------   12: &lt;Anonymous&gt;
{shiny}      R  stderr -----------   11: &lt;Anonymous&gt;
{shiny}      R  stderr -----------   10: base::do.call
{shiny}      R  stderr -----------    9: base::saveRDS
{shiny}      R  stderr -----------    8: base::withCallingHandlers
{shiny}      R  stderr -----------    7: doTryCatch
{shiny}      R  stderr -----------    6: tryCatchOne
{shiny}      R  stderr -----------    5: tryCatchList
{shiny}      R  stderr -----------    2: tryCatchList
{shiny}      R  stderr -----------    1: base::tryCatch


Caused by error in `app_initialize_()`:
! Shiny app did not become stable in 1e+05ms.
Message: An error occurred while waiting for Shiny to be stable
Caused by error in `app_wait_for_idle()`:
! An error occurred while waiting for Shiny to be stable
Backtrace:
     ▆
  1. ├─TealAppDriver$new(...) at test-shinytest2-filter_panel.R:72:3
  2. │ └─teal (local) initialize(...)
  3. │   ├─base::suppressWarnings(...)
  4. │   │ └─base::withCallingHandlers(...)
  5. │   └─super$initialize(...)
  6. │     └─shinytest2:::app_initialize(...)
  7. │       ├─base::withCallingHandlers(...)
  8. │       └─shinytest2:::app_initialize_(self, private, ..., view = view)
  9. │         ├─base::withCallingHandlers(...)
 10. │         └─self$wait_for_idle(duration = 200, timeout = private$load_timeout)
 11. │           └─shinytest2:::app_wait_for_idle(...)
 12. │             └─shinytest2:::app_abort(self, private, "An error occurred while waiting for Shiny to be stable")
 13. │               └─rlang::abort(..., app = self, call = call)
 14. │                 └─rlang:::signal_abort(cnd, .file)
 15. │                   └─base::signalCondition(cnd)
 16. ├─shinytest2 (local) `&lt;fn&gt;`(`&lt;rlng_rrr&gt;`)
 17. │ └─shinytest2:::app_abort(...)
 18. │   └─rlang::abort(..., app = self, call = call)
 19. │     └─rlang:::signal_abort(cnd, .file)
 20. │       └─base::signalCondition(cnd)
 21. └─shinytest2 (local) `&lt;fn&gt;`(`&lt;rlng_rrr&gt;`)
 22.   └─shinytest2:::app_abort(...)
 23.     └─rlang::abort(..., app = self, call = call)</error>
    </testcase>
  </testsuite>
  <testsuite name="shinytest2-init" timestamp="2024-09-04T10:17:36Z" hostname="c1b68ee2ba5c" tests="17" skipped="0" failures="0" errors="0" time="27.208">
    <testcase time="7.89800000000002" classname="shinytest2_init" name="e2e_teal_app_initializes_with_no_errors"/>
    <testcase time="8.50700000000001" classname="shinytest2_init" name="e2e_teal_app_initializes_with_sessionInfo_modal"/>
    <testcase time="2.29199999999997" classname="shinytest2_init" name="e2e_teal_app_initializes_with_sessionInfo_modal"/>
    <testcase time="0.0040000000000191" classname="shinytest2_init" name="e2e_teal_app_initializes_with_sessionInfo_modal"/>
    <testcase time="0.00200000000000955" classname="shinytest2_init" name="e2e_teal_app_initializes_with_sessionInfo_modal"/>
    <testcase time="0.0040000000000191" classname="shinytest2_init" name="e2e_teal_app_initializes_with_sessionInfo_modal"/>
    <testcase time="0.000999999999976353" classname="shinytest2_init" name="e2e_teal_app_initializes_with_sessionInfo_modal"/>
    <testcase time="0.0040000000000191" classname="shinytest2_init" name="e2e_teal_app_initializes_with_sessionInfo_modal"/>
    <testcase time="0.000999999999976353" classname="shinytest2_init" name="e2e_teal_app_initializes_with_sessionInfo_modal"/>
    <testcase time="0.00200000000000955" classname="shinytest2_init" name="e2e_teal_app_initializes_with_sessionInfo_modal"/>
    <testcase time="0.000999999999976353" classname="shinytest2_init" name="e2e_teal_app_initializes_with_sessionInfo_modal"/>
    <testcase time="0.0010000000000332" classname="shinytest2_init" name="e2e_teal_app_initializes_with_sessionInfo_modal"/>
    <testcase time="0.000999999999976353" classname="shinytest2_init" name="e2e_teal_app_initializes_with_sessionInfo_modal"/>
    <testcase time="8.44299999999998" classname="shinytest2_init" name="e2e_init_creates_UI_containing_specified_title_favicon_header_and_footer"/>
    <testcase time="0.0330000000000155" classname="shinytest2_init" name="e2e_init_creates_UI_containing_specified_title_favicon_header_and_footer"/>
    <testcase time="0.007000000000005" classname="shinytest2_init" name="e2e_init_creates_UI_containing_specified_title_favicon_header_and_footer"/>
    <testcase time="0.007000000000005" classname="shinytest2_init" name="e2e_init_creates_UI_containing_specified_title_favicon_header_and_footer"/>
  </testsuite>
  <testsuite name="shinytest2-landing_popup" timestamp="2024-09-04T10:18:03Z" hostname="c1b68ee2ba5c" tests="11" skipped="0" failures="0" errors="0" time="44.987">
    <testcase time="8.57400000000001" classname="shinytest2_landing_popup" name="e2e_teal_app_with_landing_popup_module_initializes_with_no_errors"/>
    <testcase time="8.48500000000001" classname="shinytest2_landing_popup" name="e2e_app_with_default_landing_popup_module_creates_modal_containing_a_button"/>
    <testcase time="10.996" classname="shinytest2_landing_popup" name="e2e_when_default_landing_popup_module_is_closed_it_shows_the_underlying_teal_app"/>
    <testcase time="8.42000000000002" classname="shinytest2_landing_popup" name="e2e_app_with_customized_landing_popup_module_creates_modal_containing_specified_title_content_and_buttons"/>
    <testcase time="0.00499999999999545" classname="shinytest2_landing_popup" name="e2e_app_with_customized_landing_popup_module_creates_modal_containing_specified_title_content_and_buttons"/>
    <testcase time="0.00399999999996226" classname="shinytest2_landing_popup" name="e2e_app_with_customized_landing_popup_module_creates_modal_containing_specified_title_content_and_buttons"/>
    <testcase time="0.0040000000000191" classname="shinytest2_landing_popup" name="e2e_app_with_customized_landing_popup_module_creates_modal_containing_specified_title_content_and_buttons"/>
    <testcase time="0.0160000000000196" classname="shinytest2_landing_popup" name="e2e_app_with_customized_landing_popup_module_creates_modal_containing_specified_title_content_and_buttons"/>
    <testcase time="0.00399999999996226" classname="shinytest2_landing_popup" name="e2e_app_with_customized_landing_popup_module_creates_modal_containing_specified_title_content_and_buttons"/>
    <testcase time="0.00999999999999091" classname="shinytest2_landing_popup" name="e2e_app_with_customized_landing_popup_module_creates_modal_containing_specified_title_content_and_buttons"/>
    <testcase time="8.46900000000005" classname="shinytest2_landing_popup" name="e2e_when_customized_button_in_landing_popup_module_is_clicked_it_redirects_to_a_certain_page"/>
  </testsuite>
  <testsuite name="shinytest2-module_bookmark_manager" timestamp="2024-09-04T10:18:48Z" hostname="c1b68ee2ba5c" tests="4" skipped="0" failures="0" errors="0" time="36.278">
    <testcase time="8.50700000000001" classname="shinytest2_module_bookmark_manager" name="bookmark_manager_button_is_not_rendered_by_default"/>
    <testcase time="8.53199999999998" classname="shinytest2_module_bookmark_manager" name="bookmark_manager_button_is_not_rendered_when_enableBookmarking_url_"/>
    <testcase time="8.464" classname="shinytest2_module_bookmark_manager" name="bookmark_manager_button_is_rendered_when_enableBookmarking_server_"/>
    <testcase time="10.775" classname="shinytest2_module_bookmark_manager" name="bookmark_manager_button_shows_modal_with_url_containing_state_id_when_clicked"/>
  </testsuite>
  <testsuite name="shinytest2-modules" timestamp="2024-09-04T10:19:24Z" hostname="c1b68ee2ba5c" tests="5" skipped="0" failures="1" errors="1" time="136.527">
    <testcase time="8.03200000000004" classname="shinytest2_modules" name="e2e_the_module_server_logic_is_only_triggered_when_the_teal_module_becomes_active">
      <failure type="failure" message="length(test_exports) not equal to 1. ('test-shinytest2-modules.R:33:3')">length(test_exports) not equal to 1.
1/1 mismatches
[1] 2 - 1 == 1</failure>
    </testcase>
    <testcase time="1.00699999999995" classname="shinytest2_modules" name="e2e_the_module_server_logic_is_only_triggered_when_the_teal_module_becomes_active"/>
    <testcase time="10.5360000000001" classname="shinytest2_modules" name="e2e_filter_panel_only_shows_the_data_supplied_using_datanames"/>
    <testcase time="10.328" classname="shinytest2_modules" name="e2e_filter_panel_shows_all_the_datasets_when_datanames_is_all"/>
    <testcase time="106.624" classname="shinytest2_modules" name="e2e_all_the_nested_teal_modules_are_initiated_as_expected">
      <error type="error" message="Error in `app_initialize(self, private, app_dir = app_dir, ..., load_timeout = load_timeout,  ('test-shinytest2-modules.R:78:3')">Error in `app_initialize(self, private, app_dir = app_dir, ..., load_timeout = load_timeout, 
    timeout = timeout, wait = wait, expect_values_screenshot_args = expect_values_screenshot_args, 
    screenshot_args = screenshot_args, check_names = check_names, 
    name = name, variant = variant, view = view, height = height, 
    width = width, seed = seed, clean_logs = clean_logs, shiny_args = shiny_args, 
    render_args = render_args, options = options)`: Shiny app did not become stable in 1e+05ms.
Message: An error occurred while waiting for Shiny to be stable
Caused by error in `app_wait_for_idle()`:
! An error occurred while waiting for Shiny to be stable


ℹ You can inspect the failed AppDriver object via `rlang::last_error()$app`
ℹ AppDriver logs:
{shinytest2} R  info   10:19:55.58 Start AppDriver initialization
{shinytest2} R  info   10:19:55.61 Starting Shiny app
{shinytest2} R  info   10:20:00.66 Creating new ChromoteSession
{shinytest2} R  info   10:20:00.69 Navigating to Shiny app
{shinytest2} R  info   10:20:00.86 Injecting shiny-tracer.js
{chromote}   JS info   10:20:00.87 shinytest2; jQuery not found
{chromote}   JS info   10:20:00.87 shinytest2; Loaded
{shinytest2} R  info   10:20:00.87 Waiting for Shiny to become ready
{chromote}   JS info   10:20:00.96 shinytest2; jQuery found
{chromote}   JS info   10:20:00.96 shinytest2; Waiting for shiny session to connect
{chromote}   JS info   10:20:01.05 shinytest2; Connected
{shinytest2} R  info   10:20:01.08 Waiting for Shiny to become idle for 200ms within 1e+05ms
{chromote}   JS info   10:20:01.09 shinytest2; Waiting for Shiny to be stable
{chromote}   JS info   10:20:01.10 shinytest2; shiny:busy
{shinytest2} R  info   10:21:41.10 Error while initializing AppDriver:
                                   Shiny app did not become stable in 1e+05ms.
                                   Message: An error occurred while waiting for Shiny to be stable
                                   Caused by error in `app_wait_for_idle()`:
                                   ! An error occurred while waiting for Shiny to be stable
{shiny}      R  stderr ----------- Loading required package: shiny
{shiny}      R  stderr ----------- Registered S3 method overwritten by 'teal':
{shiny}      R  stderr -----------   method        from      
{shiny}      R  stderr -----------   c.teal_slices teal.slice
{shiny}      R  stderr ----------- Attempting to load the environment ‘package:MultiAssayExperiment’
{shiny}      R  stderr ----------- 
{shiny}      R  stderr ----------- Attaching package: ‘MatrixGenerics’
{shiny}      R  stderr ----------- 
{shiny}      R  stderr ----------- The following objects are masked from ‘package:matrixStats’:
{shiny}      R  stderr ----------- 
{shiny}      R  stderr -----------     colAlls, colAnyNAs, colAnys, colAvgsPerRowSet, colCollapse,
{shiny}      R  stderr -----------     colCounts, colCummaxs, colCummins, colCumprods, colCumsums,
{shiny}      R  stderr -----------     colDiffs, colIQRDiffs, colIQRs, colLogSumExps, colMadDiffs,
{shiny}      R  stderr -----------     colMads, colMaxs, colMeans2, colMedians, colMins, colOrderStats,
{shiny}      R  stderr -----------     colProds, colQuantiles, colRanges, colRanks, colSdDiffs, colSds,
{shiny}      R  stderr -----------     colSums2, colTabulates, colVarDiffs, colVars, colWeightedMads,
{shiny}      R  stderr -----------     colWeightedMeans, colWeightedMedians, colWeightedSds,
{shiny}      R  stderr -----------     colWeightedVars, rowAlls, rowAnyNAs, rowAnys, rowAvgsPerColSet,
{shiny}      R  stderr -----------     rowCollapse, rowCounts, rowCummaxs, rowCummins, rowCumprods,
{shiny}      R  stderr -----------     rowCumsums, rowDiffs, rowIQRDiffs, rowIQRs, rowLogSumExps,
{shiny}      R  stderr -----------     rowMadDiffs, rowMads, rowMaxs, rowMeans2, rowMedians, rowMins,
{shiny}      R  stderr -----------     rowOrderStats, rowProds, rowQuantiles, rowRanges, rowRanks,
{shiny}      R  stderr -----------     rowSdDiffs, rowSds, rowSums2, rowTabulates, rowVarDiffs, rowVars,
{shiny}      R  stderr -----------     rowWeightedMads, rowWeightedMeans, rowWeightedMedians,
{shiny}      R  stderr -----------     rowWeightedSds, rowWeightedVars
{shiny}      R  stderr ----------- 
{shiny}      R  stderr ----------- 
{shiny}      R  stderr ----------- Attaching package: ‘BiocGenerics’
{shiny}      R  stderr ----------- 
{shiny}      R  stderr ----------- The following objects are masked from ‘package:stats’:
{shiny}      R  stderr ----------- 
{shiny}      R  stderr -----------     IQR, mad, sd, var, xtabs
{shiny}      R  stderr ----------- 
{shiny}      R  stderr ----------- The following objects are masked from ‘package:base’:
{shiny}      R  stderr ----------- 
{shiny}      R  stderr -----------     Filter, Find, Map, Position, Reduce, anyDuplicated, aperm, append,
{shiny}      R  stderr -----------     as.data.frame, basename, cbind, colnames, dirname, do.call,
{shiny}      R  stderr -----------     duplicated, eval, evalq, get, grep, grepl, intersect, is.unsorted,
{shiny}      R  stderr -----------     lapply, mapply, match, mget, order, paste, pmax, pmax.int, pmin,
{shiny}      R  stderr -----------     pmin.int, rank, rbind, rownames, sapply, setdiff, table, tapply,
{shiny}      R  stderr -----------     union, unique, unsplit, which.max, which.min
{shiny}      R  stderr ----------- 
{shiny}      R  stderr ----------- 
{shiny}      R  stderr ----------- Attaching package: ‘S4Vectors’
{shiny}      R  stderr ----------- 
{shiny}      R  stderr ----------- The following object is masked from ‘package:utils’:
{shiny}      R  stderr ----------- 
{shiny}      R  stderr -----------     findMatches
{shiny}      R  stderr ----------- 
{shiny}      R  stderr ----------- The following objects are masked from ‘package:base’:
{shiny}      R  stderr ----------- 
{shiny}      R  stderr -----------     I, expand.grid, unname
{shiny}      R  stderr ----------- 
{shiny}      R  stderr ----------- Welcome to Bioconductor
{shiny}      R  stderr ----------- 
{shiny}      R  stderr -----------     Vignettes contain introductory material; view with
{shiny}      R  stderr -----------     'browseVignettes()'. To cite Bioconductor, see
{shiny}      R  stderr -----------     'citation("Biobase")', and for packages 'citation("pkgname")'.
{shiny}      R  stderr ----------- 
{shiny}      R  stderr ----------- 
{shiny}      R  stderr ----------- Attaching package: ‘Biobase’
{shiny}      R  stderr ----------- 
{shiny}      R  stderr ----------- The following object is masked from ‘package:MatrixGenerics’:
{shiny}      R  stderr ----------- 
{shiny}      R  stderr -----------     rowMedians
{shiny}      R  stderr ----------- 
{shiny}      R  stderr ----------- The following objects are masked from ‘package:matrixStats’:
{shiny}      R  stderr ----------- 
{shiny}      R  stderr -----------     anyMissing, rowMedians
{shiny}      R  stderr ----------- 
{shiny}      R  stderr ----------- Loading required package: teal.data
{shiny}      R  stderr ----------- Loading required package: teal.code
{shiny}      R  stderr ----------- Loading required package: teal.slice
{shiny}      R  stderr ----------- 
{shiny}      R  stderr ----------- You are using teal version 0.15.2.9059
{shiny}      R  stderr ----------- 
{shiny}      R  stderr ----------- Attaching package: ‘teal’
{shiny}      R  stderr ----------- 
{shiny}      R  stderr ----------- The following objects are masked from ‘package:teal.slice’:
{shiny}      R  stderr ----------- 
{shiny}      R  stderr -----------     as.teal_slices, teal_slices
{shiny}      R  stderr ----------- 
{shiny}      R  stderr ----------- Running application in test mode.
{shiny}      R  stderr ----------- 
{shiny}      R  stderr ----------- Listening on http://127.0.0.1:5239
{shiny}      R  stderr ----------- Warning: Error in &lt;Anonymous&gt;: Assertion on 'isolate(data())' failed: Must inherit from class 'teal_data', but has classes 'shiny.silent.error','validation','error','condition'.
{shiny}      R  stderr -----------   14: &lt;Anonymous&gt;
{shiny}      R  stderr -----------   12: &lt;Anonymous&gt;
{shiny}      R  stderr -----------   11: &lt;Anonymous&gt;
{shiny}      R  stderr -----------   10: base::do.call
{shiny}      R  stderr -----------    9: base::saveRDS
{shiny}      R  stderr -----------    8: base::withCallingHandlers
{shiny}      R  stderr -----------    7: doTryCatch
{shiny}      R  stderr -----------    6: tryCatchOne
{shiny}      R  stderr -----------    5: tryCatchList
{shiny}      R  stderr -----------    2: tryCatchList
{shiny}      R  stderr -----------    1: base::tryCatch
{shiny}      R  stderr ----------- Warning: Error in &lt;Anonymous&gt;: Assertion on 'isolate(data())' failed: Must inherit from class 'teal_data', but has classes 'shiny.silent.error','validation','error','condition'.
{shiny}      R  stderr -----------   14: &lt;Anonymous&gt;
{shiny}      R  stderr -----------   12: &lt;Anonymous&gt;
{shiny}      R  stderr -----------   11: &lt;Anonymous&gt;
{shiny}      R  stderr -----------   10: base::do.call
{shiny}      R  stderr -----------    9: base::saveRDS
{shiny}      R  stderr -----------    8: base::withCallingHandlers
{shiny}      R  stderr -----------    7: doTryCatch
{shiny}      R  stderr -----------    6: tryCatchOne
{shiny}      R  stderr -----------    5: tryCatchList
{shiny}      R  stderr -----------    2: tryCatchList
{shiny}      R  stderr -----------    1: base::tryCatch
{shiny}      R  stderr ----------- Warning: Error in &lt;Anonymous&gt;: Assertion on 'isolate(data())' failed: Must inherit from class 'teal_data', but has classes 'shiny.silent.error','validation','error','condition'.
{shiny}      R  stderr -----------   14: &lt;Anonymous&gt;
{shiny}      R  stderr -----------   12: &lt;Anonymous&gt;
{shiny}      R  stderr -----------   11: &lt;Anonymous&gt;
{shiny}      R  stderr -----------   10: base::do.call
{shiny}      R  stderr -----------    9: base::saveRDS
{shiny}      R  stderr -----------    8: base::withCallingHandlers
{shiny}      R  stderr -----------    7: doTryCatch
{shiny}      R  stderr -----------    6: tryCatchOne
{shiny}      R  stderr -----------    5: tryCatchList
{shiny}      R  stderr -----------    2: tryCatchList
{shiny}      R  stderr -----------    1: base::tryCatch
{shiny}      R  stderr ----------- Warning: Error in &lt;Anonymous&gt;: Assertion on 'isolate(data())' failed: Must inherit from class 'teal_data', but has classes 'shiny.silent.error','validation','error','condition'.
{shiny}      R  stderr -----------   14: &lt;Anonymous&gt;
{shiny}      R  stderr -----------   12: &lt;Anonymous&gt;
{shiny}      R  stderr -----------   11: &lt;Anonymous&gt;
{shiny}      R  stderr -----------   10: base::do.call
{shiny}      R  stderr -----------    9: base::saveRDS
{shiny}      R  stderr -----------    8: base::withCallingHandlers
{shiny}      R  stderr -----------    7: doTryCatch
{shiny}      R  stderr -----------    6: tryCatchOne
{shiny}      R  stderr -----------    5: tryCatchList
{shiny}      R  stderr -----------    2: tryCatchList
{shiny}      R  stderr -----------    1: base::tryCatch


Caused by error in `app_initialize_()`:
! Shiny app did not become stable in 1e+05ms.
Message: An error occurred while waiting for Shiny to be stable
Caused by error in `app_wait_for_idle()`:
! An error occurred while waiting for Shiny to be stable
Backtrace:
     ▆
  1. ├─TealAppDriver$new(...) at test-shinytest2-modules.R:78:3
  2. │ └─teal (local) initialize(...)
  3. │   ├─base::suppressWarnings(...)
  4. │   │ └─base::withCallingHandlers(...)
  5. │   └─super$initialize(...)
  6. │     └─shinytest2:::app_initialize(...)
  7. │       ├─base::withCallingHandlers(...)
  8. │       └─shinytest2:::app_initialize_(self, private, ..., view = view)
  9. │         ├─base::withCallingHandlers(...)
 10. │         └─self$wait_for_idle(duration = 200, timeout = private$load_timeout)
 11. │           └─shinytest2:::app_wait_for_idle(...)
 12. │             └─shinytest2:::app_abort(self, private, "An error occurred while waiting for Shiny to be stable")
 13. │               └─rlang::abort(..., app = self, call = call)
 14. │                 └─rlang:::signal_abort(cnd, .file)
 15. │                   └─base::signalCondition(cnd)
 16. ├─shinytest2 (local) `&lt;fn&gt;`(`&lt;rlng_rrr&gt;`)
 17. │ └─shinytest2:::app_abort(...)
 18. │   └─rlang::abort(..., app = self, call = call)
 19. │     └─rlang:::signal_abort(cnd, .file)
 20. │       └─base::signalCondition(cnd)
 21. └─shinytest2 (local) `&lt;fn&gt;`(`&lt;rlng_rrr&gt;`)
 22.   └─shinytest2:::app_abort(...)
 23.     └─rlang::abort(..., app = self, call = call)</error>
    </testcase>
  </testsuite>
  <testsuite name="shinytest2-reporter" timestamp="2024-09-04T10:21:41Z" hostname="c1b68ee2ba5c" tests="8" skipped="0" failures="0" errors="0" time="71.52">
    <testcase time="8.30899999999997" classname="shinytest2_reporter" name="e2e_reporter_tab_is_created_when_a_module_has_reporter"/>
    <testcase time="8.47299999999996" classname="shinytest2_reporter" name="e2e_reporter_tab_is_not_created_when_a_module_has_no_reporter"/>
    <testcase time="18.407" classname="shinytest2_reporter" name="e2e_adding_a_report_card_in_a_module_adds_it_in_the_report_previewer_tab"/>
    <testcase time="0.00700000000006185" classname="shinytest2_reporter" name="e2e_adding_a_report_card_in_a_module_adds_it_in_the_report_previewer_tab"/>
    <testcase time="11.775" classname="shinytest2_reporter" name="e2e_reporter_previewer_module_do_not_show_data_summary_nor_filter_panel"/>
    <testcase time="2.90099999999995" classname="shinytest2_reporter" name="e2e_reporter_previewer_module_do_not_show_data_summary_nor_filter_panel"/>
    <testcase time="18.7810000000001" classname="shinytest2_reporter" name="e2e_reporter_does_not_show_the_secondary_column_that_shows_filter_panel"/>
    <testcase time="2.86699999999996" classname="shinytest2_reporter" name="e2e_reporter_does_not_show_the_secondary_column_that_shows_filter_panel"/>
  </testsuite>
  <testsuite name="shinytest2-show-rcode" timestamp="2024-09-04T10:22:53Z" hostname="c1b68ee2ba5c" tests="9" skipped="0" failures="0" errors="0" time="11.139">
    <testcase time="8.82399999999996" classname="shinytest2_show_rcode" name="e2e_teal_app_initializes_with_Show_R_Code_modal"/>
    <testcase time="2.29399999999998" classname="shinytest2_show_rcode" name="e2e_teal_app_initializes_with_Show_R_Code_modal"/>
    <testcase time="0.00500000000010914" classname="shinytest2_show_rcode" name="e2e_teal_app_initializes_with_Show_R_Code_modal"/>
    <testcase time="0.000999999999976353" classname="shinytest2_show_rcode" name="e2e_teal_app_initializes_with_Show_R_Code_modal"/>
    <testcase time="0.0040000000000191" classname="shinytest2_show_rcode" name="e2e_teal_app_initializes_with_Show_R_Code_modal"/>
    <testcase time="0.00399999999990541" classname="shinytest2_show_rcode" name="e2e_teal_app_initializes_with_Show_R_Code_modal"/>
    <testcase time="0.0040000000000191" classname="shinytest2_show_rcode" name="e2e_teal_app_initializes_with_Show_R_Code_modal"/>
    <testcase time="0.00200000000006639" classname="shinytest2_show_rcode" name="e2e_teal_app_initializes_with_Show_R_Code_modal"/>
    <testcase time="0.000999999999976353" classname="shinytest2_show_rcode" name="e2e_teal_app_initializes_with_Show_R_Code_modal"/>
  </testsuite>
  <testsuite name="shinytest2-teal_data_module" timestamp="2024-09-04T10:23:04Z" hostname="c1b68ee2ba5c" tests="6" skipped="0" failures="0" errors="6" time="612.474">
    <testcase time="102.347" classname="shinytest2_teal_data_module" name="e2e_teal_data_module_will_have_a_delayed_load_of_datasets">
      <error type="error" message="Error in `app_initialize(self, private, app_dir = app_dir, ..., load_timeout = load_timeout,  ('test-shinytest2-teal_data_module.R:29:3')">Error in `app_initialize(self, private, app_dir = app_dir, ..., load_timeout = load_timeout, 
    timeout = timeout, wait = wait, expect_values_screenshot_args = expect_values_screenshot_args, 
    screenshot_args = screenshot_args, check_names = check_names, 
    name = name, variant = variant, view = view, height = height, 
    width = width, seed = seed, clean_logs = clean_logs, shiny_args = shiny_args, 
    render_args = render_args, options = options)`: Shiny app did not become stable in 1e+05ms.
Message: An error occurred while waiting for Shiny to be stable
Caused by error in `app_wait_for_idle()`:
! An error occurred while waiting for Shiny to be stable


ℹ You can inspect the failed AppDriver object via `rlang::last_error()$app`
ℹ AppDriver logs:
{shinytest2} R  info   10:23:04.89 Start AppDriver initialization
{shinytest2} R  info   10:23:04.92 Starting Shiny app
{shinytest2} R  info   10:23:05.76 Creating new ChromoteSession
{shinytest2} R  info   10:23:05.79 Navigating to Shiny app
{shinytest2} R  info   10:23:05.91 Injecting shiny-tracer.js
{chromote}   JS info   10:23:05.92 shinytest2; jQuery not found
{chromote}   JS info   10:23:05.92 shinytest2; Loaded
{shinytest2} R  info   10:23:05.92 Waiting for Shiny to become ready
{chromote}   JS info   10:23:06.01 shinytest2; jQuery found
{chromote}   JS info   10:23:06.01 shinytest2; Waiting for shiny session to connect
{chromote}   JS info   10:23:06.08 shinytest2; Connected
{chromote}   JS info   10:23:06.13 shinytest2; shiny:busy
{shinytest2} R  info   10:23:06.13 Waiting for Shiny to become idle for 200ms within 1e+05ms
{chromote}   JS info   10:23:06.14 shinytest2; Waiting for Shiny to be stable
{shinytest2} R  info   10:24:46.15 Error while initializing AppDriver:
                                   Shiny app did not become stable in 1e+05ms.
                                   Message: An error occurred while waiting for Shiny to be stable
                                   Caused by error in `app_wait_for_idle()`:
                                   ! An error occurred while waiting for Shiny to be stable
{shiny}      R  stderr ----------- Loading required package: shiny
{shiny}      R  stderr ----------- Registered S3 method overwritten by 'teal':
{shiny}      R  stderr -----------   method        from      
{shiny}      R  stderr -----------   c.teal_slices teal.slice
{shiny}      R  stderr ----------- Loading required package: teal.data
{shiny}      R  stderr ----------- Loading required package: teal.code
{shiny}      R  stderr ----------- Loading required package: teal.slice
{shiny}      R  stderr ----------- 
{shiny}      R  stderr ----------- You are using teal version 0.15.2.9059
{shiny}      R  stderr ----------- 
{shiny}      R  stderr ----------- Attaching package: ‘teal’
{shiny}      R  stderr ----------- 
{shiny}      R  stderr ----------- The following objects are masked from ‘package:teal.slice’:
{shiny}      R  stderr ----------- 
{shiny}      R  stderr -----------     as.teal_slices, teal_slices
{shiny}      R  stderr ----------- 
{shiny}      R  stderr ----------- Running application in test mode.
{shiny}      R  stderr ----------- 
{shiny}      R  stderr ----------- Listening on http://127.0.0.1:6956
{shiny}      R  stderr ----------- Warning: Error in &lt;Anonymous&gt;: Assertion on 'isolate(data())' failed: Must inherit from class 'teal_data', but has classes 'shiny.silent.error','validation','error','condition'.
{shiny}      R  stderr -----------   14: &lt;Anonymous&gt;
{shiny}      R  stderr -----------   12: &lt;Anonymous&gt;
{shiny}      R  stderr -----------   11: &lt;Anonymous&gt;
{shiny}      R  stderr -----------   10: base::do.call
{shiny}      R  stderr -----------    9: base::saveRDS
{shiny}      R  stderr -----------    8: base::withCallingHandlers
{shiny}      R  stderr -----------    7: doTryCatch
{shiny}      R  stderr -----------    6: tryCatchOne
{shiny}      R  stderr -----------    5: tryCatchList
{shiny}      R  stderr -----------    2: tryCatchList
{shiny}      R  stderr -----------    1: base::tryCatch


Caused by error in `app_initialize_()`:
! Shiny app did not become stable in 1e+05ms.
Message: An error occurred while waiting for Shiny to be stable
Caused by error in `app_wait_for_idle()`:
! An error occurred while waiting for Shiny to be stable
Backtrace:
     ▆
  1. ├─TealAppDriver$new(data = tdm, modules = example_module(label = "Example Module")) at test-shinytest2-teal_data_module.R:29:3
  2. │ └─teal (local) initialize(...)
  3. │   ├─base::suppressWarnings(...)
  4. │   │ └─base::withCallingHandlers(...)
  5. │   └─super$initialize(...)
  6. │     └─shinytest2:::app_initialize(...)
  7. │       ├─base::withCallingHandlers(...)
  8. │       └─shinytest2:::app_initialize_(self, private, ..., view = view)
  9. │         ├─base::withCallingHandlers(...)
 10. │         └─self$wait_for_idle(duration = 200, timeout = private$load_timeout)
 11. │           └─shinytest2:::app_wait_for_idle(...)
 12. │             └─shinytest2:::app_abort(self, private, "An error occurred while waiting for Shiny to be stable")
 13. │               └─rlang::abort(..., app = self, call = call)
 14. │                 └─rlang:::signal_abort(cnd, .file)
 15. │                   └─base::signalCondition(cnd)
 16. ├─shinytest2 (local) `&lt;fn&gt;`(`&lt;rlng_rrr&gt;`)
 17. │ └─shinytest2:::app_abort(...)
 18. │   └─rlang::abort(..., app = self, call = call)
 19. │     └─rlang:::signal_abort(cnd, .file)
 20. │       └─base::signalCondition(cnd)
 21. └─shinytest2 (local) `&lt;fn&gt;`(`&lt;rlng_rrr&gt;`)
 22.   └─shinytest2:::app_abort(...)
 23.     └─rlang::abort(..., app = self, call = call)</error>
    </testcase>
    <testcase time="102.02" classname="shinytest2_teal_data_module" name="e2e_teal_data_module_shows_validation_errors">
      <error type="error" message="Error in `app_initialize(self, private, app_dir = app_dir, ..., load_timeout = load_timeout,  ('test-shinytest2-teal_data_module.R:65:3')">Error in `app_initialize(self, private, app_dir = app_dir, ..., load_timeout = load_timeout, 
    timeout = timeout, wait = wait, expect_values_screenshot_args = expect_values_screenshot_args, 
    screenshot_args = screenshot_args, check_names = check_names, 
    name = name, variant = variant, view = view, height = height, 
    width = width, seed = seed, clean_logs = clean_logs, shiny_args = shiny_args, 
    render_args = render_args, options = options)`: Shiny app did not become stable in 1e+05ms.
Message: An error occurred while waiting for Shiny to be stable
Caused by error in `app_wait_for_idle()`:
! An error occurred while waiting for Shiny to be stable


ℹ You can inspect the failed AppDriver object via `rlang::last_error()$app`
ℹ AppDriver logs:
{shinytest2} R  info   10:24:46.89 Start AppDriver initialization
{shinytest2} R  info   10:24:46.92 Starting Shiny app
{shinytest2} R  info   10:24:47.76 Creating new ChromoteSession
{shinytest2} R  info   10:24:47.80 Navigating to Shiny app
{shinytest2} R  info   10:24:47.92 Injecting shiny-tracer.js
{chromote}   JS info   10:24:47.93 shinytest2; jQuery not found
{chromote}   JS info   10:24:47.93 shinytest2; Loaded
{shinytest2} R  info   10:24:47.93 Waiting for Shiny to become ready
{chromote}   JS info   10:24:48.02 shinytest2; jQuery found
{chromote}   JS info   10:24:48.02 shinytest2; Waiting for shiny session to connect
{chromote}   JS info   10:24:48.10 shinytest2; Connected
{chromote}   JS info   10:24:48.15 shinytest2; shiny:busy
{shinytest2} R  info   10:24:48.16 Waiting for Shiny to become idle for 200ms within 1e+05ms
{chromote}   JS info   10:24:48.16 shinytest2; Waiting for Shiny to be stable
{shinytest2} R  info   10:26:28.17 Error while initializing AppDriver:
                                   Shiny app did not become stable in 1e+05ms.
                                   Message: An error occurred while waiting for Shiny to be stable
                                   Caused by error in `app_wait_for_idle()`:
                                   ! An error occurred while waiting for Shiny to be stable
{shiny}      R  stderr ----------- Loading required package: shiny
{shiny}      R  stderr ----------- Registered S3 method overwritten by 'teal':
{shiny}      R  stderr -----------   method        from      
{shiny}      R  stderr -----------   c.teal_slices teal.slice
{shiny}      R  stderr ----------- Loading required package: teal.data
{shiny}      R  stderr ----------- Loading required package: teal.code
{shiny}      R  stderr ----------- Loading required package: teal.slice
{shiny}      R  stderr ----------- 
{shiny}      R  stderr ----------- You are using teal version 0.15.2.9059
{shiny}      R  stderr ----------- 
{shiny}      R  stderr ----------- Attaching package: ‘teal’
{shiny}      R  stderr ----------- 
{shiny}      R  stderr ----------- The following objects are masked from ‘package:teal.slice’:
{shiny}      R  stderr ----------- 
{shiny}      R  stderr -----------     as.teal_slices, teal_slices
{shiny}      R  stderr ----------- 
{shiny}      R  stderr ----------- Running application in test mode.
{shiny}      R  stderr ----------- 
{shiny}      R  stderr ----------- Listening on http://127.0.0.1:3927
{shiny}      R  stderr ----------- Warning: Error in &lt;Anonymous&gt;: Assertion on 'isolate(data())' failed: Must inherit from class 'teal_data', but has classes 'shiny.silent.error','validation','error','condition'.
{shiny}      R  stderr -----------   14: &lt;Anonymous&gt;
{shiny}      R  stderr -----------   12: &lt;Anonymous&gt;
{shiny}      R  stderr -----------   11: &lt;Anonymous&gt;
{shiny}      R  stderr -----------   10: base::do.call
{shiny}      R  stderr -----------    9: base::saveRDS
{shiny}      R  stderr -----------    8: base::withCallingHandlers
{shiny}      R  stderr -----------    7: doTryCatch
{shiny}      R  stderr -----------    6: tryCatchOne
{shiny}      R  stderr -----------    5: tryCatchList
{shiny}      R  stderr -----------    2: tryCatchList
{shiny}      R  stderr -----------    1: base::tryCatch


Caused by error in `app_initialize_()`:
! Shiny app did not become stable in 1e+05ms.
Message: An error occurred while waiting for Shiny to be stable
Caused by error in `app_wait_for_idle()`:
! An error occurred while waiting for Shiny to be stable
Backtrace:
     ▆
  1. ├─TealAppDriver$new(data = tdm, modules = example_module(label = "Example Module")) at test-shinytest2-teal_data_module.R:65:3
  2. │ └─teal (local) initialize(...)
  3. │   ├─base::suppressWarnings(...)
  4. │   │ └─base::withCallingHandlers(...)
  5. │   └─super$initialize(...)
  6. │     └─shinytest2:::app_initialize(...)
  7. │       ├─base::withCallingHandlers(...)
  8. │       └─shinytest2:::app_initialize_(self, private, ..., view = view)
  9. │         ├─base::withCallingHandlers(...)
 10. │         └─self$wait_for_idle(duration = 200, timeout = private$load_timeout)
 11. │           └─shinytest2:::app_wait_for_idle(...)
 12. │             └─shinytest2:::app_abort(self, private, "An error occurred while waiting for Shiny to be stable")
 13. │               └─rlang::abort(..., app = self, call = call)
 14. │                 └─rlang:::signal_abort(cnd, .file)
 15. │                   └─base::signalCondition(cnd)
 16. ├─shinytest2 (local) `&lt;fn&gt;`(`&lt;rlng_rrr&gt;`)
 17. │ └─shinytest2:::app_abort(...)
 18. │   └─rlang::abort(..., app = self, call = call)
 19. │     └─rlang:::signal_abort(cnd, .file)
 20. │       └─base::signalCondition(cnd)
 21. └─shinytest2 (local) `&lt;fn&gt;`(`&lt;rlng_rrr&gt;`)
 22.   └─shinytest2:::app_abort(...)
 23.     └─rlang::abort(..., app = self, call = call)</error>
    </testcase>
    <testcase time="102.024" classname="shinytest2_teal_data_module" name="e2e_teal_data_module_inputs_change_teal_data_object_that_is_passed_to_teal_main_UI">
      <error type="error" message="Error in `app_initialize(self, private, app_dir = app_dir, ..., load_timeout = load_timeout,  ('test-shinytest2-teal_data_module.R:109:3')">Error in `app_initialize(self, private, app_dir = app_dir, ..., load_timeout = load_timeout, 
    timeout = timeout, wait = wait, expect_values_screenshot_args = expect_values_screenshot_args, 
    screenshot_args = screenshot_args, check_names = check_names, 
    name = name, variant = variant, view = view, height = height, 
    width = width, seed = seed, clean_logs = clean_logs, shiny_args = shiny_args, 
    render_args = render_args, options = options)`: Shiny app did not become stable in 1e+05ms.
Message: An error occurred while waiting for Shiny to be stable
Caused by error in `app_wait_for_idle()`:
! An error occurred while waiting for Shiny to be stable


ℹ You can inspect the failed AppDriver object via `rlang::last_error()$app`
ℹ AppDriver logs:
{shinytest2} R  info   10:26:28.92 Start AppDriver initialization
{shinytest2} R  info   10:26:28.95 Starting Shiny app
{shinytest2} R  info   10:26:29.79 Creating new ChromoteSession
{shinytest2} R  info   10:26:29.83 Navigating to Shiny app
{shinytest2} R  info   10:26:29.95 Injecting shiny-tracer.js
{chromote}   JS info   10:26:29.96 shinytest2; jQuery not found
{chromote}   JS info   10:26:29.96 shinytest2; Loaded
{shinytest2} R  info   10:26:29.96 Waiting for Shiny to become ready
{chromote}   JS info   10:26:30.05 shinytest2; jQuery found
{chromote}   JS info   10:26:30.06 shinytest2; Waiting for shiny session to connect
{chromote}   JS info   10:26:30.12 shinytest2; Connected
{chromote}   JS info   10:26:30.17 shinytest2; shiny:busy
{shinytest2} R  info   10:26:30.18 Waiting for Shiny to become idle for 200ms within 1e+05ms
{chromote}   JS info   10:26:30.19 shinytest2; Waiting for Shiny to be stable
{shinytest2} R  info   10:28:10.20 Error while initializing AppDriver:
                                   Shiny app did not become stable in 1e+05ms.
                                   Message: An error occurred while waiting for Shiny to be stable
                                   Caused by error in `app_wait_for_idle()`:
                                   ! An error occurred while waiting for Shiny to be stable
{shiny}      R  stderr ----------- Loading required package: shiny
{shiny}      R  stderr ----------- Registered S3 method overwritten by 'teal':
{shiny}      R  stderr -----------   method        from      
{shiny}      R  stderr -----------   c.teal_slices teal.slice
{shiny}      R  stderr ----------- Loading required package: teal.data
{shiny}      R  stderr ----------- Loading required package: teal.code
{shiny}      R  stderr ----------- Loading required package: teal.slice
{shiny}      R  stderr ----------- 
{shiny}      R  stderr ----------- You are using teal version 0.15.2.9059
{shiny}      R  stderr ----------- 
{shiny}      R  stderr ----------- Attaching package: ‘teal’
{shiny}      R  stderr ----------- 
{shiny}      R  stderr ----------- The following objects are masked from ‘package:teal.slice’:
{shiny}      R  stderr ----------- 
{shiny}      R  stderr -----------     as.teal_slices, teal_slices
{shiny}      R  stderr ----------- 
{shiny}      R  stderr ----------- Running application in test mode.
{shiny}      R  stderr ----------- 
{shiny}      R  stderr ----------- Listening on http://127.0.0.1:5864
{shiny}      R  stderr ----------- Warning: Error in &lt;Anonymous&gt;: Assertion on 'isolate(data())' failed: Must inherit from class 'teal_data', but has classes 'shiny.silent.error','validation','error','condition'.
{shiny}      R  stderr -----------   14: &lt;Anonymous&gt;
{shiny}      R  stderr -----------   12: &lt;Anonymous&gt;
{shiny}      R  stderr -----------   11: &lt;Anonymous&gt;
{shiny}      R  stderr -----------   10: base::do.call
{shiny}      R  stderr -----------    9: base::saveRDS
{shiny}      R  stderr -----------    8: base::withCallingHandlers
{shiny}      R  stderr -----------    7: doTryCatch
{shiny}      R  stderr -----------    6: tryCatchOne
{shiny}      R  stderr -----------    5: tryCatchList
{shiny}      R  stderr -----------    2: tryCatchList
{shiny}      R  stderr -----------    1: base::tryCatch


Caused by error in `app_initialize_()`:
! Shiny app did not become stable in 1e+05ms.
Message: An error occurred while waiting for Shiny to be stable
Caused by error in `app_wait_for_idle()`:
! An error occurred while waiting for Shiny to be stable
Backtrace:
     ▆
  1. ├─TealAppDriver$new(data = tdm, modules = example_module(label = "Example Module")) at test-shinytest2-teal_data_module.R:109:3
  2. │ └─teal (local) initialize(...)
  3. │   ├─base::suppressWarnings(...)
  4. │   │ └─base::withCallingHandlers(...)
  5. │   └─super$initialize(...)
  6. │     └─shinytest2:::app_initialize(...)
  7. │       ├─base::withCallingHandlers(...)
  8. │       └─shinytest2:::app_initialize_(self, private, ..., view = view)
  9. │         ├─base::withCallingHandlers(...)
 10. │         └─self$wait_for_idle(duration = 200, timeout = private$load_timeout)
 11. │           └─shinytest2:::app_wait_for_idle(...)
 12. │             └─shinytest2:::app_abort(self, private, "An error occurred while waiting for Shiny to be stable")
 13. │               └─rlang::abort(..., app = self, call = call)
 14. │                 └─rlang:::signal_abort(cnd, .file)
 15. │                   └─base::signalCondition(cnd)
 16. ├─shinytest2 (local) `&lt;fn&gt;`(`&lt;rlng_rrr&gt;`)
 17. │ └─shinytest2:::app_abort(...)
 18. │   └─rlang::abort(..., app = self, call = call)
 19. │     └─rlang:::signal_abort(cnd, .file)
 20. │       └─base::signalCondition(cnd)
 21. └─shinytest2 (local) `&lt;fn&gt;`(`&lt;rlng_rrr&gt;`)
 22.   └─shinytest2:::app_abort(...)
 23.     └─rlang::abort(..., app = self, call = call)</error>
    </testcase>
    <testcase time="102.057" classname="shinytest2_teal_data_module" name="e2e_teal_data_module_gets_removed_after_successful_data_load_when_once_TRUE">
      <error type="error" message="Error in `app_initialize(self, private, app_dir = app_dir, ..., load_timeout = load_timeout,  ('test-shinytest2-teal_data_module.R:155:3')">Error in `app_initialize(self, private, app_dir = app_dir, ..., load_timeout = load_timeout, 
    timeout = timeout, wait = wait, expect_values_screenshot_args = expect_values_screenshot_args, 
    screenshot_args = screenshot_args, check_names = check_names, 
    name = name, variant = variant, view = view, height = height, 
    width = width, seed = seed, clean_logs = clean_logs, shiny_args = shiny_args, 
    render_args = render_args, options = options)`: Shiny app did not become stable in 1e+05ms.
Message: An error occurred while waiting for Shiny to be stable
Caused by error in `app_wait_for_idle()`:
! An error occurred while waiting for Shiny to be stable


ℹ You can inspect the failed AppDriver object via `rlang::last_error()$app`
ℹ AppDriver logs:
{shinytest2} R  info   10:28:10.96 Start AppDriver initialization
{shinytest2} R  info   10:28:10.99 Starting Shiny app
{shinytest2} R  info   10:28:11.83 Creating new ChromoteSession
{shinytest2} R  info   10:28:11.86 Navigating to Shiny app
{shinytest2} R  info   10:28:12.01 Injecting shiny-tracer.js
{chromote}   JS info   10:28:12.02 shinytest2; jQuery not found
{chromote}   JS info   10:28:12.02 shinytest2; Loaded
{shinytest2} R  info   10:28:12.02 Waiting for Shiny to become ready
{chromote}   JS info   10:28:12.12 shinytest2; jQuery found
{chromote}   JS info   10:28:12.12 shinytest2; Waiting for shiny session to connect
{chromote}   JS info   10:28:12.19 shinytest2; Connected
{chromote}   JS info   10:28:12.24 shinytest2; shiny:busy
{shinytest2} R  info   10:28:12.24 Waiting for Shiny to become idle for 200ms within 1e+05ms
{chromote}   JS info   10:28:12.24 shinytest2; Waiting for Shiny to be stable
{shinytest2} R  info   10:29:52.26 Error while initializing AppDriver:
                                   Shiny app did not become stable in 1e+05ms.
                                   Message: An error occurred while waiting for Shiny to be stable
                                   Caused by error in `app_wait_for_idle()`:
                                   ! An error occurred while waiting for Shiny to be stable
{shiny}      R  stderr ----------- Loading required package: shiny
{shiny}      R  stderr ----------- Registered S3 method overwritten by 'teal':
{shiny}      R  stderr -----------   method        from      
{shiny}      R  stderr -----------   c.teal_slices teal.slice
{shiny}      R  stderr ----------- Loading required package: teal.data
{shiny}      R  stderr ----------- Loading required package: teal.code
{shiny}      R  stderr ----------- Loading required package: teal.slice
{shiny}      R  stderr ----------- 
{shiny}      R  stderr ----------- You are using teal version 0.15.2.9059
{shiny}      R  stderr ----------- 
{shiny}      R  stderr ----------- Attaching package: ‘teal’
{shiny}      R  stderr ----------- 
{shiny}      R  stderr ----------- The following objects are masked from ‘package:teal.slice’:
{shiny}      R  stderr ----------- 
{shiny}      R  stderr -----------     as.teal_slices, teal_slices
{shiny}      R  stderr ----------- 
{shiny}      R  stderr ----------- Running application in test mode.
{shiny}      R  stderr ----------- 
{shiny}      R  stderr ----------- Listening on http://127.0.0.1:3872
{shiny}      R  stderr ----------- Warning: Error in &lt;Anonymous&gt;: Assertion on 'isolate(data())' failed: Must inherit from class 'teal_data', but has classes 'shiny.silent.error','validation','error','condition'.
{shiny}      R  stderr -----------   14: &lt;Anonymous&gt;
{shiny}      R  stderr -----------   12: &lt;Anonymous&gt;
{shiny}      R  stderr -----------   11: &lt;Anonymous&gt;
{shiny}      R  stderr -----------   10: base::do.call
{shiny}      R  stderr -----------    9: base::saveRDS
{shiny}      R  stderr -----------    8: base::withCallingHandlers
{shiny}      R  stderr -----------    7: doTryCatch
{shiny}      R  stderr -----------    6: tryCatchOne
{shiny}      R  stderr -----------    5: tryCatchList
{shiny}      R  stderr -----------    2: tryCatchList
{shiny}      R  stderr -----------    1: base::tryCatch


Caused by error in `app_initialize_()`:
! Shiny app did not become stable in 1e+05ms.
Message: An error occurred while waiting for Shiny to be stable
Caused by error in `app_wait_for_idle()`:
! An error occurred while waiting for Shiny to be stable
Backtrace:
     ▆
  1. ├─TealAppDriver$new(data = tdm, modules = example_module(label = "Example Module")) at test-shinytest2-teal_data_module.R:155:3
  2. │ └─teal (local) initialize(...)
  3. │   ├─base::suppressWarnings(...)
  4. │   │ └─base::withCallingHandlers(...)
  5. │   └─super$initialize(...)
  6. │     └─shinytest2:::app_initialize(...)
  7. │       ├─base::withCallingHandlers(...)
  8. │       └─shinytest2:::app_initialize_(self, private, ..., view = view)
  9. │         ├─base::withCallingHandlers(...)
 10. │         └─self$wait_for_idle(duration = 200, timeout = private$load_timeout)
 11. │           └─shinytest2:::app_wait_for_idle(...)
 12. │             └─shinytest2:::app_abort(self, private, "An error occurred while waiting for Shiny to be stable")
 13. │               └─rlang::abort(..., app = self, call = call)
 14. │                 └─rlang:::signal_abort(cnd, .file)
 15. │                   └─base::signalCondition(cnd)
 16. ├─shinytest2 (local) `&lt;fn&gt;`(`&lt;rlng_rrr&gt;`)
 17. │ └─shinytest2:::app_abort(...)
 18. │   └─rlang::abort(..., app = self, call = call)
 19. │     └─rlang:::signal_abort(cnd, .file)
 20. │       └─base::signalCondition(cnd)
 21. └─shinytest2 (local) `&lt;fn&gt;`(`&lt;rlng_rrr&gt;`)
 22.   └─shinytest2:::app_abort(...)
 23.     └─rlang::abort(..., app = self, call = call)</error>
    </testcase>
    <testcase time="102.003" classname="shinytest2_teal_data_module" name="e2e_teal_data_module_is_still_visible_after_successful_data_load_when_once_FALSE">
      <error type="error" message="Error in `app_initialize(self, private, app_dir = app_dir, ..., load_timeout = load_timeout,  ('test-shinytest2-teal_data_module.R:200:3')">Error in `app_initialize(self, private, app_dir = app_dir, ..., load_timeout = load_timeout, 
    timeout = timeout, wait = wait, expect_values_screenshot_args = expect_values_screenshot_args, 
    screenshot_args = screenshot_args, check_names = check_names, 
    name = name, variant = variant, view = view, height = height, 
    width = width, seed = seed, clean_logs = clean_logs, shiny_args = shiny_args, 
    render_args = render_args, options = options)`: Shiny app did not become stable in 1e+05ms.
Message: An error occurred while waiting for Shiny to be stable
Caused by error in `app_wait_for_idle()`:
! An error occurred while waiting for Shiny to be stable


ℹ You can inspect the failed AppDriver object via `rlang::last_error()$app`
ℹ AppDriver logs:
{shinytest2} R  info   10:29:52.99 Start AppDriver initialization
{shinytest2} R  info   10:29:53.02 Starting Shiny app
{shinytest2} R  info   10:29:53.86 Creating new ChromoteSession
{shinytest2} R  info   10:29:53.90 Navigating to Shiny app
{shinytest2} R  info   10:29:54.02 Injecting shiny-tracer.js
{chromote}   JS info   10:29:54.03 shinytest2; jQuery not found
{chromote}   JS info   10:29:54.03 shinytest2; Loaded
{shinytest2} R  info   10:29:54.04 Waiting for Shiny to become ready
{chromote}   JS info   10:29:54.12 shinytest2; jQuery found
{chromote}   JS info   10:29:54.12 shinytest2; Waiting for shiny session to connect
{chromote}   JS info   10:29:54.19 shinytest2; Connected
{chromote}   JS info   10:29:54.24 shinytest2; shiny:busy
{shinytest2} R  info   10:29:54.24 Waiting for Shiny to become idle for 200ms within 1e+05ms
{chromote}   JS info   10:29:54.25 shinytest2; Waiting for Shiny to be stable
{shinytest2} R  info   10:31:34.26 Error while initializing AppDriver:
                                   Shiny app did not become stable in 1e+05ms.
                                   Message: An error occurred while waiting for Shiny to be stable
                                   Caused by error in `app_wait_for_idle()`:
                                   ! An error occurred while waiting for Shiny to be stable
{shiny}      R  stderr ----------- Loading required package: shiny
{shiny}      R  stderr ----------- Registered S3 method overwritten by 'teal':
{shiny}      R  stderr -----------   method        from      
{shiny}      R  stderr -----------   c.teal_slices teal.slice
{shiny}      R  stderr ----------- Loading required package: teal.data
{shiny}      R  stderr ----------- Loading required package: teal.code
{shiny}      R  stderr ----------- Loading required package: teal.slice
{shiny}      R  stderr ----------- 
{shiny}      R  stderr ----------- You are using teal version 0.15.2.9059
{shiny}      R  stderr ----------- 
{shiny}      R  stderr ----------- Attaching package: ‘teal’
{shiny}      R  stderr ----------- 
{shiny}      R  stderr ----------- The following objects are masked from ‘package:teal.slice’:
{shiny}      R  stderr ----------- 
{shiny}      R  stderr -----------     as.teal_slices, teal_slices
{shiny}      R  stderr ----------- 
{shiny}      R  stderr ----------- Running application in test mode.
{shiny}      R  stderr ----------- 
{shiny}      R  stderr ----------- Listening on http://127.0.0.1:6755
{shiny}      R  stderr ----------- Warning: Error in &lt;Anonymous&gt;: Assertion on 'isolate(data())' failed: Must inherit from class 'teal_data', but has classes 'shiny.silent.error','validation','error','condition'.
{shiny}      R  stderr -----------   14: &lt;Anonymous&gt;
{shiny}      R  stderr -----------   12: &lt;Anonymous&gt;
{shiny}      R  stderr -----------   11: &lt;Anonymous&gt;
{shiny}      R  stderr -----------   10: base::do.call
{shiny}      R  stderr -----------    9: base::saveRDS
{shiny}      R  stderr -----------    8: base::withCallingHandlers
{shiny}      R  stderr -----------    7: doTryCatch
{shiny}      R  stderr -----------    6: tryCatchOne
{shiny}      R  stderr -----------    5: tryCatchList
{shiny}      R  stderr -----------    2: tryCatchList
{shiny}      R  stderr -----------    1: base::tryCatch


Caused by error in `app_initialize_()`:
! Shiny app did not become stable in 1e+05ms.
Message: An error occurred while waiting for Shiny to be stable
Caused by error in `app_wait_for_idle()`:
! An error occurred while waiting for Shiny to be stable
Backtrace:
     ▆
  1. ├─TealAppDriver$new(data = tdm, modules = example_module(label = "Example Module")) at test-shinytest2-teal_data_module.R:200:3
  2. │ └─teal (local) initialize(...)
  3. │   ├─base::suppressWarnings(...)
  4. │   │ └─base::withCallingHandlers(...)
  5. │   └─super$initialize(...)
  6. │     └─shinytest2:::app_initialize(...)
  7. │       ├─base::withCallingHandlers(...)
  8. │       └─shinytest2:::app_initialize_(self, private, ..., view = view)
  9. │         ├─base::withCallingHandlers(...)
 10. │         └─self$wait_for_idle(duration = 200, timeout = private$load_timeout)
 11. │           └─shinytest2:::app_wait_for_idle(...)
 12. │             └─shinytest2:::app_abort(self, private, "An error occurred while waiting for Shiny to be stable")
 13. │               └─rlang::abort(..., app = self, call = call)
 14. │                 └─rlang:::signal_abort(cnd, .file)
 15. │                   └─base::signalCondition(cnd)
 16. ├─shinytest2 (local) `&lt;fn&gt;`(`&lt;rlng_rrr&gt;`)
 17. │ └─shinytest2:::app_abort(...)
 18. │   └─rlang::abort(..., app = self, call = call)
 19. │     └─rlang:::signal_abort(cnd, .file)
 20. │       └─base::signalCondition(cnd)
 21. └─shinytest2 (local) `&lt;fn&gt;`(`&lt;rlng_rrr&gt;`)
 22.   └─shinytest2:::app_abort(...)
 23.     └─rlang::abort(..., app = self, call = call)</error>
    </testcase>
    <testcase time="102.023" classname="shinytest2_teal_data_module" name="e2e_teal_data_module_will_make_other_tabs_inactive_before_successful_data_load">
      <error type="error" message="Error in `app_initialize(self, private, app_dir = app_dir, ..., load_timeout = load_timeout,  ('test-shinytest2-teal_data_module.R:240:3')">Error in `app_initialize(self, private, app_dir = app_dir, ..., load_timeout = load_timeout, 
    timeout = timeout, wait = wait, expect_values_screenshot_args = expect_values_screenshot_args, 
    screenshot_args = screenshot_args, check_names = check_names, 
    name = name, variant = variant, view = view, height = height, 
    width = width, seed = seed, clean_logs = clean_logs, shiny_args = shiny_args, 
    render_args = render_args, options = options)`: Shiny app did not become stable in 1e+05ms.
Message: An error occurred while waiting for Shiny to be stable
Caused by error in `app_wait_for_idle()`:
! An error occurred while waiting for Shiny to be stable


ℹ You can inspect the failed AppDriver object via `rlang::last_error()$app`
ℹ AppDriver logs:
{shinytest2} R  info   10:31:34.97 Start AppDriver initialization
{shinytest2} R  info   10:31:35.00 Starting Shiny app
{shinytest2} R  info   10:31:35.84 Creating new ChromoteSession
{shinytest2} R  info   10:31:35.88 Navigating to Shiny app
{shinytest2} R  info   10:31:36.03 Injecting shiny-tracer.js
{chromote}   JS info   10:31:36.04 shinytest2; jQuery not found
{chromote}   JS info   10:31:36.05 shinytest2; Loaded
{shinytest2} R  info   10:31:36.05 Waiting for Shiny to become ready
{chromote}   JS info   10:31:36.16 shinytest2; jQuery found
{chromote}   JS info   10:31:36.16 shinytest2; Waiting for shiny session to connect
{chromote}   JS info   10:31:36.25 shinytest2; Connected
{shinytest2} R  info   10:31:36.26 Waiting for Shiny to become idle for 200ms within 1e+05ms
{chromote}   JS info   10:31:36.26 shinytest2; Waiting for Shiny to be stable
{chromote}   JS info   10:31:36.30 shinytest2; shiny:busy
{shinytest2} R  info   10:33:16.28 Error while initializing AppDriver:
                                   Shiny app did not become stable in 1e+05ms.
                                   Message: An error occurred while waiting for Shiny to be stable
                                   Caused by error in `app_wait_for_idle()`:
                                   ! An error occurred while waiting for Shiny to be stable
{shiny}      R  stderr ----------- Loading required package: shiny
{shiny}      R  stderr ----------- Registered S3 method overwritten by 'teal':
{shiny}      R  stderr -----------   method        from      
{shiny}      R  stderr -----------   c.teal_slices teal.slice
{shiny}      R  stderr ----------- Loading required package: teal.data
{shiny}      R  stderr ----------- Loading required package: teal.code
{shiny}      R  stderr ----------- Loading required package: teal.slice
{shiny}      R  stderr ----------- 
{shiny}      R  stderr ----------- You are using teal version 0.15.2.9059
{shiny}      R  stderr ----------- 
{shiny}      R  stderr ----------- Attaching package: ‘teal’
{shiny}      R  stderr ----------- 
{shiny}      R  stderr ----------- The following objects are masked from ‘package:teal.slice’:
{shiny}      R  stderr ----------- 
{shiny}      R  stderr -----------     as.teal_slices, teal_slices
{shiny}      R  stderr ----------- 
{shiny}      R  stderr ----------- Running application in test mode.
{shiny}      R  stderr ----------- 
{shiny}      R  stderr ----------- Listening on http://127.0.0.1:4015
{shiny}      R  stderr ----------- Warning: Error in &lt;Anonymous&gt;: Assertion on 'isolate(data())' failed: Must inherit from class 'teal_data', but has classes 'shiny.silent.error','validation','error','condition'.
{shiny}      R  stderr -----------   14: &lt;Anonymous&gt;
{shiny}      R  stderr -----------   12: &lt;Anonymous&gt;
{shiny}      R  stderr -----------   11: &lt;Anonymous&gt;
{shiny}      R  stderr -----------   10: base::do.call
{shiny}      R  stderr -----------    9: base::saveRDS
{shiny}      R  stderr -----------    8: base::withCallingHandlers
{shiny}      R  stderr -----------    7: doTryCatch
{shiny}      R  stderr -----------    6: tryCatchOne
{shiny}      R  stderr -----------    5: tryCatchList
{shiny}      R  stderr -----------    2: tryCatchList
{shiny}      R  stderr -----------    1: base::tryCatch
{shiny}      R  stderr ----------- Warning: Error in &lt;Anonymous&gt;: Assertion on 'isolate(data())' failed: Must inherit from class 'teal_data', but has classes 'shiny.silent.error','validation','error','condition'.
{shiny}      R  stderr -----------   14: &lt;Anonymous&gt;
{shiny}      R  stderr -----------   12: &lt;Anonymous&gt;
{shiny}      R  stderr -----------   11: &lt;Anonymous&gt;
{shiny}      R  stderr -----------   10: base::do.call
{shiny}      R  stderr -----------    9: base::saveRDS
{shiny}      R  stderr -----------    8: base::withCallingHandlers
{shiny}      R  stderr -----------    7: doTryCatch
{shiny}      R  stderr -----------    6: tryCatchOne
{shiny}      R  stderr -----------    5: tryCatchList
{shiny}      R  stderr -----------    2: tryCatchList
{shiny}      R  stderr -----------    1: base::tryCatch


Caused by error in `app_initialize_()`:
! Shiny app did not become stable in 1e+05ms.
Message: An error occurred while waiting for Shiny to be stable
Caused by error in `app_wait_for_idle()`:
! An error occurred while waiting for Shiny to be stable
Backtrace:
     ▆
  1. ├─TealAppDriver$new(...) at test-shinytest2-teal_data_module.R:240:3
  2. │ └─teal (local) initialize(...)
  3. │   ├─base::suppressWarnings(...)
  4. │   │ └─base::withCallingHandlers(...)
  5. │   └─super$initialize(...)
  6. │     └─shinytest2:::app_initialize(...)
  7. │       ├─base::withCallingHandlers(...)
  8. │       └─shinytest2:::app_initialize_(self, private, ..., view = view)
  9. │         ├─base::withCallingHandlers(...)
 10. │         └─self$wait_for_idle(duration = 200, timeout = private$load_timeout)
 11. │           └─shinytest2:::app_wait_for_idle(...)
 12. │             └─shinytest2:::app_abort(self, private, "An error occurred while waiting for Shiny to be stable")
 13. │               └─rlang::abort(..., app = self, call = call)
 14. │                 └─rlang:::signal_abort(cnd, .file)
 15. │                   └─base::signalCondition(cnd)
 16. ├─shinytest2 (local) `&lt;fn&gt;`(`&lt;rlng_rrr&gt;`)
 17. │ └─shinytest2:::app_abort(...)
 18. │   └─rlang::abort(..., app = self, call = call)
 19. │     └─rlang:::signal_abort(cnd, .file)
 20. │       └─base::signalCondition(cnd)
 21. └─shinytest2 (local) `&lt;fn&gt;`(`&lt;rlng_rrr&gt;`)
 22.   └─shinytest2:::app_abort(...)
 23.     └─rlang::abort(..., app = self, call = call)</error>
    </testcase>
  </testsuite>
  <testsuite name="shinytest2-teal_slices" timestamp="2024-09-04T10:33:16Z" hostname="c1b68ee2ba5c" tests="2" skipped="0" failures="0" errors="2" time="213.294">
    <testcase time="106.673" classname="shinytest2_teal_slices" name="e2e_teal_slices_filters_are_initialized_when_global_filters_are_created">
      <error type="error" message="Error in `app_initialize(self, private, app_dir = app_dir, ..., load_timeout = load_timeout,  ('test-shinytest2-teal_slices.R:6:3')">Error in `app_initialize(self, private, app_dir = app_dir, ..., load_timeout = load_timeout, 
    timeout = timeout, wait = wait, expect_values_screenshot_args = expect_values_screenshot_args, 
    screenshot_args = screenshot_args, check_names = check_names, 
    name = name, variant = variant, view = view, height = height, 
    width = width, seed = seed, clean_logs = clean_logs, shiny_args = shiny_args, 
    render_args = render_args, options = options)`: Shiny app did not become stable in 1e+05ms.
Message: An error occurred while waiting for Shiny to be stable
Caused by error in `app_wait_for_idle()`:
! An error occurred while waiting for Shiny to be stable


ℹ You can inspect the failed AppDriver object via `rlang::last_error()$app`
ℹ AppDriver logs:
{shinytest2} R  info   10:33:17.01 Start AppDriver initialization
{shinytest2} R  info   10:33:17.18 Starting Shiny app
{shinytest2} R  info   10:33:22.44 Creating new ChromoteSession
{shinytest2} R  info   10:33:22.47 Navigating to Shiny app
{shinytest2} R  info   10:33:22.68 Injecting shiny-tracer.js
{chromote}   JS info   10:33:22.69 shinytest2; jQuery not found
{chromote}   JS info   10:33:22.69 shinytest2; Loaded
{shinytest2} R  info   10:33:22.69 Waiting for Shiny to become ready
{chromote}   JS info   10:33:22.81 shinytest2; jQuery found
{chromote}   JS info   10:33:22.81 shinytest2; Waiting for shiny session to connect
{chromote}   JS info   10:33:22.89 shinytest2; Connected
{shinytest2} R  info   10:33:22.91 Waiting for Shiny to become idle for 200ms within 1e+05ms
{chromote}   JS info   10:33:22.91 shinytest2; Waiting for Shiny to be stable
{chromote}   JS info   10:33:22.95 shinytest2; shiny:busy
{shinytest2} R  info   10:35:02.92 Error while initializing AppDriver:
                                   Shiny app did not become stable in 1e+05ms.
                                   Message: An error occurred while waiting for Shiny to be stable
                                   Caused by error in `app_wait_for_idle()`:
                                   ! An error occurred while waiting for Shiny to be stable
{shiny}      R  stderr ----------- Loading required package: shiny
{shiny}      R  stderr ----------- Registered S3 method overwritten by 'teal':
{shiny}      R  stderr -----------   method        from      
{shiny}      R  stderr -----------   c.teal_slices teal.slice
{shiny}      R  stderr ----------- Attempting to load the environment ‘package:MultiAssayExperiment’
{shiny}      R  stderr ----------- 
{shiny}      R  stderr ----------- Attaching package: ‘MatrixGenerics’
{shiny}      R  stderr ----------- 
{shiny}      R  stderr ----------- The following objects are masked from ‘package:matrixStats’:
{shiny}      R  stderr ----------- 
{shiny}      R  stderr -----------     colAlls, colAnyNAs, colAnys, colAvgsPerRowSet, colCollapse,
{shiny}      R  stderr -----------     colCounts, colCummaxs, colCummins, colCumprods, colCumsums,
{shiny}      R  stderr -----------     colDiffs, colIQRDiffs, colIQRs, colLogSumExps, colMadDiffs,
{shiny}      R  stderr -----------     colMads, colMaxs, colMeans2, colMedians, colMins, colOrderStats,
{shiny}      R  stderr -----------     colProds, colQuantiles, colRanges, colRanks, colSdDiffs, colSds,
{shiny}      R  stderr -----------     colSums2, colTabulates, colVarDiffs, colVars, colWeightedMads,
{shiny}      R  stderr -----------     colWeightedMeans, colWeightedMedians, colWeightedSds,
{shiny}      R  stderr -----------     colWeightedVars, rowAlls, rowAnyNAs, rowAnys, rowAvgsPerColSet,
{shiny}      R  stderr -----------     rowCollapse, rowCounts, rowCummaxs, rowCummins, rowCumprods,
{shiny}      R  stderr -----------     rowCumsums, rowDiffs, rowIQRDiffs, rowIQRs, rowLogSumExps,
{shiny}      R  stderr -----------     rowMadDiffs, rowMads, rowMaxs, rowMeans2, rowMedians, rowMins,
{shiny}      R  stderr -----------     rowOrderStats, rowProds, rowQuantiles, rowRanges, rowRanks,
{shiny}      R  stderr -----------     rowSdDiffs, rowSds, rowSums2, rowTabulates, rowVarDiffs, rowVars,
{shiny}      R  stderr -----------     rowWeightedMads, rowWeightedMeans, rowWeightedMedians,
{shiny}      R  stderr -----------     rowWeightedSds, rowWeightedVars
{shiny}      R  stderr ----------- 
{shiny}      R  stderr ----------- 
{shiny}      R  stderr ----------- Attaching package: ‘BiocGenerics’
{shiny}      R  stderr ----------- 
{shiny}      R  stderr ----------- The following objects are masked from ‘package:stats’:
{shiny}      R  stderr ----------- 
{shiny}      R  stderr -----------     IQR, mad, sd, var, xtabs
{shiny}      R  stderr ----------- 
{shiny}      R  stderr ----------- The following objects are masked from ‘package:base’:
{shiny}      R  stderr ----------- 
{shiny}      R  stderr -----------     Filter, Find, Map, Position, Reduce, anyDuplicated, aperm, append,
{shiny}      R  stderr -----------     as.data.frame, basename, cbind, colnames, dirname, do.call,
{shiny}      R  stderr -----------     duplicated, eval, evalq, get, grep, grepl, intersect, is.unsorted,
{shiny}      R  stderr -----------     lapply, mapply, match, mget, order, paste, pmax, pmax.int, pmin,
{shiny}      R  stderr -----------     pmin.int, rank, rbind, rownames, sapply, setdiff, table, tapply,
{shiny}      R  stderr -----------     union, unique, unsplit, which.max, which.min
{shiny}      R  stderr ----------- 
{shiny}      R  stderr ----------- 
{shiny}      R  stderr ----------- Attaching package: ‘S4Vectors’
{shiny}      R  stderr ----------- 
{shiny}      R  stderr ----------- The following object is masked from ‘package:utils’:
{shiny}      R  stderr ----------- 
{shiny}      R  stderr -----------     findMatches
{shiny}      R  stderr ----------- 
{shiny}      R  stderr ----------- The following objects are masked from ‘package:base’:
{shiny}      R  stderr ----------- 
{shiny}      R  stderr -----------     I, expand.grid, unname
{shiny}      R  stderr ----------- 
{shiny}      R  stderr ----------- Welcome to Bioconductor
{shiny}      R  stderr ----------- 
{shiny}      R  stderr -----------     Vignettes contain introductory material; view with
{shiny}      R  stderr -----------     'browseVignettes()'. To cite Bioconductor, see
{shiny}      R  stderr -----------     'citation("Biobase")', and for packages 'citation("pkgname")'.
{shiny}      R  stderr ----------- 
{shiny}      R  stderr ----------- 
{shiny}      R  stderr ----------- Attaching package: ‘Biobase’
{shiny}      R  stderr ----------- 
{shiny}      R  stderr ----------- The following object is masked from ‘package:MatrixGenerics’:
{shiny}      R  stderr ----------- 
{shiny}      R  stderr -----------     rowMedians
{shiny}      R  stderr ----------- 
{shiny}      R  stderr ----------- The following objects are masked from ‘package:matrixStats’:
{shiny}      R  stderr ----------- 
{shiny}      R  stderr -----------     anyMissing, rowMedians
{shiny}      R  stderr ----------- 
{shiny}      R  stderr ----------- Loading required package: teal.data
{shiny}      R  stderr ----------- Loading required package: teal.code
{shiny}      R  stderr ----------- Loading required package: teal.slice
{shiny}      R  stderr ----------- 
{shiny}      R  stderr ----------- You are using teal version 0.15.2.9059
{shiny}      R  stderr ----------- 
{shiny}      R  stderr ----------- Attaching package: ‘teal’
{shiny}      R  stderr ----------- 
{shiny}      R  stderr ----------- The following objects are masked from ‘package:teal.slice’:
{shiny}      R  stderr ----------- 
{shiny}      R  stderr -----------     as.teal_slices, teal_slices
{shiny}      R  stderr ----------- 
{shiny}      R  stderr ----------- Running application in test mode.
{shiny}      R  stderr ----------- 
{shiny}      R  stderr ----------- Listening on http://127.0.0.1:6286
{shiny}      R  stderr ----------- Warning: Error in &lt;Anonymous&gt;: Assertion on 'isolate(data())' failed: Must inherit from class 'teal_data', but has classes 'shiny.silent.error','validation','error','condition'.
{shiny}      R  stderr -----------   14: &lt;Anonymous&gt;
{shiny}      R  stderr -----------   12: &lt;Anonymous&gt;
{shiny}      R  stderr -----------   11: &lt;Anonymous&gt;
{shiny}      R  stderr -----------   10: base::do.call
{shiny}      R  stderr -----------    9: base::saveRDS
{shiny}      R  stderr -----------    8: base::withCallingHandlers
{shiny}      R  stderr -----------    7: doTryCatch
{shiny}      R  stderr -----------    6: tryCatchOne
{shiny}      R  stderr -----------    5: tryCatchList
{shiny}      R  stderr -----------    2: tryCatchList
{shiny}      R  stderr -----------    1: base::tryCatch


Caused by error in `app_initialize_()`:
! Shiny app did not become stable in 1e+05ms.
Message: An error occurred while waiting for Shiny to be stable
Caused by error in `app_wait_for_idle()`:
! An error occurred while waiting for Shiny to be stable
Backtrace:
     ▆
  1. ├─TealAppDriver$new(...) at test-shinytest2-teal_slices.R:6:3
  2. │ └─teal (local) initialize(...)
  3. │   ├─base::suppressWarnings(...)
  4. │   │ └─base::withCallingHandlers(...)
  5. │   └─super$initialize(...)
  6. │     └─shinytest2:::app_initialize(...)
  7. │       ├─base::withCallingHandlers(...)
  8. │       └─shinytest2:::app_initialize_(self, private, ..., view = view)
  9. │         ├─base::withCallingHandlers(...)
 10. │         └─self$wait_for_idle(duration = 200, timeout = private$load_timeout)
 11. │           └─shinytest2:::app_wait_for_idle(...)
 12. │             └─shinytest2:::app_abort(self, private, "An error occurred while waiting for Shiny to be stable")
 13. │               └─rlang::abort(..., app = self, call = call)
 14. │                 └─rlang:::signal_abort(cnd, .file)
 15. │                   └─base::signalCondition(cnd)
 16. ├─shinytest2 (local) `&lt;fn&gt;`(`&lt;rlng_rrr&gt;`)
 17. │ └─shinytest2:::app_abort(...)
 18. │   └─rlang::abort(..., app = self, call = call)
 19. │     └─rlang:::signal_abort(cnd, .file)
 20. │       └─base::signalCondition(cnd)
 21. └─shinytest2 (local) `&lt;fn&gt;`(`&lt;rlng_rrr&gt;`)
 22.   └─shinytest2:::app_abort(...)
 23.     └─rlang::abort(..., app = self, call = call)</error>
    </testcase>
    <testcase time="106.621" classname="shinytest2_teal_slices" name="e2e_teal_slices_filters_are_initialized_when_module_specific_filters_are_created">
      <error type="error" message="Error in `app_initialize(self, private, app_dir = app_dir, ..., load_timeout = load_timeout,  ('test-shinytest2-teal_slices.R:49:3')">Error in `app_initialize(self, private, app_dir = app_dir, ..., load_timeout = load_timeout, 
    timeout = timeout, wait = wait, expect_values_screenshot_args = expect_values_screenshot_args, 
    screenshot_args = screenshot_args, check_names = check_names, 
    name = name, variant = variant, view = view, height = height, 
    width = width, seed = seed, clean_logs = clean_logs, shiny_args = shiny_args, 
    render_args = render_args, options = options)`: Shiny app did not become stable in 1e+05ms.
Message: An error occurred while waiting for Shiny to be stable
Caused by error in `app_wait_for_idle()`:
! An error occurred while waiting for Shiny to be stable


ℹ You can inspect the failed AppDriver object via `rlang::last_error()$app`
ℹ AppDriver logs:
{shinytest2} R  info   10:35:03.69 Start AppDriver initialization
{shinytest2} R  info   10:35:03.86 Starting Shiny app
{shinytest2} R  info   10:35:09.11 Creating new ChromoteSession
{shinytest2} R  info   10:35:09.14 Navigating to Shiny app
{shinytest2} R  info   10:35:09.29 Injecting shiny-tracer.js
{chromote}   JS info   10:35:09.30 shinytest2; jQuery not found
{chromote}   JS info   10:35:09.30 shinytest2; Loaded
{shinytest2} R  info   10:35:09.30 Waiting for Shiny to become ready
{chromote}   JS info   10:35:09.39 shinytest2; jQuery found
{chromote}   JS info   10:35:09.39 shinytest2; Waiting for shiny session to connect
{chromote}   JS info   10:35:09.47 shinytest2; Connected
{chromote}   JS info   10:35:09.52 shinytest2; shiny:busy
{shinytest2} R  info   10:35:09.53 Waiting for Shiny to become idle for 200ms within 1e+05ms
{chromote}   JS info   10:35:09.53 shinytest2; Waiting for Shiny to be stable
{shinytest2} R  info   10:36:49.55 Error while initializing AppDriver:
                                   Shiny app did not become stable in 1e+05ms.
                                   Message: An error occurred while waiting for Shiny to be stable
                                   Caused by error in `app_wait_for_idle()`:
                                   ! An error occurred while waiting for Shiny to be stable
{shiny}      R  stderr ----------- Loading required package: shiny
{shiny}      R  stderr ----------- Registered S3 method overwritten by 'teal':
{shiny}      R  stderr -----------   method        from      
{shiny}      R  stderr -----------   c.teal_slices teal.slice
{shiny}      R  stderr ----------- Attempting to load the environment ‘package:MultiAssayExperiment’
{shiny}      R  stderr ----------- 
{shiny}      R  stderr ----------- Attaching package: ‘MatrixGenerics’
{shiny}      R  stderr ----------- 
{shiny}      R  stderr ----------- The following objects are masked from ‘package:matrixStats’:
{shiny}      R  stderr ----------- 
{shiny}      R  stderr -----------     colAlls, colAnyNAs, colAnys, colAvgsPerRowSet, colCollapse,
{shiny}      R  stderr -----------     colCounts, colCummaxs, colCummins, colCumprods, colCumsums,
{shiny}      R  stderr -----------     colDiffs, colIQRDiffs, colIQRs, colLogSumExps, colMadDiffs,
{shiny}      R  stderr -----------     colMads, colMaxs, colMeans2, colMedians, colMins, colOrderStats,
{shiny}      R  stderr -----------     colProds, colQuantiles, colRanges, colRanks, colSdDiffs, colSds,
{shiny}      R  stderr -----------     colSums2, colTabulates, colVarDiffs, colVars, colWeightedMads,
{shiny}      R  stderr -----------     colWeightedMeans, colWeightedMedians, colWeightedSds,
{shiny}      R  stderr -----------     colWeightedVars, rowAlls, rowAnyNAs, rowAnys, rowAvgsPerColSet,
{shiny}      R  stderr -----------     rowCollapse, rowCounts, rowCummaxs, rowCummins, rowCumprods,
{shiny}      R  stderr -----------     rowCumsums, rowDiffs, rowIQRDiffs, rowIQRs, rowLogSumExps,
{shiny}      R  stderr -----------     rowMadDiffs, rowMads, rowMaxs, rowMeans2, rowMedians, rowMins,
{shiny}      R  stderr -----------     rowOrderStats, rowProds, rowQuantiles, rowRanges, rowRanks,
{shiny}      R  stderr -----------     rowSdDiffs, rowSds, rowSums2, rowTabulates, rowVarDiffs, rowVars,
{shiny}      R  stderr -----------     rowWeightedMads, rowWeightedMeans, rowWeightedMedians,
{shiny}      R  stderr -----------     rowWeightedSds, rowWeightedVars
{shiny}      R  stderr ----------- 
{shiny}      R  stderr ----------- 
{shiny}      R  stderr ----------- Attaching package: ‘BiocGenerics’
{shiny}      R  stderr ----------- 
{shiny}      R  stderr ----------- The following objects are masked from ‘package:stats’:
{shiny}      R  stderr ----------- 
{shiny}      R  stderr -----------     IQR, mad, sd, var, xtabs
{shiny}      R  stderr ----------- 
{shiny}      R  stderr ----------- The following objects are masked from ‘package:base’:
{shiny}      R  stderr ----------- 
{shiny}      R  stderr -----------     Filter, Find, Map, Position, Reduce, anyDuplicated, aperm, append,
{shiny}      R  stderr -----------     as.data.frame, basename, cbind, colnames, dirname, do.call,
{shiny}      R  stderr -----------     duplicated, eval, evalq, get, grep, grepl, intersect, is.unsorted,
{shiny}      R  stderr -----------     lapply, mapply, match, mget, order, paste, pmax, pmax.int, pmin,
{shiny}      R  stderr -----------     pmin.int, rank, rbind, rownames, sapply, setdiff, table, tapply,
{shiny}      R  stderr -----------     union, unique, unsplit, which.max, which.min
{shiny}      R  stderr ----------- 
{shiny}      R  stderr ----------- 
{shiny}      R  stderr ----------- Attaching package: ‘S4Vectors’
{shiny}      R  stderr ----------- 
{shiny}      R  stderr ----------- The following object is masked from ‘package:utils’:
{shiny}      R  stderr ----------- 
{shiny}      R  stderr -----------     findMatches
{shiny}      R  stderr ----------- 
{shiny}      R  stderr ----------- The following objects are masked from ‘package:base’:
{shiny}      R  stderr ----------- 
{shiny}      R  stderr -----------     I, expand.grid, unname
{shiny}      R  stderr ----------- 
{shiny}      R  stderr ----------- Welcome to Bioconductor
{shiny}      R  stderr ----------- 
{shiny}      R  stderr -----------     Vignettes contain introductory material; view with
{shiny}      R  stderr -----------     'browseVignettes()'. To cite Bioconductor, see
{shiny}      R  stderr -----------     'citation("Biobase")', and for packages 'citation("pkgname")'.
{shiny}      R  stderr ----------- 
{shiny}      R  stderr ----------- 
{shiny}      R  stderr ----------- Attaching package: ‘Biobase’
{shiny}      R  stderr ----------- 
{shiny}      R  stderr ----------- The following object is masked from ‘package:MatrixGenerics’:
{shiny}      R  stderr ----------- 
{shiny}      R  stderr -----------     rowMedians
{shiny}      R  stderr ----------- 
{shiny}      R  stderr ----------- The following objects are masked from ‘package:matrixStats’:
{shiny}      R  stderr ----------- 
{shiny}      R  stderr -----------     anyMissing, rowMedians
{shiny}      R  stderr ----------- 
{shiny}      R  stderr ----------- Loading required package: teal.data
{shiny}      R  stderr ----------- Loading required package: teal.code
{shiny}      R  stderr ----------- Loading required package: teal.slice
{shiny}      R  stderr ----------- 
{shiny}      R  stderr ----------- You are using teal version 0.15.2.9059
{shiny}      R  stderr ----------- 
{shiny}      R  stderr ----------- Attaching package: ‘teal’
{shiny}      R  stderr ----------- 
{shiny}      R  stderr ----------- The following objects are masked from ‘package:teal.slice’:
{shiny}      R  stderr ----------- 
{shiny}      R  stderr -----------     as.teal_slices, teal_slices
{shiny}      R  stderr ----------- 
{shiny}      R  stderr ----------- Running application in test mode.
{shiny}      R  stderr ----------- 
{shiny}      R  stderr ----------- Listening on http://127.0.0.1:3163
{shiny}      R  stderr ----------- Warning: Error in &lt;Anonymous&gt;: Assertion on 'isolate(data())' failed: Must inherit from class 'teal_data', but has classes 'shiny.silent.error','validation','error','condition'.
{shiny}      R  stderr -----------   14: &lt;Anonymous&gt;
{shiny}      R  stderr -----------   12: &lt;Anonymous&gt;
{shiny}      R  stderr -----------   11: &lt;Anonymous&gt;
{shiny}      R  stderr -----------   10: base::do.call
{shiny}      R  stderr -----------    9: base::saveRDS
{shiny}      R  stderr -----------    8: base::withCallingHandlers
{shiny}      R  stderr -----------    7: doTryCatch
{shiny}      R  stderr -----------    6: tryCatchOne
{shiny}      R  stderr -----------    5: tryCatchList
{shiny}      R  stderr -----------    2: tryCatchList
{shiny}      R  stderr -----------    1: base::tryCatch


Caused by error in `app_initialize_()`:
! Shiny app did not become stable in 1e+05ms.
Message: An error occurred while waiting for Shiny to be stable
Caused by error in `app_wait_for_idle()`:
! An error occurred while waiting for Shiny to be stable
Backtrace:
     ▆
  1. ├─TealAppDriver$new(...) at test-shinytest2-teal_slices.R:49:3
  2. │ └─teal (local) initialize(...)
  3. │   ├─base::suppressWarnings(...)
  4. │   │ └─base::withCallingHandlers(...)
  5. │   └─super$initialize(...)
  6. │     └─shinytest2:::app_initialize(...)
  7. │       ├─base::withCallingHandlers(...)
  8. │       └─shinytest2:::app_initialize_(self, private, ..., view = view)
  9. │         ├─base::withCallingHandlers(...)
 10. │         └─self$wait_for_idle(duration = 200, timeout = private$load_timeout)
 11. │           └─shinytest2:::app_wait_for_idle(...)
 12. │             └─shinytest2:::app_abort(self, private, "An error occurred while waiting for Shiny to be stable")
 13. │               └─rlang::abort(..., app = self, call = call)
 14. │                 └─rlang:::signal_abort(cnd, .file)
 15. │                   └─base::signalCondition(cnd)
 16. ├─shinytest2 (local) `&lt;fn&gt;`(`&lt;rlng_rrr&gt;`)
 17. │ └─shinytest2:::app_abort(...)
 18. │   └─rlang::abort(..., app = self, call = call)
 19. │     └─rlang:::signal_abort(cnd, .file)
 20. │       └─base::signalCondition(cnd)
 21. └─shinytest2 (local) `&lt;fn&gt;`(`&lt;rlng_rrr&gt;`)
 22.   └─shinytest2:::app_abort(...)
 23.     └─rlang::abort(..., app = self, call = call)</error>
    </testcase>
  </testsuite>
  <testsuite name="shinytest2-utils" timestamp="2024-09-04T10:36:49Z" hostname="c1b68ee2ba5c" tests="4" skipped="0" failures="0" errors="0" time="10.592">
    <testcase time="8.5" classname="shinytest2_utils" name="e2e_show_hide_hamburger_works_as_expected"/>
    <testcase time="0.00300000000015643" classname="shinytest2_utils" name="e2e_show_hide_hamburger_works_as_expected"/>
    <testcase time="2.08600000000001" classname="shinytest2_utils" name="e2e_show_hide_hamburger_works_as_expected"/>
    <testcase time="0.00299999999992906" classname="shinytest2_utils" name="e2e_show_hide_hamburger_works_as_expected"/>
  </testsuite>
  <testsuite name="shinytest2-wunder_bar" timestamp="2024-09-04T10:37:00Z" hostname="c1b68ee2ba5c" tests="4" skipped="0" failures="0" errors="0" time="22.714">
    <testcase time="8.77199999999993" classname="shinytest2_wunder_bar" name="wunder_bar_srv_clicking_filter_icon_opens_filter_manager_modal"/>
    <testcase time="2.71900000000005" classname="shinytest2_wunder_bar" name="wunder_bar_srv_clicking_filter_icon_opens_filter_manager_modal"/>
    <testcase time="8.49499999999989" classname="shinytest2_wunder_bar" name="wunder_bar_srv_clicking_snapshot_icon_opens_snapshot_manager_modal"/>
    <testcase time="2.72800000000007" classname="shinytest2_wunder_bar" name="wunder_bar_srv_clicking_snapshot_icon_opens_snapshot_manager_modal"/>
  </testsuite>
  <testsuite name="teal_data_module-eval_code" timestamp="2024-09-04T10:37:22Z" hostname="c1b68ee2ba5c" tests="16" skipped="0" failures="0" errors="0" time="0.127">
    <testcase time="0.00999999999999091" classname="teal_data_module_eval_code" name="within.teal_data_module_returns_an_object_with_teal_data_module_class"/>
    <testcase time="0.00500000000010914" classname="teal_data_module_eval_code" name="eval_code.teal_data_module_ui_has_modified_namespace_for_id"/>
    <testcase time="0.00199999999995271" classname="teal_data_module_eval_code" name="eval_code.teal_data_module_ui_has_modified_namespace_for_id"/>
    <testcase time="0.00199999999995271" classname="teal_data_module_eval_code" name="eval_code.teal_data_module_ui_has_modified_namespace_for_id"/>
    <testcase time="0.0180000000000291" classname="teal_data_module_eval_code" name="within.teal_data_module_modifies_the_reactive_tea_data_object"/>
    <testcase time="0.00199999999995271" classname="teal_data_module_eval_code" name="within.teal_data_module_modifies_the_reactive_tea_data_object"/>
    <testcase time="0.0150000000001" classname="teal_data_module_eval_code" name="eval_code.teal_data_module_will_execute_several_times_until_error"/>
    <testcase time="0.00999999999999091" classname="teal_data_module_eval_code" name="eval_code.teal_data_module_will_execute_several_times_until_error"/>
    <testcase time="0.00199999999995271" classname="teal_data_module_eval_code" name="eval_code.teal_data_module_will_execute_several_times_until_error"/>
    <testcase time="0.0140000000001237" classname="teal_data_module_eval_code" name="eval_code.teal_data_module_throws_error_when_original_teal_data_module_result_is_not_reactive"/>
    <testcase time="0.0119999999999436" classname="teal_data_module_eval_code" name="eval_code.teal_data_module_propagates_qenv_error_from_the_original_first_call"/>
    <testcase time="0.000999999999976353" classname="teal_data_module_eval_code" name="eval_code.teal_data_module_propagates_qenv_error_from_the_original_first_call"/>
    <testcase time="0.0190000000000055" classname="teal_data_module_eval_code" name="eval_code.teal_data_module_handles_an_arbitrary_object_other_than_teal_data_or_qenv.error_"/>
    <testcase time="0.00199999999995271" classname="teal_data_module_eval_code" name="eval_code.teal_data_module_handles_an_arbitrary_object_other_than_teal_data_or_qenv.error_"/>
    <testcase time="0.0119999999999436" classname="teal_data_module_eval_code" name="eval_code.teal_data_module_handles_a_NULL_result"/>
    <testcase time="0.00100000000020373" classname="teal_data_module_eval_code" name="eval_code.teal_data_module_handles_a_NULL_result"/>
  </testsuite>
  <testsuite name="teal_data_module" timestamp="2024-09-04T10:37:23Z" hostname="c1b68ee2ba5c" tests="4" skipped="0" failures="0" errors="0" time="0.024">
    <testcase time="0.00599999999985812" classname="teal_data_module" name="teal_data_module_returns_teal_data_module"/>
    <testcase time="0.00600000000008549" classname="teal_data_module" name="teal_data_module_throws_when_ui_has_other_formals_than_id_only"/>
    <testcase time="0.0080000000000382" classname="teal_data_module" name="teal_data_module_throws_when_server_has_other_formals_than_id_only"/>
    <testcase time="0.00399999999990541" classname="teal_data_module" name="teal_data_module_throws_when_server_has_other_formals_than_id_only"/>
  </testsuite>
  <testsuite name="teal_reporter" timestamp="2024-09-04T10:37:23Z" hostname="c1b68ee2ba5c" tests="25" skipped="0" failures="0" errors="0" time="0.119">
    <testcase time="0.00900000000001455" classname="teal_reporter" name="TealReportCard_object_can_be_initialized"/>
    <testcase time="0.00499999999988177" classname="teal_reporter" name="TealReportCard_inherits_from_ReportCard"/>
    <testcase time="0.00400000000013279" classname="teal_reporter" name="TealReportCard_new_returns_an_object_of_type_TealReportCard"/>
    <testcase time="0.0109999999999673" classname="teal_reporter" name="TealReportCard_get_content_returns_content_with_metadata"/>
    <testcase time="0.000999999999976353" classname="teal_reporter" name="TealReportCard_get_content_returns_content_with_metadata"/>
    <testcase time="0.000999999999976353" classname="teal_reporter" name="TealReportCard_get_content_returns_content_with_metadata"/>
    <testcase time="0.000999999999976353" classname="teal_reporter" name="TealReportCard_get_content_returns_content_with_metadata"/>
    <testcase time="0.000999999999976353" classname="teal_reporter" name="TealReportCard_get_content_returns_content_with_metadata"/>
    <testcase time="0.00400000000013279" classname="teal_reporter" name="TealReportCard_append_src_accepts_a_character"/>
    <testcase time="0.00299999999992906" classname="teal_reporter" name="TealReportCard_append_src_returns_self"/>
    <testcase time="0.00400000000013279" classname="teal_reporter" name="TealReportCard_append_src_returns_title_and_content"/>
    <testcase time="0.00399999999990541" classname="teal_reporter" name="TealReportCard_append_encodings_accepts_list_of_character"/>
    <testcase time="0.00399999999990541" classname="teal_reporter" name="TealReportCard_append_encodings_returns_self"/>
    <testcase time="0.00400000000013279" classname="teal_reporter" name="TealReportCard_append_encodings_returns_title_and_content"/>
    <testcase time="0.000999999999976353" classname="teal_reporter" name="TealReportCard_append_encodings_returns_title_and_content"/>
    <testcase time="0.00700000000006185" classname="teal_reporter" name="TealReportCard_append_fs_accepts_only_a_teal_slices"/>
    <testcase time="0.00699999999983447" classname="teal_reporter" name="TealReportCard_append_fs_accepts_only_a_teal_slices"/>
    <testcase time="0.00700000000006185" classname="teal_reporter" name="TealReportCard_append_fs_returns_self"/>
    <testcase time="0.00700000000006185" classname="teal_reporter" name="TealReportCard_append_fs_returns_title_and_content"/>
    <testcase time="0.00299999999992906" classname="teal_reporter" name="TealReportCard_append_fs_returns_title_and_content"/>
    <testcase time="0.00400000000013279" classname="teal_reporter" name="TealSlicesBlock_new_accepts_teal_slices_only"/>
    <testcase time="0.00499999999988177" classname="teal_reporter" name="TealSlicesBlock_new_accepts_teal_slices_only"/>
    <testcase time="0.00700000000006185" classname="teal_reporter" name="TealSlicesBlock_get_content_returns_yaml_character"/>
    <testcase time="0.00700000000006185" classname="teal_reporter" name="TealSlicesBlock_to_list_returns_list_containing_teal_slices"/>
    <testcase time="0.00799999999981083" classname="teal_reporter" name="TealSlicesBlock_from_list_retains_states_from_a_list"/>
  </testsuite>
  <testsuite name="teal_slices-store" timestamp="2024-09-04T10:37:23Z" hostname="c1b68ee2ba5c" tests="15" skipped="0" failures="0" errors="0" time="0.136">
    <testcase time="0.0330000000001291" classname="teal_slices_store" name="teal_slice_store_restore_supports_NULL_and_character_0_for_choices_and_selected"/>
    <testcase time="0.00399999999990541" classname="teal_slices_store" name="teal_slice_store_restore_supports_NULL_and_character_0_for_choices_and_selected"/>
    <testcase time="0.00300000000015643" classname="teal_slices_store" name="teal_slice_store_restore_supports_NULL_and_character_0_for_choices_and_selected"/>
    <testcase time="0.01299999999992" classname="teal_slices_store" name="teal_slice_store_restore_supports_saving_POSIXct_timestamps_in_selected"/>
    <testcase time="0.00299999999992906" classname="teal_slices_store" name="teal_slice_store_restore_supports_saving_POSIXct_timestamps_in_selected"/>
    <testcase time="0.0130000000001473" classname="teal_slices_store" name="teal_slice_store_restore_supports_saving_Date_dates_in_selected"/>
    <testcase time="0.00299999999992906" classname="teal_slices_store" name="teal_slice_store_restore_supports_saving_Date_dates_in_selected"/>
    <testcase time="0.0139999999998963" classname="teal_slices_store" name="teal_slice_store_restore_supports_saving_POSIXct_timestamps_in_choices"/>
    <testcase time="0.00300000000015643" classname="teal_slices_store" name="teal_slice_store_restore_supports_saving_POSIXct_timestamps_in_choices"/>
    <testcase time="0.01299999999992" classname="teal_slices_store" name="teal_slice_store_restore_supports_saving_Date_timestamps_in_choices"/>
    <testcase time="0.00299999999992906" classname="teal_slices_store" name="teal_slice_store_restore_supports_saving_Date_timestamps_in_choices"/>
    <testcase time="0.0140000000001237" classname="teal_slices_store" name="teal_slice_store_restore_restores_mixed_Date_characters_as_characters_in_selected"/>
    <testcase time="0.0119999999999436" classname="teal_slices_store" name="teal_slice_store_restore_restores_characters_as_characters_in_selected_and_choices"/>
    <testcase time="0.00199999999995271" classname="teal_slices_store" name="teal_slice_store_restore_restores_characters_as_characters_in_selected_and_choices"/>
    <testcase time="0.00300000000015643" classname="teal_slices_store" name="teal_slice_store_restore_restores_characters_as_characters_in_selected_and_choices"/>
  </testsuite>
  <testsuite name="teal_slices" timestamp="2024-09-04T10:37:23Z" hostname="c1b68ee2ba5c" tests="18" skipped="0" failures="0" errors="0" time="0.11">
    <testcase time="0.00799999999981083" classname="teal_slices" name="teal_slices_produces_teal_slices_object_with_teal_specific_attributes"/>
    <testcase time="0.000999999999976353" classname="teal_slices" name="teal_slices_produces_teal_slices_object_with_teal_specific_attributes"/>
    <testcase time="0.00200000000018008" classname="teal_slices" name="teal_slices_produces_teal_slices_object_with_teal_specific_attributes"/>
    <testcase time="0.000999999999976353" classname="teal_slices" name="teal_slices_produces_teal_slices_object_with_teal_specific_attributes"/>
    <testcase time="0.00499999999988177" classname="teal_slices" name="teal_slices_fails_when_inexisting_teal_slice_id_is_specified_in_mapping"/>
    <testcase time="0.0080000000000382" classname="teal_slices" name="teal_slices_fails_when_inexisting_teal_slice_id_is_specified_in_mapping"/>
    <testcase time="0.00700000000006185" classname="teal_slices" name="teal_slices_processes_filter_mapping"/>
    <testcase time="0.0080000000000382" classname="teal_slices" name="teal_slices_processes_filter_mapping"/>
    <testcase time="0.0119999999999436" classname="teal_slices" name="teal_slices_drops_non_global_filters_if_module_specific_FALSE"/>
    <testcase time="0.0080000000000382" classname="teal_slices" name="teal_slices_drops_non_global_filters_if_module_specific_FALSE"/>
    <testcase time="0.0139999999998963" classname="teal_slices" name="deep_copy_filters_copies_teal_slice_changes_pointer_of_teal_slice_object_but_values_remain_the_same"/>
    <testcase time="0.00400000000013279" classname="teal_slices" name="deep_copy_filters_copies_teal_slice_changes_pointer_of_teal_slice_object_but_values_remain_the_same"/>
    <testcase time="0.00599999999985812" classname="teal_slices" name="teal_slices_mapping_should_be_an_empty_list_or_a_named_list_or_missing"/>
    <testcase time="0.00500000000010914" classname="teal_slices" name="teal_slices_mapping_should_be_an_empty_list_or_a_named_list_or_missing"/>
    <testcase time="0.00299999999992906" classname="teal_slices" name="teal_slices_mapping_should_be_an_empty_list_or_a_named_list_or_missing"/>
    <testcase time="0.00600000000008549" classname="teal_slices" name="teal_slices_mapping_should_be_an_empty_list_or_a_named_list_or_missing"/>
    <testcase time="0.00700000000006185" classname="teal_slices" name="teal_slices_mapping_should_be_an_empty_list_or_a_named_list_or_missing"/>
    <testcase time="0.00499999999988177" classname="teal_slices" name="teal_slices_mapping_should_be_an_empty_list_or_a_named_list_or_missing"/>
  </testsuite>
  <testsuite name="utils" timestamp="2024-09-04T10:37:23Z" hostname="c1b68ee2ba5c" tests="42" skipped="0" failures="0" errors="0" time="67.628">
    <testcase time="0.0080000000000382" classname="utils" name="get_teal_bs_theme"/>
    <testcase time="0.0270000000000437" classname="utils" name="get_teal_bs_theme"/>
    <testcase time="0.000999999999976353" classname="utils" name="get_teal_bs_theme"/>
    <testcase time="0.00199999999995271" classname="utils" name="get_teal_bs_theme"/>
    <testcase time="0.0119999999999436" classname="utils" name="report_card_template_function_returns_TealReportCard_object_with_appropriate_content_and_labels"/>
    <testcase time="0.000999999999976353" classname="utils" name="report_card_template_function_returns_TealReportCard_object_with_appropriate_content_and_labels"/>
    <testcase time="0.000999999999976353" classname="utils" name="report_card_template_function_returns_TealReportCard_object_with_appropriate_content_and_labels"/>
    <testcase time="0.00200000000018008" classname="utils" name="report_card_template_function_returns_TealReportCard_object_with_appropriate_content_and_labels"/>
    <testcase time="0.000999999999976353" classname="utils" name="report_card_template_function_returns_TealReportCard_object_with_appropriate_content_and_labels"/>
    <testcase time="0.000999999999976353" classname="utils" name="report_card_template_function_returns_TealReportCard_object_with_appropriate_content_and_labels"/>
    <testcase time="0.00900000000001455" classname="utils" name="teal_data_to_filtered_data_return_FilteredData_class"/>
    <testcase time="0.00399999999990541" classname="utils" name="teal_data_datanames_returns_names_of_the_env_s_objects_when_datanames_not_set"/>
    <testcase time="0.00500000000010914" classname="utils" name="teal_data_datanames_returns_datanames_which_are_set_by_teal.data_datanames"/>
    <testcase time="0.00499999999988177" classname="utils" name="validate_app_title_tag_works_on_validating_the_title_tag"/>
    <testcase time="0.00400000000013279" classname="utils" name="validate_app_title_tag_works_on_validating_the_title_tag"/>
    <testcase time="0.00499999999988177" classname="utils" name="validate_app_title_tag_works_on_validating_the_title_tag"/>
    <testcase time="0.00400000000013279" classname="utils" name="validate_app_title_tag_works_on_validating_the_title_tag"/>
    <testcase time="0.00499999999988177" classname="utils" name="validate_app_title_tag_works_on_validating_the_title_tag"/>
    <testcase time="0.00400000000013279" classname="utils" name="build_app_title_builts_a_valid_tag"/>
    <testcase time="0.00199999999995271" classname="utils" name="build_app_title_builts_a_valid_tag"/>
    <testcase time="0.00399999999990541" classname="utils" name="create_app_id_data_accepts_teal_data_or_teal_data_module"/>
    <testcase time="0.00199999999995271" classname="utils" name="create_app_id_data_accepts_teal_data_or_teal_data_module"/>
    <testcase time="0.00500000000010914" classname="utils" name="create_app_id_data_accepts_teal_data_or_teal_data_module"/>
    <testcase time="0.00499999999988177" classname="utils" name="create_app_id_modules_accepts_modules"/>
    <testcase time="0.00500000000010914" classname="utils" name="create_app_id_modules_accepts_modules"/>
    <testcase time="0.00499999999988177" classname="utils" name="create_app_id_returns_a_character_string"/>
    <testcase time="0.0100000000002183" classname="utils" name="create_app_id_returns_different_hash_for_different_data"/>
    <testcase time="0.0249999999998636" classname="utils" name="create_app_id_returns_different_hash_for_different_modules"/>
    <testcase time="0.00400000000013279" classname="utils" name="defunction_returns_a_string_when_passed_a_function"/>
    <testcase time="0.00299999999992906" classname="utils" name="defunction_returns_non_function_atomic_as_is"/>
    <testcase time="0.000999999999976353" classname="utils" name="defunction_returns_non_function_atomic_as_is"/>
    <testcase time="0.00199999999995271" classname="utils" name="defunction_returns_non_function_atomic_as_is"/>
    <testcase time="0.000999999999976353" classname="utils" name="defunction_returns_non_function_atomic_as_is"/>
    <testcase time="0.00400000000013279" classname="utils" name="defunction_recursively_goes_down_a_list"/>
    <testcase time="67.393" classname="utils" name="create_renv_lockfile_creates_a_lock_file_during_the_execution"/>
    <testcase time="0.00699999999983447" classname="utils" name="create_renv_lockfile_creates_a_lock_file_during_the_execution"/>
    <testcase time="0.00600000000008549" classname="utils" name="create_renv_lockfile_creates_a_lock_file_during_the_execution"/>
    <testcase time="0.00700000000006185" classname="utils" name="create_renv_lockfile_creates_a_lock_file_during_the_execution"/>
    <testcase time="0.00599999999985812" classname="utils" name="create_renv_lockfile_creates_a_lock_file_during_the_execution"/>
    <testcase time="0.00700000000006185" classname="utils" name="create_renv_lockfile_creates_a_lock_file_during_the_execution"/>
    <testcase time="0.00400000000013279" classname="utils" name="create_renv_lockfile_creates_a_lock_file_during_the_execution"/>
    <testcase time="0.0189999999997781" classname="utils" name="check_modules_datanames_message_is_the_same_in_html_tags_and_in_string"/>
  </testsuite>
  <testsuite name="validate_has_data" timestamp="2024-09-04T10:38:31Z" hostname="c1b68ee2ba5c" tests="17" skipped="0" failures="0" errors="0" time="0.088">
    <testcase time="0.00700000000006185" classname="validate_has_data" name="validate_has_data_throws_no_error_when_data_has_at_least_as_many_rows_as_min_nrow"/>
    <testcase time="0.000999999999976353" classname="validate_has_data" name="validate_has_data_throws_no_error_when_data_has_at_least_as_many_rows_as_min_nrow"/>
    <testcase time="0.00700000000006185" classname="validate_has_data" name="validate_has_data_throws_error_when_min_nrow_rows_of_data"/>
    <testcase time="0.00399999999990541" classname="validate_has_data" name="validate_has_data_accepts_logical_complete_argument"/>
    <testcase time="0.00200000000018008" classname="validate_has_data" name="validate_has_data_accepts_logical_complete_argument"/>
    <testcase time="0.00599999999985812" classname="validate_has_data" name="validate_has_data_throws_error_when_data_has_NA_and_complete_is_set_to_TRUE"/>
    <testcase time="0.00400000000013279" classname="validate_has_data" name="validate_has_data_accepts_logical_allow_inf_argument"/>
    <testcase time="0.00499999999988177" classname="validate_has_data" name="validate_has_data_accepts_logical_allow_inf_argument"/>
    <testcase time="0.00600000000008549" classname="validate_has_data" name="validate_has_data_accepts_throws_error_when_data_has_Inf_values_and_allow_inf_is_set_to_FALSE"/>
    <testcase time="0.00700000000006185" classname="validate_has_data" name="validate_has_data_accepts_throws_error_when_data_has_Inf_values_and_allow_inf_is_set_to_FALSE"/>
    <testcase time="0.00499999999988177" classname="validate_has_data" name="validate_has_data_accepts_throws_error_when_data_has_Inf_values_and_allow_inf_is_set_to_FALSE"/>
    <testcase time="0.00400000000013279" classname="validate_has_data" name="validate_has_data_allow_inf_argument_ignores_non_numeric_columns"/>
    <testcase time="0.00399999999990541" classname="validate_has_data" name="validate_has_data_allow_inf_argument_ignores_non_numeric_columns"/>
    <testcase time="0.00700000000006185" classname="validate_has_data" name="validate_has_data_returns_message_when_msg_argument_is_set"/>
    <testcase time="0.00699999999983447" classname="validate_has_data" name="validate_has_data_returns_message_msg_argument_is_set_and_complete_is_set_to_TRUE"/>
    <testcase time="0.00700000000006185" classname="validate_has_data" name="validate_has_data_returns_throws_error_with_non_character_msg_input"/>
    <testcase time="0.00500000000010914" classname="validate_has_data" name="validate_has_data_returns_throws_error_with_non_character_msg_input"/>
  </testsuite>
  <testsuite name="validate_inputs" timestamp="2024-09-04T10:38:31Z" hostname="c1b68ee2ba5c" tests="36" skipped="0" failures="0" errors="0" time="0.497">
    <testcase time="0.0109999999999673" classname="validate_inputs" name="invalid_arguments_raise_errors"/>
    <testcase time="0.00399999999990541" classname="validate_inputs" name="invalid_arguments_raise_errors"/>
    <testcase time="0.0199999999999818" classname="validate_inputs" name="disabled_validators_raise_warnings_individual_validators_"/>
    <testcase time="0.0170000000000528" classname="validate_inputs" name="disabled_validators_raise_warnings_validator_list_"/>
    <testcase time="0.0160000000000764" classname="validate_inputs" name="disabled_validators_raise_warnings_nested_validator_list_"/>
    <testcase time="0.0850000000000364" classname="validate_inputs" name="valid_inputs_produce_desired_output_individual_validators_"/>
    <testcase time="0.0219999999999345" classname="validate_inputs" name="valid_inputs_produce_desired_output_validator_list_"/>
    <testcase time="0.0170000000000528" classname="validate_inputs" name="valid_inputs_produce_desired_output_nested_validator_list_"/>
    <testcase time="0.0369999999998072" classname="validate_inputs" name="invalid_inputs_raise_errors_in_output_individual_validators_"/>
    <testcase time="0.0200000000002092" classname="validate_inputs" name="invalid_inputs_raise_errors_in_output_individual_validators_"/>
    <testcase time="0.0199999999999818" classname="validate_inputs" name="invalid_inputs_raise_errors_in_output_individual_validators_"/>
    <testcase time="0.0219999999999345" classname="validate_inputs" name="invalid_inputs_raise_errors_in_output_validator_list_"/>
    <testcase time="0.0199999999999818" classname="validate_inputs" name="invalid_inputs_raise_errors_in_output_validator_list_"/>
    <testcase time="0.0190000000000055" classname="validate_inputs" name="invalid_inputs_raise_errors_in_output_validator_list_"/>
    <testcase time="0.0219999999999345" classname="validate_inputs" name="invalid_inputs_raise_errors_in_output_nested_validator_list_"/>
    <testcase time="0.0199999999999818" classname="validate_inputs" name="invalid_inputs_raise_errors_in_output_nested_validator_list_"/>
    <testcase time="0.0199999999999818" classname="validate_inputs" name="invalid_inputs_raise_errors_in_output_nested_validator_list_"/>
    <testcase time="0.0250000000000909" classname="validate_inputs" name="error_message_is_formatted_properly"/>
    <testcase time="0.00700000000006185" classname="validate_inputs" name="error_message_is_formatted_properly"/>
    <testcase time="0.00599999999985812" classname="validate_inputs" name="error_message_is_formatted_properly"/>
    <testcase time="0.00600000000008549" classname="validate_inputs" name="error_message_is_formatted_properly"/>
    <testcase time="0.00700000000006185" classname="validate_inputs" name="error_message_is_formatted_properly"/>
    <testcase time="0.00199999999995271" classname="validate_inputs" name="error_message_is_formatted_properly"/>
    <testcase time="0.00199999999995271" classname="validate_inputs" name="error_message_is_formatted_properly"/>
    <testcase time="0.000999999999976353" classname="validate_inputs" name="error_message_is_formatted_properly"/>
    <testcase time="0.00300000000015643" classname="validate_inputs" name="error_message_is_formatted_properly"/>
    <testcase time="0.00199999999995271" classname="validate_inputs" name="error_message_is_formatted_properly"/>
    <testcase time="0.000999999999976353" classname="validate_inputs" name="error_message_is_formatted_properly"/>
    <testcase time="0.00199999999995271" classname="validate_inputs" name="error_message_is_formatted_properly"/>
    <testcase time="0.00299999999992906" classname="validate_inputs" name="error_message_is_formatted_properly"/>
    <testcase time="0.00200000000018008" classname="validate_inputs" name="error_message_is_formatted_properly"/>
    <testcase time="0.00199999999995271" classname="validate_inputs" name="error_message_is_formatted_properly"/>
    <testcase time="0.00199999999995271" classname="validate_inputs" name="error_message_is_formatted_properly"/>
    <testcase time="0.0240000000001146" classname="validate_inputs" name="different_validation_modes_produce_proper_messages"/>
    <testcase time="0.00399999999990541" classname="validate_inputs" name="different_validation_modes_produce_proper_messages"/>
    <testcase time="0.00399999999990541" classname="validate_inputs" name="different_validation_modes_produce_proper_messages"/>
  </testsuite>
</testsuites>
