<?xml version="1.0" encoding="UTF-8"?>
<!DOCTYPE coverage SYSTEM "https://raw.githubusercontent.com/cobertura/cobertura/master/cobertura/src/site/htdocs/xml/coverage-04.dtd">
<coverage line-rate="0.555955379632961" branch-rate="0" lines-covered="1545" lines-valid="2779" branches-covered="0" branches-valid="0" complexity="0" version="3.6.4" timestamp="2024-08-09 10:47:48.409">
  <sources>
    <source>/__w/teal/teal/teal</source>
  </sources>
  <packages>
    <package name="teal" line-rate="0.555955379632961" branch-rate="0" complexity="0">
      <classes>
        <class name="dummy_functions.R" filename="R/dummy_functions.R" line-rate="0.777777777777778" branch-rate="0" complexity="0">
          <methods>
            <method name="example_module" signature="" line-rate="0.777777777777778" branch-rate="0" complexity="0">
              <lines>
                <line number="17" hits="33" branch="false"/>
                <line number="18" hits="33" branch="false"/>
                <line number="19" hits="33" branch="false"/>
                <line number="20" hits="33" branch="false"/>
                <line number="21" hits="2" branch="false"/>
                <line number="22" hits="2" branch="false"/>
                <line number="23" hits="2" branch="false"/>
                <line number="24" hits="2" branch="false"/>
                <line number="25" hits="2" branch="false"/>
                <line number="27" hits="2" branch="false"/>
                <line number="28" hits="2" branch="false"/>
                <line number="29" hits="0" branch="false"/>
                <line number="30" hits="2" branch="false"/>
                <line number="31" hits="2" branch="false"/>
                <line number="32" hits="2" branch="false"/>
                <line number="33" hits="2" branch="false"/>
                <line number="34" hits="2" branch="false"/>
                <line number="35" hits="2" branch="false"/>
                <line number="36" hits="2" branch="false"/>
                <line number="38" hits="2" branch="false"/>
                <line number="39" hits="2" branch="false"/>
                <line number="40" hits="0" branch="false"/>
                <line number="41" hits="2" branch="false"/>
                <line number="43" hits="2" branch="false"/>
                <line number="44" hits="2" branch="false"/>
                <line number="45" hits="2" branch="false"/>
                <line number="46" hits="2" branch="false"/>
                <line number="47" hits="2" branch="false"/>
                <line number="48" hits="2" branch="false"/>
                <line number="49" hits="33" branch="false"/>
                <line number="50" hits="33" branch="false"/>
                <line number="51" hits="0" branch="false"/>
                <line number="52" hits="0" branch="false"/>
                <line number="53" hits="0" branch="false"/>
                <line number="54" hits="0" branch="false"/>
                <line number="55" hits="0" branch="false"/>
                <line number="56" hits="0" branch="false"/>
                <line number="57" hits="0" branch="false"/>
                <line number="58" hits="0" branch="false"/>
                <line number="59" hits="33" branch="false"/>
                <line number="60" hits="33" branch="false"/>
                <line number="61" hits="33" branch="false"/>
                <line number="62" hits="33" branch="false"/>
                <line number="63" hits="33" branch="false"/>
                <line number="64" hits="33" branch="false"/>
              </lines>
            </method>
          </methods>
          <lines>
            <line number="17" hits="33" branch="false"/>
            <line number="18" hits="33" branch="false"/>
            <line number="19" hits="33" branch="false"/>
            <line number="20" hits="33" branch="false"/>
            <line number="21" hits="2" branch="false"/>
            <line number="22" hits="2" branch="false"/>
            <line number="23" hits="2" branch="false"/>
            <line number="24" hits="2" branch="false"/>
            <line number="25" hits="2" branch="false"/>
            <line number="27" hits="2" branch="false"/>
            <line number="28" hits="2" branch="false"/>
            <line number="29" hits="0" branch="false"/>
            <line number="30" hits="2" branch="false"/>
            <line number="31" hits="2" branch="false"/>
            <line number="32" hits="2" branch="false"/>
            <line number="33" hits="2" branch="false"/>
            <line number="34" hits="2" branch="false"/>
            <line number="35" hits="2" branch="false"/>
            <line number="36" hits="2" branch="false"/>
            <line number="38" hits="2" branch="false"/>
            <line number="39" hits="2" branch="false"/>
            <line number="40" hits="0" branch="false"/>
            <line number="41" hits="2" branch="false"/>
            <line number="43" hits="2" branch="false"/>
            <line number="44" hits="2" branch="false"/>
            <line number="45" hits="2" branch="false"/>
            <line number="46" hits="2" branch="false"/>
            <line number="47" hits="2" branch="false"/>
            <line number="48" hits="2" branch="false"/>
            <line number="49" hits="33" branch="false"/>
            <line number="50" hits="33" branch="false"/>
            <line number="51" hits="0" branch="false"/>
            <line number="52" hits="0" branch="false"/>
            <line number="53" hits="0" branch="false"/>
            <line number="54" hits="0" branch="false"/>
            <line number="55" hits="0" branch="false"/>
            <line number="56" hits="0" branch="false"/>
            <line number="57" hits="0" branch="false"/>
            <line number="58" hits="0" branch="false"/>
            <line number="59" hits="33" branch="false"/>
            <line number="60" hits="33" branch="false"/>
            <line number="61" hits="33" branch="false"/>
            <line number="62" hits="33" branch="false"/>
            <line number="63" hits="33" branch="false"/>
            <line number="64" hits="33" branch="false"/>
          </lines>
        </class>
        <class name="get_rcode_utils.R" filename="R/get_rcode_utils.R" line-rate="0.413793103448276" branch-rate="0" complexity="0">
          <methods>
            <method name="get_rcode_libraries" signature="" line-rate="1" branch-rate="0" complexity="0">
              <lines>
                <line number="8" hits="1" branch="false"/>
                <line number="9" hits="1" branch="false"/>
                <line number="10" hits="1" branch="false"/>
                <line number="11" hits="1" branch="false"/>
                <line number="12" hits="1" branch="false"/>
                <line number="13" hits="1" branch="false"/>
                <line number="14" hits="1" branch="false"/>
                <line number="15" hits="1" branch="false"/>
              </lines>
            </method>
            <method name="get_rcode_str_install" signature="" line-rate="1" branch-rate="0" complexity="0">
              <lines>
                <line number="22" hits="5" branch="false"/>
                <line number="23" hits="5" branch="false"/>
                <line number="24" hits="2" branch="false"/>
                <line number="26" hits="3" branch="false"/>
              </lines>
            </method>
            <method name="get_datasets_code" signature="" line-rate="0" branch-rate="0" complexity="0">
              <lines>
                <line number="46" hits="0" branch="false"/>
                <line number="47" hits="0" branch="false"/>
                <line number="48" hits="0" branch="false"/>
                <line number="50" hits="0" branch="false"/>
                <line number="54" hits="0" branch="false"/>
                <line number="55" hits="0" branch="false"/>
                <line number="56" hits="0" branch="false"/>
                <line number="57" hits="0" branch="false"/>
                <line number="58" hits="0" branch="false"/>
                <line number="59" hits="0" branch="false"/>
                <line number="60" hits="0" branch="false"/>
                <line number="61" hits="0" branch="false"/>
                <line number="64" hits="0" branch="false"/>
                <line number="65" hits="0" branch="false"/>
                <line number="66" hits="0" branch="false"/>
                <line number="70" hits="0" branch="false"/>
                <line number="71" hits="0" branch="false"/>
              </lines>
            </method>
          </methods>
          <lines>
            <line number="8" hits="1" branch="false"/>
            <line number="9" hits="1" branch="false"/>
            <line number="10" hits="1" branch="false"/>
            <line number="11" hits="1" branch="false"/>
            <line number="12" hits="1" branch="false"/>
            <line number="13" hits="1" branch="false"/>
            <line number="14" hits="1" branch="false"/>
            <line number="15" hits="1" branch="false"/>
            <line number="22" hits="5" branch="false"/>
            <line number="23" hits="5" branch="false"/>
            <line number="24" hits="2" branch="false"/>
            <line number="26" hits="3" branch="false"/>
            <line number="46" hits="0" branch="false"/>
            <line number="47" hits="0" branch="false"/>
            <line number="48" hits="0" branch="false"/>
            <line number="50" hits="0" branch="false"/>
            <line number="54" hits="0" branch="false"/>
            <line number="55" hits="0" branch="false"/>
            <line number="56" hits="0" branch="false"/>
            <line number="57" hits="0" branch="false"/>
            <line number="58" hits="0" branch="false"/>
            <line number="59" hits="0" branch="false"/>
            <line number="60" hits="0" branch="false"/>
            <line number="61" hits="0" branch="false"/>
            <line number="64" hits="0" branch="false"/>
            <line number="65" hits="0" branch="false"/>
            <line number="66" hits="0" branch="false"/>
            <line number="70" hits="0" branch="false"/>
            <line number="71" hits="0" branch="false"/>
          </lines>
        </class>
        <class name="include_css_js.R" filename="R/include_css_js.R" line-rate="0.227272727272727" branch-rate="0" complexity="0">
          <methods>
            <method name="include_css_files" signature="" line-rate="0" branch-rate="0" complexity="0">
              <lines>
                <line number="12" hits="0" branch="false"/>
                <line number="13" hits="0" branch="false"/>
                <line number="14" hits="0" branch="false"/>
                <line number="15" hits="0" branch="false"/>
                <line number="17" hits="0" branch="false"/>
                <line number="18" hits="0" branch="false"/>
                <line number="19" hits="0" branch="false"/>
              </lines>
            </method>
            <method name="include_js_files" signature="" line-rate="0" branch-rate="0" complexity="0">
              <lines>
                <line number="34" hits="0" branch="false"/>
                <line number="35" hits="0" branch="false"/>
                <line number="36" hits="0" branch="false"/>
                <line number="38" hits="0" branch="false"/>
              </lines>
            </method>
            <method name="run_js_files" signature="" line-rate="1" branch-rate="0" complexity="0">
              <lines>
                <line number="57" hits="65" branch="false"/>
                <line number="58" hits="65" branch="false"/>
                <line number="59" hits="65" branch="false"/>
                <line number="60" hits="65" branch="false"/>
                <line number="61" hits="65" branch="false"/>
              </lines>
            </method>
            <method name="include_teal_css_js" signature="" line-rate="0" branch-rate="0" complexity="0">
              <lines>
                <line number="76" hits="0" branch="false"/>
                <line number="77" hits="0" branch="false"/>
                <line number="78" hits="0" branch="false"/>
                <line number="80" hits="0" branch="false"/>
                <line number="81" hits="0" branch="false"/>
                <line number="82" hits="0" branch="false"/>
              </lines>
            </method>
          </methods>
          <lines>
            <line number="12" hits="0" branch="false"/>
            <line number="13" hits="0" branch="false"/>
            <line number="14" hits="0" branch="false"/>
            <line number="15" hits="0" branch="false"/>
            <line number="17" hits="0" branch="false"/>
            <line number="18" hits="0" branch="false"/>
            <line number="19" hits="0" branch="false"/>
            <line number="34" hits="0" branch="false"/>
            <line number="35" hits="0" branch="false"/>
            <line number="36" hits="0" branch="false"/>
            <line number="38" hits="0" branch="false"/>
            <line number="57" hits="65" branch="false"/>
            <line number="58" hits="65" branch="false"/>
            <line number="59" hits="65" branch="false"/>
            <line number="60" hits="65" branch="false"/>
            <line number="61" hits="65" branch="false"/>
            <line number="76" hits="0" branch="false"/>
            <line number="77" hits="0" branch="false"/>
            <line number="78" hits="0" branch="false"/>
            <line number="80" hits="0" branch="false"/>
            <line number="81" hits="0" branch="false"/>
            <line number="82" hits="0" branch="false"/>
          </lines>
        </class>
        <class name="init.R" filename="R/init.R" line-rate="0.546296296296296" branch-rate="0" complexity="0">
          <methods>
            <method name="init" signature="" line-rate="0.546296296296296" branch-rate="0" complexity="0">
              <lines>
                <line number="106" hits="9" branch="false"/>
                <line number="110" hits="9" branch="false"/>
                <line number="111" hits="0" branch="false"/>
                <line number="112" hits="0" branch="false"/>
                <line number="113" hits="0" branch="false"/>
                <line number="114" hits="0" branch="false"/>
                <line number="115" hits="0" branch="false"/>
                <line number="116" hits="0" branch="false"/>
                <line number="117" hits="0" branch="false"/>
                <line number="118" hits="0" branch="false"/>
                <line number="120" hits="9" branch="false"/>
                <line number="121" hits="9" branch="false"/>
                <line number="124" hits="9" branch="false"/>
                <line number="125" hits="9" branch="false"/>
                <line number="126" hits="9" branch="false"/>
                <line number="127" hits="9" branch="false"/>
                <line number="128" hits="9" branch="false"/>
                <line number="129" hits="9" branch="false"/>
                <line number="130" hits="1" branch="false"/>
                <line number="132" hits="9" branch="false"/>
                <line number="133" hits="3" branch="false"/>
                <line number="137" hits="9" branch="false"/>
                <line number="140" hits="8" branch="false"/>
                <line number="141" hits="8" branch="false"/>
                <line number="142" hits="8" branch="false"/>
                <line number="143" hits="8" branch="false"/>
                <line number="144" hits="8" branch="false"/>
                <line number="145" hits="8" branch="false"/>
                <line number="146" hits="8" branch="false"/>
                <line number="147" hits="8" branch="false"/>
                <line number="148" hits="8" branch="false"/>
                <line number="149" hits="8" branch="false"/>
                <line number="150" hits="8" branch="false"/>
                <line number="151" hits="8" branch="false"/>
                <line number="152" hits="8" branch="false"/>
                <line number="153" hits="8" branch="false"/>
                <line number="154" hits="8" branch="false"/>
                <line number="155" hits="8" branch="false"/>
                <line number="158" hits="8" branch="false"/>
                <line number="161" hits="8" branch="false"/>
                <line number="165" hits="8" branch="false"/>
                <line number="166" hits="8" branch="false"/>
                <line number="167" hits="0" branch="false"/>
                <line number="168" hits="0" branch="false"/>
                <line number="170" hits="0" branch="false"/>
                <line number="171" hits="0" branch="false"/>
                <line number="172" hits="0" branch="false"/>
                <line number="173" hits="0" branch="false"/>
                <line number="174" hits="0" branch="false"/>
                <line number="175" hits="0" branch="false"/>
                <line number="176" hits="0" branch="false"/>
                <line number="177" hits="0" branch="false"/>
                <line number="178" hits="8" branch="false"/>
                <line number="179" hits="0" branch="false"/>
                <line number="183" hits="8" branch="false"/>
                <line number="186" hits="8" branch="false"/>
                <line number="190" hits="8" branch="false"/>
                <line number="191" hits="0" branch="false"/>
                <line number="192" hits="0" branch="false"/>
                <line number="193" hits="0" branch="false"/>
                <line number="194" hits="0" branch="false"/>
                <line number="195" hits="0" branch="false"/>
                <line number="196" hits="0" branch="false"/>
                <line number="197" hits="0" branch="false"/>
                <line number="198" hits="0" branch="false"/>
                <line number="199" hits="0" branch="false"/>
                <line number="200" hits="0" branch="false"/>
                <line number="203" hits="0" branch="false"/>
                <line number="207" hits="0" branch="false"/>
                <line number="208" hits="0" branch="false"/>
                <line number="209" hits="0" branch="false"/>
                <line number="210" hits="0" branch="false"/>
                <line number="211" hits="0" branch="false"/>
                <line number="212" hits="0" branch="false"/>
                <line number="217" hits="8" branch="false"/>
                <line number="218" hits="7" branch="false"/>
                <line number="219" hits="1" branch="false"/>
                <line number="222" hits="6" branch="false"/>
                <line number="223" hits="0" branch="false"/>
                <line number="226" hits="6" branch="false"/>
                <line number="227" hits="6" branch="false"/>
                <line number="228" hits="0" branch="false"/>
                <line number="231" hits="6" branch="false"/>
                <line number="232" hits="6" branch="false"/>
                <line number="233" hits="1" branch="false"/>
                <line number="239" hits="7" branch="false"/>
                <line number="240" hits="7" branch="false"/>
                <line number="241" hits="0" branch="false"/>
                <line number="242" hits="0" branch="false"/>
                <line number="243" hits="0" branch="false"/>
                <line number="244" hits="0" branch="false"/>
                <line number="247" hits="7" branch="false"/>
                <line number="249" hits="7" branch="false"/>
                <line number="250" hits="7" branch="false"/>
                <line number="251" hits="0" branch="false"/>
                <line number="252" hits="0" branch="false"/>
                <line number="253" hits="0" branch="false"/>
                <line number="254" hits="0" branch="false"/>
                <line number="255" hits="7" branch="false"/>
                <line number="256" hits="7" branch="false"/>
                <line number="257" hits="0" branch="false"/>
                <line number="258" hits="0" branch="false"/>
                <line number="259" hits="7" branch="false"/>
                <line number="260" hits="0" branch="false"/>
                <line number="261" hits="7" branch="false"/>
                <line number="262" hits="7" branch="false"/>
                <line number="264" hits="7" branch="false"/>
                <line number="266" hits="7" branch="false"/>
              </lines>
            </method>
          </methods>
          <lines>
            <line number="106" hits="9" branch="false"/>
            <line number="110" hits="9" branch="false"/>
            <line number="111" hits="0" branch="false"/>
            <line number="112" hits="0" branch="false"/>
            <line number="113" hits="0" branch="false"/>
            <line number="114" hits="0" branch="false"/>
            <line number="115" hits="0" branch="false"/>
            <line number="116" hits="0" branch="false"/>
            <line number="117" hits="0" branch="false"/>
            <line number="118" hits="0" branch="false"/>
            <line number="120" hits="9" branch="false"/>
            <line number="121" hits="9" branch="false"/>
            <line number="124" hits="9" branch="false"/>
            <line number="125" hits="9" branch="false"/>
            <line number="126" hits="9" branch="false"/>
            <line number="127" hits="9" branch="false"/>
            <line number="128" hits="9" branch="false"/>
            <line number="129" hits="9" branch="false"/>
            <line number="130" hits="1" branch="false"/>
            <line number="132" hits="9" branch="false"/>
            <line number="133" hits="3" branch="false"/>
            <line number="137" hits="9" branch="false"/>
            <line number="140" hits="8" branch="false"/>
            <line number="141" hits="8" branch="false"/>
            <line number="142" hits="8" branch="false"/>
            <line number="143" hits="8" branch="false"/>
            <line number="144" hits="8" branch="false"/>
            <line number="145" hits="8" branch="false"/>
            <line number="146" hits="8" branch="false"/>
            <line number="147" hits="8" branch="false"/>
            <line number="148" hits="8" branch="false"/>
            <line number="149" hits="8" branch="false"/>
            <line number="150" hits="8" branch="false"/>
            <line number="151" hits="8" branch="false"/>
            <line number="152" hits="8" branch="false"/>
            <line number="153" hits="8" branch="false"/>
            <line number="154" hits="8" branch="false"/>
            <line number="155" hits="8" branch="false"/>
            <line number="158" hits="8" branch="false"/>
            <line number="161" hits="8" branch="false"/>
            <line number="165" hits="8" branch="false"/>
            <line number="166" hits="8" branch="false"/>
            <line number="167" hits="0" branch="false"/>
            <line number="168" hits="0" branch="false"/>
            <line number="170" hits="0" branch="false"/>
            <line number="171" hits="0" branch="false"/>
            <line number="172" hits="0" branch="false"/>
            <line number="173" hits="0" branch="false"/>
            <line number="174" hits="0" branch="false"/>
            <line number="175" hits="0" branch="false"/>
            <line number="176" hits="0" branch="false"/>
            <line number="177" hits="0" branch="false"/>
            <line number="178" hits="8" branch="false"/>
            <line number="179" hits="0" branch="false"/>
            <line number="183" hits="8" branch="false"/>
            <line number="186" hits="8" branch="false"/>
            <line number="190" hits="8" branch="false"/>
            <line number="191" hits="0" branch="false"/>
            <line number="192" hits="0" branch="false"/>
            <line number="193" hits="0" branch="false"/>
            <line number="194" hits="0" branch="false"/>
            <line number="195" hits="0" branch="false"/>
            <line number="196" hits="0" branch="false"/>
            <line number="197" hits="0" branch="false"/>
            <line number="198" hits="0" branch="false"/>
            <line number="199" hits="0" branch="false"/>
            <line number="200" hits="0" branch="false"/>
            <line number="203" hits="0" branch="false"/>
            <line number="207" hits="0" branch="false"/>
            <line number="208" hits="0" branch="false"/>
            <line number="209" hits="0" branch="false"/>
            <line number="210" hits="0" branch="false"/>
            <line number="211" hits="0" branch="false"/>
            <line number="212" hits="0" branch="false"/>
            <line number="217" hits="8" branch="false"/>
            <line number="218" hits="7" branch="false"/>
            <line number="219" hits="1" branch="false"/>
            <line number="222" hits="6" branch="false"/>
            <line number="223" hits="0" branch="false"/>
            <line number="226" hits="6" branch="false"/>
            <line number="227" hits="6" branch="false"/>
            <line number="228" hits="0" branch="false"/>
            <line number="231" hits="6" branch="false"/>
            <line number="232" hits="6" branch="false"/>
            <line number="233" hits="1" branch="false"/>
            <line number="239" hits="7" branch="false"/>
            <line number="240" hits="7" branch="false"/>
            <line number="241" hits="0" branch="false"/>
            <line number="242" hits="0" branch="false"/>
            <line number="243" hits="0" branch="false"/>
            <line number="244" hits="0" branch="false"/>
            <line number="247" hits="7" branch="false"/>
            <line number="249" hits="7" branch="false"/>
            <line number="250" hits="7" branch="false"/>
            <line number="251" hits="0" branch="false"/>
            <line number="252" hits="0" branch="false"/>
            <line number="253" hits="0" branch="false"/>
            <line number="254" hits="0" branch="false"/>
            <line number="255" hits="7" branch="false"/>
            <line number="256" hits="7" branch="false"/>
            <line number="257" hits="0" branch="false"/>
            <line number="258" hits="0" branch="false"/>
            <line number="259" hits="7" branch="false"/>
            <line number="260" hits="0" branch="false"/>
            <line number="261" hits="7" branch="false"/>
            <line number="262" hits="7" branch="false"/>
            <line number="264" hits="7" branch="false"/>
            <line number="266" hits="7" branch="false"/>
          </lines>
        </class>
        <class name="landing_popup_module.R" filename="R/landing_popup_module.R" line-rate="0" branch-rate="0" complexity="0">
          <methods>
            <method name="landing_popup_module" signature="" line-rate="0" branch-rate="0" complexity="0">
              <lines>
                <line number="61" hits="0" branch="false"/>
                <line number="62" hits="0" branch="false"/>
                <line number="63" hits="0" branch="false"/>
                <line number="64" hits="0" branch="false"/>
                <line number="65" hits="0" branch="false"/>
                <line number="66" hits="0" branch="false"/>
                <line number="67" hits="0" branch="false"/>
                <line number="69" hits="0" branch="false"/>
                <line number="71" hits="0" branch="false"/>
                <line number="72" hits="0" branch="false"/>
                <line number="73" hits="0" branch="false"/>
                <line number="74" hits="0" branch="false"/>
                <line number="75" hits="0" branch="false"/>
                <line number="76" hits="0" branch="false"/>
                <line number="77" hits="0" branch="false"/>
                <line number="78" hits="0" branch="false"/>
                <line number="79" hits="0" branch="false"/>
                <line number="80" hits="0" branch="false"/>
                <line number="81" hits="0" branch="false"/>
                <line number="82" hits="0" branch="false"/>
                <line number="83" hits="0" branch="false"/>
                <line number="84" hits="0" branch="false"/>
                <line number="85" hits="0" branch="false"/>
                <line number="86" hits="0" branch="false"/>
                <line number="87" hits="0" branch="false"/>
              </lines>
            </method>
          </methods>
          <lines>
            <line number="61" hits="0" branch="false"/>
            <line number="62" hits="0" branch="false"/>
            <line number="63" hits="0" branch="false"/>
            <line number="64" hits="0" branch="false"/>
            <line number="65" hits="0" branch="false"/>
            <line number="66" hits="0" branch="false"/>
            <line number="67" hits="0" branch="false"/>
            <line number="69" hits="0" branch="false"/>
            <line number="71" hits="0" branch="false"/>
            <line number="72" hits="0" branch="false"/>
            <line number="73" hits="0" branch="false"/>
            <line number="74" hits="0" branch="false"/>
            <line number="75" hits="0" branch="false"/>
            <line number="76" hits="0" branch="false"/>
            <line number="77" hits="0" branch="false"/>
            <line number="78" hits="0" branch="false"/>
            <line number="79" hits="0" branch="false"/>
            <line number="80" hits="0" branch="false"/>
            <line number="81" hits="0" branch="false"/>
            <line number="82" hits="0" branch="false"/>
            <line number="83" hits="0" branch="false"/>
            <line number="84" hits="0" branch="false"/>
            <line number="85" hits="0" branch="false"/>
            <line number="86" hits="0" branch="false"/>
            <line number="87" hits="0" branch="false"/>
          </lines>
        </class>
        <class name="module_bookmark_manager.R" filename="R/module_bookmark_manager.R" line-rate="0.19620253164557" branch-rate="0" complexity="0">
          <methods>
            <method name="ui_bookmark_panel" signature="" line-rate="0" branch-rate="0" complexity="0">
              <lines>
                <line number="47" hits="0" branch="false"/>
                <line number="49" hits="0" branch="false"/>
                <line number="50" hits="0" branch="false"/>
                <line number="51" hits="0" branch="false"/>
                <line number="54" hits="0" branch="false"/>
                <line number="55" hits="0" branch="false"/>
                <line number="56" hits="0" branch="false"/>
                <line number="57" hits="0" branch="false"/>
                <line number="58" hits="0" branch="false"/>
                <line number="59" hits="0" branch="false"/>
                <line number="60" hits="0" branch="false"/>
                <line number="61" hits="0" branch="false"/>
                <line number="62" hits="0" branch="false"/>
                <line number="63" hits="0" branch="false"/>
                <line number="64" hits="0" branch="false"/>
                <line number="65" hits="0" branch="false"/>
                <line number="66" hits="0" branch="false"/>
                <line number="67" hits="0" branch="false"/>
                <line number="68" hits="0" branch="false"/>
              </lines>
            </method>
            <method name="srv_bookmark_panel" signature="" line-rate="0.223880597014925" branch-rate="0" complexity="0">
              <lines>
                <line number="74" hits="63" branch="false"/>
                <line number="75" hits="63" branch="false"/>
                <line number="76" hits="63" branch="false"/>
                <line number="77" hits="63" branch="false"/>
                <line number="78" hits="63" branch="false"/>
                <line number="79" hits="63" branch="false"/>
                <line number="80" hits="63" branch="false"/>
                <line number="84" hits="63" branch="false"/>
                <line number="86" hits="63" branch="false"/>
                <line number="87" hits="63" branch="false"/>
                <line number="88" hits="0" branch="false"/>
                <line number="89" hits="0" branch="false"/>
                <line number="90" hits="0" branch="false"/>
                <line number="91" hits="0" branch="false"/>
                <line number="92" hits="0" branch="false"/>
                <line number="93" hits="0" branch="false"/>
                <line number="94" hits="0" branch="false"/>
                <line number="95" hits="0" branch="false"/>
                <line number="96" hits="0" branch="false"/>
                <line number="97" hits="0" branch="false"/>
                <line number="98" hits="0" branch="false"/>
                <line number="99" hits="0" branch="false"/>
                <line number="100" hits="0" branch="false"/>
                <line number="101" hits="0" branch="false"/>
                <line number="102" hits="0" branch="false"/>
                <line number="103" hits="0" branch="false"/>
                <line number="104" hits="0" branch="false"/>
                <line number="105" hits="0" branch="false"/>
                <line number="106" hits="0" branch="false"/>
                <line number="107" hits="0" branch="false"/>
                <line number="108" hits="0" branch="false"/>
                <line number="109" hits="0" branch="false"/>
                <line number="110" hits="0" branch="false"/>
                <line number="111" hits="0" branch="false"/>
                <line number="112" hits="0" branch="false"/>
                <line number="113" hits="0" branch="false"/>
                <line number="114" hits="0" branch="false"/>
                <line number="115" hits="0" branch="false"/>
                <line number="116" hits="0" branch="false"/>
                <line number="117" hits="0" branch="false"/>
                <line number="118" hits="0" branch="false"/>
                <line number="119" hits="0" branch="false"/>
                <line number="120" hits="0" branch="false"/>
                <line number="121" hits="0" branch="false"/>
                <line number="122" hits="0" branch="false"/>
                <line number="123" hits="0" branch="false"/>
                <line number="124" hits="0" branch="false"/>
                <line number="125" hits="0" branch="false"/>
                <line number="126" hits="0" branch="false"/>
                <line number="127" hits="0" branch="false"/>
                <line number="128" hits="0" branch="false"/>
                <line number="129" hits="0" branch="false"/>
                <line number="131" hits="0" branch="false"/>
                <line number="132" hits="0" branch="false"/>
                <line number="133" hits="0" branch="false"/>
                <line number="134" hits="0" branch="false"/>
                <line number="135" hits="0" branch="false"/>
                <line number="136" hits="0" branch="false"/>
                <line number="137" hits="0" branch="false"/>
                <line number="138" hits="0" branch="false"/>
                <line number="139" hits="63" branch="false"/>
                <line number="142" hits="63" branch="false"/>
                <line number="143" hits="0" branch="false"/>
                <line number="144" hits="0" branch="false"/>
                <line number="145" hits="63" branch="false"/>
                <line number="147" hits="63" branch="false"/>
                <line number="148" hits="63" branch="false"/>
              </lines>
            </method>
            <method name="get_bookmarking_option" signature="" line-rate="0.75" branch-rate="0" complexity="0">
              <lines>
                <line number="154" hits="63" branch="false"/>
                <line number="155" hits="63" branch="false"/>
                <line number="156" hits="0" branch="false"/>
                <line number="158" hits="63" branch="false"/>
              </lines>
            </method>
            <method name="need_bookmarking" signature="" line-rate="1" branch-rate="0" complexity="0">
              <lines>
                <line number="163" hits="63" branch="false"/>
                <line number="164" hits="63" branch="false"/>
                <line number="165" hits="63" branch="false"/>
                <line number="166" hits="63" branch="false"/>
              </lines>
            </method>
            <method name="restoreValue" signature="" line-rate="0.857142857142857" branch-rate="0" complexity="0">
              <lines>
                <line number="197" hits="126" branch="false"/>
                <line number="198" hits="126" branch="false"/>
                <line number="199" hits="126" branch="false"/>
                <line number="200" hits="126" branch="false"/>
                <line number="202" hits="126" branch="false"/>
                <line number="203" hits="0" branch="false"/>
                <line number="205" hits="126" branch="false"/>
              </lines>
            </method>
            <method name="bookmarks_identical" signature="" line-rate="0" branch-rate="0" complexity="0">
              <lines>
                <line number="238" hits="0" branch="false"/>
                <line number="239" hits="0" branch="false"/>
                <line number="240" hits="0" branch="false"/>
                <line number="243" hits="0" branch="false"/>
                <line number="245" hits="0" branch="false"/>
                <line number="246" hits="0" branch="false"/>
                <line number="247" hits="0" branch="false"/>
                <line number="248" hits="0" branch="false"/>
                <line number="249" hits="0" branch="false"/>
                <line number="250" hits="0" branch="false"/>
                <line number="252" hits="0" branch="false"/>
                <line number="253" hits="0" branch="false"/>
                <line number="255" hits="0" branch="false"/>
                <line number="256" hits="0" branch="false"/>
                <line number="259" hits="0" branch="false"/>
                <line number="260" hits="0" branch="false"/>
                <line number="262" hits="0" branch="false"/>
                <line number="263" hits="0" branch="false"/>
                <line number="264" hits="0" branch="false"/>
                <line number="265" hits="0" branch="false"/>
                <line number="266" hits="0" branch="false"/>
                <line number="267" hits="0" branch="false"/>
                <line number="271" hits="0" branch="false"/>
                <line number="272" hits="0" branch="false"/>
                <line number="273" hits="0" branch="false"/>
                <line number="274" hits="0" branch="false"/>
                <line number="275" hits="0" branch="false"/>
                <line number="276" hits="0" branch="false"/>
                <line number="279" hits="0" branch="false"/>
                <line number="280" hits="0" branch="false"/>
                <line number="281" hits="0" branch="false"/>
                <line number="282" hits="0" branch="false"/>
                <line number="283" hits="0" branch="false"/>
                <line number="284" hits="0" branch="false"/>
                <line number="287" hits="0" branch="false"/>
                <line number="288" hits="0" branch="false"/>
                <line number="289" hits="0" branch="false"/>
                <line number="292" hits="0" branch="false"/>
                <line number="293" hits="0" branch="false"/>
                <line number="294" hits="0" branch="false"/>
                <line number="295" hits="0" branch="false"/>
                <line number="296" hits="0" branch="false"/>
                <line number="297" hits="0" branch="false"/>
                <line number="300" hits="0" branch="false"/>
                <line number="301" hits="0" branch="false"/>
                <line number="302" hits="0" branch="false"/>
                <line number="305" hits="0" branch="false"/>
                <line number="306" hits="0" branch="false"/>
                <line number="308" hits="0" branch="false"/>
                <line number="309" hits="0" branch="false"/>
                <line number="310" hits="0" branch="false"/>
                <line number="311" hits="0" branch="false"/>
                <line number="314" hits="0" branch="false"/>
                <line number="315" hits="0" branch="false"/>
              </lines>
            </method>
            <method name="rapply2" signature="" line-rate="1" branch-rate="0" complexity="0">
              <lines>
                <line number="322" hits="151" branch="false"/>
                <line number="323" hits="63" branch="false"/>
                <line number="325" hits="88" branch="false"/>
              </lines>
            </method>
          </methods>
          <lines>
            <line number="47" hits="0" branch="false"/>
            <line number="49" hits="0" branch="false"/>
            <line number="50" hits="0" branch="false"/>
            <line number="51" hits="0" branch="false"/>
            <line number="54" hits="0" branch="false"/>
            <line number="55" hits="0" branch="false"/>
            <line number="56" hits="0" branch="false"/>
            <line number="57" hits="0" branch="false"/>
            <line number="58" hits="0" branch="false"/>
            <line number="59" hits="0" branch="false"/>
            <line number="60" hits="0" branch="false"/>
            <line number="61" hits="0" branch="false"/>
            <line number="62" hits="0" branch="false"/>
            <line number="63" hits="0" branch="false"/>
            <line number="64" hits="0" branch="false"/>
            <line number="65" hits="0" branch="false"/>
            <line number="66" hits="0" branch="false"/>
            <line number="67" hits="0" branch="false"/>
            <line number="68" hits="0" branch="false"/>
            <line number="74" hits="63" branch="false"/>
            <line number="75" hits="63" branch="false"/>
            <line number="76" hits="63" branch="false"/>
            <line number="77" hits="63" branch="false"/>
            <line number="78" hits="63" branch="false"/>
            <line number="79" hits="63" branch="false"/>
            <line number="80" hits="63" branch="false"/>
            <line number="84" hits="63" branch="false"/>
            <line number="86" hits="63" branch="false"/>
            <line number="87" hits="63" branch="false"/>
            <line number="88" hits="0" branch="false"/>
            <line number="89" hits="0" branch="false"/>
            <line number="90" hits="0" branch="false"/>
            <line number="91" hits="0" branch="false"/>
            <line number="92" hits="0" branch="false"/>
            <line number="93" hits="0" branch="false"/>
            <line number="94" hits="0" branch="false"/>
            <line number="95" hits="0" branch="false"/>
            <line number="96" hits="0" branch="false"/>
            <line number="97" hits="0" branch="false"/>
            <line number="98" hits="0" branch="false"/>
            <line number="99" hits="0" branch="false"/>
            <line number="100" hits="0" branch="false"/>
            <line number="101" hits="0" branch="false"/>
            <line number="102" hits="0" branch="false"/>
            <line number="103" hits="0" branch="false"/>
            <line number="104" hits="0" branch="false"/>
            <line number="105" hits="0" branch="false"/>
            <line number="106" hits="0" branch="false"/>
            <line number="107" hits="0" branch="false"/>
            <line number="108" hits="0" branch="false"/>
            <line number="109" hits="0" branch="false"/>
            <line number="110" hits="0" branch="false"/>
            <line number="111" hits="0" branch="false"/>
            <line number="112" hits="0" branch="false"/>
            <line number="113" hits="0" branch="false"/>
            <line number="114" hits="0" branch="false"/>
            <line number="115" hits="0" branch="false"/>
            <line number="116" hits="0" branch="false"/>
            <line number="117" hits="0" branch="false"/>
            <line number="118" hits="0" branch="false"/>
            <line number="119" hits="0" branch="false"/>
            <line number="120" hits="0" branch="false"/>
            <line number="121" hits="0" branch="false"/>
            <line number="122" hits="0" branch="false"/>
            <line number="123" hits="0" branch="false"/>
            <line number="124" hits="0" branch="false"/>
            <line number="125" hits="0" branch="false"/>
            <line number="126" hits="0" branch="false"/>
            <line number="127" hits="0" branch="false"/>
            <line number="128" hits="0" branch="false"/>
            <line number="129" hits="0" branch="false"/>
            <line number="131" hits="0" branch="false"/>
            <line number="132" hits="0" branch="false"/>
            <line number="133" hits="0" branch="false"/>
            <line number="134" hits="0" branch="false"/>
            <line number="135" hits="0" branch="false"/>
            <line number="136" hits="0" branch="false"/>
            <line number="137" hits="0" branch="false"/>
            <line number="138" hits="0" branch="false"/>
            <line number="139" hits="63" branch="false"/>
            <line number="142" hits="63" branch="false"/>
            <line number="143" hits="0" branch="false"/>
            <line number="144" hits="0" branch="false"/>
            <line number="145" hits="63" branch="false"/>
            <line number="147" hits="63" branch="false"/>
            <line number="148" hits="63" branch="false"/>
            <line number="154" hits="63" branch="false"/>
            <line number="155" hits="63" branch="false"/>
            <line number="156" hits="0" branch="false"/>
            <line number="158" hits="63" branch="false"/>
            <line number="163" hits="63" branch="false"/>
            <line number="164" hits="63" branch="false"/>
            <line number="165" hits="63" branch="false"/>
            <line number="166" hits="63" branch="false"/>
            <line number="197" hits="126" branch="false"/>
            <line number="198" hits="126" branch="false"/>
            <line number="199" hits="126" branch="false"/>
            <line number="200" hits="126" branch="false"/>
            <line number="202" hits="126" branch="false"/>
            <line number="203" hits="0" branch="false"/>
            <line number="205" hits="126" branch="false"/>
            <line number="238" hits="0" branch="false"/>
            <line number="239" hits="0" branch="false"/>
            <line number="240" hits="0" branch="false"/>
            <line number="243" hits="0" branch="false"/>
            <line number="245" hits="0" branch="false"/>
            <line number="246" hits="0" branch="false"/>
            <line number="247" hits="0" branch="false"/>
            <line number="248" hits="0" branch="false"/>
            <line number="249" hits="0" branch="false"/>
            <line number="250" hits="0" branch="false"/>
            <line number="252" hits="0" branch="false"/>
            <line number="253" hits="0" branch="false"/>
            <line number="255" hits="0" branch="false"/>
            <line number="256" hits="0" branch="false"/>
            <line number="259" hits="0" branch="false"/>
            <line number="260" hits="0" branch="false"/>
            <line number="262" hits="0" branch="false"/>
            <line number="263" hits="0" branch="false"/>
            <line number="264" hits="0" branch="false"/>
            <line number="265" hits="0" branch="false"/>
            <line number="266" hits="0" branch="false"/>
            <line number="267" hits="0" branch="false"/>
            <line number="271" hits="0" branch="false"/>
            <line number="272" hits="0" branch="false"/>
            <line number="273" hits="0" branch="false"/>
            <line number="274" hits="0" branch="false"/>
            <line number="275" hits="0" branch="false"/>
            <line number="276" hits="0" branch="false"/>
            <line number="279" hits="0" branch="false"/>
            <line number="280" hits="0" branch="false"/>
            <line number="281" hits="0" branch="false"/>
            <line number="282" hits="0" branch="false"/>
            <line number="283" hits="0" branch="false"/>
            <line number="284" hits="0" branch="false"/>
            <line number="287" hits="0" branch="false"/>
            <line number="288" hits="0" branch="false"/>
            <line number="289" hits="0" branch="false"/>
            <line number="292" hits="0" branch="false"/>
            <line number="293" hits="0" branch="false"/>
            <line number="294" hits="0" branch="false"/>
            <line number="295" hits="0" branch="false"/>
            <line number="296" hits="0" branch="false"/>
            <line number="297" hits="0" branch="false"/>
            <line number="300" hits="0" branch="false"/>
            <line number="301" hits="0" branch="false"/>
            <line number="302" hits="0" branch="false"/>
            <line number="305" hits="0" branch="false"/>
            <line number="306" hits="0" branch="false"/>
            <line number="308" hits="0" branch="false"/>
            <line number="309" hits="0" branch="false"/>
            <line number="310" hits="0" branch="false"/>
            <line number="311" hits="0" branch="false"/>
            <line number="314" hits="0" branch="false"/>
            <line number="315" hits="0" branch="false"/>
            <line number="322" hits="151" branch="false"/>
            <line number="323" hits="63" branch="false"/>
            <line number="325" hits="88" branch="false"/>
          </lines>
        </class>
        <class name="module_data_summary.R" filename="R/module_data_summary.R" line-rate="0.555555555555556" branch-rate="0" complexity="0">
          <methods>
            <method name="ui_data_summary" signature="" line-rate="0" branch-rate="0" complexity="0">
              <lines>
                <line number="24" hits="0" branch="false"/>
                <line number="25" hits="0" branch="false"/>
                <line number="26" hits="0" branch="false"/>
                <line number="27" hits="0" branch="false"/>
                <line number="28" hits="0" branch="false"/>
                <line number="29" hits="0" branch="false"/>
                <line number="30" hits="0" branch="false"/>
                <line number="31" hits="0" branch="false"/>
                <line number="32" hits="0" branch="false"/>
                <line number="33" hits="0" branch="false"/>
                <line number="34" hits="0" branch="false"/>
                <line number="35" hits="0" branch="false"/>
                <line number="36" hits="0" branch="false"/>
                <line number="37" hits="0" branch="false"/>
                <line number="38" hits="0" branch="false"/>
                <line number="39" hits="0" branch="false"/>
                <line number="40" hits="0" branch="false"/>
                <line number="41" hits="0" branch="false"/>
                <line number="42" hits="0" branch="false"/>
                <line number="43" hits="0" branch="false"/>
                <line number="44" hits="0" branch="false"/>
                <line number="45" hits="0" branch="false"/>
                <line number="46" hits="0" branch="false"/>
                <line number="47" hits="0" branch="false"/>
                <line number="48" hits="0" branch="false"/>
                <line number="49" hits="0" branch="false"/>
                <line number="50" hits="0" branch="false"/>
                <line number="51" hits="0" branch="false"/>
                <line number="52" hits="0" branch="false"/>
              </lines>
            </method>
            <method name="srv_data_summary" signature="" line-rate="0.867647058823529" branch-rate="0" complexity="0">
              <lines>
                <line number="57" hits="88" branch="false"/>
                <line number="58" hits="88" branch="false"/>
                <line number="59" hits="88" branch="false"/>
                <line number="60" hits="88" branch="false"/>
                <line number="61" hits="88" branch="false"/>
                <line number="63" hits="88" branch="false"/>
                <line number="64" hits="88" branch="false"/>
                <line number="66" hits="72" branch="false"/>
                <line number="67" hits="0" branch="false"/>
                <line number="68" hits="88" branch="false"/>
                <line number="70" hits="72" branch="false"/>
                <line number="71" hits="72" branch="false"/>
                <line number="73" hits="72" branch="false"/>
                <line number="74" hits="72" branch="false"/>
                <line number="75" hits="72" branch="false"/>
                <line number="76" hits="72" branch="false"/>
                <line number="77" hits="72" branch="false"/>
                <line number="79" hits="72" branch="false"/>
                <line number="80" hits="72" branch="false"/>
                <line number="81" hits="72" branch="false"/>
                <line number="82" hits="72" branch="false"/>
                <line number="83" hits="72" branch="false"/>
                <line number="85" hits="72" branch="false"/>
                <line number="86" hits="72" branch="false"/>
                <line number="87" hits="88" branch="false"/>
                <line number="89" hits="88" branch="false"/>
                <line number="90" hits="88" branch="false"/>
                <line number="91" hits="88" branch="false"/>
                <line number="93" hits="25" branch="false"/>
                <line number="94" hits="0" branch="false"/>
                <line number="95" hits="88" branch="false"/>
                <line number="96" hits="88" branch="false"/>
                <line number="97" hits="72" branch="false"/>
                <line number="98" hits="72" branch="false"/>
                <line number="99" hits="72" branch="false"/>
                <line number="100" hits="72" branch="false"/>
                <line number="101" hits="72" branch="false"/>
                <line number="102" hits="72" branch="false"/>
                <line number="103" hits="72" branch="false"/>
                <line number="104" hits="72" branch="false"/>
                <line number="105" hits="0" branch="false"/>
                <line number="106" hits="0" branch="false"/>
                <line number="107" hits="0" branch="false"/>
                <line number="108" hits="0" branch="false"/>
                <line number="109" hits="0" branch="false"/>
                <line number="110" hits="0" branch="false"/>
                <line number="111" hits="0" branch="false"/>
                <line number="112" hits="72" branch="false"/>
                <line number="113" hits="72" branch="false"/>
                <line number="114" hits="72" branch="false"/>
                <line number="115" hits="72" branch="false"/>
                <line number="116" hits="72" branch="false"/>
                <line number="117" hits="72" branch="false"/>
                <line number="118" hits="72" branch="false"/>
                <line number="119" hits="72" branch="false"/>
                <line number="121" hits="72" branch="false"/>
                <line number="122" hits="72" branch="false"/>
                <line number="124" hits="72" branch="false"/>
                <line number="125" hits="72" branch="false"/>
                <line number="126" hits="72" branch="false"/>
                <line number="127" hits="72" branch="false"/>
                <line number="128" hits="72" branch="false"/>
                <line number="129" hits="72" branch="false"/>
                <line number="130" hits="88" branch="false"/>
                <line number="131" hits="88" branch="false"/>
                <line number="133" hits="88" branch="false"/>
                <line number="134" hits="88" branch="false"/>
                <line number="135" hits="88" branch="false"/>
              </lines>
            </method>
            <method name="get_filter_overview" signature="" line-rate="1" branch-rate="0" complexity="0">
              <lines>
                <line number="140" hits="72" branch="false"/>
                <line number="141" hits="72" branch="false"/>
                <line number="142" hits="72" branch="false"/>
                <line number="143" hits="72" branch="false"/>
                <line number="144" hits="72" branch="false"/>
                <line number="145" hits="72" branch="false"/>
                <line number="146" hits="72" branch="false"/>
                <line number="147" hits="72" branch="false"/>
                <line number="148" hits="72" branch="false"/>
                <line number="149" hits="72" branch="false"/>
                <line number="151" hits="72" branch="false"/>
                <line number="152" hits="72" branch="false"/>
                <line number="153" hits="72" branch="false"/>
                <line number="154" hits="72" branch="false"/>
                <line number="162" hits="72" branch="false"/>
                <line number="163" hits="7" branch="false"/>
                <line number="164" hits="72" branch="false"/>
                <line number="165" hits="72" branch="false"/>
                <line number="166" hits="72" branch="false"/>
                <line number="167" hits="72" branch="false"/>
                <line number="168" hits="72" branch="false"/>
                <line number="169" hits="72" branch="false"/>
                <line number="170" hits="72" branch="false"/>
                <line number="171" hits="72" branch="false"/>
                <line number="172" hits="72" branch="false"/>
                <line number="173" hits="72" branch="false"/>
                <line number="174" hits="72" branch="false"/>
                <line number="176" hits="72" branch="false"/>
                <line number="177" hits="72" branch="false"/>
              </lines>
            </method>
            <method name="get_object_filter_overview" signature="" line-rate="0.181818181818182" branch-rate="0" complexity="0">
              <lines>
                <line number="185" hits="129" branch="false"/>
                <line number="186" hits="129" branch="false"/>
                <line number="187" hits="0" branch="false"/>
                <line number="188" hits="0" branch="false"/>
                <line number="190" hits="0" branch="false"/>
                <line number="191" hits="0" branch="false"/>
                <line number="192" hits="0" branch="false"/>
                <line number="193" hits="0" branch="false"/>
                <line number="194" hits="0" branch="false"/>
                <line number="195" hits="0" branch="false"/>
                <line number="196" hits="0" branch="false"/>
              </lines>
            </method>
            <method name="get_object_filter_overview_array" signature="" line-rate="1" branch-rate="0" complexity="0">
              <lines>
                <line number="205" hits="129" branch="false"/>
                <line number="206" hits="116" branch="false"/>
                <line number="207" hits="116" branch="false"/>
                <line number="208" hits="116" branch="false"/>
                <line number="209" hits="116" branch="false"/>
                <line number="210" hits="116" branch="false"/>
                <line number="211" hits="116" branch="false"/>
                <line number="212" hits="116" branch="false"/>
                <line number="214" hits="13" branch="false"/>
                <line number="215" hits="13" branch="false"/>
                <line number="216" hits="13" branch="false"/>
                <line number="217" hits="13" branch="false"/>
                <line number="218" hits="13" branch="false"/>
                <line number="219" hits="13" branch="false"/>
                <line number="220" hits="13" branch="false"/>
              </lines>
            </method>
            <method name="get_object_filter_overview_MultiAssayExperiment" signature="" line-rate="0" branch-rate="0" complexity="0">
              <lines>
                <line number="228" hits="0" branch="false"/>
                <line number="229" hits="0" branch="false"/>
                <line number="230" hits="0" branch="false"/>
                <line number="231" hits="0" branch="false"/>
                <line number="232" hits="0" branch="false"/>
                <line number="233" hits="0" branch="false"/>
                <line number="234" hits="0" branch="false"/>
                <line number="235" hits="0" branch="false"/>
                <line number="237" hits="0" branch="false"/>
                <line number="238" hits="0" branch="false"/>
                <line number="239" hits="0" branch="false"/>
                <line number="240" hits="0" branch="false"/>
                <line number="241" hits="0" branch="false"/>
                <line number="242" hits="0" branch="false"/>
                <line number="243" hits="0" branch="false"/>
                <line number="244" hits="0" branch="false"/>
                <line number="245" hits="0" branch="false"/>
                <line number="246" hits="0" branch="false"/>
                <line number="247" hits="0" branch="false"/>
                <line number="248" hits="0" branch="false"/>
                <line number="249" hits="0" branch="false"/>
                <line number="250" hits="0" branch="false"/>
                <line number="252" hits="0" branch="false"/>
                <line number="253" hits="0" branch="false"/>
                <line number="254" hits="0" branch="false"/>
                <line number="255" hits="0" branch="false"/>
                <line number="257" hits="0" branch="false"/>
                <line number="258" hits="0" branch="false"/>
                <line number="259" hits="0" branch="false"/>
                <line number="260" hits="0" branch="false"/>
                <line number="261" hits="0" branch="false"/>
                <line number="262" hits="0" branch="false"/>
                <line number="263" hits="0" branch="false"/>
                <line number="264" hits="0" branch="false"/>
                <line number="265" hits="0" branch="false"/>
                <line number="267" hits="0" branch="false"/>
                <line number="268" hits="0" branch="false"/>
              </lines>
            </method>
          </methods>
          <lines>
            <line number="24" hits="0" branch="false"/>
            <line number="25" hits="0" branch="false"/>
            <line number="26" hits="0" branch="false"/>
            <line number="27" hits="0" branch="false"/>
            <line number="28" hits="0" branch="false"/>
            <line number="29" hits="0" branch="false"/>
            <line number="30" hits="0" branch="false"/>
            <line number="31" hits="0" branch="false"/>
            <line number="32" hits="0" branch="false"/>
            <line number="33" hits="0" branch="false"/>
            <line number="34" hits="0" branch="false"/>
            <line number="35" hits="0" branch="false"/>
            <line number="36" hits="0" branch="false"/>
            <line number="37" hits="0" branch="false"/>
            <line number="38" hits="0" branch="false"/>
            <line number="39" hits="0" branch="false"/>
            <line number="40" hits="0" branch="false"/>
            <line number="41" hits="0" branch="false"/>
            <line number="42" hits="0" branch="false"/>
            <line number="43" hits="0" branch="false"/>
            <line number="44" hits="0" branch="false"/>
            <line number="45" hits="0" branch="false"/>
            <line number="46" hits="0" branch="false"/>
            <line number="47" hits="0" branch="false"/>
            <line number="48" hits="0" branch="false"/>
            <line number="49" hits="0" branch="false"/>
            <line number="50" hits="0" branch="false"/>
            <line number="51" hits="0" branch="false"/>
            <line number="52" hits="0" branch="false"/>
            <line number="57" hits="88" branch="false"/>
            <line number="58" hits="88" branch="false"/>
            <line number="59" hits="88" branch="false"/>
            <line number="60" hits="88" branch="false"/>
            <line number="61" hits="88" branch="false"/>
            <line number="63" hits="88" branch="false"/>
            <line number="64" hits="88" branch="false"/>
            <line number="66" hits="72" branch="false"/>
            <line number="67" hits="0" branch="false"/>
            <line number="68" hits="88" branch="false"/>
            <line number="70" hits="72" branch="false"/>
            <line number="71" hits="72" branch="false"/>
            <line number="73" hits="72" branch="false"/>
            <line number="74" hits="72" branch="false"/>
            <line number="75" hits="72" branch="false"/>
            <line number="76" hits="72" branch="false"/>
            <line number="77" hits="72" branch="false"/>
            <line number="79" hits="72" branch="false"/>
            <line number="80" hits="72" branch="false"/>
            <line number="81" hits="72" branch="false"/>
            <line number="82" hits="72" branch="false"/>
            <line number="83" hits="72" branch="false"/>
            <line number="85" hits="72" branch="false"/>
            <line number="86" hits="72" branch="false"/>
            <line number="87" hits="88" branch="false"/>
            <line number="89" hits="88" branch="false"/>
            <line number="90" hits="88" branch="false"/>
            <line number="91" hits="88" branch="false"/>
            <line number="93" hits="25" branch="false"/>
            <line number="94" hits="0" branch="false"/>
            <line number="95" hits="88" branch="false"/>
            <line number="96" hits="88" branch="false"/>
            <line number="97" hits="72" branch="false"/>
            <line number="98" hits="72" branch="false"/>
            <line number="99" hits="72" branch="false"/>
            <line number="100" hits="72" branch="false"/>
            <line number="101" hits="72" branch="false"/>
            <line number="102" hits="72" branch="false"/>
            <line number="103" hits="72" branch="false"/>
            <line number="104" hits="72" branch="false"/>
            <line number="105" hits="0" branch="false"/>
            <line number="106" hits="0" branch="false"/>
            <line number="107" hits="0" branch="false"/>
            <line number="108" hits="0" branch="false"/>
            <line number="109" hits="0" branch="false"/>
            <line number="110" hits="0" branch="false"/>
            <line number="111" hits="0" branch="false"/>
            <line number="112" hits="72" branch="false"/>
            <line number="113" hits="72" branch="false"/>
            <line number="114" hits="72" branch="false"/>
            <line number="115" hits="72" branch="false"/>
            <line number="116" hits="72" branch="false"/>
            <line number="117" hits="72" branch="false"/>
            <line number="118" hits="72" branch="false"/>
            <line number="119" hits="72" branch="false"/>
            <line number="121" hits="72" branch="false"/>
            <line number="122" hits="72" branch="false"/>
            <line number="124" hits="72" branch="false"/>
            <line number="125" hits="72" branch="false"/>
            <line number="126" hits="72" branch="false"/>
            <line number="127" hits="72" branch="false"/>
            <line number="128" hits="72" branch="false"/>
            <line number="129" hits="72" branch="false"/>
            <line number="130" hits="88" branch="false"/>
            <line number="131" hits="88" branch="false"/>
            <line number="133" hits="88" branch="false"/>
            <line number="134" hits="88" branch="false"/>
            <line number="135" hits="88" branch="false"/>
            <line number="140" hits="72" branch="false"/>
            <line number="141" hits="72" branch="false"/>
            <line number="142" hits="72" branch="false"/>
            <line number="143" hits="72" branch="false"/>
            <line number="144" hits="72" branch="false"/>
            <line number="145" hits="72" branch="false"/>
            <line number="146" hits="72" branch="false"/>
            <line number="147" hits="72" branch="false"/>
            <line number="148" hits="72" branch="false"/>
            <line number="149" hits="72" branch="false"/>
            <line number="151" hits="72" branch="false"/>
            <line number="152" hits="72" branch="false"/>
            <line number="153" hits="72" branch="false"/>
            <line number="154" hits="72" branch="false"/>
            <line number="162" hits="72" branch="false"/>
            <line number="163" hits="7" branch="false"/>
            <line number="164" hits="72" branch="false"/>
            <line number="165" hits="72" branch="false"/>
            <line number="166" hits="72" branch="false"/>
            <line number="167" hits="72" branch="false"/>
            <line number="168" hits="72" branch="false"/>
            <line number="169" hits="72" branch="false"/>
            <line number="170" hits="72" branch="false"/>
            <line number="171" hits="72" branch="false"/>
            <line number="172" hits="72" branch="false"/>
            <line number="173" hits="72" branch="false"/>
            <line number="174" hits="72" branch="false"/>
            <line number="176" hits="72" branch="false"/>
            <line number="177" hits="72" branch="false"/>
            <line number="185" hits="129" branch="false"/>
            <line number="186" hits="129" branch="false"/>
            <line number="187" hits="0" branch="false"/>
            <line number="188" hits="0" branch="false"/>
            <line number="190" hits="0" branch="false"/>
            <line number="191" hits="0" branch="false"/>
            <line number="192" hits="0" branch="false"/>
            <line number="193" hits="0" branch="false"/>
            <line number="194" hits="0" branch="false"/>
            <line number="195" hits="0" branch="false"/>
            <line number="196" hits="0" branch="false"/>
            <line number="205" hits="129" branch="false"/>
            <line number="206" hits="116" branch="false"/>
            <line number="207" hits="116" branch="false"/>
            <line number="208" hits="116" branch="false"/>
            <line number="209" hits="116" branch="false"/>
            <line number="210" hits="116" branch="false"/>
            <line number="211" hits="116" branch="false"/>
            <line number="212" hits="116" branch="false"/>
            <line number="214" hits="13" branch="false"/>
            <line number="215" hits="13" branch="false"/>
            <line number="216" hits="13" branch="false"/>
            <line number="217" hits="13" branch="false"/>
            <line number="218" hits="13" branch="false"/>
            <line number="219" hits="13" branch="false"/>
            <line number="220" hits="13" branch="false"/>
            <line number="228" hits="0" branch="false"/>
            <line number="229" hits="0" branch="false"/>
            <line number="230" hits="0" branch="false"/>
            <line number="231" hits="0" branch="false"/>
            <line number="232" hits="0" branch="false"/>
            <line number="233" hits="0" branch="false"/>
            <line number="234" hits="0" branch="false"/>
            <line number="235" hits="0" branch="false"/>
            <line number="237" hits="0" branch="false"/>
            <line number="238" hits="0" branch="false"/>
            <line number="239" hits="0" branch="false"/>
            <line number="240" hits="0" branch="false"/>
            <line number="241" hits="0" branch="false"/>
            <line number="242" hits="0" branch="false"/>
            <line number="243" hits="0" branch="false"/>
            <line number="244" hits="0" branch="false"/>
            <line number="245" hits="0" branch="false"/>
            <line number="246" hits="0" branch="false"/>
            <line number="247" hits="0" branch="false"/>
            <line number="248" hits="0" branch="false"/>
            <line number="249" hits="0" branch="false"/>
            <line number="250" hits="0" branch="false"/>
            <line number="252" hits="0" branch="false"/>
            <line number="253" hits="0" branch="false"/>
            <line number="254" hits="0" branch="false"/>
            <line number="255" hits="0" branch="false"/>
            <line number="257" hits="0" branch="false"/>
            <line number="258" hits="0" branch="false"/>
            <line number="259" hits="0" branch="false"/>
            <line number="260" hits="0" branch="false"/>
            <line number="261" hits="0" branch="false"/>
            <line number="262" hits="0" branch="false"/>
            <line number="263" hits="0" branch="false"/>
            <line number="264" hits="0" branch="false"/>
            <line number="265" hits="0" branch="false"/>
            <line number="267" hits="0" branch="false"/>
            <line number="268" hits="0" branch="false"/>
          </lines>
        </class>
        <class name="module_filter_data.R" filename="R/module_filter_data.R" line-rate="0.970149253731343" branch-rate="0" complexity="0">
          <methods>
            <method name="ui_filter_data" signature="" line-rate="0" branch-rate="0" complexity="0">
              <lines>
                <line number="21" hits="0" branch="false"/>
                <line number="22" hits="0" branch="false"/>
              </lines>
            </method>
            <method name="srv_filter_data" signature="" line-rate="1" branch-rate="0" complexity="0">
              <lines>
                <line number="27" hits="89" branch="false"/>
                <line number="28" hits="89" branch="false"/>
                <line number="29" hits="89" branch="false"/>
                <line number="30" hits="79" branch="false"/>
                <line number="31" hits="71" branch="false"/>
                <line number="34" hits="71" branch="false"/>
                <line number="35" hits="71" branch="false"/>
                <line number="36" hits="71" branch="false"/>
                <line number="38" hits="71" branch="false"/>
                <line number="39" hits="71" branch="false"/>
                <line number="40" hits="89" branch="false"/>
                <line number="42" hits="89" branch="false"/>
                <line number="44" hits="89" branch="false"/>
                <line number="45" hits="72" branch="false"/>
                <line number="46" hits="89" branch="false"/>
                <line number="47" hits="89" branch="false"/>
              </lines>
            </method>
            <method name=".make_filtered_teal_data" signature="" line-rate="1" branch-rate="0" complexity="0">
              <lines>
                <line number="52" hits="72" branch="false"/>
                <line number="54" hits="72" branch="false"/>
                <line number="56" hits="72" branch="false"/>
                <line number="57" hits="72" branch="false"/>
                <line number="58" hits="72" branch="false"/>
                <line number="59" hits="72" branch="false"/>
                <line number="60" hits="72" branch="false"/>
                <line number="62" hits="72" branch="false"/>
                <line number="63" hits="72" branch="false"/>
                <line number="64" hits="72" branch="false"/>
                <line number="66" hits="72" branch="false"/>
                <line number="67" hits="72" branch="false"/>
                <line number="68" hits="72" branch="false"/>
                <line number="69" hits="72" branch="false"/>
                <line number="70" hits="72" branch="false"/>
                <line number="71" hits="72" branch="false"/>
                <line number="72" hits="72" branch="false"/>
                <line number="73" hits="72" branch="false"/>
                <line number="74" hits="72" branch="false"/>
                <line number="75" hits="72" branch="false"/>
                <line number="77" hits="72" branch="false"/>
                <line number="78" hits="72" branch="false"/>
              </lines>
            </method>
            <method name=".observe_active_filter_changed" signature="" line-rate="1" branch-rate="0" complexity="0">
              <lines>
                <line number="83" hits="89" branch="false"/>
                <line number="84" hits="89" branch="false"/>
                <line number="85" hits="89" branch="false"/>
                <line number="86" hits="89" branch="false"/>
                <line number="87" hits="89" branch="false"/>
                <line number="88" hits="89" branch="false"/>
                <line number="89" hits="89" branch="false"/>
                <line number="90" hits="89" branch="false"/>
                <line number="91" hits="72" branch="false"/>
                <line number="92" hits="72" branch="false"/>
                <line number="93" hits="89" branch="false"/>
                <line number="94" hits="79" branch="false"/>
                <line number="95" hits="89" branch="false"/>
                <line number="96" hits="89" branch="false"/>
                <line number="98" hits="89" branch="false"/>
                <line number="99" hits="89" branch="false"/>
                <line number="100" hits="89" branch="false"/>
                <line number="101" hits="72" branch="false"/>
                <line number="102" hits="72" branch="false"/>
                <line number="103" hits="64" branch="false"/>
                <line number="104" hits="72" branch="false"/>
                <line number="105" hits="8" branch="false"/>
                <line number="106" hits="72" branch="false"/>
                <line number="107" hits="72" branch="false"/>
                <line number="108" hits="89" branch="false"/>
                <line number="109" hits="89" branch="false"/>
                <line number="111" hits="89" branch="false"/>
              </lines>
            </method>
          </methods>
          <lines>
            <line number="21" hits="0" branch="false"/>
            <line number="22" hits="0" branch="false"/>
            <line number="27" hits="89" branch="false"/>
            <line number="28" hits="89" branch="false"/>
            <line number="29" hits="89" branch="false"/>
            <line number="30" hits="79" branch="false"/>
            <line number="31" hits="71" branch="false"/>
            <line number="34" hits="71" branch="false"/>
            <line number="35" hits="71" branch="false"/>
            <line number="36" hits="71" branch="false"/>
            <line number="38" hits="71" branch="false"/>
            <line number="39" hits="71" branch="false"/>
            <line number="40" hits="89" branch="false"/>
            <line number="42" hits="89" branch="false"/>
            <line number="44" hits="89" branch="false"/>
            <line number="45" hits="72" branch="false"/>
[...]
            <line number="134" hits="2" branch="false"/>
            <line number="135" hits="2" branch="false"/>
            <line number="136" hits="97" branch="false"/>
            <line number="137" hits="97" branch="false"/>
            <line number="138" hits="97" branch="false"/>
            <line number="139" hits="97" branch="false"/>
            <line number="140" hits="97" branch="false"/>
            <line number="141" hits="2" branch="false"/>
            <line number="143" hits="95" branch="false"/>
            <line number="158" hits="59" branch="false"/>
            <line number="159" hits="59" branch="false"/>
            <line number="162" hits="59" branch="false"/>
            <line number="163" hits="59" branch="false"/>
            <line number="164" hits="22" branch="false"/>
            <line number="165" hits="22" branch="false"/>
            <line number="166" hits="3" branch="false"/>
            <line number="167" hits="3" branch="false"/>
            <line number="168" hits="3" branch="false"/>
            <line number="169" hits="3" branch="false"/>
            <line number="170" hits="3" branch="false"/>
            <line number="171" hits="3" branch="false"/>
            <line number="172" hits="59" branch="false"/>
            <line number="173" hits="59" branch="false"/>
            <line number="174" hits="59" branch="false"/>
            <line number="177" hits="59" branch="false"/>
            <line number="178" hits="3" branch="false"/>
            <line number="180" hits="56" branch="false"/>
            <line number="192" hits="312" branch="false"/>
            <line number="193" hits="308" branch="false"/>
            <line number="194" hits="219" branch="false"/>
            <line number="196" hits="89" branch="false"/>
            <line number="209" hits="268" branch="false"/>
            <line number="210" hits="268" branch="false"/>
            <line number="219" hits="7" branch="false"/>
            <line number="220" hits="7" branch="false"/>
            <line number="221" hits="6" branch="false"/>
            <line number="222" hits="6" branch="false"/>
            <line number="223" hits="4" branch="false"/>
            <line number="224" hits="4" branch="false"/>
            <line number="225" hits="4" branch="false"/>
            <line number="226" hits="4" branch="false"/>
            <line number="227" hits="4" branch="false"/>
            <line number="228" hits="4" branch="false"/>
            <line number="229" hits="4" branch="false"/>
            <line number="245" hits="10" branch="false"/>
            <line number="246" hits="10" branch="false"/>
            <line number="247" hits="10" branch="false"/>
            <line number="248" hits="10" branch="false"/>
            <line number="249" hits="10" branch="false"/>
            <line number="250" hits="10" branch="false"/>
            <line number="251" hits="10" branch="false"/>
            <line number="252" hits="10" branch="false"/>
            <line number="253" hits="10" branch="false"/>
            <line number="254" hits="10" branch="false"/>
            <line number="272" hits="18" branch="false"/>
            <line number="273" hits="17" branch="false"/>
            <line number="275" hits="16" branch="false"/>
            <line number="276" hits="14" branch="false"/>
            <line number="277" hits="16" branch="false"/>
            <line number="278" hits="2" branch="false"/>
            <line number="279" hits="16" branch="false"/>
            <line number="280" hits="16" branch="false"/>
            <line number="282" hits="16" branch="false"/>
            <line number="289" hits="196" branch="false"/>
            <line number="290" hits="57" branch="false"/>
            <line number="291" hits="139" branch="false"/>
            <line number="292" hits="42" branch="false"/>
            <line number="294" hits="97" branch="false"/>
            <line number="308" hits="125" branch="false"/>
            <line number="314" hits="97" branch="false"/>
            <line number="316" hits="97" branch="false"/>
            <line number="317" hits="97" branch="false"/>
            <line number="318" hits="97" branch="false"/>
            <line number="319" hits="97" branch="false"/>
            <line number="320" hits="97" branch="false"/>
            <line number="321" hits="97" branch="false"/>
            <line number="322" hits="97" branch="false"/>
          </lines>
        </class>
        <class name="validate_inputs.R" filename="R/validate_inputs.R" line-rate="1" branch-rate="0" complexity="0">
          <methods>
            <method name="validate_inputs" signature="" line-rate="1" branch-rate="0" complexity="0">
              <lines>
                <line number="108" hits="36" branch="false"/>
                <line number="109" hits="2" branch="false"/>
                <line number="111" hits="34" branch="false"/>
                <line number="112" hits="34" branch="false"/>
                <line number="113" hits="29" branch="false"/>
                <line number="114" hits="34" branch="false"/>
                <line number="115" hits="5" branch="false"/>
                <line number="116" hits="34" branch="false"/>
                <line number="118" hits="34" branch="false"/>
              </lines>
            </method>
            <method name="is_validators" signature="" line-rate="1" branch-rate="0" complexity="0">
              <lines>
                <line number="128" hits="118" branch="false"/>
              </lines>
            </method>
            <method name="validator_enabled" signature="" line-rate="1" branch-rate="0" complexity="0">
              <lines>
                <line number="137" hits="49" branch="false"/>
              </lines>
            </method>
            <method name="extract_validator" signature="" line-rate="1" branch-rate="0" complexity="0">
              <lines>
                <line number="145" hits="113" branch="false"/>
                <line number="146" hits="49" branch="false"/>
                <line number="148" hits="58" branch="false"/>
                <line number="149" hits="64" branch="false"/>
              </lines>
            </method>
            <method name="gather_messages" signature="" line-rate="1" branch-rate="0" complexity="0">
              <lines>
                <line number="158" hits="49" branch="false"/>
                <line number="159" hits="46" branch="false"/>
                <line number="160" hits="46" branch="false"/>
                <line number="161" hits="46" branch="false"/>
                <line number="163" hits="3" branch="false"/>
                <line number="164" hits="3" branch="false"/>
              </lines>
            </method>
            <method name="add_header" signature="" line-rate="1" branch-rate="0" complexity="0">
              <lines>
                <line number="172" hits="78" branch="false"/>
                <line number="173" hits="78" branch="false"/>
                <line number="174" hits="31" branch="false"/>
                <line number="176" hits="78" branch="false"/>
              </lines>
            </method>
            <method name="any_names" signature="" line-rate="1" branch-rate="0" complexity="0">
              <lines>
                <line number="183" hits="103" branch="false"/>
                <line number="184" hits="103" branch="false"/>
                <line number="185" hits="5" branch="false"/>
                <line number="186" hits="103" branch="false"/>
                <line number="187" hits="40" branch="false"/>
                <line number="188" hits="103" branch="false"/>
                <line number="189" hits="103" branch="false"/>
              </lines>
            </method>
          </methods>
          <lines>
            <line number="108" hits="36" branch="false"/>
            <line number="109" hits="2" branch="false"/>
            <line number="111" hits="34" branch="false"/>
            <line number="112" hits="34" branch="false"/>
            <line number="113" hits="29" branch="false"/>
            <line number="114" hits="34" branch="false"/>
            <line number="115" hits="5" branch="false"/>
            <line number="116" hits="34" branch="false"/>
            <line number="118" hits="34" branch="false"/>
            <line number="128" hits="118" branch="false"/>
            <line number="137" hits="49" branch="false"/>
            <line number="145" hits="113" branch="false"/>
            <line number="146" hits="49" branch="false"/>
            <line number="148" hits="58" branch="false"/>
            <line number="149" hits="64" branch="false"/>
            <line number="158" hits="49" branch="false"/>
            <line number="159" hits="46" branch="false"/>
            <line number="160" hits="46" branch="false"/>
            <line number="161" hits="46" branch="false"/>
            <line number="163" hits="3" branch="false"/>
            <line number="164" hits="3" branch="false"/>
            <line number="172" hits="78" branch="false"/>
            <line number="173" hits="78" branch="false"/>
            <line number="174" hits="31" branch="false"/>
            <line number="176" hits="78" branch="false"/>
            <line number="183" hits="103" branch="false"/>
            <line number="184" hits="103" branch="false"/>
            <line number="185" hits="5" branch="false"/>
            <line number="186" hits="103" branch="false"/>
            <line number="187" hits="40" branch="false"/>
            <line number="188" hits="103" branch="false"/>
            <line number="189" hits="103" branch="false"/>
          </lines>
        </class>
        <class name="validations.R" filename="R/validations.R" line-rate="0.362068965517241" branch-rate="0" complexity="0">
          <methods>
            <method name="validate_has_data" signature="" line-rate="1" branch-rate="0" complexity="0">
              <lines>
                <line number="46" hits="17" branch="false"/>
                <line number="47" hits="15" branch="false"/>
                <line number="48" hits="15" branch="false"/>
                <line number="49" hits="15" branch="false"/>
                <line number="50" hits="5" branch="false"/>
                <line number="51" hits="5" branch="false"/>
                <line number="52" hits="5" branch="false"/>
                <line number="53" hits="5" branch="false"/>
                <line number="54" hits="5" branch="false"/>
                <line number="56" hits="10" branch="false"/>
                <line number="57" hits="10" branch="false"/>
                <line number="58" hits="10" branch="false"/>
                <line number="59" hits="10" branch="false"/>
                <line number="60" hits="10" branch="false"/>
                <line number="61" hits="10" branch="false"/>
                <line number="62" hits="10" branch="false"/>
                <line number="65" hits="10" branch="false"/>
                <line number="66" hits="6" branch="false"/>
                <line number="67" hits="6" branch="false"/>
                <line number="68" hits="6" branch="false"/>
                <line number="69" hits="6" branch="false"/>
              </lines>
            </method>
            <method name="validate_one_row_per_id" signature="" line-rate="0" branch-rate="0" complexity="0">
              <lines>
                <line number="110" hits="0" branch="false"/>
              </lines>
            </method>
            <method name="validate_in" signature="" line-rate="0" branch-rate="0" complexity="0">
              <lines>
                <line number="148" hits="0" branch="false"/>
              </lines>
            </method>
            <method name="validate_has_elements" signature="" line-rate="0" branch-rate="0" complexity="0">
              <lines>
                <line number="195" hits="0" branch="false"/>
              </lines>
            </method>
            <method name="validate_no_intersection" signature="" line-rate="0" branch-rate="0" complexity="0">
              <lines>
                <line number="248" hits="0" branch="false"/>
              </lines>
            </method>
            <method name="validate_has_variable" signature="" line-rate="0" branch-rate="0" complexity="0">
              <lines>
                <line number="289" hits="0" branch="false"/>
                <line number="290" hits="0" branch="false"/>
                <line number="292" hits="0" branch="false"/>
                <line number="293" hits="0" branch="false"/>
                <line number="294" hits="0" branch="false"/>
                <line number="295" hits="0" branch="false"/>
                <line number="296" hits="0" branch="false"/>
                <line number="297" hits="0" branch="false"/>
                <line number="298" hits="0" branch="false"/>
                <line number="300" hits="0" branch="false"/>
              </lines>
            </method>
            <method name="validate_n_levels" signature="" line-rate="0" branch-rate="0" complexity="0">
              <lines>
                <line number="354" hits="0" branch="false"/>
                <line number="355" hits="0" branch="false"/>
                <line number="356" hits="0" branch="false"/>
                <line number="357" hits="0" branch="false"/>
                <line number="358" hits="0" branch="false"/>
                <line number="360" hits="0" branch="false"/>
                <line number="361" hits="0" branch="false"/>
                <line number="362" hits="0" branch="false"/>
                <line number="363" hits="0" branch="false"/>
                <line number="364" hits="0" branch="false"/>
                <line number="365" hits="0" branch="false"/>
                <line number="366" hits="0" branch="false"/>
                <line number="367" hits="0" branch="false"/>
                <line number="368" hits="0" branch="false"/>
                <line number="369" hits="0" branch="false"/>
                <line number="370" hits="0" branch="false"/>
                <line number="371" hits="0" branch="false"/>
                <line number="372" hits="0" branch="false"/>
                <line number="373" hits="0" branch="false"/>
                <line number="374" hits="0" branch="false"/>
                <line number="375" hits="0" branch="false"/>
                <line number="376" hits="0" branch="false"/>
                <line number="377" hits="0" branch="false"/>
              </lines>
            </method>
          </methods>
          <lines>
            <line number="46" hits="17" branch="false"/>
            <line number="47" hits="15" branch="false"/>
            <line number="48" hits="15" branch="false"/>
            <line number="49" hits="15" branch="false"/>
            <line number="50" hits="5" branch="false"/>
            <line number="51" hits="5" branch="false"/>
            <line number="52" hits="5" branch="false"/>
            <line number="53" hits="5" branch="false"/>
            <line number="54" hits="5" branch="false"/>
            <line number="56" hits="10" branch="false"/>
            <line number="57" hits="10" branch="false"/>
            <line number="58" hits="10" branch="false"/>
            <line number="59" hits="10" branch="false"/>
            <line number="60" hits="10" branch="false"/>
            <line number="61" hits="10" branch="false"/>
            <line number="62" hits="10" branch="false"/>
            <line number="65" hits="10" branch="false"/>
            <line number="66" hits="6" branch="false"/>
            <line number="67" hits="6" branch="false"/>
            <line number="68" hits="6" branch="false"/>
            <line number="69" hits="6" branch="false"/>
            <line number="110" hits="0" branch="false"/>
            <line number="148" hits="0" branch="false"/>
            <line number="195" hits="0" branch="false"/>
            <line number="248" hits="0" branch="false"/>
            <line number="289" hits="0" branch="false"/>
            <line number="290" hits="0" branch="false"/>
            <line number="292" hits="0" branch="false"/>
            <line number="293" hits="0" branch="false"/>
            <line number="294" hits="0" branch="false"/>
            <line number="295" hits="0" branch="false"/>
            <line number="296" hits="0" branch="false"/>
            <line number="297" hits="0" branch="false"/>
            <line number="298" hits="0" branch="false"/>
            <line number="300" hits="0" branch="false"/>
            <line number="354" hits="0" branch="false"/>
            <line number="355" hits="0" branch="false"/>
            <line number="356" hits="0" branch="false"/>
            <line number="357" hits="0" branch="false"/>
            <line number="358" hits="0" branch="false"/>
            <line number="360" hits="0" branch="false"/>
            <line number="361" hits="0" branch="false"/>
            <line number="362" hits="0" branch="false"/>
            <line number="363" hits="0" branch="false"/>
            <line number="364" hits="0" branch="false"/>
            <line number="365" hits="0" branch="false"/>
            <line number="366" hits="0" branch="false"/>
            <line number="367" hits="0" branch="false"/>
            <line number="368" hits="0" branch="false"/>
            <line number="369" hits="0" branch="false"/>
            <line number="370" hits="0" branch="false"/>
            <line number="371" hits="0" branch="false"/>
            <line number="372" hits="0" branch="false"/>
            <line number="373" hits="0" branch="false"/>
            <line number="374" hits="0" branch="false"/>
            <line number="375" hits="0" branch="false"/>
            <line number="376" hits="0" branch="false"/>
            <line number="377" hits="0" branch="false"/>
          </lines>
        </class>
        <class name="zzz.R" filename="R/zzz.R" line-rate="0.333333333333333" branch-rate="0" complexity="0">
          <methods>
            <method name=".onLoad" signature="" line-rate="0" branch-rate="0" complexity="0">
              <lines>
                <line number="3" hits="0" branch="false"/>
                <line number="5" hits="0" branch="false"/>
                <line number="6" hits="0" branch="false"/>
                <line number="7" hits="0" branch="false"/>
                <line number="9" hits="0" branch="false"/>
                <line number="12" hits="0" branch="false"/>
                <line number="13" hits="0" branch="false"/>
                <line number="15" hits="0" branch="false"/>
              </lines>
            </method>
            <method name=".onAttach" signature="" line-rate="1" branch-rate="0" complexity="0">
              <lines>
                <line number="19" hits="2" branch="false"/>
                <line number="20" hits="2" branch="false"/>
                <line number="23" hits="2" branch="false"/>
                <line number="24" hits="2" branch="false"/>
              </lines>
            </method>
          </methods>
          <lines>
            <line number="3" hits="0" branch="false"/>
            <line number="5" hits="0" branch="false"/>
            <line number="6" hits="0" branch="false"/>
            <line number="7" hits="0" branch="false"/>
            <line number="9" hits="0" branch="false"/>
            <line number="12" hits="0" branch="false"/>
            <line number="13" hits="0" branch="false"/>
            <line number="15" hits="0" branch="false"/>
            <line number="19" hits="2" branch="false"/>
            <line number="20" hits="2" branch="false"/>
            <line number="23" hits="2" branch="false"/>
            <line number="24" hits="2" branch="false"/>
          </lines>
        </class>
      </classes>
    </package>
  </packages>
</coverage>
