<?xml version="1.0" encoding="UTF-8"?>
<testsuites>
  <testsuite name="filter_manager" timestamp="2024-07-24T15:43:17Z" hostname="3035c22d12ea" tests="16" skipped="0" failures="0" errors="0" time="1.131">
    <testcase time="0.388" classname="filter_manager" name="srv_filter_manager_returns_table_containing_info_about_all_slices_active_inactive_unavailable_for_each_module"/>
    <testcase time="0.258" classname="filter_manager" name="srv_filter_manager_returns_table_containing_single_column_global_filters_when_module_specific"/>
    <testcase time="0.028" classname="filter_manager" name="srv_module_filter_manager_on_init_slices_global_are_mapped_to_module_s_FilteredData"/>
    <testcase time="0.00500000000000012" classname="filter_manager" name="srv_module_filter_manager_on_init_slices_global_are_mapped_to_module_s_FilteredData"/>
    <testcase time="0.048" classname="filter_manager" name="srv_module_filter_manager_on_init_slices_global_are_mapped_to_module_s_FilteredData"/>
    <testcase time="0.0239999999999998" classname="filter_manager" name="srv_module_filter_manager_on_init_available_filters_are_set_to_the_module_s_FilteredData"/>
    <testcase time="0.034" classname="filter_manager" name="srv_module_filter_manager_on_init_available_filters_are_set_to_the_module_s_FilteredData"/>
    <testcase time="0.0230000000000001" classname="filter_manager" name="srv_module_filter_manager_on_init_sets_session_userData_module_slices_api"/>
    <testcase time="0.03" classname="filter_manager" name="srv_module_filter_manager_on_init_sets_session_userData_module_slices_api"/>
    <testcase time="0.04" classname="filter_manager" name="srv_module_filter_manager_filter_set_in_the_module_is_added_to_slices_global_with_module_s_mapping"/>
    <testcase time="0.0589999999999999" classname="filter_manager" name="srv_module_filter_manager_filter_set_in_the_module_is_added_to_slices_global_with_module_s_mapping"/>
    <testcase time="0.002" classname="filter_manager" name="srv_module_filter_manager_filter_set_in_the_module_is_added_to_slices_global_with_module_s_mapping"/>
    <testcase time="0.056" classname="filter_manager" name="srv_module_filter_manager_filter_removed_in_the_module_makes_changes_in_module_s_mapping"/>
    <testcase time="0.0509999999999999" classname="filter_manager" name="srv_module_filter_manager_changing_state_of_active_filter_is_reflected_in_slices_global"/>
    <testcase time="0.048" classname="filter_manager" name="srv_module_filter_manager_changing_slices_global_directly_resets_module_s_FilteredData"/>
    <testcase time="0.0369999999999999" classname="filter_manager" name="srv_module_filter_manager_changing_slices_global_directly_resets_module_s_FilteredData"/>
  </testsuite>
  <testsuite name="init" timestamp="2024-07-24T15:43:18Z" hostname="3035c22d12ea" tests="10" skipped="0" failures="1" errors="0" time="0.401">
    <testcase time="0.0860000000000001" classname="init" name="init_data_accepts_teal_data_object"/>
    <testcase time="0.038" classname="init" name="init_data_accepts_teal_data_module"/>
    <testcase time="0.0349999999999999" classname="init" name="init_modules_accepts_a_teal_modules_object"/>
    <testcase time="0.0330000000000001" classname="init" name="init_modules_accepts_a_list_of_teal_module_elements"/>
    <testcase time="0.0319999999999998" classname="init" name="init_modules_accepts_a_teal_module_object"/>
    <testcase time="0.0350000000000001" classname="init" name="init_filter_accepts_teal_slices_"/>
    <testcase time="0.00800000000000001" classname="init" name="init_filter_accepts_teal_slices_"/>
    <testcase time="0.0390000000000001" classname="init" name="init_throws_when_an_empty_data_is_used"/>
    <testcase time="0.0369999999999999" classname="init" name="init_throws_when_datanames_in_modules_incompatible_w_datanames_in_data">
      <failure type="failure" message="`init(data = teal.data::teal_data(mtcars = mtcars), modules = list(example_module(datanames = &quot;iris&quot;)))` did not throw an error. ('test-init.R:61:3')">`init(data = teal.data::teal_data(mtcars = mtcars), modules = list(example_module(datanames = "iris")))` did not throw an error.</failure>
    </testcase>
    <testcase time="0.0579999999999998" classname="init" name="init_throws_when_dataname_in_filter_incompatible_w_datanames_in_data"/>
  </testsuite>
  <testsuite name="module_data" timestamp="2024-07-24T15:43:19Z" hostname="3035c22d12ea" tests="6" skipped="0" failures="0" errors="5" time="0.196">
    <testcase time="0.0790000000000002" classname="module_data" name="srv_data_fails_when_teal_data_module_doesn_t_return_a_reactive"/>
    <testcase time="0.00700000000000012" classname="module_data" name="throws_original_error_with_note_to_app_user_but_module_doesn_t_fail">
      <error type="error" message="Error in `eval(code, test_env)`: object 'srv_data' not found ('test-module_data.R:24:5')">Error in `eval(code, test_env)`: object 'srv_data' not found
Backtrace:
    ▆
 1. └─shiny::testServer(...) at test-module_data.R:24:5
 2.   └─shiny:::isModuleServer(app)</error>
    </testcase>
    <testcase time="0.0319999999999996" classname="module_data" name="throws_original_validate_with_note_to_app_user_but_module_doesn_t_fail">
      <error type="error" message="Error in `eval(code, test_env)`: object 'srv_data' not found ('test-module_data.R:41:5')">Error in `eval(code, test_env)`: object 'srv_data' not found
Backtrace:
    ▆
 1. └─shiny::testServer(...) at test-module_data.R:41:5
 2.   └─shiny:::isModuleServer(app)</error>
    </testcase>
    <testcase time="0.0350000000000001" classname="module_data" name="is_NULL_when_reactive_returns_silent.error">
      <error type="error" message="Error in `eval(code, test_env)`: object 'srv_data' not found ('test-module_data.R:58:5')">Error in `eval(code, test_env)`: object 'srv_data' not found
Backtrace:
    ▆
 1. └─shiny::testServer(...) at test-module_data.R:58:5
 2.   └─shiny:::isModuleServer(app)</error>
    </testcase>
    <testcase time="0.0220000000000002" classname="module_data" name="throws_original_validate_with_note_to_app_user_but_module_doesn_t_fail">
      <error type="error" message="Error in `eval(code, test_env)`: object 'srv_data' not found ('test-module_data.R:72:5')">Error in `eval(code, test_env)`: object 'srv_data' not found
Backtrace:
    ▆
 1. └─shiny::testServer(...) at test-module_data.R:72:5
 2.   └─shiny:::isModuleServer(app)</error>
    </testcase>
    <testcase time="0.0209999999999999" classname="module_data" name="returns_data_with_signature_hash_code">
      <error type="error" message="Error in `eval(code, test_env)`: object 'srv_data' not found ('test-module_data.R:89:5')">Error in `eval(code, test_env)`: object 'srv_data' not found
Backtrace:
    ▆
 1. └─shiny::testServer(...) at test-module_data.R:89:5
 2.   └─shiny:::isModuleServer(app)</error>
    </testcase>
  </testsuite>
  <testsuite name="module_data_summary" timestamp="2024-07-24T15:43:19Z" hostname="3035c22d12ea" tests="6" skipped="0" failures="1" errors="1" time="4.797">
    <testcase time="0.0329999999999999" classname="module_data_summary" name="srv_data_summary_calculates_filter_overview_properly_for_a_single_dataset_"/>
    <testcase time="0.111" classname="module_data_summary" name="srv_data_summary_does_not_produce_subjects_column_if_there_is_no_join_keys"/>
    <testcase time="0.028" classname="module_data_summary" name="srv_data_summary_produces_subjects_column_if_there_are_join_keys"/>
    <testcase time="0.0129999999999999" classname="module_data_summary" name="srv_data_summary_filter_overview_returns_NULL_for_empty_datanames"/>
    <testcase time="0.028" classname="module_data_summary" name="srv_data_summary_crashes_if_there_is_data_but_not_filtered_data_raw_">
      <failure type="failure" message="`shiny::testServer(...)` did not throw an error. ('test-module_data_summary.R:105:3')">`shiny::testServer(...)` did not throw an error.</failure>
    </testcase>
    <testcase time="4.584" classname="module_data_summary" name="srv_data_summary_calculates_counts_properly_for_mixture_of_MAE_dataset_dataframes_and_vectors">
      <error type="error" message="Error in `unfiltered_data@colData`: no applicable method for `@` applied to an object of class &quot;NULL&quot; ('test-module_data_summary.R:152:7')">Error in `unfiltered_data@colData`: no applicable method for `@` applied to an object of class "NULL"
Backtrace:
     ▆
  1. ├─shiny::testServer(...) at test-module_data_summary.R:145:3
  2. │ ├─shiny:::withMockContext(...)
  3. │ │ ├─shiny::isolate(...)
  4. │ │ │ ├─shiny::..stacktraceoff..(...)
  5. │ │ │ └─ctx$run(...)
  6. │ │ │   ├─promises::with_promise_domain(...)
  7. │ │ │   │ └─domain$wrapSync(expr)
  8. │ │ │   ├─shiny::withReactiveDomain(...)
  9. │ │ │   │ └─promises::with_promise_domain(...)
 10. │ │ │   │   └─domain$wrapSync(expr)
 11. │ │ │   │     └─base::force(expr)
 12. │ │ │   └─env$runWith(self, func)
 13. │ │ │     └─shiny (local) contextFunc()
 14. │ │ │       └─shiny::..stacktraceon..(expr)
 15. │ │ ├─shiny::withReactiveDomain(...)
 16. │ │ │ └─promises::with_promise_domain(...)
 17. │ │ │   └─domain$wrapSync(expr)
 18. │ │ │     └─base::force(expr)
 19. │ │ └─withr::with_options(...)
 20. │ │   └─base::force(code)
 21. │ └─rlang::eval_tidy(quosure, mask, rlang::caller_env())
 22. ├─testthat::expect_equal(...) at test-module_data_summary.R:152:7
 23. │ └─testthat::quasi_label(enquo(object), label, arg = "object")
 24. │   └─rlang::eval_bare(expr, quo_get_env(quo))
 25. └─teal (local) output_table(output)
 26.   ├─base::as.data.frame(rvest::html_table(rvest::read_html(output$table$html))[[1]]) at test-module_data_summary.R:2:3
 27.   ├─rvest::html_table(rvest::read_html(output$table$html))
 28.   ├─rvest::read_html(output$table$html)
 29.   ├─output$table
 30.   └─shiny:::`$.shinyoutput`(output, table)
 31.     └─.subset2(x, "impl")$getOutput(name)</error>
    </testcase>
  </testsuite>
  <testsuite name="module_nested_tabs" timestamp="2024-07-24T15:43:24Z" hostname="3035c22d12ea" tests="53" skipped="4" failures="3" errors="3" time="8.3">
    <testcase time="0.135000000000001" classname="module_nested_tabs" name="srv_teal_module_accepts_data_being_a_reactive"/>
    <testcase time="0.00800000000000001" classname="module_nested_tabs" name="srv_teal_module_throws_error_if_data_is_not_a_reactive"/>
    <testcase time="0.0409999999999995" classname="module_nested_tabs" name="srv_teal_module_accepts_modules_being_a_teal_modules"/>
    <testcase time="0.00900000000000034" classname="module_nested_tabs" name="srv_teal_module_throws_error_if_modules_are_not_teal_modules"/>
    <testcase time="0.0339999999999998" classname="module_nested_tabs" name="srv_teal_module_accepts_datasets_being_a_reactive"/>
    <testcase time="0.0339999999999998" classname="module_nested_tabs" name="srv_teal_module_accepts_datasets_being_a_NULL"/>
    <testcase time="0.00900000000000034" classname="module_nested_tabs" name="srv_teal_module_throws_error_if_datasets_are_not_reactive_or_null"/>
    <testcase time="0.032" classname="module_nested_tabs" name="srv_teal_module_accepts_slices_global_being_a_reactiveVal_object"/>
    <testcase time="0.0339999999999998" classname="module_nested_tabs" name="srv_teal_module_accepts_reporter_as_a_Reporter_object"/>
    <testcase time="0.0110000000000001" classname="module_nested_tabs" name="srv_teal_module_throws_error_if_reporter_is_not_inherited_from_class_Reporter"/>
    <testcase time="0.0339999999999998" classname="module_nested_tabs" name="srv_teal_module_teal_module_is_called_when_data_is_triggered"/>
    <testcase time="0.347" classname="module_nested_tabs" name="srv_teal_module_teal_module_is_called_when_data_is_triggered">
      <error type="error" message="Error in `trigger_data()`: could not find function &quot;trigger_data&quot; ('test-module_nested_tabs.R:174:7')">Error in `trigger_data()`: could not find function "trigger_data"
Backtrace:
     ▆
  1. ├─shiny::testServer(...) at test-module_nested_tabs.R:164:3
  2. │ ├─shiny:::withMockContext(...)
  3. │ │ ├─shiny::isolate(...)
  4. │ │ │ ├─shiny::..stacktraceoff..(...)
  5. │ │ │ └─ctx$run(...)
  6. │ │ │   ├─promises::with_promise_domain(...)
  7. │ │ │   │ └─domain$wrapSync(expr)
  8. │ │ │   ├─shiny::withReactiveDomain(...)
  9. │ │ │   │ └─promises::with_promise_domain(...)
 10. │ │ │   │   └─domain$wrapSync(expr)
 11. │ │ │   │     └─base::force(expr)
 12. │ │ │   └─env$runWith(self, func)
 13. │ │ │     └─shiny (local) contextFunc()
 14. │ │ │       └─shiny::..stacktraceon..(expr)
 15. │ │ ├─shiny::withReactiveDomain(...)
 16. │ │ │ └─promises::with_promise_domain(...)
 17. │ │ │   └─domain$wrapSync(expr)
 18. │ │ │     └─base::force(expr)
 19. │ │ └─withr::with_options(...)
 20. │ │   └─base::force(code)
 21. │ └─rlang::eval_tidy(quosure, mask, rlang::caller_env())
 22. └─testthat::expect_identical(trigger_data(), 1L) at test-module_nested_tabs.R:174:7
 23.   └─testthat::quasi_label(enquo(object), label, arg = "object")
 24.     └─rlang::eval_bare(expr, quo_get_env(quo))</error>
    </testcase>
    <testcase time="0.0629999999999997" classname="module_nested_tabs" name="srv_teal_module_teal_module_doesn_t_start_when_input_data_is_not_truthy"/>
    <testcase time="0.00699999999999967" classname="module_nested_tabs" name="srv_teal_module_teal_module_doesn_t_start_when_input_data_is_not_truthy"/>
    <testcase time="0.00499999999999989" classname="module_nested_tabs" name="srv_teal_module_teal_module_doesn_t_start_when_input_data_is_not_truthy"/>
    <testcase time="0.00300000000000011" classname="module_nested_tabs" name="srv_teal_module_teal_module_doesn_t_start_when_input_data_is_not_truthy"/>
    <testcase time="0.162" classname="module_nested_tabs" name="srv_teal_module_teal_module_doesn_t_start_when_input_data_is_not_truthy"/>
    <testcase time="0.0419999999999998" classname="module_nested_tabs" name="srv_teal_module_teal_module_starts_even_if_are_datanames_not_sufficient"/>
    <testcase time="0.213000000000001" classname="module_nested_tabs" name="srv_teal_module_teal_module_starts_even_if_are_datanames_not_sufficient">
      <error type="error" message="Error in `trigger_data()`: could not find function &quot;trigger_data&quot; ('test-module_nested_tabs.R:220:7')">Error in `trigger_data()`: could not find function "trigger_data"
Backtrace:
     ▆
  1. ├─shiny::testServer(...) at test-module_nested_tabs.R:210:3
  2. │ ├─shiny:::withMockContext(...)
  3. │ │ ├─shiny::isolate(...)
  4. │ │ │ ├─shiny::..stacktraceoff..(...)
  5. │ │ │ └─ctx$run(...)
  6. │ │ │   ├─promises::with_promise_domain(...)
  7. │ │ │   │ └─domain$wrapSync(expr)
  8. │ │ │   ├─shiny::withReactiveDomain(...)
  9. │ │ │   │ └─promises::with_promise_domain(...)
 10. │ │ │   │   └─domain$wrapSync(expr)
 11. │ │ │   │     └─base::force(expr)
 12. │ │ │   └─env$runWith(self, func)
 13. │ │ │     └─shiny (local) contextFunc()
 14. │ │ │       └─shiny::..stacktraceon..(expr)
 15. │ │ ├─shiny::withReactiveDomain(...)
 16. │ │ │ └─promises::with_promise_domain(...)
 17. │ │ │   └─domain$wrapSync(expr)
 18. │ │ │     └─base::force(expr)
 19. │ │ └─withr::with_options(...)
 20. │ │   └─base::force(code)
 21. │ └─rlang::eval_tidy(quosure, mask, rlang::caller_env())
 22. └─testthat::expect_identical(trigger_data(), 1L) at test-module_nested_tabs.R:220:7
 23.   └─testthat::quasi_label(enquo(object), label, arg = "object")
 24.     └─rlang::eval_bare(expr, quo_get_env(quo))</error>
    </testcase>
    <testcase time="0.379" classname="module_nested_tabs" name="srv_teal_module_data_retrigger_doesn_t_call_teal_module_again"/>
    <testcase time="0.00600000000000023" classname="module_nested_tabs" name="srv_teal_module_data_retrigger_doesn_t_call_teal_module_again">
      <error type="error" message="Error in `trigger_data(2L)`: could not find function &quot;trigger_data&quot; ('test-module_nested_tabs.R:239:7')">Error in `trigger_data(2L)`: could not find function "trigger_data"
Backtrace:
     ▆
  1. └─shiny::testServer(...) at test-module_nested_tabs.R:227:3
  2.   ├─shiny:::withMockContext(...)
  3.   │ ├─shiny::isolate(...)
  4.   │ │ ├─shiny::..stacktraceoff..(...)
  5.   │ │ └─ctx$run(...)
  6.   │ │   ├─promises::with_promise_domain(...)
  7.   │ │   │ └─domain$wrapSync(expr)
  8.   │ │   ├─shiny::withReactiveDomain(...)
  9.   │ │   │ └─promises::with_promise_domain(...)
 10.   │ │   │   └─domain$wrapSync(expr)
 11.   │ │   │     └─base::force(expr)
 12.   │ │   └─env$runWith(self, func)
 13.   │ │     └─shiny (local) contextFunc()
 14.   │ │       └─shiny::..stacktraceon..(expr)
 15.   │ ├─shiny::withReactiveDomain(...)
 16.   │ │ └─promises::with_promise_domain(...)
 17.   │ │   └─domain$wrapSync(expr)
 18.   │ │     └─base::force(expr)
 19.   │ └─withr::with_options(...)
 20.   │   └─base::force(code)
 21.   └─rlang::eval_tidy(quosure, mask, rlang::caller_env())</error>
    </testcase>
    <testcase time="0.222999999999999" classname="module_nested_tabs" name="srv_teal_module_teal_module_gets_data_being_a_reactive_teal_data"/>
    <testcase time="0.00200000000000067" classname="module_nested_tabs" name="srv_teal_module_teal_module_gets_data_being_a_reactive_teal_data"/>
    <testcase time="0.0410000000000004" classname="module_nested_tabs" name="srv_teal_module_app_fails_if_transformer_doesn_t_return_reactive"/>
    <testcase time="0.936999999999999" classname="module_nested_tabs" name="srv_teal_module_teal_module_gets_data_even_if_any_transform_fails"/>
    <testcase time="0.00199999999999889" classname="module_nested_tabs" name="srv_teal_module_teal_module_gets_data_even_if_any_transform_fails"/>
    <testcase time="0.275" classname="module_nested_tabs" name="srv_teal_module_teal_module_gets_data_with_datasets_module_datanames"/>
    <testcase time="0.00200000000000067" classname="module_nested_tabs" name="srv_teal_module_teal_module_gets_data_with_datasets_module_datanames"/>
    <testcase time="0.218" classname="module_nested_tabs" name="srv_teal_module_teal_module_doesn_t_get_extra_data_added_in_a_transform">
      <failure type="failure" message="teal.data::datanames(out()) not identical to c(&quot;iris&quot;, &quot;data3&quot;). ('test-module_nested_tabs.R:358:7')">teal.data::datanames(out()) not identical to c("iris", "data3").
Lengths differ: 1 is not 2
Backtrace:
     ▆
  1. ├─shiny::testServer(...) at test-module_nested_tabs.R:330:3
  2. │ ├─shiny:::withMockContext(...)
  3. │ │ ├─shiny::isolate(...)
  4. │ │ │ ├─shiny::..stacktraceoff..(...)
  5. │ │ │ └─ctx$run(...)
  6. │ │ │   ├─promises::with_promise_domain(...)
  7. │ │ │   │ └─domain$wrapSync(expr)
  8. │ │ │   ├─shiny::withReactiveDomain(...)
  9. │ │ │   │ └─promises::with_promise_domain(...)
 10. │ │ │   │   └─domain$wrapSync(expr)
 11. │ │ │   │     └─base::force(expr)
 12. │ │ │   └─env$runWith(self, func)
 13. │ │ │     └─shiny (local) contextFunc()
 14. │ │ │       └─shiny::..stacktraceon..(expr)
 15. │ │ ├─shiny::withReactiveDomain(...)
 16. │ │ │ └─promises::with_promise_domain(...)
 17. │ │ │   └─domain$wrapSync(expr)
 18. │ │ │     └─base::force(expr)
 19. │ │ └─withr::with_options(...)
 20. │ │   └─base::force(code)
 21. │ └─rlang::eval_tidy(quosure, mask, rlang::caller_env())
 22. └─testthat::expect_identical(...) at test-module_nested_tabs.R:358:7</failure>
    </testcase>
    <testcase time="0.0249999999999986" classname="module_nested_tabs" name="srv_teal_module_teal_module_doesn_t_get_extra_data_added_in_a_transform">
      <failure type="failure" message="ls(out()@env) not identical to c(&quot;data3&quot;, &quot;iris&quot;, &quot;iris_raw&quot;). ('test-module_nested_tabs.R:359:7')">ls(out()@env) not identical to c("data3", "iris", "iris_raw").
Lengths differ: 4 is not 3
Backtrace:
     ▆
  1. ├─shiny::testServer(...) at test-module_nested_tabs.R:330:3
  2. │ ├─shiny:::withMockContext(...)
  3. │ │ ├─shiny::isolate(...)
  4. │ │ │ ├─shiny::..stacktraceoff..(...)
  5. │ │ │ └─ctx$run(...)
  6. │ │ │   ├─promises::with_promise_domain(...)
  7. │ │ │   │ └─domain$wrapSync(expr)
  8. │ │ │   ├─shiny::withReactiveDomain(...)
  9. │ │ │   │ └─promises::with_promise_domain(...)
 10. │ │ │   │   └─domain$wrapSync(expr)
 11. │ │ │   │     └─base::force(expr)
 12. │ │ │   └─env$runWith(self, func)
 13. │ │ │     └─shiny (local) contextFunc()
 14. │ │ │       └─shiny::..stacktraceon..(expr)
 15. │ │ ├─shiny::withReactiveDomain(...)
 16. │ │ │ └─promises::with_promise_domain(...)
 17. │ │ │   └─domain$wrapSync(expr)
 18. │ │ │     └─base::force(expr)
 19. │ │ └─withr::with_options(...)
 20. │ │   └─base::force(code)
 21. │ └─rlang::eval_tidy(quosure, mask, rlang::caller_env())
 22. └─testthat::expect_identical(...) at test-module_nested_tabs.R:359:7</failure>
    </testcase>
    <testcase time="0.386000000000001" classname="module_nested_tabs" name="srv_teal_module_teal_module_gets_all_data_when_module_datanames_all_"/>
    <testcase time="0.000999999999999446" classname="module_nested_tabs" name="srv_teal_module_teal_module_gets_all_data_when_module_datanames_all_"/>
    <testcase time="0.373000000000001" classname="module_nested_tabs" name="srv_teal_module_teal_module_gets_data_containing_code_preprocessing_raw_data_"/>
    <testcase time="0.606999999999999" classname="module_nested_tabs" name="srv_teal_module_teal_module_receives_filtered_data_with_filter_code"/>
    <testcase time="0.00200000000000067" classname="module_nested_tabs" name="srv_teal_module_teal_module_receives_filtered_data_with_filter_code"/>
    <testcase time="0.00199999999999889" classname="module_nested_tabs" name="srv_teal_module_teal_module_receives_filtered_data_with_filter_code"/>
    <testcase time="0.623000000000001" classname="module_nested_tabs" name="srv_teal_module_teal_module_receives_transformed_data_with_transform_code"/>
    <testcase time="0.00199999999999889" classname="module_nested_tabs" name="srv_teal_module_teal_module_receives_transformed_data_with_transform_code"/>
    <testcase time="0.00200000000000067" classname="module_nested_tabs" name="srv_teal_module_teal_module_receives_transformed_data_with_transform_code"/>
    <testcase time="0.305999999999999" classname="module_nested_tabs" name="srv_teal_module.teal_module_does_not_pass_data_if_not_in_the_args_explicitly">
      <skipped message="Reason: empty test ('test-module_nested_tabs.R:512:1')"/>
    </testcase>
    <testcase time="0.0129999999999999" classname="module_nested_tabs" name="srv_teal_module.teal_module_passes_deprecated_datasets_to_the_server_module"/>
    <testcase time="0.270000000000001" classname="module_nested_tabs" name="srv_teal_module.teal_module_passes_deprecated_datasets_to_the_server_module"/>
    <testcase time="0.00999999999999979" classname="module_nested_tabs" name="srv_teal_module.teal_module_passes_deprecated_datasets_to_the_server_module"/>
    <testcase time="0.265000000000001" classname="module_nested_tabs" name="srv_teal_module.teal_module_passes_server_args_to_the_..."/>
    <testcase time="0.295999999999999" classname="module_nested_tabs" name="srv_teal_module.teal_module_passes_filter_panel_api_if_specified"/>
    <testcase time="0.274000000000001" classname="module_nested_tabs" name="srv_teal_module.teal_module_passes_Reporter_if_specified"/>
    <testcase time="0.284999999999998" classname="module_nested_tabs" name="srv_teal_module_summary_table_displays_Obs_only_column_if_all_datasets_have_no_join_keys"/>
    <testcase time="0.394" classname="module_nested_tabs" name="srv_teal_module_summary_table_displays_Subjects_with_count_based_on_foreign_key_column">
      <failure type="failure" message="summary_table() not identical to data.frame(...). ('test-module_nested_tabs.R:651:7')">summary_table() not identical to data.frame(...).
Component "Data Name": 2 string mismatches
Component "Obs": 2 string mismatches
Backtrace:
     ▆
  1. ├─shiny::testServer(...) at test-module_nested_tabs.R:629:3
  2. │ ├─shiny:::withMockContext(...)
  3. │ │ ├─shiny::isolate(...)
  4. │ │ │ ├─shiny::..stacktraceoff..(...)
  5. │ │ │ └─ctx$run(...)
  6. │ │ │   ├─promises::with_promise_domain(...)
  7. │ │ │   │ └─domain$wrapSync(expr)
  8. │ │ │   ├─shiny::withReactiveDomain(...)
  9. │ │ │   │ └─promises::with_promise_domain(...)
 10. │ │ │   │   └─domain$wrapSync(expr)
 11. │ │ │   │     └─base::force(expr)
 12. │ │ │   └─env$runWith(self, func)
 13. │ │ │     └─shiny (local) contextFunc()
 14. │ │ │       └─shiny::..stacktraceon..(expr)
 15. │ │ ├─shiny::withReactiveDomain(...)
 16. │ │ │ └─promises::with_promise_domain(...)
 17. │ │ │   └─domain$wrapSync(expr)
 18. │ │ │     └─base::force(expr)
 19. │ │ └─withr::with_options(...)
 20. │ │   └─base::force(code)
 21. │ └─rlang::eval_tidy(quosure, mask, rlang::caller_env())
 22. └─testthat::expect_identical(...) at test-module_nested_tabs.R:651:7</failure>
    </testcase>
    <testcase time="0.321000000000002" classname="module_nested_tabs" name="srv_teal_module_summary_table_displays_parent_s_Subjects_with_count_based_on_primary_key_"/>
    <testcase time="0.492999999999999" classname="module_nested_tabs" name="srv_teal_module_summary_table_reflects_filters_and_displays_subjects_by_their_unique_id_count"/>
    <testcase time="0.0190000000000001" classname="module_nested_tabs" name="srv_teal_module_summary_table_reflects_transforms">
      <skipped message="Reason: empty test ('test-module_nested_tabs.R:724:1')"/>
    </testcase>
    <testcase time="0.0120000000000005" classname="module_nested_tabs" name="srv_teal_module_summary_table_displays_only_module_datanames">
      <skipped message="Reason: empty test ('test-module_nested_tabs.R:728:1')"/>
    </testcase>
    <testcase time="0.011000000000001" classname="module_nested_tabs" name="srv_teal_module_summary_table_displays_subset_of_module_datanames_if_not_sufficient">
      <skipped message="Reason: empty test ('test-module_nested_tabs.R:732:1')"/>
    </testcase>
  </testsuite>
  <testsuite name="module_teal" timestamp="2024-07-24T15:43:32Z" hostname="3035c22d12ea" tests="58" skipped="1" failures="7" errors="46" time="1.276">
    <testcase time="0.0229999999999997" classname="module_teal" name="accepts_data_to_be_teal_data">
      <failure type="failure" message="Expected `shiny::testServer(...)` to run without any errors. ('test-module_teal.R:58:5')">Expected `shiny::testServer(...)` to run without any errors.
ℹ Actually got a &lt;simpleError&gt; with text:
  object 'srv_teal' not found</failure>
    </testcase>
    <testcase time="0.0129999999999999" classname="module_teal" name="accepts_data_to_be_teal_data"/>
    <testcase time="0.00699999999999967" classname="module_teal" name="accepts_data_to_be_teal_data_module_returning_reactive_teal_data">
      <failure type="failure" message="Expected `shiny::testServer(...)` to run without any errors. ('test-module_teal.R:72:5')">Expected `shiny::testServer(...)` to run without any errors.
ℹ Actually got a &lt;simpleError&gt; with text:
  object 'srv_teal' not found</failure>
    </testcase>
    <testcase time="0.0120000000000005" classname="module_teal" name="accepts_data_to_be_teal_data_module_returning_reactive_teal_data"/>
    <testcase time="0.00699999999999967" classname="module_teal" name="accepts_data_to_a_reactive_or_reactiveVal_teal_data">
      <failure type="failure" message="Expected `shiny::testServer(...)` to run without any errors. ('test-module_teal.R:86:5')">Expected `shiny::testServer(...)` to run without any errors.
ℹ Actually got a &lt;simpleError&gt; with text:
  object 'srv_teal' not found</failure>
    </testcase>
    <testcase time="0.0120000000000005" classname="module_teal" name="accepts_data_to_a_reactive_or_reactiveVal_teal_data"/>
    <testcase time="0.00599999999999845" classname="module_teal" name="accepts_data_to_a_reactive_or_reactiveVal_teal_data">
      <failure type="failure" message="Expected `shiny::testServer(...)` to run without any errors. ('test-module_teal.R:99:5')">Expected `shiny::testServer(...)` to run without any errors.
ℹ Actually got a &lt;simpleError&gt; with text:
  object 'srv_teal' not found</failure>
    </testcase>
    <testcase time="0.0120000000000005" classname="module_teal" name="accepts_data_to_a_reactive_or_reactiveVal_teal_data"/>
    <testcase time="0.00999999999999979" classname="module_teal" name="fails_when_data_is_not_teal_data_or_teal_data_module">
      <failure type="failure" message="`shiny::testServer(...)` threw an error with unexpected message. ('test-module_teal.R:113:5')">`shiny::testServer(...)` threw an error with unexpected message.
Expected match: "Must inherit from class 'teal_data'/'teal_data_module'/'reactive'/'reactiveVal'"
Actual message: "object 'srv_teal' not found"
Backtrace:
    ▆
 1. ├─testthat::expect_error(...) at test-module_teal.R:113:5
 2. │ └─testthat:::quasi_capture(...)
 3. │   ├─testthat (local) .capture(...)
 4. │   │ └─base::withCallingHandlers(...)
 5. │   └─rlang::eval_bare(quo_get_expr(.quo), quo_get_env(.quo))
 6. └─shiny::testServer(...)
 7.   └─shiny:::isModuleServer(app)</failure>
    </testcase>
    <testcase time="0.0250000000000004" classname="module_teal" name="app_fails_when_teal_data_module_doesn_t_return_a_reactive">
      <failure type="failure" message="`shiny::testServer(...)` threw an error with unexpected message. ('test-module_teal.R:128:5')">`shiny::testServer(...)` threw an error with unexpected message.
Expected match: "The `teal_data_module` passed to `data` must return a reactive expressio"
Actual message: "object 'srv_teal' not found"
Backtrace:
    ▆
 1. ├─testthat::expect_error(...) at test-module_teal.R:128:5
 2. │ └─testthat:::quasi_capture(...)
 3. │   ├─testthat (local) .capture(...)
 4. │   │ └─base::withCallingHandlers(...)
 5. │   └─rlang::eval_bare(quo_get_expr(.quo), quo_get_env(.quo))
 6. └─shiny::testServer(...)
 7.   └─shiny:::isModuleServer(app)</failure>
    </testcase>
    <testcase time="0.0199999999999996" classname="module_teal" name="are_not_called_by_default">
      <error type="error" message="Error in `eval(code, test_env)`: object 'srv_teal' not found ('test-module_teal.R:148:5')">Error in `eval(code, test_env)`: object 'srv_teal' not found
Backtrace:
    ▆
 1. └─shiny::testServer(...) at test-module_teal.R:148:5
 2.   └─shiny:::isModuleServer(app)</error>
    </testcase>
    <testcase time="0.0220000000000002" classname="module_teal" name="are_called_once_their_tab_is_selected_and_data_is_teal_data_">
      <error type="error" message="Error in `eval(code, test_env)`: object 'srv_teal' not found ('test-module_teal.R:167:5')">Error in `eval(code, test_env)`: object 'srv_teal' not found
Backtrace:
    ▆
 1. └─shiny::testServer(...) at test-module_teal.R:167:5
 2.   └─shiny:::isModuleServer(app)</error>
    </testcase>
    <testcase time="0.0229999999999997" classname="module_teal" name="are_called_once_their_tab_is_selected_and_data_returns_reactive_teal_data_">
      <error type="error" message="Error in `eval(code, test_env)`: object 'srv_teal' not found ('test-module_teal.R:191:5')">Error in `eval(code, test_env)`: object 'srv_teal' not found
Backtrace:
    ▆
 1. └─shiny::testServer(...) at test-module_teal.R:191:5
 2.   └─shiny:::isModuleServer(app)</error>
    </testcase>
    <testcase time="0.0220000000000002" classname="module_teal" name="are_called_once_their_tab_is_selected_and_teal_data_module_returns_reactive_teal_data_">
      <error type="error" message="Error in `eval(code, test_env)`: object 'srv_teal' not found ('test-module_teal.R:215:5')">Error in `eval(code, test_env)`: object 'srv_teal' not found
Backtrace:
    ▆
 1. └─shiny::testServer(...) at test-module_teal.R:215:5
 2.   └─shiny:::isModuleServer(app)</error>
    </testcase>
    <testcase time="0.0229999999999997" classname="module_teal" name="are_called_with_data_argument_being_teal_data_">
      <error type="error" message="Error in `eval(code, test_env)`: object 'srv_teal' not found ('test-module_teal.R:246:5')">Error in `eval(code, test_env)`: object 'srv_teal' not found
Backtrace:
    ▆
 1. └─shiny::testServer(...) at test-module_teal.R:246:5
 2.   └─shiny:::isModuleServer(app)</error>
    </testcase>
    <testcase time="0.0220000000000002" classname="module_teal" name="are_not_called_when_the_teal_data_module_doesn_t_return_teal_data">
      <error type="error" message="Error in `eval(code, test_env)`: object 'srv_teal' not found ('test-module_teal.R:264:5')">Error in `eval(code, test_env)`: object 'srv_teal' not found
Backtrace:
    ▆
 1. └─shiny::testServer(...) at test-module_teal.R:264:5
 2.   └─shiny:::isModuleServer(app)</error>
    </testcase>
    <testcase time="0.0220000000000002" classname="module_teal" name="are_not_called_when_the_teal_data_module_returns_validation_error">
      <error type="error" message="Error in `eval(code, test_env)`: object 'srv_teal' not found ('test-module_teal.R:291:5')">Error in `eval(code, test_env)`: object 'srv_teal' not found
Backtrace:
    ▆
 1. └─shiny::testServer(...) at test-module_teal.R:291:5
 2.   └─shiny:::isModuleServer(app)</error>
    </testcase>
    <testcase time="0.0229999999999997" classname="module_teal" name="are_not_called_when_the_teal_data_module_throw_en_error">
      <error type="error" message="Error in `eval(code, test_env)`: object 'srv_teal' not found ('test-module_teal.R:317:5')">Error in `eval(code, test_env)`: object 'srv_teal' not found
Backtrace:
    ▆
 1. └─shiny::testServer(...) at test-module_teal.R:317:5
 2.   └─shiny:::isModuleServer(app)</error>
    </testcase>
    <testcase time="0.0220000000000002" classname="module_teal" name="are_not_called_when_the_teal_data_module_returns_qenv.error">
      <error type="error" message="Error in `eval(code, test_env)`: object 'srv_teal' not found ('test-module_teal.R:344:5')">Error in `eval(code, test_env)`: object 'srv_teal' not found
Backtrace:
    ▆
 1. └─shiny::testServer(...) at test-module_teal.R:344:5
 2.   └─shiny:::isModuleServer(app)</error>
    </testcase>
    <testcase time="0.0330000000000013" classname="module_teal" name="are_receiving_reactive_data_which_triggers_on_change">
      <error type="error" message="Error in `eval(code, test_env)`: object 'srv_teal' not found ('test-module_teal.R:371:5')">Error in `eval(code, test_env)`: object 'srv_teal' not found
Backtrace:
    ▆
 1. └─shiny::testServer(...) at test-module_teal.R:371:5
 2.   └─shiny:::isModuleServer(app)</error>
    </testcase>
    <testcase time="0.0219999999999985" classname="module_teal" name="are_not_called_again_when_data_changes">
      <error type="error" message="Error in `eval(code, test_env)`: object 'srv_teal' not found ('test-module_teal.R:417:5')">Error in `eval(code, test_env)`: object 'srv_teal' not found
Backtrace:
    ▆
 1. └─shiny::testServer(...) at test-module_teal.R:417:5
 2.   └─shiny:::isModuleServer(app)</error>
    </testcase>
    <testcase time="0.0230000000000015" classname="module_teal" name="receives_data_with_datasets_module_datanames">
      <error type="error" message="Error in `eval(code, test_env)`: object 'srv_teal' not found ('test-module_teal.R:454:5')">Error in `eval(code, test_env)`: object 'srv_teal' not found
Backtrace:
    ▆
 1. └─shiny::testServer(...) at test-module_teal.R:454:5
 2.   └─shiny:::isModuleServer(app)</error>
    </testcase>
    <testcase time="0.0219999999999985" classname="module_teal" name="is_called_and_receives_data_if_datanames_in_teal_data_are_not_sufficient">
      <error type="error" message="Error in `eval(code, test_env)`: object 'srv_teal' not found ('test-module_teal.R:475:5')">Error in `eval(code, test_env)`: object 'srv_teal' not found
Backtrace:
    ▆
 1. └─shiny::testServer(...) at test-module_teal.R:475:5
 2.   └─shiny:::isModuleServer(app)</error>
    </testcase>
    <testcase time="0.0190000000000001" classname="module_teal" name="doesn_t_receive_extra_data_added_in_a_transform">
      <skipped message="Reason: Looks like it does receive extra data? ('test-module_teal.R:492:5')"/>
    </testcase>
    <testcase time="0.0140000000000011" classname="module_teal" name="receives_all_data_when_module_datanames_all_">
      <error type="error" message="Error in `eval(code, test_env)`: object 'srv_teal' not found ('test-module_teal.R:529:5')">Error in `eval(code, test_env)`: object 'srv_teal' not found
Backtrace:
    ▆
 1. └─shiny::testServer(...) at test-module_teal.R:529:5
 2.   └─shiny:::isModuleServer(app)</error>
    </testcase>
    <testcase time="0.0239999999999991" classname="module_teal" name="receives_parent_data_when_module_datanames_limited_to_a_child_data_but_join_keys_are_provided">
      <error type="error" message="Error in `eval(code, test_env)`: object 'srv_teal' not found ('test-module_teal.R:555:5')">Error in `eval(code, test_env)`: object 'srv_teal' not found
Backtrace:
    ▆
 1. └─shiny::testServer(...) at test-module_teal.R:555:5
 2.   └─shiny:::isModuleServer(app)</error>
    </testcase>
    <testcase time="0.0220000000000002" classname="module_teal" name="srv_teal_module.teal_module_does_not_pass_data_if_not_in_the_args_explicitly">
      <error type="error" message="Error in `eval(code, test_env)`: object 'srv_teal' not found ('test-module_teal.R:573:5')">Error in `eval(code, test_env)`: object 'srv_teal' not found
Backtrace:
    ▆
 1. └─shiny::testServer(...) at test-module_teal.R:573:5
 2.   └─shiny:::isModuleServer(app)</error>
    </testcase>
    <testcase time="0.0230000000000015" classname="module_teal" name="srv_teal_module.teal_module_passes_deprecated_datasets_to_the_server_module">
      <error type="error" message="Error in `eval(code, test_env)`: object 'srv_teal' not found ('test-module_teal.R:593:5')">Error in `eval(code, test_env)`: object 'srv_teal' not found
Backtrace:
    ▆
 1. ├─testthat::expect_warning(...) at test-module_teal.R:593:5
 2. │ └─testthat:::quasi_capture(...)
 3. │   ├─testthat (local) .capture(...)
 4. │   │ └─base::withCallingHandlers(...)
 5. │   └─rlang::eval_bare(quo_get_expr(.quo), quo_get_env(.quo))
 6. └─shiny::testServer(...)
 7.   └─shiny:::isModuleServer(app)</error>
    </testcase>
    <testcase time="0.0229999999999997" classname="module_teal" name="srv_teal_module.teal_module_passes_server_args_to_the_...">
      <error type="error" message="Error in `eval(code, test_env)`: object 'srv_teal' not found ('test-module_teal.R:613:5')">Error in `eval(code, test_env)`: object 'srv_teal' not found
Backtrace:
    ▆
 1. └─shiny::testServer(...) at test-module_teal.R:613:5
 2.   └─shiny:::isModuleServer(app)</error>
    </testcase>
    <testcase time="0.0229999999999997" classname="module_teal" name="srv_teal_module.teal_module_passes_filter_panel_api_if_specified">
      <error type="error" message="Error in `eval(code, test_env)`: object 'srv_teal' not found ('test-module_teal.R:639:5')">Error in `eval(code, test_env)`: object 'srv_teal' not found
Backtrace:
    ▆
 1. └─shiny::testServer(...) at test-module_teal.R:639:5
 2.   └─shiny:::isModuleServer(app)</error>
    </testcase>
    <testcase time="0.0219999999999985" classname="module_teal" name="srv_teal_module.teal_module_passes_Reporter_if_specified">
      <error type="error" message="Error in `eval(code, test_env)`: object 'srv_teal' not found ('test-module_teal.R:656:5')">Error in `eval(code, test_env)`: object 'srv_teal' not found
Backtrace:
    ▆
 1. └─shiny::testServer(...) at test-module_teal.R:656:5
 2.   └─shiny:::isModuleServer(app)</error>
    </testcase>
    <testcase time="0.027000000000001" classname="module_teal" name="slices_global_is_initialized_with_slices_specified_in_filter">
      <error type="error" message="Error in `eval(code, test_env)`: object 'srv_teal' not found ('test-module_teal.R:679:5')">Error in `eval(code, test_env)`: object 'srv_teal' not found
Backtrace:
    ▆
 1. └─shiny::testServer(...) at test-module_teal.R:679:5
 2.   └─shiny:::isModuleServer(app)</error>
    </testcase>
    <testcase time="0.0259999999999998" classname="module_teal" name="attr_slices_global_mapping_global_filters_is_resolved_to_modules_when_module_specific">
      <error type="error" message="Error in `eval(code, test_env)`: object 'srv_teal' not found ('test-module_teal.R:702:5')">Error in `eval(code, test_env)`: object 'srv_teal' not found
Backtrace:
    ▆
 1. └─shiny::testServer(...) at test-module_teal.R:702:5
 2.   └─shiny:::isModuleServer(app)</error>
    </testcase>
    <testcase time="0.027000000000001" classname="module_teal" name="attr_slices_global_mapping_global_filters_is_resolved_to_modules_when_module_specific">
      <error type="error" message="Error in `eval(code, test_env)`: object 'srv_teal' not found ('test-module_teal.R:729:5')">Error in `eval(code, test_env)`: object 'srv_teal' not found
Backtrace:
    ▆
 1. └─shiny::testServer(...) at test-module_teal.R:729:5
 2.   └─shiny:::isModuleServer(app)</error>
    </testcase>
    <testcase time="0.0219999999999985" classname="module_teal" name="modules_receive_reactive_data_with_filtered_data_raw_data_and_filter_code">
      <error type="error" message="Error in `eval(code, test_env)`: object 'srv_teal' not found ('test-module_teal.R:750:5')">Error in `eval(code, test_env)`: object 'srv_teal' not found
Backtrace:
    ▆
 1. └─shiny::testServer(...) at test-module_teal.R:750:5
 2.   └─shiny:::isModuleServer(app)</error>
    </testcase>
    <testcase time="0.0240000000000009" classname="module_teal" name="modules_receive_reactive_data_based_on_the_changes_in_existing_filter">
      <error type="error" message="Error in `eval(code, test_env)`: object 'srv_teal' not found ('test-module_teal.R:797:5')">Error in `eval(code, test_env)`: object 'srv_teal' not found
Backtrace:
    ▆
 1. └─shiny::testServer(...) at test-module_teal.R:797:5
 2.   └─shiny:::isModuleServer(app)</error>
    </testcase>
    <testcase time="0.0229999999999997" classname="module_teal" name="modules_receive_reactive_data_based_on_old_and_added_filter">
      <error type="error" message="Error in `eval(code, test_env)`: object 'srv_teal' not found ('test-module_teal.R:843:5')">Error in `eval(code, test_env)`: object 'srv_teal' not found
Backtrace:
    ▆
 1. └─shiny::testServer(...) at test-module_teal.R:843:5
 2.   └─shiny:::isModuleServer(app)</error>
    </testcase>
    <testcase time="0.0229999999999997" classname="module_teal" name="filter_is_applied_to_the_teal_module_s_data_only_if_the_tab_is_selected">
      <error type="error" message="Error in `eval(code, test_env)`: object 'srv_teal' not found ('test-module_teal.R:880:5')">Error in `eval(code, test_env)`: object 'srv_teal' not found
Backtrace:
    ▆
 1. └─shiny::testServer(...) at test-module_teal.R:880:5
 2.   └─shiny:::isModuleServer(app)</error>
    </testcase>
    <testcase time="0.0309999999999988" classname="module_teal" name="added_slice_to_slices_global_is_applied_to_module_only_mapping_is_set">
      <error type="error" message="Error in `eval(code, test_env)`: object 'srv_teal' not found ('test-module_teal.R:909:5')">Error in `eval(code, test_env)`: object 'srv_teal' not found
Backtrace:
    ▆
 1. └─shiny::testServer(...) at test-module_teal.R:909:5
 2.   └─shiny:::isModuleServer(app)</error>
    </testcase>
    <testcase time="0.022000000000002" classname="module_teal" name="evaluates_custom_qenv_call_and_pass_update_teal_data_to_the_module">
      <error type="error" message="Error in `eval(code, test_env)`: object 'srv_teal' not found ('test-module_teal.R:940:5')">Error in `eval(code, test_env)`: object 'srv_teal' not found
Backtrace:
    ▆
 1. └─shiny::testServer(...) at test-module_teal.R:940:5
 2.   └─shiny:::isModuleServer(app)</error>
    </testcase>
    <testcase time="0.0219999999999985" classname="module_teal" name="evaluates_custom_qenv_call_after_filter_is_applied">
      <error type="error" message="Error in `eval(code, test_env)`: object 'srv_teal' not found ('test-module_teal.R:964:5')">Error in `eval(code, test_env)`: object 'srv_teal' not found
Backtrace:
    ▆
 1. └─shiny::testServer(...) at test-module_teal.R:964:5
 2.   └─shiny:::isModuleServer(app)</error>
    </testcase>
    <testcase time="0.0229999999999997" classname="module_teal" name="is_reactive_to_the_filter_changes">
      <error type="error" message="Error in `eval(code, test_env)`: object 'srv_teal' not found ('test-module_teal.R:1018:5')">Error in `eval(code, test_env)`: object 'srv_teal' not found
Backtrace:
    ▆
 1. └─shiny::testServer(...) at test-module_teal.R:1018:5
 2.   └─shiny:::isModuleServer(app)</error>
    </testcase>
    <testcase time="0.027000000000001" classname="module_teal" name="fails_when_transformer_doesn_t_return_reactive">
      <failure type="failure" message="`testServer(...)` threw an error with unexpected message. ('test-module_teal.R:1066:5')">`testServer(...)` threw an error with unexpected message.
Expected match: "must return a reactive expression"
Actual message: "object 'srv_teal' not found"
Backtrace:
    ▆
 1. ├─testthat::expect_error(...) at test-module_teal.R:1066:5
 2. │ └─testthat:::quasi_capture(...)
 3. │   ├─testthat (local) .capture(...)
 4. │   │ └─base::withCallingHandlers(...)
 5. │   └─rlang::eval_bare(quo_get_expr(.quo), quo_get_env(.quo))
 6. └─shiny::testServer(...)
 7.   └─shiny:::isModuleServer(app)</failure>
    </testcase>
    <testcase time="0.0199999999999996" classname="module_teal" name="continues_when_transformer_throws_validation_error_and_returns_unchanged_data">
      <error type="error" message="Error in `eval(code, test_env)`: object 'srv_teal' not found ('test-module_teal.R:1092:5')">Error in `eval(code, test_env)`: object 'srv_teal' not found
Backtrace:
    ▆
 1. └─shiny::testServer(...) at test-module_teal.R:1092:5
 2.   └─shiny:::isModuleServer(app)</error>
    </testcase>
    <testcase time="0.0229999999999997" classname="module_teal" name="continues_when_transformer_throws_validation_error_and_returns_unchanged_data">
      <error type="error" message="Error in `eval(code, test_env)`: object 'srv_teal' not found ('test-module_teal.R:1121:5')">Error in `eval(code, test_env)`: object 'srv_teal' not found
Backtrace:
    ▆
 1. └─shiny::testServer(...) at test-module_teal.R:1121:5
 2.   └─shiny:::isModuleServer(app)</error>
    </testcase>
    <testcase time="0.0250000000000021" classname="module_teal" name="displays_Obs_only_column_if_all_datasets_have_no_join_keys">
      <error type="error" message="Error in `eval(code, test_env)`: object 'srv_teal' not found ('test-module_teal.R:1157:5')">Error in `eval(code, test_env)`: object 'srv_teal' not found
Backtrace:
    ▆
 1. └─shiny::testServer(...) at test-module_teal.R:1157:5
 2.   └─shiny:::isModuleServer(app)</error>
    </testcase>
    <testcase time="0.0259999999999998" classname="module_teal" name="displays_Subjects_with_count_based_on_foreign_key_column">
      <error type="error" message="Error in `eval(code, test_env)`: object 'srv_teal' not found ('test-module_teal.R:1192:5')">Error in `eval(code, test_env)`: object 'srv_teal' not found
Backtrace:
    ▆
 1. └─shiny::testServer(...) at test-module_teal.R:1192:5
 2.   └─shiny:::isModuleServer(app)</error>
    </testcase>
    <testcase time="0.0249999999999986" classname="module_teal" name="displays_parent_s_Subjects_with_count_based_on_primary_key">
      <error type="error" message="Error in `eval(code, test_env)`: object 'srv_teal' not found ('test-module_teal.R:1226:5')">Error in `eval(code, test_env)`: object 'srv_teal' not found
Backtrace:
    ▆
 1. └─shiny::testServer(...) at test-module_teal.R:1226:5
 2.   └─shiny:::isModuleServer(app)</error>
    </testcase>
    <testcase time="0.0259999999999998" classname="module_teal" name="displays_parent_s_Subjects_with_count_based_on_primary_and_foreign_key">
      <error type="error" message="Error in `eval(code, test_env)`: object 'srv_teal' not found ('test-module_teal.R:1261:5')">Error in `eval(code, test_env)`: object 'srv_teal' not found
Backtrace:
    ▆
 1. └─shiny::testServer(...) at test-module_teal.R:1261:5
 2.   └─shiny:::isModuleServer(app)</error>
    </testcase>
    <testcase time="0.0259999999999998" classname="module_teal" name="reflects_filters_and_displays_subjects_by_their_unique_id_count">
      <error type="error" message="Error in `eval(code, test_env)`: object 'srv_teal' not found ('test-module_teal.R:1296:5')">Error in `eval(code, test_env)`: object 'srv_teal' not found
Backtrace:
    ▆
 1. └─shiny::testServer(...) at test-module_teal.R:1296:5
 2.   └─shiny:::isModuleServer(app)</error>
    </testcase>
    <testcase time="0.0259999999999998" classname="module_teal" name="reflects_added_filters_and_displays_subjects_by_their_unique_id_count">
      <error type="error" message="Error in `eval(code, test_env)`: object 'srv_teal' not found ('test-module_teal.R:1332:5')">Error in `eval(code, test_env)`: object 'srv_teal' not found
Backtrace:
    ▆
 1. └─shiny::testServer(...) at test-module_teal.R:1332:5
 2.   └─shiny:::isModuleServer(app)</error>
    </testcase>
    <testcase time="0.022000000000002" classname="module_teal" name="reflects_transform_adding_new_dataset">
      <error type="error" message="Error in `eval(code, test_env)`: object 'srv_teal' not found ('test-module_teal.R:1359:5')">Error in `eval(code, test_env)`: object 'srv_teal' not found
Backtrace:
    ▆
 1. └─shiny::testServer(...) at test-module_teal.R:1359:5
 2.   └─shiny:::isModuleServer(app)</error>
    </testcase>
    <testcase time="0.0239999999999974" classname="module_teal" name="displays_parent_s_Subjects_with_count_based_on_primary_key">
      <error type="error" message="Error in `eval(code, test_env)`: object 'srv_teal' not found ('test-module_teal.R:1389:7')">Error in `eval(code, test_env)`: object 'srv_teal' not found
Backtrace:
    ▆
 1. └─shiny::testServer(...) at test-module_teal.R:1389:7
 2.   └─shiny:::isModuleServer(app)</error>
    </testcase>
    <testcase time="0.0250000000000021" classname="module_teal" name="displays_only_module_datanames">
      <error type="error" message="Error in `eval(code, test_env)`: object 'srv_teal' not found ('test-module_teal.R:1422:5')">Error in `eval(code, test_env)`: object 'srv_teal' not found
Backtrace:
    ▆
 1. └─shiny::testServer(...) at test-module_teal.R:1422:5
 2.   └─shiny:::isModuleServer(app)</error>
    </testcase>
    <testcase time="0.0229999999999997" classname="module_teal" name="displays_subset_of_module_datanames_if_not_sufficient">
      <error type="error" message="Error in `eval(code, test_env)`: object 'srv_teal' not found ('test-module_teal.R:1448:5')">Error in `eval(code, test_env)`: object 'srv_teal' not found
Backtrace:
    ▆
 1. └─shiny::testServer(...) at test-module_teal.R:1448:5
 2.   └─shiny:::isModuleServer(app)</error>
    </testcase>
    <testcase time="0.0229999999999997" classname="module_teal" name="returns_empty_mapping_table_if_no_filters_set">
      <error type="error" message="Error in `eval(code, test_env)`: object 'srv_teal' not found ('test-module_teal.R:1474:7')">Error in `eval(code, test_env)`: object 'srv_teal' not found
Backtrace:
    ▆
 1. └─shiny::testServer(...) at test-module_teal.R:1474:7
 2.   └─shiny:::isModuleServer(app)</error>
    </testcase>
    <testcase time="0.0219999999999985" classname="module_teal" name="returns_table_with_global_filters_if_some_filters_are_set">
      <error type="error" message="Error in `eval(code, test_env)`: object 'srv_teal' not found ('test-module_teal.R:1496:7')">Error in `eval(code, test_env)`: object 'srv_teal' not found
Backtrace:
    ▆
 1. └─shiny::testServer(...) at test-module_teal.R:1496:7
 2.   └─shiny:::isModuleServer(app)</error>
    </testcase>
    <testcase time="0.0470000000000006" classname="module_teal" name="clicking_reset_button_restores_initial_filters_state">
      <error type="error" message="Error in `eval(code, test_env)`: object 'srv_teal' not found ('test-module_teal.R:1541:5')">Error in `eval(code, test_env)`: object 'srv_teal' not found
Backtrace:
    ▆
 1. └─shiny::testServer(...) at test-module_teal.R:1541:5
 2.   └─shiny:::isModuleServer(app)</error>
    </testcase>
  </testsuite>
  <testsuite name="modules" timestamp="2024-07-24T15:43:33Z" hostname="3035c22d12ea" tests="95" skipped="0" failures="0" errors="0" time="0.356">
    <testcase time="0.0219999999999985" classname="modules" name="Calling_module_does_not_throw"/>
    <testcase time="0.00400000000000134" classname="modules" name="module_requires_label_argument_to_be_a_string_different_than_global_filters_"/>
    <testcase time="0.00400000000000134" classname="modules" name="module_requires_label_argument_to_be_a_string_different_than_global_filters_"/>
    <testcase time="0.00399999999999778" classname="modules" name="module_requires_label_argument_to_be_a_string_different_than_global_filters_"/>
    <testcase time="0.00500000000000256" classname="modules" name="module_requires_label_argument_to_be_a_string_different_than_global_filters_"/>
    <testcase time="0.00399999999999778" classname="modules" name="module_requires_label_argument_to_be_a_string_different_than_global_filters_"/>
    <testcase time="0.00300000000000011" classname="modules" name="module_warns_when_server_contains_datasets_argument"/>
    <testcase time="0.00400000000000134" classname="modules" name="module_expects_server_being_a_shiny_server_module_with_any_argument"/>
    <testcase time="0.000999999999997669" classname="modules" name="module_expects_server_being_a_shiny_server_module_with_any_argument"/>
    <testcase time="0.00200000000000244" classname="modules" name="module_expects_server_being_a_shiny_server_module_with_any_argument"/>
    <testcase time="0.00399999999999778" classname="modules" name="module_expects_server_being_a_shiny_server_module_with_any_argument"/>
    <testcase time="0.00400000000000134" classname="modules" name="module_expects_server_being_a_shiny_server_module_with_any_argument"/>
    <testcase time="0.00300000000000011" classname="modules" name="module_requires_server_args_argument_to_be_a_list"/>
    <testcase time="0.00199999999999889" classname="modules" name="module_requires_server_args_argument_to_be_a_list"/>
    <testcase time="0.00100000000000122" classname="modules" name="module_requires_server_args_argument_to_be_a_list"/>
    <testcase time="0.00499999999999901" classname="modules" name="module_requires_server_args_argument_to_be_a_list"/>
    <testcase time="0.00400000000000134" classname="modules" name="module_requires_server_args_argument_to_be_a_list"/>
    <testcase time="0.00300000000000011" classname="modules" name="module_expects_all_server_args_being_a_server_arguments_or_passed_through_..._"/>
    <testcase time="0.00199999999999889" classname="modules" name="module_expects_all_server_args_being_a_server_arguments_or_passed_through_..._"/>
    <testcase time="0.00400000000000134" classname="modules" name="module_expects_all_server_args_being_a_server_arguments_or_passed_through_..._"/>
    <testcase time="0.00399999999999778" classname="modules" name="module_requires_ui_args_argument_to_be_a_list"/>
    <testcase time="0.00100000000000122" classname="modules" name="module_requires_ui_args_argument_to_be_a_list"/>
    <testcase time="0.00199999999999889" classname="modules" name="module_requires_ui_args_argument_to_be_a_list"/>
    <testcase time="0.00400000000000134" classname="modules" name="module_requires_ui_args_argument_to_be_a_list"/>
    <testcase time="0.00499999999999901" classname="modules" name="module_requires_ui_args_argument_to_be_a_list"/>
    <testcase time="0.00600000000000023" classname="modules" name="module_throws_when_ui_has_data_or_datasets_argument"/>
    <testcase time="0.00400000000000134" classname="modules" name="module_throws_when_ui_has_data_or_datasets_argument"/>
    <testcase time="0.00300000000000011" classname="modules" name="module_expects_ui_being_a_shiny_ui_module_with_any_argument"/>
    <testcase time="0.00199999999999889" classname="modules" name="module_expects_ui_being_a_shiny_ui_module_with_any_argument"/>
    <testcase time="0.00400000000000134" classname="modules" name="module_expects_ui_being_a_shiny_ui_module_with_any_argument"/>
    <testcase time="0.00300000000000011" classname="modules" name="module_expects_all_ui_args_being_a_ui_arguments_or_passed_through_..._"/>
    <testcase time="0.00199999999999889" classname="modules" name="module_expects_all_ui_args_being_a_ui_arguments_or_passed_through_..._"/>
    <testcase time="0.00400000000000134" classname="modules" name="module_expects_all_ui_args_being_a_ui_arguments_or_passed_through_..._"/>
    <testcase time="0.00399999999999778" classname="modules" name="module_requires_datanames_argument_to_be_a_character_or_NULL"/>
    <testcase time="0.00100000000000122" classname="modules" name="module_requires_datanames_argument_to_be_a_character_or_NULL"/>
    <testcase time="0.00199999999999889" classname="modules" name="module_requires_datanames_argument_to_be_a_character_or_NULL"/>
    <testcase time="0.00400000000000134" classname="modules" name="module_requires_datanames_argument_to_be_a_character_or_NULL"/>
    <testcase time="0.000999999999997669" classname="modules" name="module_requires_datanames_argument_to_be_a_character_or_NULL"/>
    <testcase time="0.00400000000000134" classname="modules" name="module_returns_list_of_class_teal_module_containing_input_objects"/>
    <testcase time="0.00100000000000122" classname="modules" name="module_returns_list_of_class_teal_module_containing_input_objects"/>
    <testcase time="0.000999999999997669" classname="modules" name="module_returns_list_of_class_teal_module_containing_input_objects"/>
    <testcase time="0.00100000000000122" classname="modules" name="module_returns_list_of_class_teal_module_containing_input_objects"/>
    <testcase time="0.00199999999999889" classname="modules" name="module_returns_list_of_class_teal_module_containing_input_objects"/>
    <testcase time="0.00100000000000122" classname="modules" name="module_returns_list_of_class_teal_module_containing_input_objects"/>
    <testcase time="0.00100000000000122" classname="modules" name="module_returns_list_of_class_teal_module_containing_input_objects"/>
    <testcase time="0.000999999999997669" classname="modules" name="module_returns_list_of_class_teal_module_containing_input_objects"/>
    <testcase time="0.00700000000000145" classname="modules" name="modules_gives_error_if_no_arguments_other_than_label_are_used"/>
    <testcase time="0.00400000000000134" classname="modules" name="modules_gives_error_if_no_arguments_other_than_label_are_used"/>
    <testcase time="0.00399999999999778" classname="modules" name="modules_requires_label_argument_to_be_a_string_"/>
    <testcase time="0.00400000000000134" classname="modules" name="modules_requires_label_argument_to_be_a_string_"/>
    <testcase time="0.00399999999999778" classname="modules" name="modules_requires_label_argument_to_be_a_string_"/>
    <testcase time="0.00400000000000134" classname="modules" name="modules_accept_teal_module_in_..."/>
    <testcase time="0.00300000000000011" classname="modules" name="modules_accept_multiple_teal_module_objects_in_..."/>
    <testcase time="0.00400000000000134" classname="modules" name="modules_accept_multiple_teal_module_and_teal_modules_objects_in_..."/>
    <testcase time="0.00600000000000023" classname="modules" name="modules_does_not_accept_objects_other_than_teal_module_s_in_..."/>
    <testcase time="0.0069999999999979" classname="modules" name="modules_does_not_accept_objects_other_than_teal_module_s_in_..."/>
    <testcase time="0.00300000000000011" classname="modules" name="modules_returns_teal_modules_object_with_label_and_children_slot"/>
    <testcase time="0.00100000000000122" classname="modules" name="modules_returns_teal_modules_object_with_label_and_children_slot"/>
    <testcase time="0.00399999999999778" classname="modules" name="modules_returns_children_as_list_with_list_named_after_label_attributes"/>
    <testcase time="0.00100000000000122" classname="modules" name="modules_returns_children_as_list_with_list_named_after_label_attributes"/>
    <testcase time="0.00100000000000122" classname="modules" name="modules_returns_children_as_list_with_list_named_after_label_attributes"/>
    <testcase time="0.0069999999999979" classname="modules" name="modules_returns_useful_error_message_if_label_argument_not_explicitly_named"/>
    <testcase time="0.00300000000000011" classname="modules" name="modules_returns_children_as_list_with_unique_names_if_labels_are_duplicated"/>
    <testcase time="0.00200000000000244" classname="modules" name="modules_returns_children_as_list_with_unique_names_if_labels_are_duplicated"/>
    <testcase time="0.000999999999997669" classname="modules" name="modules_returns_children_as_list_with_unique_names_if_labels_are_duplicated"/>
    <testcase time="0.00400000000000134" classname="modules" name="modules_depth_accepts_depth_as_integer"/>
    <testcase time="0.00499999999999901" classname="modules" name="modules_depth_accepts_depth_as_integer"/>
    <testcase time="0.00300000000000011" classname="modules" name="modules_depth_returns_depth_0_by_default"/>
    <testcase time="0.00400000000000134" classname="modules" name="modules_depth_accepts_modules_to_be_teal_module_or_teal_modules"/>
    <testcase time="0.00199999999999889" classname="modules" name="modules_depth_accepts_modules_to_be_teal_module_or_teal_modules"/>
    <testcase time="0.00300000000000011" classname="modules" name="modules_depth_returns_depth_same_as_input_for_teal_module"/>
    <testcase time="0.00400000000000134" classname="modules" name="modules_depth_increases_depth_by_1_for_each_teal_modules"/>
    <testcase time="0.00199999999999889" classname="modules" name="modules_depth_increases_depth_by_1_for_each_teal_modules"/>
    <testcase time="0.00600000000000023" classname="modules" name="is_arg_used_throws_error_if_object_is_not_teal_module_or_teal_modules"/>
    <testcase time="0.00499999999999901" classname="modules" name="is_arg_used_throws_error_if_object_is_not_teal_module_or_teal_modules"/>
    <testcase time="0.00400000000000134" classname="modules" name="is_arg_used_returns_true_if_teal_module_has_given_arg_in_server_function_args"/>
    <testcase time="0.00499999999999901" classname="modules" name="is_arg_used_returns_false_if_teal_module_does_not_have_reporter_in_server_function_args"/>
    <testcase time="0.00600000000000023" classname="modules" name="is_arg_used_returns_false_if_teal_modules_has_no_children_using_given_arg_"/>
    <testcase time="0.00300000000000011" classname="modules" name="is_arg_used_returns_false_if_teal_modules_has_no_children_using_given_arg_"/>
    <testcase time="0.00499999999999901" classname="modules" name="is_arg_used_returns_true_if_teal_modules_has_at_least_one_child_using_given_arg_"/>
    <testcase time="0.00300000000000011" classname="modules" name="is_arg_used_returns_true_if_teal_modules_has_at_least_one_child_using_given_arg_"/>
    <testcase time="0.00300000000000011" classname="modules" name="is_arg_used_returns_true_if_teal_modules_has_at_least_one_child_using_given_arg_"/>
    <testcase time="0.00499999999999901" classname="modules" name="is_arg_used_returns_TRUE_FALSE_when_the_arg_is_in_function_formals"/>
    <testcase time="0.00300000000000011" classname="modules" name="is_arg_used_returns_TRUE_FALSE_when_the_arg_is_in_function_formals"/>
    <testcase time="0.00700000000000145" classname="modules" name="is_arg_used_accepts_arg_to_be_a_string_only"/>
    <testcase time="0.00400000000000134" classname="modules" name="is_arg_used_accepts_arg_to_be_a_string_only"/>
    <testcase time="0.00499999999999901" classname="modules" name="is_arg_used_accepts_arg_to_be_a_string_only"/>
    <testcase time="0.00700000000000145" classname="modules" name="append_module_throws_error_when_modules_is_not_inherited_from_teal_modules"/>
    <testcase time="0.00499999999999901" classname="modules" name="append_module_throws_error_when_modules_is_not_inherited_from_teal_modules"/>
    <testcase time="0.0069999999999979" classname="modules" name="append_module_throws_error_is_module_is_not_inherited_from_teal_module"/>
    <testcase time="0.00500000000000256" classname="modules" name="append_module_throws_error_is_module_is_not_inherited_from_teal_module"/>
    <testcase time="0.00499999999999901" classname="modules" name="append_module_appends_a_module_to_children_of_not_nested_teal_modules"/>
    <testcase time="0.00499999999999901" classname="modules" name="append_module_appends_a_module_to_children_of_nested_teal_modules"/>
    <testcase time="0.00400000000000134" classname="modules" name="append_module_produces_teal_modules_with_unique_named_children"/>
    <testcase time="0.00399999999999778" classname="modules" name="format.teal_modules_returns_proper_structure"/>
  </testsuite>
  <testsuite name="rcode_utils" timestamp="2024-07-24T15:43:34Z" hostname="3035c22d12ea" tests="7" skipped="0" failures="0" errors="0" time="0.061">
    <testcase time="0.00600000000000023" classname="rcode_utils" name="With_no_teal.load_nest_code_option_set_get_rcode_str_install_returns_default_string"/>
    <testcase time="0.00300000000000011" classname="rcode_utils" name="With_teal.load_nest_code_option_set_to_character_get_rcode_str_install_returns_option_value"/>
    <testcase time="0.00100000000000122" classname="rcode_utils" name="With_teal.load_nest_code_option_set_to_character_get_rcode_str_install_returns_option_value"/>
    <testcase time="0.00300000000000011" classname="rcode_utils" name="When_teal.load_nest_code_option_is_not_character_get_rcode_str_install_silently_returns_default_string"/>
    <testcase time="0.000999999999997669" classname="rcode_utils" name="When_teal.load_nest_code_option_is_not_character_get_rcode_str_install_silently_returns_default_string"/>
    <testcase time="0.0370000000000026" classname="rcode_utils" name="get_rcode_libraries_returns_current_session_packages"/>
    <testcase time="0.00999999999999801" classname="rcode_utils" name="get_datasets_code_returns_code_only_for_specified_datanames"/>
  </testsuite>
  <testsuite name="report_previewer_module" timestamp="2024-07-24T15:43:34Z" hostname="3035c22d12ea" tests="5" skipped="0" failures="0" errors="0" time="0.022">
    <testcase time="0.00900000000000034" classname="report_previewer_module" name="report_previewer_module_throws_error_if_label_is_not_string"/>
    <testcase time="0.00499999999999901" classname="report_previewer_module" name="report_previewer_module_throws_error_if_label_is_not_string"/>
    <testcase time="0.00400000000000134" classname="report_previewer_module" name="report_previewer_module_throws_no_error_and_stores_label_if_label_is_string"/>
    <testcase time="0.00100000000000122" classname="report_previewer_module" name="report_previewer_module_throws_no_error_and_stores_label_if_label_is_string"/>
    <testcase time="0.00300000000000011" classname="report_previewer_module" name="report_previewer_module_default_label_is_Report_previewer_"/>
  </testsuite>
  <testsuite name="shinytest2-data_summary" timestamp="2024-07-24T15:43:34Z" hostname="3035c22d12ea" tests="4" skipped="0" failures="2" errors="0" time="32.765">
    <testcase time="8.286" classname="shinytest2_data_summary" name="e2e_data_summary_list_only_data_names_if_there_is_no_MAE_or_data.frames_in_teal_data"/>
    <testcase time="7.801" classname="shinytest2_data_summary" name="e2e_data_summary_is_displayed_with_2_columns_data_without_keys"/>
    <testcase time="7.91" classname="shinytest2_data_summary" name="e2e_data_summary_is_displayed_with_3_columns_for_data_with_join_keys">
      <failure type="failure" message="as.data.frame(app$get_active_data_summary_table()) not identical to data.frame(...). ('test-shinytest2-data_summary.R:53:3')">as.data.frame(app$get_active_data_summary_table()) not identical to data.frame(...).
Component "Subjects": 1 string mismatch</failure>
    </testcase>
    <testcase time="8.768" classname="shinytest2_data_summary" name="e2e_data_summary_is_displayed_properly_if_teal_data_include_data.frames_with_join_keys_MAE_objects_and_vectors">
      <failure type="failure" message="as.data.frame(app$get_active_data_summary_table()) not identical to data.frame(...). ('test-shinytest2-data_summary.R:95:5')">as.data.frame(app$get_active_data_summary_table()) not identical to data.frame(...).
Component "Subjects": 1 string mismatch</failure>
    </testcase>
  </testsuite>
  <testsuite name="shinytest2-filter_panel" timestamp="2024-07-24T15:44:07Z" hostname="3035c22d12ea" tests="3" skipped="0" failures="0" errors="2" time="31.079">
    <testcase time="9.829" classname="shinytest2_filter_panel" name="e2e_module_content_is_updated_when_a_data_is_filtered_in_filter_panel"/>
    <testcase time="10.691" classname="shinytest2_filter_panel" name="e2e_filtering_a_module_specific_filter_is_refected_in_other_shared_module">
      <error type="error" message="Error in `app$get_active_data_filters(&quot;iris&quot;)`: Assertion on 'dataset_name' failed: Must be a subset of the empty set, i.e. also empty. ('test-shinytest2-filter_panel.R:48:3')">Error in `app$get_active_data_filters("iris")`: Assertion on 'dataset_name' failed: Must be a subset of the empty set, i.e. also empty.
Backtrace:
    ▆
 1. ├─testthat::expect_setequal(...) at test-shinytest2-filter_panel.R:48:3
 2. │ └─testthat::quasi_label(enquo(object), arg = "object")
 3. │   └─rlang::eval_bare(expr, quo_get_env(quo))
 4. └─app$get_active_data_filters("iris")
 5.   └─checkmate::assert_subset(dataset_name, datasets)
 6.     └─checkmate::makeAssertion(x, res, .var.name, add)
 7.       └─checkmate:::mstop(...)</error>
    </testcase>
    <testcase time="10.559" classname="shinytest2_filter_panel" name="e2e_filtering_a_module_specific_filter_is_not_refected_in_other_unshared_modules">
      <error type="error" message="Error in `app$get_active_data_filters(&quot;mtcars&quot;)`: Assertion on 'dataset_name' failed: Must be a subset of the empty set, i.e. also empty. ('test-shinytest2-filter_panel.R:87:3')">Error in `app$get_active_data_filters("mtcars")`: Assertion on 'dataset_name' failed: Must be a subset of the empty set, i.e. also empty.
Backtrace:
    ▆
 1. ├─testthat::expect_setequal(...) at test-shinytest2-filter_panel.R:87:3
 2. │ └─testthat::quasi_label(enquo(object), arg = "object")
 3. │   └─rlang::eval_bare(expr, quo_get_env(quo))
 4. └─app$get_active_data_filters("mtcars")
 5.   └─checkmate::assert_subset(dataset_name, datasets)
 6.     └─checkmate::makeAssertion(x, res, .var.name, add)
 7.       └─checkmate:::mstop(...)</error>
    </testcase>
  </testsuite>
  <testsuite name="shinytest2-init" timestamp="2024-07-24T15:44:38Z" hostname="3035c22d12ea" tests="17" skipped="0" failures="0" errors="0" time="25.752">
    <testcase time="7.72199999999999" classname="shinytest2_init" name="e2e_teal_app_initializes_with_no_errors"/>
    <testcase time="7.736" classname="shinytest2_init" name="e2e_teal_app_initializes_with_sessionInfo_modal"/>
    <testcase time="2.29599999999999" classname="shinytest2_init" name="e2e_teal_app_initializes_with_sessionInfo_modal"/>
    <testcase time="0.00400000000000489" classname="shinytest2_init" name="e2e_teal_app_initializes_with_sessionInfo_modal"/>
    <testcase time="0.00100000000000477" classname="shinytest2_init" name="e2e_teal_app_initializes_with_sessionInfo_modal"/>
    <testcase time="0.00399999999999068" classname="shinytest2_init" name="e2e_teal_app_initializes_with_sessionInfo_modal"/>
    <testcase time="0.00200000000000955" classname="shinytest2_init" name="e2e_teal_app_initializes_with_sessionInfo_modal"/>
    <testcase time="0.00399999999999068" classname="shinytest2_init" name="e2e_teal_app_initializes_with_sessionInfo_modal"/>
    <testcase time="0.00200000000000955" classname="shinytest2_init" name="e2e_teal_app_initializes_with_sessionInfo_modal"/>
    <testcase time="0.000999999999990564" classname="shinytest2_init" name="e2e_teal_app_initializes_with_sessionInfo_modal"/>
    <testcase time="0.00100000000000477" classname="shinytest2_init" name="e2e_teal_app_initializes_with_sessionInfo_modal"/>
    <testcase time="0.00100000000000477" classname="shinytest2_init" name="e2e_teal_app_initializes_with_sessionInfo_modal"/>
    <testcase time="0.00199999999999534" classname="shinytest2_init" name="e2e_teal_app_initializes_with_sessionInfo_modal"/>
    <testcase time="7.928" classname="shinytest2_init" name="e2e_init_creates_UI_containing_specified_title_favicon_header_and_footer"/>
    <testcase time="0.034000000000006" classname="shinytest2_init" name="e2e_init_creates_UI_containing_specified_title_favicon_header_and_footer"/>
    <testcase time="0.00699999999999079" classname="shinytest2_init" name="e2e_init_creates_UI_containing_specified_title_favicon_header_and_footer"/>
    <testcase time="0.007000000000005" classname="shinytest2_init" name="e2e_init_creates_UI_containing_specified_title_favicon_header_and_footer"/>
  </testsuite>
  <testsuite name="shinytest2-landing_popup" timestamp="2024-07-24T15:45:04Z" hostname="3035c22d12ea" tests="11" skipped="0" failures="10" errors="1" time="39.494">
    <testcase time="7.782" classname="shinytest2_landing_popup" name="e2e_teal_app_with_landing_popup_module_initializes_with_no_errors">
      <failure type="failure" message="app$get_text(&quot;#landingpopup b&quot;) not equal to &quot;A welcome message!&quot;. ('test-shinytest2-landing_popup.R:14:3')">app$get_text("#landingpopup b") not equal to "A welcome message!".
target is NULL, current is character</failure>
    </testcase>
    <testcase time="8.01400000000001" classname="shinytest2_landing_popup" name="e2e_app_with_default_landing_popup_module_creates_modal_containing_a_button">
      <failure type="failure" message="app$get_text(&quot;#shiny-modal-wrapper button&quot;) not equal to &quot;Accept&quot;. ('test-shinytest2-landing_popup.R:31:3')">app$get_text("#shiny-modal-wrapper button") not equal to "Accept".
target is NULL, current is character</failure>
    </testcase>
    <testcase time="7.884" classname="shinytest2_landing_popup" name="e2e_when_default_landing_popup_module_is_closed_it_shows_the_underlying_teal_app">
      <error type="error" message="Error in `app_find_node_id(self, private, input = input, output = output,  ('test-shinytest2-landing_popup.R:50:3')">Error in `app_find_node_id(self, private, input = input, output = output, 
    selector = selector)`: Cannot find HTML element with selector #shiny-modal-wrapper button[data-dismiss='modal']
Backtrace:
    ▆
 1. └─app$click(selector = "#shiny-modal-wrapper button[data-dismiss='modal']") at test-shinytest2-landing_popup.R:50:3
 2.   └─super$click(...)
 3.     └─shinytest2:::app_click(...)
 4.       └─shinytest2:::app_find_node_id(self, private, input = input, output = output, selector = selector)
 5.         └─shinytest2:::app_abort(...)
 6.           └─rlang::abort(..., app = self, call = call)</error>
    </testcase>
    <testcase time="7.80599999999998" classname="shinytest2_landing_popup" name="e2e_app_with_customized_landing_popup_module_creates_modal_containing_specified_title_content_and_buttons">
      <failure type="failure" message="app$get_text(&quot;.modal-title&quot;) not equal to `modal_title`. ('test-shinytest2-landing_popup.R:103:5')">app$get_text(".modal-title") not equal to `modal_title`.
target is NULL, current is character</failure>
    </testcase>
    <testcase time="0.0160000000000196" classname="shinytest2_landing_popup" name="e2e_app_with_customized_landing_popup_module_creates_modal_containing_specified_title_content_and_buttons">
      <failure type="failure" message="trimws(app$get_text(&quot;.modal-body&quot;)) not equal to `modal_content_message`. ('test-shinytest2-landing_popup.R:108:5')">trimws(app$get_text(".modal-body")) not equal to `modal_content_message`.
Lengths differ: 0 is not 1</failure>
    </testcase>
    <testcase time="0.0149999999999864" classname="shinytest2_landing_popup" name="e2e_app_with_customized_landing_popup_module_creates_modal_containing_specified_title_content_and_buttons">
      <failure type="failure" message="app$get_text(&quot;.btn-default:nth-child(1)&quot;) not equal to modal_btns$go$text. ('test-shinytest2-landing_popup.R:113:5')">app$get_text(".btn-default:nth-child(1)") not equal to modal_btns$go$text.
target is NULL, current is character</failure>
    </testcase>
    <testcase time="0.0150000000000148" classname="shinytest2_landing_popup" name="e2e_app_with_customized_landing_popup_module_creates_modal_containing_specified_title_content_and_buttons">
      <failure type="failure" message="app$get_text(phash(modal_btns$more$id)) not equal to modal_btns$more$text. ('test-shinytest2-landing_popup.R:118:5')">app$get_text(phash(modal_btns$more$id)) not equal to modal_btns$more$text.
target is NULL, current is character</failure>
    </testcase>
    <testcase time="0.025999999999982" classname="shinytest2_landing_popup" name="e2e_app_with_customized_landing_popup_module_creates_modal_containing_specified_title_content_and_buttons">
      <failure type="failure" message="app$get_attr(phash(modal_btns$more$id), &quot;onclick&quot;) not equal to modal_btns$more$onclick. ('test-shinytest2-landing_popup.R:123:5')">app$get_attr(phash(modal_btns$more$id), "onclick") not equal to modal_btns$more$onclick.
Lengths differ: 0 is not 1</failure>
    </testcase>
    <testcase time="0.0169999999999959" classname="shinytest2_landing_popup" name="e2e_app_with_customized_landing_popup_module_creates_modal_containing_specified_title_content_and_buttons">
      <failure type="failure" message="app$get_text(phash(modal_btns$reject$id)) not equal to modal_btns$reject$text. ('test-shinytest2-landing_popup.R:128:5')">app$get_text(phash(modal_btns$reject$id)) not equal to modal_btns$reject$text.
target is NULL, current is character</failure>
    </testcase>
    <testcase time="0.021000000000015" classname="shinytest2_landing_popup" name="e2e_app_with_customized_landing_popup_module_creates_modal_containing_specified_title_content_and_buttons">
      <failure type="failure" message="app$get_attr(phash(modal_btns$reject$id), &quot;onclick&quot;) not equal to modal_btns$reject$onclick. ('test-shinytest2-landing_popup.R:133:5')">app$get_attr(phash(modal_btns$reject$id), "onclick") not equal to modal_btns$reject$onclick.
Lengths differ: 0 is not 1</failure>
    </testcase>
    <testcase time="7.898" classname="shinytest2_landing_popup" name="e2e_when_customized_button_in_landing_popup_module_is_clicked_it_redirects_to_a_certain_page">
      <failure type="failure" message="app$get_attr(&quot;#read&quot;, &quot;onclick&quot;) not equal to `onclick_text`. ('test-shinytest2-landing_popup.R:155:3')">app$get_attr("#read", "onclick") not equal to `onclick_text`.
Lengths differ: 0 is not 1</failure>
    </testcase>
  </testsuite>
  <testsuite name="shinytest2-module_bookmark_manager" timestamp="2024-07-24T15:45:43Z" hostname="3035c22d12ea" tests="4" skipped="0" failures="0" errors="1" time="36.51">
    <testcase time="8.596" classname="shinytest2_module_bookmark_manager" name="bookmark_manager_button_is_not_rendered_by_default"/>
    <testcase time="8.626" classname="shinytest2_module_bookmark_manager" name="bookmark_manager_button_is_not_rendered_when_enableBookmarking_url_"/>
    <testcase time="8.602" classname="shinytest2_module_bookmark_manager" name="bookmark_manager_button_is_rendered_when_enableBookmarking_server_"/>
    <testcase time="10.686" classname="shinytest2_module_bookmark_manager" name="bookmark_manager_button_shows_modal_with_url_containing_state_id_when_clicked">
      <error type="error" message="Error in `UseMethod(&quot;read_xml&quot;)`: no applicable method for 'read_xml' applied to an object of class &quot;NULL&quot; ('test-shinytest2-module_bookmark_manager.R:53:3')">Error in `UseMethod("read_xml")`: no applicable method for 'read_xml' applied to an object of class "NULL"
Backtrace:
     ▆
  1. ├─testthat::expect_match(...) at test-shinytest2-module_bookmark_manager.R:53:3
  2. │ └─testthat::quasi_label(enquo(object), label, arg = "object")
  3. │   └─rlang::eval_bare(expr, quo_get_env(quo))
  4. ├─rvest::html_text(app$get_html_rvest("div[id$=bookmark_modal] pre"))
  5. │ └─xml2::xml_text(x, trim = trim)
  6. └─app$get_html_rvest("div[id$=bookmark_modal] pre")
  7.   ├─rvest::read_html(self$get_html(selector))
  8.   └─xml2:::read_html.default(self$get_html(selector))
  9.     ├─base::suppressWarnings(...)
 10.     │ └─base::withCallingHandlers(...)
 11.     └─xml2::read_xml(x, encoding = encoding, ..., as_html = TRUE, options = options)</error>
    </testcase>
  </testsuite>
  <testsuite name="shinytest2-modules" timestamp="2024-07-24T15:46:19Z" hostname="3035c22d12ea" tests="6" skipped="0" failures="4" errors="0" time="44.033">
    <testcase time="8.03" classname="shinytest2_modules" name="e2e_the_module_server_logic_is_only_triggered_when_the_teal_module_becomes_active"/>
    <testcase time="0.614000000000004" classname="shinytest2_modules" name="e2e_the_module_server_logic_is_only_triggered_when_the_teal_module_becomes_active">
      <failure type="failure" message="length(test_exports) not equal to 2. ('test-shinytest2-modules.R:35:3')">length(test_exports) not equal to 2.
1/1 mismatches
[1] 1 - 2 == -1</failure>
    </testcase>
    <testcase time="9.80199999999999" classname="shinytest2_modules" name="e2e_filter_panel_only_shows_the_data_supplied_using_datanames">
      <failure type="failure" message="app$get_active_filter_vars() not identical to &quot;mtcars&quot;. ('test-shinytest2-modules.R:49:3')">app$get_active_filter_vars() not identical to "mtcars".
target is NULL, current is character</failure>
    </testcase>
    <testcase time="9.81200000000001" classname="shinytest2_modules" name="e2e_filter_panel_shows_all_the_datasets_when_datanames_is_all">
      <failure type="failure" message="app$get_active_filter_vars() not identical to c(&quot;iris&quot;, &quot;mtcars&quot;). ('test-shinytest2-modules.R:65:3')">app$get_active_filter_vars() not identical to c("iris", "mtcars").
target is NULL, current is character</failure>
    </testcase>
    <testcase time="7.792" classname="shinytest2_modules" name="e2e_filter_panel_is_not_displayed_when_datanames_is_NULL">
      <failure type="failure" message="... %&gt;% rvest::html_attr(&quot;style&quot;) not identical to &quot;display: none;&quot;. ('test-shinytest2-modules.R:81:3')">... %&gt;% rvest::html_attr("style") not identical to "display: none;".
1/1 mismatches
x[1]: NA
y[1]: "display: none;"</failure>
    </testcase>
    <testcase time="7.983" classname="shinytest2_modules" name="e2e_all_the_nested_teal_modules_are_initiated_as_expected"/>
  </testsuite>
  <testsuite name="shinytest2-reporter" timestamp="2024-07-24T15:47:04Z" hostname="3035c22d12ea" tests="3" skipped="0" failures="0" errors="3" time="49.494">
    <testcase time="7.91399999999999" classname="shinytest2_reporter" name="e2e_reporter_tab_is_created_when_a_module_has_reporter">
      <error type="error" message="Error in `UseMethod(&quot;read_xml&quot;)`: no applicable method for 'read_xml' applied to an object of class &quot;NULL&quot; ('test-shinytest2-reporter.R:8:3')">Error in `UseMethod("read_xml")`: no applicable method for 'read_xml' applied to an object of class "NULL"
Backtrace:
    ▆
 1. ├─... %&gt;% rvest::html_elements("a") at test-shinytest2-reporter.R:8:3
 2. ├─rvest::html_elements(., "a")
 3. └─app$get_html_rvest(selector = "#teal-main_ui-root-active_tab")
 4.   ├─rvest::read_html(self$get_html(selector))
 5.   └─xml2:::read_html.default(self$get_html(selector))
 6.     ├─base::suppressWarnings(...)
 7.     │ └─base::withCallingHandlers(...)
 8.     └─xml2::read_xml(x, encoding = encoding, ..., as_html = TRUE, options = options)</error>
    </testcase>
    <testcase time="7.89400000000001" classname="shinytest2_reporter" name="e2e_reporter_tab_is_not_created_when_a_module_has_no_reporter">
      <error type="error" message="Error in `UseMethod(&quot;read_xml&quot;)`: no applicable method for 'read_xml' applied to an object of class &quot;NULL&quot; ('test-shinytest2-reporter.R:28:3')">Error in `UseMethod("read_xml")`: no applicable method for 'read_xml' applied to an object of class "NULL"
Backtrace:
    ▆
 1. ├─... %&gt;% rvest::html_elements("a") at test-shinytest2-reporter.R:28:3
 2. ├─rvest::html_elements(., "a")
 3. └─app$get_html_rvest(selector = "#teal-main_ui-root-active_tab")
 4.   ├─rvest::read_html(self$get_html(selector))
 5.   └─xml2:::read_html.default(self$get_html(selector))
 6.     ├─base::suppressWarnings(...)
 7.     │ └─base::withCallingHandlers(...)
 8.     └─xml2::read_xml(x, encoding = encoding, ..., as_html = TRUE, options = options)</error>
    </testcase>
    <testcase time="33.686" classname="shinytest2_reporter" name="e2e_adding_a_report_card_in_a_module_adds_it_in_the_report_previewer_tab">
      <error type="error" message="Error in `app_find_node_id(self, private, input = input, output = output,  ('test-shinytest2-reporter.R:70:3')">Error in `app_find_node_id(self, private, input = input, output = output, 
    selector = selector)`: Cannot find HTML element with selector #teal-teal_modules-module_with_reporter-module-pcards .accordion-toggle
Backtrace:
    ▆
 1. └─app$click(selector = accordian_selector) at test-shinytest2-reporter.R:70:3
 2.   └─super$click(...)
 3.     └─shinytest2:::app_click(...)
 4.       └─shinytest2:::app_find_node_id(self, private, input = input, output = output, selector = selector)
 5.         └─shinytest2:::app_abort(...)
 6.           └─rlang::abort(..., app = self, call = call)</error>
    </testcase>
  </testsuite>
  <testsuite name="shinytest2-show-rcode" timestamp="2024-07-24T15:47:53Z" hostname="3035c22d12ea" tests="9" skipped="0" failures="2" errors="0" time="10.308">
    <testcase time="7.959" classname="shinytest2_show_rcode" name="e2e_teal_app_initializes_with_Show_R_Code_modal"/>
    <testcase time="2.29599999999999" classname="shinytest2_show_rcode" name="e2e_teal_app_initializes_with_Show_R_Code_modal"/>
    <testcase time="0.00499999999999545" classname="shinytest2_show_rcode" name="e2e_teal_app_initializes_with_Show_R_Code_modal"/>
    <testcase time="0.0010000000000332" classname="shinytest2_show_rcode" name="e2e_teal_app_initializes_with_Show_R_Code_modal"/>
    <testcase time="0.00399999999996226" classname="shinytest2_show_rcode" name="e2e_teal_app_initializes_with_Show_R_Code_modal"/>
    <testcase time="0.0040000000000191" classname="shinytest2_show_rcode" name="e2e_teal_app_initializes_with_Show_R_Code_modal"/>
    <testcase time="0.007000000000005" classname="shinytest2_show_rcode" name="e2e_teal_app_initializes_with_Show_R_Code_modal">
      <failure type="failure" message="`r_code` does not match &quot;# Add any code to install/load your NEST environment here&quot;. ('test-shinytest2-show-rcode.R:48:3')">`r_code` does not match "# Add any code to install/load your NEST environment here".
Actual value: "iris &lt;- iris\nmtcars &lt;- mtcars\nstopifnot(rlang::hash(iris) == "34844aba7bde36f5a34f6d8e39803508")\nstopifnot(rlang::hash(mtcars) == "d0487363db4e6cc64fdb740cb6617fc0")\niris_raw &lt;- iris\nmtcars_raw &lt;- mtcars"
Backtrace:
    ▆
 1. └─testthat::expect_match(...) at test-shinytest2-show-rcode.R:48:3
 2.   └─testthat:::expect_match_(...)</failure>
    </testcase>
    <testcase time="0.0179999999999723" classname="shinytest2_show_rcode" name="e2e_teal_app_initializes_with_Show_R_Code_modal">
      <failure type="failure" message="`r_code` does not match &quot;library(teal.code)&quot;. ('test-shinytest2-show-rcode.R:49:3')">`r_code` does not match "library(teal.code)".
Actual value: "iris &lt;- iris\nmtcars &lt;- mtcars\nstopifnot(rlang::hash(iris) == "34844aba7bde36f5a34f6d8e39803508")\nstopifnot(rlang::hash(mtcars) == "d0487363db4e6cc64fdb740cb6617fc0")\niris_raw &lt;- iris\nmtcars_raw &lt;- mtcars"
Backtrace:
    ▆
 1. └─testthat::expect_match(r_code, "library(teal.code)", fixed = TRUE) at test-shinytest2-show-rcode.R:49:3
 2.   └─testthat:::expect_match_(...)</failure>
    </testcase>
    <testcase time="0.01400000000001" classname="shinytest2_show_rcode" name="e2e_teal_app_initializes_with_Show_R_Code_modal"/>
  </testsuite>
  <testsuite name="shinytest2-teal_data_module" timestamp="2024-07-24T15:48:03Z" hostname="3035c22d12ea" tests="3" skipped="0" failures="0" errors="3" time="10.024">
    <testcase time="3.35399999999998" classname="shinytest2_teal_data_module" name="e2e_teal_data_module_will_have_a_delayed_load_of_datasets">
      <error type="error" message="Error in `app_find_node_id(self, private, input = input, output = output,  ('test-shinytest2-teal_data_module.R:31:3')">Error in `app_find_node_id(self, private, input = input, output = output, 
    selector = selector)`: Cannot find HTML element with selector #teal_data_module-submit.shiny-bound-input
Backtrace:
    ▆
 1. └─app$click("teal_data_module-submit") at test-shinytest2-teal_data_module.R:31:3
 2.   └─super$click(...)
 3.     └─shinytest2:::app_click(...)
 4.       └─shinytest2:::app_find_node_id(self, private, input = input, output = output, selector = selector)
 5.         └─shinytest2:::app_abort(...)
 6.           └─rlang::abort(..., app = self, call = call)</error>
    </testcase>
    <testcase time="3.47700000000003" classname="shinytest2_teal_data_module" name="e2e_teal_data_module_shows_validation_errors">
      <error type="error" message="Error in `app_find_node_id(self, private, input = input, output = output,  ('test-shinytest2-teal_data_module.R:66:3')">Error in `app_find_node_id(self, private, input = input, output = output, 
    selector = selector)`: Cannot find HTML element with selector #teal_data_module-submit.shiny-bound-input
Backtrace:
    ▆
 1. └─app$click("teal_data_module-submit") at test-shinytest2-teal_data_module.R:66:3
 2.   └─super$click(...)
 3.     └─shinytest2:::app_click(...)
 4.       └─shinytest2:::app_find_node_id(self, private, input = input, output = output, selector = selector)
 5.         └─shinytest2:::app_abort(...)
 6.           └─rlang::abort(..., app = self, call = call)</error>
    </testcase>
    <testcase time="3.19299999999998" classname="shinytest2_teal_data_module" name="e2e_teal_data_module_inputs_change_teal_data_object_that_is_passed_to_teal_main_UI">
      <error type="error" message="Error in `app_find_node_id(self, private, input = input, output = output,  ('test-shinytest2-teal_data_module.R:111:3')">Error in `app_find_node_id(self, private, input = input, output = output, 
    selector = selector)`: Cannot find HTML element with selector #teal_data_module-submit.shiny-bound-input
Backtrace:
    ▆
 1. └─app$click("teal_data_module-submit") at test-shinytest2-teal_data_module.R:111:3
 2.   └─super$click(...)
 3.     └─shinytest2:::app_click(...)
 4.       └─shinytest2:::app_find_node_id(self, private, input = input, output = output, selector = selector)
 5.         └─shinytest2:::app_abort(...)
 6.           └─rlang::abort(..., app = self, call = call)</error>
    </testcase>
  </testsuite>
  <testsuite name="shinytest2-teal_slices" timestamp="2024-07-24T15:48:13Z" hostname="3035c22d12ea" tests="2" skipped="0" failures="0" errors="2" time="25.538">
    <testcase time="14.237" classname="shinytest2_teal_slices" name="e2e_teal_slices_filters_are_initialized_when_global_filters_are_created">
      <error type="error" message="Error in `app$get_active_data_filters(&quot;iris&quot;)`: Assertion on 'dataset_name' failed: Must be a subset of the empty set, i.e. also empty. ('test-shinytest2-teal_slices.R:17:3')">Error in `app$get_active_data_filters("iris")`: Assertion on 'dataset_name' failed: Must be a subset of the empty set, i.e. also empty.
Backtrace:
    ▆
 1. ├─testthat::expect_setequal(...) at test-shinytest2-teal_slices.R:17:3
 2. │ └─testthat::quasi_label(enquo(object), arg = "object")
 3. │   └─rlang::eval_bare(expr, quo_get_env(quo))
 4. └─app$get_active_data_filters("iris")
 5.   └─checkmate::assert_subset(dataset_name, datasets)
 6.     └─checkmate::makeAssertion(x, res, .var.name, add)
 7.       └─checkmate:::mstop(...)</error>
    </testcase>
    <testcase time="11.301" classname="shinytest2_teal_slices" name="e2e_teal_slices_filters_are_initialized_when_module_specific_filters_are_created">
      <error type="error" message="Error in `app$get_active_data_filters(&quot;iris&quot;)`: Assertion on 'dataset_name' failed: Must be a subset of the empty set, i.e. also empty. ('test-shinytest2-teal_slices.R:65:3')">Error in `app$get_active_data_filters("iris")`: Assertion on 'dataset_name' failed: Must be a subset of the empty set, i.e. also empty.
Backtrace:
    ▆
 1. ├─testthat::expect_setequal(...) at test-shinytest2-teal_slices.R:65:3
 2. │ └─testthat::quasi_label(enquo(object), arg = "object")
 3. │   └─rlang::eval_bare(expr, quo_get_env(quo))
 4. └─app$get_active_data_filters("iris")
 5.   └─checkmate::assert_subset(dataset_name, datasets)
 6.     └─checkmate::makeAssertion(x, res, .var.name, add)
 7.       └─checkmate:::mstop(...)</error>
    </testcase>
  </testsuite>
  <testsuite name="shinytest2-utils" timestamp="2024-07-24T15:48:39Z" hostname="3035c22d12ea" tests="4" skipped="0" failures="1" errors="0" time="10.226">
    <testcase time="8.029" classname="shinytest2_utils" name="e2e_show_hide_hamburger_works_as_expected"/>
    <testcase time="0.0919999999999845" classname="shinytest2_utils" name="e2e_show_hide_hamburger_works_as_expected">
      <failure type="failure" message="grepl(&quot;display: block;&quot;, secondary_attrs$style) is not TRUE ('test-shinytest2-utils.R:21:3')">grepl("display: block;", secondary_attrs$style) is not TRUE

`actual`:   FALSE
`expected`: TRUE </failure>
    </testcase>
    <testcase time="2.10200000000003" classname="shinytest2_utils" name="e2e_show_hide_hamburger_works_as_expected"/>
    <testcase time="0.0029999999999859" classname="shinytest2_utils" name="e2e_show_hide_hamburger_works_as_expected"/>
  </testsuite>
  <testsuite name="shinytest2-wunder_bar" timestamp="2024-07-24T15:48:49Z" hostname="3035c22d12ea" tests="4" skipped="0" failures="0" errors="0" time="21.277">
    <testcase time="7.95400000000001" classname="shinytest2_wunder_bar" name="wunder_bar_srv_clicking_filter_icon_opens_filter_manager_modal"/>
    <testcase time="2.71999999999997" classname="shinytest2_wunder_bar" name="wunder_bar_srv_clicking_filter_icon_opens_filter_manager_modal"/>
    <testcase time="7.87100000000004" classname="shinytest2_wunder_bar" name="wunder_bar_srv_clicking_snapshot_icon_opens_snapshot_manager_modal"/>
    <testcase time="2.73199999999997" classname="shinytest2_wunder_bar" name="wunder_bar_srv_clicking_snapshot_icon_opens_snapshot_manager_modal"/>
  </testsuite>
  <testsuite name="snapshot_manager" timestamp="2024-07-24T15:49:10Z" hostname="3035c22d12ea" tests="1" skipped="0" failures="0" errors="1" time="0.034">
    <testcase time="0.0339999999999918" classname="snapshot_manager" name="snapshot_manager_holds_initial_state_in_history">
      <error type="error" message="Error in `eval(code, test_env)`: object 'snapshot_manager_srv' not found ('test-snapshot_manager.R:29:3')">Error in `eval(code, test_env)`: object 'snapshot_manager_srv' not found
Backtrace:
    ▆
 1. └─shiny::testServer(...) at test-snapshot_manager.R:29:3
 2.   └─shiny:::isModuleServer(app)</error>
    </testcase>
  </testsuite>
  <testsuite name="tdata" timestamp="2024-07-24T15:49:10Z" hostname="3035c22d12ea" tests="41" skipped="0" failures="0" errors="0" time="0.38">
    <testcase time="0.0670000000000073" classname="tdata" name="new_tdata_accepts_reactive_and_not_reactive_MAE_and_data.frames"/>
    <testcase time="0.0080000000000382" classname="tdata" name="new_tdata_throws_error_if_data_is_not_a_list_with_unique_names"/>
    <testcase time="0.00499999999999545" classname="tdata" name="new_tdata_throws_error_if_data_is_not_a_list_with_unique_names"/>
    <testcase time="0.00599999999997181" classname="tdata" name="new_tdata_throws_error_if_data_is_not_a_list_with_unique_names"/>
    <testcase time="0.007000000000005" classname="tdata" name="new_tdata_throws_error_if_contents_of_data_list_are_not_of_correct_type"/>
    <testcase time="0.007000000000005" classname="tdata" name="new_tdata_throws_error_if_code_is_not_character_or_reactive_character"/>
    <testcase time="0.007000000000005" classname="tdata" name="new_tdata_throws_error_if_code_is_not_character_or_reactive_character"/>
    <testcase time="0.00599999999997181" classname="tdata" name="new_tdata_accepts_character_and_reactive_characters_for_code_argument"/>
    <testcase time="0.0040000000000191" classname="tdata" name="new_tdata_accepts_character_and_reactive_characters_for_code_argument"/>
    <testcase time="0.00799999999998136" classname="tdata" name="new_tdata_throws_error_if_join_keys_is_not_of_class_join_keys"/>
    <testcase time="0.0040000000000191" classname="tdata" name="new_tdata_throws_no_error_if_join_keys_is_of_class_join_keys"/>
    <testcase time="0.00799999999998136" classname="tdata" name="new_tdata_throws_error_if_metadata_is_not_a_list_with_unique_names_a_subset_of_the_names_of_data"/>
    <testcase time="0.00499999999999545" classname="tdata" name="new_tdata_throws_error_if_metadata_is_not_a_list_with_unique_names_a_subset_of_the_names_of_data"/>
    <testcase time="0.00499999999999545" classname="tdata" name="new_tdata_throws_error_if_metadata_is_not_a_list_with_unique_names_a_subset_of_the_names_of_data"/>
    <testcase time="0.0050000000000523" classname="tdata" name="new_tdata_does_not_throw_error_with_valid_metadata"/>
    <testcase time="0.00699999999994816" classname="tdata" name="get_metadata_returns_NULL_if_no_metadata"/>
    <testcase time="0.007000000000005" classname="tdata" name="get_metadata_returns_NULL_if_no_metadata_for_given_dataset"/>
    <testcase time="0.00499999999999545" classname="tdata" name="get_metadata_returns_metadata_for_given_dataset"/>
    <testcase time="0.007000000000005" classname="tdata" name="get_metadata_returns_NULL_if_dataset_doesn_t_exist"/>
    <testcase time="0.00600000000002865" classname="tdata" name="get_code_returns_empty_character_if_tdata_object_has_no_code"/>
    <testcase time="0.007000000000005" classname="tdata" name="get_code_returns_character_of_code_if_tdata_object_has_code"/>
    <testcase time="0.00399999999996226" classname="tdata" name="get_code_returns_character_of_code_if_tdata_object_has_code"/>
    <testcase time="0.00600000000002865" classname="tdata" name="get_code_tdata_accepts_tdata"/>
    <testcase time="0.0160000000000196" classname="tdata" name="get_code_tdata_throws_error_when_input_is_not_tdata"/>
    <testcase time="0.00599999999997181" classname="tdata" name="get_code_tdata_throws_error_when_input_is_not_tdata"/>
    <testcase time="0.00600000000002865" classname="tdata" name="get_code_tdata_returns_character_code"/>
    <testcase time="0.0480000000000018" classname="tdata" name="tdata2env_returns_environment_containing_tdata_contents_"/>
    <testcase time="0.00199999999995271" classname="tdata" name="tdata2env_returns_environment_containing_tdata_contents_"/>
    <testcase time="0.0300000000000296" classname="tdata" name="tdata2env_returns_environment_containing_tdata_contents_"/>
    <testcase time="0.00799999999998136" classname="tdata" name="tdata2env_throws_error_if_argument_is_not_tdata"/>
    <testcase time="0.0080000000000382" classname="tdata" name="join_keys_returns_NULL_if_no_join_keys_object_exists_inside_tdata"/>
    <testcase time="0.00699999999994816" classname="tdata" name="join_keys_returns_join_keys_object_if_it_exists_inside_tdata"/>
    <testcase time="0.00600000000002865" classname="tdata" name="as_tdata_accepts_all_possible_inputs"/>
    <testcase time="0.00499999999999545" classname="tdata" name="as_tdata_accepts_all_possible_inputs"/>
    <testcase time="0.007000000000005" classname="tdata" name="as_tdata_accepts_all_possible_inputs"/>
    <testcase time="0.00900000000001455" classname="tdata" name="as_tdata_always_returns_tdata_object"/>
    <testcase time="0.00199999999995271" classname="tdata" name="as_tdata_always_returns_tdata_object"/>
    <testcase time="0.0010000000000332" classname="tdata" name="as_tdata_always_returns_tdata_object"/>
    <testcase time="0.00599999999997181" classname="tdata" name="datasets_are_maintained_during_conversion"/>
    <testcase time="0.00499999999999545" classname="tdata" name="datasets_are_maintained_during_conversion"/>
    <testcase time="0.007000000000005" classname="tdata" name="as_tdata_maintains_code_during_conversion"/>
  </testsuite>
  <testsuite name="teal_data_module-eval_code" timestamp="2024-07-24T15:49:11Z" hostname="3035c22d12ea" tests="16" skipped="0" failures="0" errors="0" time="0.105">
    <testcase time="0.00600000000002865" classname="teal_data_module_eval_code" name="within.teal_data_module_returns_an_object_with_teal_data_module_class"/>
    <testcase time="0.0040000000000191" classname="teal_data_module_eval_code" name="eval_code.teal_data_module_ui_has_modified_namespace_for_id"/>
    <testcase time="0.000999999999976353" classname="teal_data_module_eval_code" name="eval_code.teal_data_module_ui_has_modified_namespace_for_id"/>
    <testcase time="0.000999999999976353" classname="teal_data_module_eval_code" name="eval_code.teal_data_module_ui_has_modified_namespace_for_id"/>
    <testcase time="0.0130000000000337" classname="teal_data_module_eval_code" name="within.teal_data_module_modifies_the_reactive_tea_data_object"/>
    <testcase time="0.00200000000000955" classname="teal_data_module_eval_code" name="within.teal_data_module_modifies_the_reactive_tea_data_object"/>
    <testcase time="0.0149999999999864" classname="teal_data_module_eval_code" name="eval_code.teal_data_module_will_execute_several_times_until_error"/>
    <testcase time="0.00799999999998136" classname="teal_data_module_eval_code" name="eval_code.teal_data_module_will_execute_several_times_until_error"/>
    <testcase time="0.00200000000000955" classname="teal_data_module_eval_code" name="eval_code.teal_data_module_will_execute_several_times_until_error"/>
    <testcase time="0.0129999999999768" classname="teal_data_module_eval_code" name="eval_code.teal_data_module_throws_error_when_original_teal_data_module_result_is_not_reactive"/>
    <testcase time="0.0130000000000337" classname="teal_data_module_eval_code" name="eval_code.teal_data_module_propagates_qenv_error_from_the_original_first_call"/>
    <testcase time="0.000999999999976353" classname="teal_data_module_eval_code" name="eval_code.teal_data_module_propagates_qenv_error_from_the_original_first_call"/>
    <testcase time="0.0110000000000241" classname="teal_data_module_eval_code" name="eval_code.teal_data_module_handles_an_arbitrary_object_other_than_teal_data_or_qenv.error_"/>
    <testcase time="0.000999999999976353" classname="teal_data_module_eval_code" name="eval_code.teal_data_module_handles_an_arbitrary_object_other_than_teal_data_or_qenv.error_"/>
    <testcase time="0.0120000000000005" classname="teal_data_module_eval_code" name="eval_code.teal_data_module_handles_a_NULL_result"/>
    <testcase time="0.00200000000000955" classname="teal_data_module_eval_code" name="eval_code.teal_data_module_handles_a_NULL_result"/>
  </testsuite>
  <testsuite name="teal_data_module" timestamp="2024-07-24T15:49:11Z" hostname="3035c22d12ea" tests="3" skipped="0" failures="1" errors="0" time="0.019">
    <testcase time="0.00499999999999545" classname="teal_data_module" name="teal_data_module_returns_teal_data_module"/>
    <testcase time="0.007000000000005" classname="teal_data_module" name="teal_data_module_throws_when_ui_has_other_formals_than_id_only"/>
    <testcase time="0.007000000000005" classname="teal_data_module" name="teal_data_module_throws_when_server_has_other_formals_than_id_only">
      <failure type="failure" message="`teal_data_module(...)` threw an error with unexpected message. ('test-teal_data_module.R:16:3')">`teal_data_module(...)` threw an error with unexpected message.
Expected match: "Must have exactly 1 formal arguments"
Actual message: "Assertion failed. One of the following must apply:\n * checkmate::check_function(server): Must have exactly 1 formal\n * arguments, but has 2\n * checkmate::check_function(server): Must have formal arguments: data"
Backtrace:
    ▆
 1. ├─testthat::expect_error(...) at test-teal_data_module.R:16:3
 2. │ └─testthat:::quasi_capture(...)
 3. │   ├─testthat (local) .capture(...)
 4. │   │ └─base::withCallingHandlers(...)
 5. │   └─rlang::eval_bare(quo_get_expr(.quo), quo_get_env(.quo))
 6. └─teal::teal_data_module(...)
 7.   └─checkmate::assert(...)
 8.     └─checkmate:::mstopOrPush(res = msgs, v_name = .var.name, collection = add)
 9.       └─checkmate:::mstop("Assertion failed. %s", res)</failure>
    </testcase>
  </testsuite>
  <testsuite name="teal_reporter" timestamp="2024-07-24T15:49:11Z" hostname="3035c22d12ea" tests="25" skipped="0" failures="0" errors="0" time="0.138">
    <testcase time="0.0260000000000105" classname="teal_reporter" name="TealReportCard_object_can_be_initialized"/>
    <testcase time="0.00499999999999545" classname="teal_reporter" name="TealReportCard_inherits_from_ReportCard"/>
    <testcase time="0.00499999999999545" classname="teal_reporter" name="TealReportCard_new_returns_an_object_of_type_TealReportCard"/>
    <testcase time="0.00999999999999091" classname="teal_reporter" name="TealReportCard_get_content_returns_content_with_metadata"/>
    <testcase time="0.0010000000000332" classname="teal_reporter" name="TealReportCard_get_content_returns_content_with_metadata"/>
    <testcase time="0.000999999999976353" classname="teal_reporter" name="TealReportCard_get_content_returns_content_with_metadata"/>
    <testcase time="0.000999999999976353" classname="teal_reporter" name="TealReportCard_get_content_returns_content_with_metadata"/>
    <testcase time="0.00200000000000955" classname="teal_reporter" name="TealReportCard_get_content_returns_content_with_metadata"/>
    <testcase time="0.0040000000000191" classname="teal_reporter" name="TealReportCard_append_src_accepts_a_character"/>
    <testcase time="0.0029999999999859" classname="teal_reporter" name="TealReportCard_append_src_returns_self"/>
    <testcase time="0.0040000000000191" classname="teal_reporter" name="TealReportCard_append_src_returns_title_and_content"/>
    <testcase time="0.00399999999996226" classname="teal_reporter" name="TealReportCard_append_encodings_accepts_list_of_character"/>
    <testcase time="0.0040000000000191" classname="teal_reporter" name="TealReportCard_append_encodings_returns_self"/>
    <testcase time="0.0040000000000191" classname="teal_reporter" name="TealReportCard_append_encodings_returns_title_and_content"/>
    <testcase time="0.000999999999976353" classname="teal_reporter" name="TealReportCard_append_encodings_returns_title_and_content"/>
    <testcase time="0.007000000000005" classname="teal_reporter" name="TealReportCard_append_fs_accepts_only_a_teal_slices"/>
    <testcase time="0.007000000000005" classname="teal_reporter" name="TealReportCard_append_fs_accepts_only_a_teal_slices"/>
    <testcase time="0.00799999999998136" classname="teal_reporter" name="TealReportCard_append_fs_returns_self"/>
    <testcase time="0.007000000000005" classname="teal_reporter" name="TealReportCard_append_fs_returns_title_and_content"/>
    <testcase time="0.0029999999999859" classname="teal_reporter" name="TealReportCard_append_fs_returns_title_and_content"/>
    <testcase time="0.0040000000000191" classname="teal_reporter" name="TealSlicesBlock_new_accepts_teal_slices_only"/>
    <testcase time="0.00499999999999545" classname="teal_reporter" name="TealSlicesBlock_new_accepts_teal_slices_only"/>
    <testcase time="0.007000000000005" classname="teal_reporter" name="TealSlicesBlock_get_content_returns_yaml_character"/>
    <testcase time="0.007000000000005" classname="teal_reporter" name="TealSlicesBlock_to_list_returns_list_containing_teal_slices"/>
    <testcase time="0.00799999999998136" classname="teal_reporter" name="TealSlicesBlock_from_list_retains_states_from_a_list"/>
  </testsuite>
  <testsuite name="teal_slices-store" timestamp="2024-07-24T15:49:11Z" hostname="3035c22d12ea" tests="15" skipped="0" failures="0" errors="0" time="0.136">
    <testcase time="0.0339999999999918" classname="teal_slices_store" name="teal_slice_store_restore_supports_NULL_and_character_0_for_choices_and_selected"/>
    <testcase time="0.0029999999999859" classname="teal_slices_store" name="teal_slice_store_restore_supports_NULL_and_character_0_for_choices_and_selected"/>
    <testcase time="0.0040000000000191" classname="teal_slices_store" name="teal_slice_store_restore_supports_NULL_and_character_0_for_choices_and_selected"/>
    <testcase time="0.0129999999999768" classname="teal_slices_store" name="teal_slice_store_restore_supports_saving_POSIXct_timestamps_in_selected"/>
    <testcase time="0.00300000000004275" classname="teal_slices_store" name="teal_slice_store_restore_supports_saving_POSIXct_timestamps_in_selected"/>
    <testcase time="0.0129999999999768" classname="teal_slices_store" name="teal_slice_store_restore_supports_saving_Date_dates_in_selected"/>
    <testcase time="0.0029999999999859" classname="teal_slices_store" name="teal_slice_store_restore_supports_saving_Date_dates_in_selected"/>
    <testcase time="0.0130000000000337" classname="teal_slices_store" name="teal_slice_store_restore_supports_saving_POSIXct_timestamps_in_choices"/>
    <testcase time="0.0029999999999859" classname="teal_slices_store" name="teal_slice_store_restore_supports_saving_POSIXct_timestamps_in_choices"/>
    <testcase time="0.0129999999999768" classname="teal_slices_store" name="teal_slice_store_restore_supports_saving_Date_timestamps_in_choices"/>
    <testcase time="0.0029999999999859" classname="teal_slices_store" name="teal_slice_store_restore_supports_saving_Date_timestamps_in_choices"/>
    <testcase time="0.0130000000000337" classname="teal_slices_store" name="teal_slice_store_restore_restores_mixed_Date_characters_as_characters_in_selected"/>
    <testcase time="0.0129999999999768" classname="teal_slices_store" name="teal_slice_store_restore_restores_characters_as_characters_in_selected_and_choices"/>
    <testcase time="0.00200000000000955" classname="teal_slices_store" name="teal_slice_store_restore_restores_characters_as_characters_in_selected_and_choices"/>
    <testcase time="0.0029999999999859" classname="teal_slices_store" name="teal_slice_store_restore_restores_characters_as_characters_in_selected_and_choices"/>
  </testsuite>
  <testsuite name="teal_slices" timestamp="2024-07-24T15:49:11Z" hostname="3035c22d12ea" tests="19" skipped="0" failures="2" errors="0" time="0.149">
    <testcase time="0.007000000000005" classname="teal_slices" name="teal_slices_produces_teal_slices_object_with_teal_specific_attributes"/>
    <testcase time="0.0010000000000332" classname="teal_slices" name="teal_slices_produces_teal_slices_object_with_teal_specific_attributes"/>
    <testcase time="0.0029999999999859" classname="teal_slices" name="teal_slices_produces_teal_slices_object_with_teal_specific_attributes"/>
    <testcase time="0.000999999999976353" classname="teal_slices" name="teal_slices_produces_teal_slices_object_with_teal_specific_attributes"/>
    <testcase time="0.00900000000001455" classname="teal_slices" name="teal_slices_fails_when_inexisting_teal_slice_id_is_specified_in_mapping">
      <failure type="failure" message="Expected `teal_slices(...)` to run without any errors. ('test-teal_slices.R:10:3')">Expected `teal_slices(...)` to run without any errors.
ℹ Actually got a &lt;simpleError&gt; with text:
  Filters in mapping don't match any available filter.
   inexisting not in test</failure>
    </testcase>
    <testcase time="0.00900000000001455" classname="teal_slices" name="teal_slices_fails_when_inexisting_teal_slice_id_is_specified_in_mapping"/>
    <testcase time="0.007000000000005" classname="teal_slices" name="teal_slices_fails_when_inexisting_teal_slice_id_is_specified_in_mapping"/>
    <testcase time="0.00799999999998136" classname="teal_slices" name="teal_slices_processes_filter_mapping"/>
    <testcase time="0.007000000000005" classname="teal_slices" name="teal_slices_processes_filter_mapping"/>
    <testcase time="0.0120000000000005" classname="teal_slices" name="teal_slices_drops_non_global_filters_if_module_specific_FALSE"/>
    <testcase time="0.0179999999999723" classname="teal_slices" name="teal_slices_drops_non_global_filters_if_module_specific_FALSE">
      <failure type="failure" message="is.list(attr(tss, &quot;mapping&quot;)) &amp;&amp; ... is not TRUE ('test-teal_slices.R:83:3')">is.list(attr(tss, "mapping")) &amp;&amp; ... is not TRUE

`actual`:   FALSE
`expected`: TRUE </failure>
    </testcase>
    <testcase time="0.021000000000015" classname="teal_slices" name="deep_copy_filters_copies_teal_slice_changes_pointer_of_teal_slice_object_but_values_remain_the_same"/>
    <testcase time="0.0040000000000191" classname="teal_slices" name="deep_copy_filters_copies_teal_slice_changes_pointer_of_teal_slice_object_but_values_remain_the_same"/>
    <testcase time="0.00599999999997181" classname="teal_slices" name="teal_slices_mapping_should_be_an_empty_list_or_a_named_list_or_missing"/>
    <testcase time="0.0040000000000191" classname="teal_slices" name="teal_slices_mapping_should_be_an_empty_list_or_a_named_list_or_missing"/>
    <testcase time="0.0040000000000191" classname="teal_slices" name="teal_slices_mapping_should_be_an_empty_list_or_a_named_list_or_missing"/>
    <testcase time="0.0169999999999959" classname="teal_slices" name="teal_slices_mapping_should_be_an_empty_list_or_a_named_list_or_missing"/>
    <testcase time="0.00499999999999545" classname="teal_slices" name="teal_slices_mapping_should_be_an_empty_list_or_a_named_list_or_missing"/>
    <testcase time="0.00599999999997181" classname="teal_slices" name="teal_slices_mapping_should_be_an_empty_list_or_a_named_list_or_missing"/>
  </testsuite>
  <testsuite name="utils" timestamp="2024-07-24T15:49:11Z" hostname="3035c22d12ea" tests="42" skipped="0" failures="0" errors="1" time="67.762">
    <testcase time="0.0080000000000382" classname="utils" name="get_teal_bs_theme"/>
    <testcase time="0.0219999999999914" classname="utils" name="get_teal_bs_theme"/>
    <testcase time="0.00200000000000955" classname="utils" name="get_teal_bs_theme"/>
    <testcase time="0.000999999999976353" classname="utils" name="get_teal_bs_theme"/>
    <testcase time="0.0110000000000241" classname="utils" name="report_card_template_function_returns_TealReportCard_object_with_appropriate_content_and_labels"/>
    <testcase time="0.00199999999995271" classname="utils" name="report_card_template_function_returns_TealReportCard_object_with_appropriate_content_and_labels"/>
    <testcase time="0.0010000000000332" classname="utils" name="report_card_template_function_returns_TealReportCard_object_with_appropriate_content_and_labels"/>
    <testcase time="0.00200000000000955" classname="utils" name="report_card_template_function_returns_TealReportCard_object_with_appropriate_content_and_labels"/>
    <testcase time="0.000999999999976353" classname="utils" name="report_card_template_function_returns_TealReportCard_object_with_appropriate_content_and_labels"/>
    <testcase time="0.0010000000000332" classname="utils" name="report_card_template_function_returns_TealReportCard_object_with_appropriate_content_and_labels"/>
    <testcase time="0.0120000000000005" classname="utils" name="teal_data_to_filtered_data_return_FilteredData_class"/>
    <testcase time="0.00399999999996226" classname="utils" name="teal_data_datanames_returns_names_of_the_env_s_objects_when_datanames_not_set"/>
    <testcase time="0.00499999999999545" classname="utils" name="teal_data_datanames_returns_datanames_which_are_set_by_teal.data_datanames"/>
    <testcase time="0.0180000000000291" classname="utils" name="modules_datasets_returns_correct_structure">
      <error type="error" message="Error in `modules_datasets(data, modules, filters)`: could not find function &quot;modules_datasets&quot; ('test-utils.R:103:3')">Error in `modules_datasets(data, modules, filters)`: could not find function "modules_datasets"
Backtrace:
    ▆
 1. └─base::rapply(...) at test-utils.R:103:3</error>
    </testcase>
    <testcase time="0.0179999999999723" classname="utils" name="validate_app_title_tag_works_on_validating_the_title_tag"/>
    <testcase time="0.0040000000000191" classname="utils" name="validate_app_title_tag_works_on_validating_the_title_tag"/>
    <testcase time="0.00499999999999545" classname="utils" name="validate_app_title_tag_works_on_validating_the_title_tag"/>
    <testcase time="0.0040000000000191" classname="utils" name="validate_app_title_tag_works_on_validating_the_title_tag"/>
    <testcase time="0.00499999999999545" classname="utils" name="validate_app_title_tag_works_on_validating_the_title_tag"/>
    <testcase time="0.00399999999996226" classname="utils" name="build_app_title_builts_a_valid_tag"/>
    <testcase time="0.0010000000000332" classname="utils" name="build_app_title_builts_a_valid_tag"/>
    <testcase time="0.00499999999999545" classname="utils" name="create_app_id_data_accepts_teal_data_or_teal_data_module"/>
    <testcase time="0.00200000000000955" classname="utils" name="create_app_id_data_accepts_teal_data_or_teal_data_module"/>
    <testcase time="0.00399999999996226" classname="utils" name="create_app_id_data_accepts_teal_data_or_teal_data_module"/>
    <testcase time="0.0050000000000523" classname="utils" name="create_app_id_modules_accepts_modules"/>
    <testcase time="0.00499999999999545" classname="utils" name="create_app_id_modules_accepts_modules"/>
    <testcase time="0.00399999999996226" classname="utils" name="create_app_id_returns_a_character_string"/>
    <testcase time="0.00999999999999091" classname="utils" name="create_app_id_returns_different_hash_for_different_data"/>
    <testcase time="0.0100000000000477" classname="utils" name="create_app_id_returns_different_hash_for_different_modules"/>
    <testcase time="0.0029999999999859" classname="utils" name="defunction_returns_a_string_when_passed_a_function"/>
    <testcase time="0.00399999999996226" classname="utils" name="defunction_returns_non_function_atomic_as_is"/>
    <testcase time="0.0010000000000332" classname="utils" name="defunction_returns_non_function_atomic_as_is"/>
    <testcase time="0.000999999999976353" classname="utils" name="defunction_returns_non_function_atomic_as_is"/>
    <testcase time="0.00200000000000955" classname="utils" name="defunction_returns_non_function_atomic_as_is"/>
    <testcase time="0.0029999999999859" classname="utils" name="defunction_recursively_goes_down_a_list"/>
    <testcase time="67.534" classname="utils" name="create_renv_lockfile_creates_a_lock_file_during_the_execution"/>
    <testcase time="0.00599999999997181" classname="utils" name="create_renv_lockfile_creates_a_lock_file_during_the_execution"/>
    <testcase time="0.007000000000005" classname="utils" name="create_renv_lockfile_creates_a_lock_file_during_the_execution"/>
    <testcase time="0.007000000000005" classname="utils" name="create_renv_lockfile_creates_a_lock_file_during_the_execution"/>
    <testcase time="0.007000000000005" classname="utils" name="create_renv_lockfile_creates_a_lock_file_during_the_execution"/>
    <testcase time="0.007000000000005" classname="utils" name="create_renv_lockfile_creates_a_lock_file_during_the_execution"/>
    <testcase time="0.00399999999996226" classname="utils" name="create_renv_lockfile_creates_a_lock_file_during_the_execution"/>
  </testsuite>
  <testsuite name="validate_has_data" timestamp="2024-07-24T15:50:19Z" hostname="3035c22d12ea" tests="17" skipped="0" failures="0" errors="0" time="0.101">
    <testcase time="0.0190000000000055" classname="validate_has_data" name="validate_has_data_throws_no_error_when_data_has_at_least_as_many_rows_as_min_nrow"/>
    <testcase time="0.0010000000000332" classname="validate_has_data" name="validate_has_data_throws_no_error_when_data_has_at_least_as_many_rows_as_min_nrow"/>
    <testcase time="0.007000000000005" classname="validate_has_data" name="validate_has_data_throws_error_when_min_nrow_rows_of_data"/>
    <testcase time="0.00499999999999545" classname="validate_has_data" name="validate_has_data_accepts_logical_complete_argument"/>
    <testcase time="0.00200000000000955" classname="validate_has_data" name="validate_has_data_accepts_logical_complete_argument"/>
    <testcase time="0.00699999999994816" classname="validate_has_data" name="validate_has_data_throws_error_when_data_has_NA_and_complete_is_set_to_TRUE"/>
    <testcase time="0.0040000000000191" classname="validate_has_data" name="validate_has_data_accepts_logical_allow_inf_argument"/>
    <testcase time="0.00499999999999545" classname="validate_has_data" name="validate_has_data_accepts_logical_allow_inf_argument"/>
    <testcase time="0.00600000000002865" classname="validate_has_data" name="validate_has_data_accepts_throws_error_when_data_has_Inf_values_and_allow_inf_is_set_to_FALSE"/>
    <testcase time="0.007000000000005" classname="validate_has_data" name="validate_has_data_accepts_throws_error_when_data_has_Inf_values_and_allow_inf_is_set_to_FALSE"/>
    <testcase time="0.00499999999999545" classname="validate_has_data" name="validate_has_data_accepts_throws_error_when_data_has_Inf_values_and_allow_inf_is_set_to_FALSE"/>
    <testcase time="0.00399999999996226" classname="validate_has_data" name="validate_has_data_allow_inf_argument_ignores_non_numeric_columns"/>
    <testcase time="0.00499999999999545" classname="validate_has_data" name="validate_has_data_allow_inf_argument_ignores_non_numeric_columns"/>
    <testcase time="0.00600000000002865" classname="validate_has_data" name="validate_has_data_returns_message_when_msg_argument_is_set"/>
    <testcase time="0.007000000000005" classname="validate_has_data" name="validate_has_data_returns_message_msg_argument_is_set_and_complete_is_set_to_TRUE"/>
    <testcase time="0.007000000000005" classname="validate_has_data" name="validate_has_data_returns_throws_error_with_non_character_msg_input"/>
    <testcase time="0.00399999999996226" classname="validate_has_data" name="validate_has_data_returns_throws_error_with_non_character_msg_input"/>
  </testsuite>
  <testsuite name="validate_inputs" timestamp="2024-07-24T15:50:19Z" hostname="3035c22d12ea" tests="36" skipped="0" failures="0" errors="0" time="0.522">
    <testcase time="0.0100000000000477" classname="validate_inputs" name="invalid_arguments_raise_errors"/>
    <testcase time="0.00499999999999545" classname="validate_inputs" name="invalid_arguments_raise_errors"/>
    <testcase time="0.0209999999999582" classname="validate_inputs" name="disabled_validators_raise_warnings_individual_validators_"/>
    <testcase time="0.0160000000000196" classname="validate_inputs" name="disabled_validators_raise_warnings_validator_list_"/>
    <testcase time="0.0149999999999864" classname="validate_inputs" name="disabled_validators_raise_warnings_nested_validator_list_"/>
    <testcase time="0.0989999999999895" classname="validate_inputs" name="valid_inputs_produce_desired_output_individual_validators_"/>
    <testcase time="0.0230000000000246" classname="validate_inputs" name="valid_inputs_produce_desired_output_validator_list_"/>
    <testcase time="0.0199999999999818" classname="validate_inputs" name="valid_inputs_produce_desired_output_nested_validator_list_"/>
    <testcase time="0.0230000000000246" classname="validate_inputs" name="invalid_inputs_raise_errors_in_output_individual_validators_"/>
    <testcase time="0.021000000000015" classname="validate_inputs" name="invalid_inputs_raise_errors_in_output_individual_validators_"/>
    <testcase time="0.0209999999999582" classname="validate_inputs" name="invalid_inputs_raise_errors_in_output_individual_validators_"/>
    <testcase time="0.0230000000000246" classname="validate_inputs" name="invalid_inputs_raise_errors_in_output_validator_list_"/>
    <testcase time="0.021000000000015" classname="validate_inputs" name="invalid_inputs_raise_errors_in_output_validator_list_"/>
    <testcase time="0.0219999999999914" classname="validate_inputs" name="invalid_inputs_raise_errors_in_output_validator_list_"/>
    <testcase time="0.0240000000000009" classname="validate_inputs" name="invalid_inputs_raise_errors_in_output_nested_validator_list_"/>
    <testcase time="0.0219999999999914" classname="validate_inputs" name="invalid_inputs_raise_errors_in_output_nested_validator_list_"/>
    <testcase time="0.0219999999999914" classname="validate_inputs" name="invalid_inputs_raise_errors_in_output_nested_validator_list_"/>
    <testcase time="0.02800000000002" classname="validate_inputs" name="error_message_is_formatted_properly"/>
    <testcase time="0.007000000000005" classname="validate_inputs" name="error_message_is_formatted_properly"/>
    <testcase time="0.007000000000005" classname="validate_inputs" name="error_message_is_formatted_properly"/>
    <testcase time="0.00599999999997181" classname="validate_inputs" name="error_message_is_formatted_properly"/>
    <testcase time="0.007000000000005" classname="validate_inputs" name="error_message_is_formatted_properly"/>
    <testcase time="0.00200000000000955" classname="validate_inputs" name="error_message_is_formatted_properly"/>
    <testcase time="0.0029999999999859" classname="validate_inputs" name="error_message_is_formatted_properly"/>
    <testcase time="0.00200000000000955" classname="validate_inputs" name="error_message_is_formatted_properly"/>
    <testcase time="0.00200000000000955" classname="validate_inputs" name="error_message_is_formatted_properly"/>
    <testcase time="0.00200000000000955" classname="validate_inputs" name="error_message_is_formatted_properly"/>
    <testcase time="0.00199999999995271" classname="validate_inputs" name="error_message_is_formatted_properly"/>
    <testcase time="0.00300000000004275" classname="validate_inputs" name="error_message_is_formatted_properly"/>
    <testcase time="0.00199999999995271" classname="validate_inputs" name="error_message_is_formatted_properly"/>
    <testcase time="0.00200000000000955" classname="validate_inputs" name="error_message_is_formatted_properly"/>
    <testcase time="0.00300000000004275" classname="validate_inputs" name="error_message_is_formatted_properly"/>
    <testcase time="0.00199999999995271" classname="validate_inputs" name="error_message_is_formatted_properly"/>
    <testcase time="0.0260000000000105" classname="validate_inputs" name="different_validation_modes_produce_proper_messages"/>
    <testcase time="0.0040000000000191" classname="validate_inputs" name="different_validation_modes_produce_proper_messages"/>
    <testcase time="0.0040000000000191" classname="validate_inputs" name="different_validation_modes_produce_proper_messages"/>
  </testsuite>
</testsuites>
